#
# There is insufficient memory for the Java Runtime Environment to continue.
# Native memory allocation (malloc) failed to allocate 2248816 bytes for Chunk::new
# Possible reasons:
#   The system is out of physical RAM or swap space
#   In 32 bit mode, the process size limit was hit
# Possible solutions:
#   Reduce memory load on the system
#   Increase physical memory or swap space
#   Check if swap backing store is full
#   Use 64 bit Java on a 64 bit OS
#   Decrease Java heap size (-Xmx/-Xms)
#   Decrease number of Java threads
#   Decrease Java thread stack sizes (-Xss)
#   Set larger code cache with -XX:ReservedCodeCacheSize=
# This output file may be truncated or incomplete.
#
#  Out of Memory Error (allocation.cpp:390), pid=3444, tid=4636
#
# JRE version: Java(TM) SE Runtime Environment (8.0_65-b17) (build 1.8.0_65-b17)
# Java VM: Java HotSpot(TM) 64-Bit Server VM (25.65-b01 mixed mode windows-amd64 compressed oops)
# Failed to write core dump. Minidumps are not enabled by default on client versions of Windows
#

---------------  T H R E A D  ---------------

Current thread (0x000000001f7c9000):  JavaThread "C2 CompilerThread1" daemon [_thread_in_native, id=4636, stack(0x0000000020240000,0x0000000020340000)]

Stack: [0x0000000020240000,0x0000000020340000]
[error occurred during error reporting (printing stack bounds), id 0xc0000005]

Native frames: (J=compiled Java code, j=interpreted, Vv=VM code, C=native code)


Current CompileTask:
C2:   4588 3736   !   4       java.net.URLClassLoader$1::run (63 bytes)


---------------  P R O C E S S  ---------------

Java Threads: ( => current thread )
  0x0000000021456000 JavaThread "File lock request listener" [_thread_in_native, id=5152, stack(0x0000000026d40000,0x0000000026e40000)]
  0x0000000021869800 JavaThread "Stdin handler" [_thread_blocked, id=8132, stack(0x0000000022b90000,0x0000000022c90000)]
  0x0000000021795800 JavaThread "Daemon worker" [_thread_in_native, id=6712, stack(0x0000000022660000,0x0000000022760000)]
  0x0000000021790000 JavaThread "Cancel handler" [_thread_blocked, id=6164, stack(0x00000000229a0000,0x0000000022aa0000)]
  0x0000000021753800 JavaThread "Handler for socket connection from /127.0.0.1:51083 to /127.0.0.1:51084" [_thread_in_native, id=5324, stack(0x00000000227f0000,0x00000000228f0000)]
  0x000000002174e800 JavaThread "Daemon" [_thread_blocked, id=5068, stack(0x0000000022560000,0x0000000022660000)]
  0x00000000212f1000 JavaThread "Incoming local TCP Connector on port 51083" [_thread_in_native, id=2512, stack(0x0000000022210000,0x0000000022310000)]
  0x000000001e31f000 JavaThread "Service Thread" daemon [_thread_blocked, id=5280, stack(0x0000000020570000,0x0000000020670000)]
  0x000000001f7ca000 JavaThread "C1 CompilerThread2" daemon [_thread_blocked, id=3984, stack(0x0000000020420000,0x0000000020520000)]
=>0x000000001f7c9000 JavaThread "C2 CompilerThread1" daemon [_thread_in_native, id=4636, stack(0x0000000020240000,0x0000000020340000)]
  0x000000001e319800 JavaThread "C2 CompilerThread0" daemon [_thread_in_native, id=8136, stack(0x00000000200b0000,0x00000000201b0000)]
  0x000000001e318800 JavaThread "Attach Listener" daemon [_thread_blocked, id=728, stack(0x000000001fec0000,0x000000001ffc0000)]
  0x000000001e316800 JavaThread "Signal Dispatcher" daemon [_thread_blocked, id=5852, stack(0x000000001fc10000,0x000000001fd10000)]
  0x000000001e2bd800 JavaThread "Finalizer" daemon [_thread_blocked, id=6980, stack(0x000000001f6c0000,0x000000001f7c0000)]
  0x000000001e2b4800 JavaThread "Reference Handler" daemon [_thread_blocked, id=7812, stack(0x000000001f450000,0x000000001f550000)]
  0x0000000001bff000 JavaThread "main" [_thread_blocked, id=6696, stack(0x00000000025f0000,0x00000000026f0000)]

Other Threads:
  0x000000001e2ab800 VMThread [stack: 0x000000001f320000,0x000000001f420000] [id=1076]
  0x000000001f868800 WatcherThread [stack: 0x0000000020700000,0x0000000020800000] [id=7956]

VM state:not at safepoint (normal execution)

VM Mutex/Monitor currently owned by a thread: None

Heap:
 PSYoungGen      total 107008K, used 32303K [0x0000000756d80000, 0x000000075ee00000, 0x00000007c0000000)
  eden space 94720K, 21% used [0x0000000756d80000,0x00000007581ceb38,0x000000075ca00000)
  from space 12288K, 93% used [0x000000075d780000,0x000000075e2bd440,0x000000075e380000)
  to   space 13824K, 0% used [0x000000075ca00000,0x000000075ca00000,0x000000075d780000)
 ParOldGen       total 72704K, used 15439K [0x0000000684800000, 0x0000000688f00000, 0x0000000756d80000)
  object space 72704K, 21% used [0x0000000684800000,0x0000000685713ee8,0x0000000688f00000)
 Metaspace       used 33121K, capacity 33802K, committed 34176K, reserved 1079296K
  class space    used 4466K, capacity 4641K, committed 4736K, reserved 1048576K

Card table byte_map: [0x0000000011d80000,0x0000000012760000] byte_map_base: 0x000000000e95c000

Marking Bits: (ParMarkBitMap*) 0x00000000557da5b0
 Begin Bits: [0x0000000013180000, 0x0000000018060000)
 End Bits:   [0x0000000018060000, 0x000000001cf40000)

Polling page: 0x00000000005d0000

CodeCache: size=245760Kb used=13612Kb max_used=13612Kb free=232147Kb
 bounds [0x00000000029c0000, 0x0000000003720000, 0x00000000119c0000]
 total_blobs=4469 nmethods=3813 adapters=567
 compilation: enabled

Compilation events (10 events):
Event: 4.575 Thread 0x000000001f7ca000 3896       1       java.beans.Introspector::getTargetDefaultEventIndex (5 bytes)
Event: 4.575 Thread 0x000000001f7ca000 nmethod 3896 0x0000000003710850 code [0x00000000037109a0, 0x0000000003710ab0]
Event: 4.575 Thread 0x000000001f7ca000 3897       1       java.beans.Introspector::getTargetDefaultPropertyIndex (5 bytes)
Event: 4.575 Thread 0x000000001f7ca000 nmethod 3897 0x0000000003710b10 code [0x0000000003710c60, 0x0000000003710d70]
Event: 4.575 Thread 0x000000001f7ca000 3898       1       groovy.lang.MetaClassImpl::isInitialized (5 bytes)
Event: 4.575 Thread 0x000000001f7ca000 nmethod 3898 0x0000000003710dd0 code [0x0000000003710f20, 0x0000000003711030]
Event: 4.576 Thread 0x000000001f7ca000 3899       2       org.gradle.internal.reflect.JavaReflectionUtil$MultiMap::get (32 bytes)
Event: 4.576 Thread 0x000000001f7ca000 nmethod 3899 0x0000000003711090 code [0x0000000003711240, 0x0000000003711618]
Event: 4.576 Thread 0x000000001f7ca000 3900       2       org.gradle.internal.reflect.JavaReflectionUtil$2::<init> (10 bytes)
Event: 4.576 Thread 0x000000001f7ca000 nmethod 3900 0x0000000003711890 code [0x00000000037119e0, 0x0000000003711b50]

GC Heap History (10 events):
Event: 1.885 GC heap before
{Heap before GC invocations=3 (full 0):
 PSYoungGen      total 71680K, used 69776K [0x0000000756d80000, 0x000000075b880000, 0x00000007c0000000)
  eden space 66560K, 97% used [0x0000000756d80000,0x000000075acaac70,0x000000075ae80000)
  from space 5120K, 99% used [0x000000075b380000,0x000000075b879568,0x000000075b880000)
  to   space 5120K, 0% used [0x000000075ae80000,0x000000075ae80000,0x000000075b380000)
 ParOldGen       total 87552K, used 1607K [0x0000000684800000, 0x0000000689d80000, 0x0000000756d80000)
  object space 87552K, 1% used [0x0000000684800000,0x0000000684991d78,0x0000000689d80000)
 Metaspace       used 20779K, capacity 21168K, committed 21296K, reserved 1067008K
  class space    used 2803K, capacity 2914K, committed 2944K, reserved 1048576K
Event: 1.896 GC heap after
Heap after GC invocations=3 (full 0):
 PSYoungGen      total 71680K, used 5104K [0x0000000756d80000, 0x000000075b880000, 0x00000007c0000000)
  eden space 66560K, 0% used [0x0000000756d80000,0x0000000756d80000,0x000000075ae80000)
  from space 5120K, 99% used [0x000000075ae80000,0x000000075b37c030,0x000000075b380000)
  to   space 5120K, 0% used [0x000000075b380000,0x000000075b380000,0x000000075b880000)
 ParOldGen       total 87552K, used 9208K [0x0000000684800000, 0x0000000689d80000, 0x0000000756d80000)
  object space 87552K, 10% used [0x0000000684800000,0x00000006850fe038,0x0000000689d80000)
 Metaspace       used 20779K, capacity 21168K, committed 21296K, reserved 1067008K
  class space    used 2803K, capacity 2914K, committed 2944K, reserved 1048576K
}
Event: 1.896 GC heap before
{Heap before GC invocations=4 (full 1):
 PSYoungGen      total 71680K, used 5104K [0x0000000756d80000, 0x000000075b880000, 0x00000007c0000000)
  eden space 66560K, 0% used [0x0000000756d80000,0x0000000756d80000,0x000000075ae80000)
  from space 5120K, 99% used [0x000000075ae80000,0x000000075b37c030,0x000000075b380000)
  to   space 5120K, 0% used [0x000000075b380000,0x000000075b380000,0x000000075b880000)
 ParOldGen       total 87552K, used 9208K [0x0000000684800000, 0x0000000689d80000, 0x0000000756d80000)
  object space 87552K, 10% used [0x0000000684800000,0x00000006850fe038,0x0000000689d80000)
 Metaspace       used 20779K, capacity 21168K, committed 21296K, reserved 1067008K
  class space    used 2803K, capacity 2914K, committed 2944K, reserved 1048576K
Event: 1.936 GC heap after
Heap after GC invocations=4 (full 1):
 PSYoungGen      total 71680K, used 0K [0x0000000756d80000, 0x000000075b880000, 0x00000007c0000000)
  eden space 66560K, 0% used [0x0000000756d80000,0x0000000756d80000,0x000000075ae80000)
  from space 5120K, 0% used [0x000000075ae80000,0x000000075ae80000,0x000000075b380000)
  to   space 5120K, 0% used [0x000000075b380000,0x000000075b380000,0x000000075b880000)
 ParOldGen       total 72704K, used 12274K [0x0000000684800000, 0x0000000688f00000, 0x0000000756d80000)
  object space 72704K, 16% used [0x0000000684800000,0x00000006853fca98,0x0000000688f00000)
 Metaspace       used 20779K, capacity 21168K, committed 21296K, reserved 1067008K
  class space    used 2803K, capacity 2914K, committed 2944K, reserved 1048576K
}
Event: 2.813 GC heap before
{Heap before GC invocations=5 (full 1):
 PSYoungGen      total 71680K, used 66560K [0x0000000756d80000, 0x000000075b880000, 0x00000007c0000000)
  eden space 66560K, 100% used [0x0000000756d80000,0x000000075ae80000,0x000000075ae80000)
  from space 5120K, 0% used [0x000000075ae80000,0x000000075ae80000,0x000000075b380000)
  to   space 5120K, 0% used [0x000000075b380000,0x000000075b380000,0x000000075b880000)
 ParOldGen       total 72704K, used 12274K [0x0000000684800000, 0x0000000688f00000, 0x0000000756d80000)
  object space 72704K, 16% used [0x0000000684800000,0x00000006853fca98,0x0000000688f00000)
 Metaspace       used 26524K, capacity 27018K, committed 27392K, reserved 1073152K
  class space    used 3629K, capacity 3769K, committed 3840K, reserved 1048576K
Event: 2.817 GC heap after
Heap after GC invocations=5 (full 1):
 PSYoungGen      total 71680K, used 5099K [0x0000000756d80000, 0x000000075d280000, 0x00000007c0000000)
  eden space 66560K, 0% used [0x0000000756d80000,0x0000000756d80000,0x000000075ae80000)
  from space 5120K, 99% used [0x000000075b380000,0x000000075b87af88,0x000000075b880000)
  to   space 5120K, 0% used [0x000000075ae80000,0x000000075ae80000,0x000000075b380000)
 ParOldGen       total 72704K, used 13666K [0x0000000684800000, 0x0000000688f00000, 0x0000000756d80000)
  object space 72704K, 18% used [0x0000000684800000,0x0000000685558b58,0x0000000688f00000)
 Metaspace       used 26524K, capacity 27018K, committed 27392K, reserved 1073152K
  class space    used 3629K, capacity 3769K, committed 3840K, reserved 1048576K
}
Event: 3.870 GC heap before
{Heap before GC invocations=6 (full 1):
 PSYoungGen      total 71680K, used 71659K [0x0000000756d80000, 0x000000075d280000, 0x00000007c0000000)
  eden space 66560K, 100% used [0x0000000756d80000,0x000000075ae80000,0x000000075ae80000)
  from space 5120K, 99% used [0x000000075b380000,0x000000075b87af88,0x000000075b880000)
  to   space 5120K, 0% used [0x000000075ae80000,0x000000075ae80000,0x000000075b380000)
 ParOldGen       total 72704K, used 13666K [0x0000000684800000, 0x0000000688f00000, 0x0000000756d80000)
  object space 72704K, 18% used [0x0000000684800000,0x0000000685558b58,0x0000000688f00000)
 Metaspace       used 29302K, capacity 29822K, committed 30080K, reserved 1075200K
  class space    used 3986K, capacity 4109K, committed 4224K, reserved 1048576K
Event: 3.897 GC heap after
Heap after GC invocations=6 (full 1):
 PSYoungGen      total 71680K, used 5109K [0x0000000756d80000, 0x000000075e380000, 0x00000007c0000000)
  eden space 66560K, 0% used [0x0000000756d80000,0x0000000756d80000,0x000000075ae80000)
  from space 5120K, 99% used [0x000000075ae80000,0x000000075b37d7e8,0x000000075b380000)
  to   space 12288K, 0% used [0x000000075d780000,0x000000075d780000,0x000000075e380000)
 ParOldGen       total 72704K, used 15439K [0x0000000684800000, 0x0000000688f00000, 0x0000000756d80000)
  object space 72704K, 21% used [0x0000000684800000,0x0000000685713ee8,0x0000000688f00000)
 Metaspace       used 29302K, capacity 29822K, committed 30080K, reserved 1075200K
  class space    used 3986K, capacity 4109K, committed 4224K, reserved 1048576K
}
Event: 4.403 GC heap before
{Heap before GC invocations=7 (full 1):
 PSYoungGen      total 71680K, used 71669K [0x0000000756d80000, 0x000000075e380000, 0x00000007c0000000)
  eden space 66560K, 100% used [0x0000000756d80000,0x000000075ae80000,0x000000075ae80000)
  from space 5120K, 99% used [0x000000075ae80000,0x000000075b37d7e8,0x000000075b380000)
  to   space 12288K, 0% used [0x000000075d780000,0x000000075d780000,0x000000075e380000)
 ParOldGen       total 72704K, used 15439K [0x0000000684800000, 0x0000000688f00000, 0x0000000756d80000)
  object space 72704K, 21% used [0x0000000684800000,0x0000000685713ee8,0x0000000688f00000)
 Metaspace       used 32669K, capacity 33266K, committed 33536K, reserved 1079296K
  class space    used 4404K, capacity 4570K, committed 4608K, reserved 1048576K
Event: 4.434 GC heap after
Heap after GC invocations=7 (full 1):
 PSYoungGen      total 107008K, used 11509K [0x0000000756d80000, 0x000000075ee00000, 0x00000007c0000000)
  eden space 94720K, 0% used [0x0000000756d80000,0x0000000756d80000,0x000000075ca00000)
  from space 12288K, 93% used [0x000000075d780000,0x000000075e2bd440,0x000000075e380000)
  to   space 13824K, 0% used [0x000000075ca00000,0x000000075ca00000,0x000000075d780000)
 ParOldGen       total 72704K, used 15439K [0x0000000684800000, 0x0000000688f00000, 0x0000000756d80000)
  object space 72704K, 21% used [0x0000000684800000,0x0000000685713ee8,0x0000000688f00000)
 Metaspace       used 32669K, capacity 33266K, committed 33536K, reserved 1079296K
  class space    used 4404K, capacity 4570K, committed 4608K, reserved 1048576K
}

Deoptimization events (10 events):
Event: 3.374 Thread 0x0000000021795800 Uncommon trap: reason=unstable_if action=reinterpret pc=0x000000000336410c method=com.sun.org.apache.xerces.internal.impl.XMLEntityScanner.scanName()Ljava/lang/String; @ 69
Event: 3.400 Thread 0x0000000021795800 Uncommon trap: reason=unstable_if action=reinterpret pc=0x00000000033cdfd4 method=com.sun.org.apache.xerces.internal.impl.XMLDocumentFragmentScannerImpl$FragmentContentDriver.next()I @ 815
Event: 3.654 Thread 0x0000000021795800 Uncommon trap: reason=unstable_if action=reinterpret pc=0x00000000034d8e78 method=com.esotericsoftware.kryo.io.Output.writeString(Ljava/lang/CharSequence;)V @ 1
Event: 3.688 Thread 0x0000000021795800 Uncommon trap: reason=bimorphic action=maybe_recompile pc=0x00000000031fa0e0 method=java.lang.ClassLoader.getPackage(Ljava/lang/String;)Ljava/lang/Package; @ 47
Event: 3.690 Thread 0x0000000021795800 Uncommon trap: reason=bimorphic action=maybe_recompile pc=0x00000000031fa0e0 method=java.lang.ClassLoader.getPackage(Ljava/lang/String;)Ljava/lang/Package; @ 47
Event: 3.691 Thread 0x0000000021795800 Uncommon trap: reason=bimorphic action=maybe_recompile pc=0x00000000031fa0e0 method=java.lang.ClassLoader.getPackage(Ljava/lang/String;)Ljava/lang/Package; @ 47
Event: 3.691 Thread 0x0000000021795800 Uncommon trap: reason=bimorphic action=maybe_recompile pc=0x00000000031fa0e0 method=java.lang.ClassLoader.getPackage(Ljava/lang/String;)Ljava/lang/Package; @ 47
Event: 3.692 Thread 0x0000000021795800 Uncommon trap: reason=bimorphic action=maybe_recompile pc=0x00000000031b1abc method=java.lang.ClassLoader.getPackage(Ljava/lang/String;)Ljava/lang/Package; @ 47
Event: 4.258 Thread 0x0000000021795800 Uncommon trap: reason=unstable_if action=reinterpret pc=0x000000000355def0 method=org.codehaus.groovy.reflection.CachedMethod.compareToMethod(Ljava/lang/reflect/Method;)I @ 71
Event: 4.355 Thread 0x0000000021795800 Uncommon trap: reason=unstable_if action=reinterpret pc=0x000000000309733c method=java.lang.CharacterDataLatin1.isWhitespace(I)Z @ 14

Internal exceptions (10 events):
Event: 4.568 Thread 0x0000000021795800 Exception <a 'java/lang/ClassNotFoundException': org/gradle/api/DomainObjectCollectionBeanInfo> (0x0000000757f2b428) thrown at [C:\workspace\8-2-build-windows-amd64-cygwin\jdk8u65\4987\hotspot\src\share\vm\classfile\systemDictionary.cpp, line 210]
Event: 4.568 Thread 0x0000000021795800 Exception <a 'java/lang/ClassNotFoundException': org/gradle/api/DomainObjectCollectionCustomizer> (0x0000000757f50080) thrown at [C:\workspace\8-2-build-windows-amd64-cygwin\jdk8u65\4987\hotspot\src\share\vm\classfile\systemDictionary.cpp, line 210]
Event: 4.570 Thread 0x0000000021795800 Exception <a 'java/lang/ClassNotFoundException': org/gradle/api/NamedDomainObjectCollectionBeanInfo> (0x0000000757f98650) thrown at [C:\workspace\8-2-build-windows-amd64-cygwin\jdk8u65\4987\hotspot\src\share\vm\classfile\systemDictionary.cpp, line 210]
Event: 4.570 Thread 0x0000000021795800 Exception <a 'java/lang/ClassNotFoundException': org/gradle/api/NamedDomainObjectCollectionCustomizer> (0x0000000757fbf628) thrown at [C:\workspace\8-2-build-windows-amd64-cygwin\jdk8u65\4987\hotspot\src\share\vm\classfile\systemDictionary.cpp, line 210]
Event: 4.572 Thread 0x0000000021795800 Exception <a 'java/lang/ClassNotFoundException': org/gradle/api/NamedDomainObjectSetBeanInfo> (0x00000007580080b8) thrown at [C:\workspace\8-2-build-windows-amd64-cygwin\jdk8u65\4987\hotspot\src\share\vm\classfile\systemDictionary.cpp, line 210]
Event: 4.572 Thread 0x0000000021795800 Exception <a 'java/lang/ClassNotFoundException': org/gradle/api/NamedDomainObjectSetCustomizer> (0x000000075802c450) thrown at [C:\workspace\8-2-build-windows-amd64-cygwin\jdk8u65\4987\hotspot\src\share\vm\classfile\systemDictionary.cpp, line 210]
Event: 4.573 Thread 0x0000000021795800 Exception <a 'java/lang/ClassNotFoundException': java/util/SetBeanInfo> (0x000000075804b0c0) thrown at [C:\workspace\8-2-build-windows-amd64-cygwin\jdk8u65\4987\hotspot\src\share\vm\classfile\systemDictionary.cpp, line 210]
Event: 4.573 Thread 0x0000000021795800 Exception <a 'java/lang/ClassNotFoundException': java/util/SetCustomizer> (0x0000000758052d20) thrown at [C:\workspace\8-2-build-windows-amd64-cygwin\jdk8u65\4987\hotspot\src\share\vm\classfile\systemDictionary.cpp, line 210]
Event: 4.574 Thread 0x0000000021795800 Exception <a 'java/lang/ClassNotFoundException': org/gradle/api/NamedDomainObjectContainerBeanInfo> (0x0000000758094cc8) thrown at [C:\workspace\8-2-build-windows-amd64-cygwin\jdk8u65\4987\hotspot\src\share\vm\classfile\systemDictionary.cpp, line 210]
Event: 4.575 Thread 0x0000000021795800 Exception <a 'java/lang/ClassNotFoundException': org/gradle/api/NamedDomainObjectContainerCustomizer> (0x00000007580bbc98) thrown at [C:\workspace\8-2-build-windows-amd64-cygwin\jdk8u65\4987\hotspot\src\share\vm\classfile\systemDictionary.cpp, line 210]

Events (10 events):
Event: 4.575 loading class org/gradle/api/NamedDomainObjectContainerCustomizer
Event: 4.575 loading class org/gradle/api/NamedDomainObjectContainerCustomizer done
Event: 4.576 loading class org/gradle/api/file/ConfigurableFileCollection
Event: 4.576 loading class org/gradle/api/file/ConfigurableFileCollection done
Event: 4.576 Thread 0x0000000021795800 DEOPT PACKING pc=0x0000000002d0c546 sp=0x0000000022756f80
Event: 4.576 Thread 0x0000000021795800 DEOPT UNPACKING pc=0x0000000002a0787f sp=0x0000000022756c48 mode 0
Event: 4.577 loading class org/gradle/api/internal/file/collections/FileCollectionAdapter
Event: 4.577 loading class org/gradle/api/internal/file/collections/FileCollectionAdapter done
Event: 4.577 loading class org/gradle/api/internal/file/collections/ListBackedFileSet
Event: 4.577 loading class org/gradle/api/internal/file/collections/ListBackedFileSet done


Dynamic libraries:
0x000000013f720000 - 0x000000013f757000 	C:\Program Files\Java\jdk1.8.0_65\bin\java.exe
0x0000000077270000 - 0x000000007741a000 	C:\Windows\SYSTEM32\ntdll.dll
0x0000000077150000 - 0x000000007726f000 	C:\Windows\system32\kernel32.dll
0x000007fefd010000 - 0x000007fefd07a000 	C:\Windows\system32\KERNELBASE.dll
0x000007feff2c0000 - 0x000007feff39b000 	C:\Windows\system32\ADVAPI32.dll
0x000007fefda90000 - 0x000007fefdb2f000 	C:\Windows\system32\msvcrt.dll
0x000007fefd7f0000 - 0x000007fefd80f000 	C:\Windows\SYSTEM32\sechost.dll
0x000007fefd890000 - 0x000007fefd9bd000 	C:\Windows\system32\RPCRT4.dll
0x0000000077050000 - 0x000000007714a000 	C:\Windows\system32\USER32.dll
0x000007fefe0d0000 - 0x000007fefe137000 	C:\Windows\system32\GDI32.dll
0x000007fefd3b0000 - 0x000007fefd3be000 	C:\Windows\system32\LPK.dll
0x000007feff160000 - 0x000007feff22a000 	C:\Windows\system32\USP10.dll
0x000007fefb460000 - 0x000007fefb654000 	C:\Windows\WinSxS\amd64_microsoft.windows.common-controls_6595b64144ccf1df_6.0.7601.18837_none_fa3b1e3d17594757\COMCTL32.dll
0x000007fefd810000 - 0x000007fefd881000 	C:\Windows\system32\SHLWAPI.dll
0x000007fefda60000 - 0x000007fefda8e000 	C:\Windows\system32\IMM32.DLL
0x000007fefd6e0000 - 0x000007fefd7e9000 	C:\Windows\system32\MSCTF.dll
0x000007fefcf20000 - 0x000007fefcf60000 	C:\Windows\system32\nvinitx.dll
0x00000000659f0000 - 0x0000000065ac2000 	C:\Program Files\Java\jdk1.8.0_65\jre\bin\msvcr100.dll
0x0000000054fd0000 - 0x0000000055859000 	C:\Program Files\Java\jdk1.8.0_65\jre\bin\server\jvm.dll
0x000007fef65c0000 - 0x000007fef65c9000 	C:\Windows\system32\WSOCK32.dll
0x000007fefd3c0000 - 0x000007fefd40d000 	C:\Windows\system32\WS2_32.dll
0x000007feff230000 - 0x000007feff238000 	C:\Windows\system32\NSI.dll
0x000007fef9cf0000 - 0x000007fef9d2b000 	C:\Windows\system32\WINMM.dll
0x000007fefc030000 - 0x000007fefc03c000 	C:\Windows\system32\VERSION.dll
0x0000000077430000 - 0x0000000077437000 	C:\Windows\system32\PSAPI.DLL
0x0000000073a80000 - 0x0000000073a8f000 	C:\Program Files\Java\jdk1.8.0_65\jre\bin\verify.dll
0x00000000709d0000 - 0x00000000709f9000 	C:\Program Files\Java\jdk1.8.0_65\jre\bin\java.dll
0x000000006ff50000 - 0x000000006ff66000 	C:\Program Files\Java\jdk1.8.0_65\jre\bin\zip.dll
0x000007fefe3d0000 - 0x000007feff15a000 	C:\Windows\system32\SHELL32.dll
0x000007fefdb90000 - 0x000007fefdd93000 	C:\Windows\system32\ole32.dll
0x000007fefcff0000 - 0x000007fefcfff000 	C:\Windows\system32\profapi.dll
0x0000000072d70000 - 0x0000000072d8a000 	C:\Program Files\Java\jdk1.8.0_65\jre\bin\net.dll
0x000007fefc790000 - 0x000007fefc7e5000 	C:\Windows\system32\mswsock.dll
0x000007fefc780000 - 0x000007fefc787000 	C:\Windows\System32\wship6.dll
0x00000000688a0000 - 0x00000000688b1000 	C:\Program Files\Java\jdk1.8.0_65\jre\bin\nio.dll
0x000007fef3cd0000 - 0x000007fef3ce2000 	C:\Users\Harkonen\.gradle\native\19\windows-amd64\native-platform.dll
0x000007fefb0a0000 - 0x000007fefb0c7000 	C:\Windows\system32\IPHLPAPI.DLL
0x000007fefb090000 - 0x000007fefb09b000 	C:\Windows\system32\WINNSI.DLL
0x000007fefaca0000 - 0x000007fefacb1000 	C:\Windows\system32\dhcpcsvc6.DLL
0x000007fefac20000 - 0x000007fefac38000 	C:\Windows\system32\dhcpcsvc.DLL
0x000007fefc7f0000 - 0x000007fefc808000 	C:\Windows\system32\CRYPTSP.dll
0x000007fefc4f0000 - 0x000007fefc537000 	C:\Windows\system32\rsaenh.dll
0x000007fefd090000 - 0x000007fefd0ae000 	C:\Windows\system32\USERENV.dll
0x000007fefce50000 - 0x000007fefce5f000 	C:\Windows\system32\CRYPTBASE.dll
0x000007fefcdf0000 - 0x000007fefce47000 	C:\Windows\system32\apphelp.dll
0x0000000072eb0000 - 0x0000000072ebd000 	C:\Program Files\Java\jdk1.8.0_65\jre\bin\management.dll

VM Arguments:
jvm_args: -XX:MaxPermSize=512m -XX:+HeapDumpOnOutOfMemoryError -Xmx5048m -Dfile.encoding=UTF-8 -Duser.country=US -Duser.language=en -Duser.variant 
java_command: org.gradle.launcher.daemon.bootstrap.GradleDaemon 2.10
java_class_path (initial): C:\Users\Harkonen\.gradle\wrapper\dists\gradle-2.10-all\a4w5fzrkeut1ox71xslb49gst\gradle-2.10\lib\gradle-launcher-2.10.jar
Launcher Type: SUN_STANDARD

Environment Variables:
PATH=C:\ProgramData\Oracle\Java\javapath;C:\Program Files\Common Files\Microsoft Shared\Windows Live;C:\Program Files (x86)\Common Files\Microsoft Shared\Windows Live;C:\Program Files (x86)\NVIDIA Corporation\PhysX\Common;C:\Windows\system32;C:\Windows;C:\Windows\System32\Wbem;C:\Windows\System32\WindowsPowerShell\v1.0\;C:\Program Files (x86)\Windows Live\Shared;E:\Ohjelmat\Matlab\runtime\win64;E:\Ohjelmat\Matlab\bin;E:\Ohjelmat\Matlab\polyspace\bin;E:\Ohjelmat\MCR\v717\runtime\win64;E:\Ohjelmat\Singular\Surfer\bin;C:\Program Files\Java\jre1.8.0_73\bin;
USERNAME=Harkonen
OS=Windows_NT
PROCESSOR_IDENTIFIER=Intel64 Family 6 Model 58 Stepping 9, GenuineIntel



---------------  S Y S T E M  ---------------

OS: Windows 7 , 64 bit Build 7601 (6.1.7601.23418)

CPU:total 4 (4 cores per cpu, 1 threads per core) family 6 model 58 stepping 9, cmov, cx8, fxsr, mmx, sse, sse2, sse3, ssse3, sse4.1, sse4.2, popcnt, avx, aes, clmul, erms, tsc, tscinvbit, tscinv

Memory: 4k page, physical 8281492k(1002540k free), swap 8803920k(6492k free)

vm_info: Java HotSpot(TM) 64-Bit Server VM (25.65-b01) for windows-amd64 JRE (1.8.0_65-b17), built on Oct  6 2015 16:39:20 by "java_re" with MS VC++ 10.0 (VS2010)

time: Sun Jun 05 23:18:49 2016
elapsed time: 4 seconds (0d 0h 0m 4s)

