#
# There is insufficient memory for the Java Runtime Environment to continue.
# Native memory allocation (malloc) failed to allocate 1729520 bytes for Chunk::new
# Possible reasons:
#   The system is out of physical RAM or swap space
#   In 32 bit mode, the process size limit was hit
# Possible solutions:
#   Reduce memory load on the system
#   Increase physical memory or swap space
#   Check if swap backing store is full
#   Use 64 bit Java on a 64 bit OS
#   Decrease Java heap size (-Xmx/-Xms)
#   Decrease number of Java threads
#   Decrease Java thread stack sizes (-Xss)
#   Set larger code cache with -XX:ReservedCodeCacheSize=
# This output file may be truncated or incomplete.
#
#  Out of Memory Error (allocation.cpp:390), pid=4844, tid=6876
#
# JRE version: Java(TM) SE Runtime Environment (8.0_65-b17) (build 1.8.0_65-b17)
# Java VM: Java HotSpot(TM) 64-Bit Server VM (25.65-b01 mixed mode windows-amd64 compressed oops)
# Failed to write core dump. Minidumps are not enabled by default on client versions of Windows
#

---------------  T H R E A D  ---------------

Current thread (0x0000000056923000):  JavaThread "C2 CompilerThread1" daemon [_thread_in_native, id=6876, stack(0x00000000571c0000,0x00000000572c0000)]

Stack: [0x00000000571c0000,0x00000000572c0000]
[error occurred during error reporting (printing stack bounds), id 0xc0000005]

Native frames: (J=compiled Java code, j=interpreted, Vv=VM code, C=native code)


Current CompileTask:
C2:   1676 1555   !   4       com.android.dx.cf.cst.ConstantPoolParser::parse0 (731 bytes)


---------------  P R O C E S S  ---------------

Java Threads: ( => current thread )
  0x00000000576f3000 JavaThread "pool-2-thread-4" [_thread_in_vm, id=5780, stack(0x0000000058640000,0x0000000058740000)]
  0x00000000576f0800 JavaThread "pool-2-thread-3" [_thread_blocked, id=5656, stack(0x00000000584f0000,0x00000000585f0000)]
  0x0000000056ca9000 JavaThread "pool-2-thread-2" [_thread_blocked, id=8172, stack(0x0000000058290000,0x0000000058390000)]
  0x0000000056ca8800 JavaThread "pool-3-thread-1" [_thread_blocked, id=6252, stack(0x0000000058110000,0x0000000058210000)]
  0x00000000577d0000 JavaThread "pool-2-thread-1" [_thread_blocked, id=4160, stack(0x0000000057f50000,0x0000000058050000)]
  0x000000005692a800 JavaThread "Service Thread" daemon [_thread_blocked, id=7032, stack(0x00000000574b0000,0x00000000575b0000)]
  0x0000000056924000 JavaThread "C1 CompilerThread2" daemon [_thread_blocked, id=7184, stack(0x0000000057390000,0x0000000057490000)]
=>0x0000000056923000 JavaThread "C2 CompilerThread1" daemon [_thread_in_native, id=6876, stack(0x00000000571c0000,0x00000000572c0000)]
  0x00000000554f4000 JavaThread "C2 CompilerThread0" daemon [_thread_blocked, id=4924, stack(0x0000000057040000,0x0000000057140000)]
  0x00000000554f0800 JavaThread "Attach Listener" daemon [_thread_blocked, id=5900, stack(0x0000000056e70000,0x0000000056f70000)]
  0x00000000554ef800 JavaThread "Signal Dispatcher" daemon [_thread_blocked, id=1288, stack(0x00000000566a0000,0x00000000567a0000)]
  0x0000000055491000 JavaThread "Finalizer" daemon [_thread_blocked, id=5676, stack(0x0000000056820000,0x0000000056920000)]
  0x0000000055490000 JavaThread "Reference Handler" daemon [_thread_blocked, id=7816, stack(0x0000000056540000,0x0000000056640000)]
  0x000000000030f000 JavaThread "main" [_thread_in_vm, id=5476, stack(0x0000000002640000,0x0000000002740000)]

Other Threads:
  0x000000005548a800 VMThread [stack: 0x0000000056410000,0x0000000056510000] [id=5016]
  0x00000000569b6000 WatcherThread [stack: 0x00000000575f0000,0x00000000576f0000] [id=4388]

VM state:not at safepoint (normal execution)

VM Mutex/Monitor currently owned by a thread:  ([mutex/lock_event])
[0x000000000030b970] Patching_lock - owner thread: 0x00000000576f3000
[0x000000000030caa0] CompiledIC_lock - owner thread: 0x00000000576f3000

Heap:
 PSYoungGen      total 71680K, used 44831K [0x00000000eab00000, 0x00000000ef600000, 0x0000000100000000)
  eden space 66560K, 59% used [0x00000000eab00000,0x00000000ed1cf258,0x00000000eec00000)
  from space 5120K, 99% used [0x00000000ef100000,0x00000000ef5f8c30,0x00000000ef600000)
  to   space 5120K, 0% used [0x00000000eec00000,0x00000000eec00000,0x00000000ef100000)
 ParOldGen       total 87552K, used 5140K [0x00000000c0000000, 0x00000000c5580000, 0x00000000eab00000)
  object space 87552K, 5% used [0x00000000c0000000,0x00000000c0505298,0x00000000c5580000)
 Metaspace       used 6230K, capacity 7152K, committed 7296K, reserved 1056768K
  class space    used 602K, capacity 616K, committed 640K, reserved 1048576K

Card table byte_map: [0x0000000011dd0000,0x0000000011fe0000] byte_map_base: 0x00000000117d0000

Marking Bits: (ParMarkBitMap*) 0x000000006564a5b0
 Begin Bits: [0x0000000012900000, 0x0000000013900000)
 End Bits:   [0x0000000013900000, 0x0000000014900000)

Polling page: 0x0000000000130000

CodeCache: size=245760Kb used=6578Kb max_used=6582Kb free=239181Kb
 bounds [0x0000000002a10000, 0x0000000003090000, 0x0000000011a10000]
 total_blobs=1885 nmethods=1615 adapters=182
 compilation: enabled

Compilation events (10 events):
Event: 1.652 Thread 0x00000000554f4000 1564       4       com.android.dx.ssa.InterferenceRegisterMapper::interferes (78 bytes)
Event: 1.655 Thread 0x00000000554f4000 nmethod 1564 0x000000000307ce50 code [0x000000000307cfc0, 0x000000000307d328]
Event: 1.655 Thread 0x00000000554f4000 1558       4       com.android.dx.rop.cst.CstFieldRef::compareTo0 (43 bytes)
Event: 1.658 Thread 0x00000000554f4000 nmethod 1558 0x000000000307f490 code [0x000000000307f600, 0x000000000307fa58]
Event: 1.658 Thread 0x00000000554f4000 1563       4       com.android.dx.cf.code.Merger::isPossiblyAssignableFrom (202 bytes)
Event: 1.664 Thread 0x00000000554f4000 nmethod 1563 0x0000000003080a50 code [0x0000000003080c20, 0x0000000003081250]
Event: 1.664 Thread 0x00000000554f4000 1616       4       com.android.dx.rop.cst.StdConstantPool::set (123 bytes)
Event: 1.666 Thread 0x00000000554f4000 nmethod 1616 0x00000000030802d0 code [0x0000000003080440, 0x00000000030806f8]
Event: 1.666 Thread 0x00000000554f4000 1557       4       com.android.dx.util.ByteArray::<init> (81 bytes)
Event: 1.667 Thread 0x00000000554f4000 nmethod 1557 0x000000000307cad0 code [0x000000000307cc20, 0x000000000307cd18]

GC Heap History (4 events):
Event: 0.756 GC heap before
{Heap before GC invocations=1 (full 0):
 PSYoungGen      total 38400K, used 33280K [0x00000000eab00000, 0x00000000ed580000, 0x0000000100000000)
  eden space 33280K, 100% used [0x00000000eab00000,0x00000000ecb80000,0x00000000ecb80000)
  from space 5120K, 0% used [0x00000000ed080000,0x00000000ed080000,0x00000000ed580000)
  to   space 5120K, 0% used [0x00000000ecb80000,0x00000000ecb80000,0x00000000ed080000)
 ParOldGen       total 87552K, used 0K [0x00000000c0000000, 0x00000000c5580000, 0x00000000eab00000)
  object space 87552K, 0% used [0x00000000c0000000,0x00000000c0000000,0x00000000c5580000)
 Metaspace       used 5953K, capacity 6896K, committed 7040K, reserved 1056768K
  class space    used 601K, capacity 616K, committed 640K, reserved 1048576K
Event: 0.770 GC heap after
Heap after GC invocations=1 (full 0):
 PSYoungGen      total 38400K, used 5096K [0x00000000eab00000, 0x00000000ef600000, 0x0000000100000000)
  eden space 33280K, 0% used [0x00000000eab00000,0x00000000eab00000,0x00000000ecb80000)
  from space 5120K, 99% used [0x00000000ecb80000,0x00000000ed07a2a0,0x00000000ed080000)
  to   space 5120K, 0% used [0x00000000ef100000,0x00000000ef100000,0x00000000ef600000)
 ParOldGen       total 87552K, used 1176K [0x00000000c0000000, 0x00000000c5580000, 0x00000000eab00000)
  object space 87552K, 1% used [0x00000000c0000000,0x00000000c01261c0,0x00000000c5580000)
 Metaspace       used 5953K, capacity 6896K, committed 7040K, reserved 1056768K
  class space    used 601K, capacity 616K, committed 640K, reserved 1048576K
}
Event: 0.998 GC heap before
{Heap before GC invocations=2 (full 0):
 PSYoungGen      total 38400K, used 38376K [0x00000000eab00000, 0x00000000ef600000, 0x0000000100000000)
  eden space 33280K, 100% used [0x00000000eab00000,0x00000000ecb80000,0x00000000ecb80000)
  from space 5120K, 99% used [0x00000000ecb80000,0x00000000ed07a2a0,0x00000000ed080000)
  to   space 5120K, 0% used [0x00000000ef100000,0x00000000ef100000,0x00000000ef600000)
 ParOldGen       total 87552K, used 1176K [0x00000000c0000000, 0x00000000c5580000, 0x00000000eab00000)
  object space 87552K, 1% used [0x00000000c0000000,0x00000000c01261c0,0x00000000c5580000)
 Metaspace       used 6164K, capacity 7088K, committed 7296K, reserved 1056768K
  class space    used 602K, capacity 616K, committed 640K, reserved 1048576K
Event: 1.024 GC heap after
Heap after GC invocations=2 (full 0):
 PSYoungGen      total 71680K, used 5091K [0x00000000eab00000, 0x00000000ef600000, 0x0000000100000000)
  eden space 66560K, 0% used [0x00000000eab00000,0x00000000eab00000,0x00000000eec00000)
  from space 5120K, 99% used [0x00000000ef100000,0x00000000ef5f8c30,0x00000000ef600000)
  to   space 5120K, 0% used [0x00000000eec00000,0x00000000eec00000,0x00000000ef100000)
 ParOldGen       total 87552K, used 5140K [0x00000000c0000000, 0x00000000c5580000, 0x00000000eab00000)
  object space 87552K, 5% used [0x00000000c0000000,0x00000000c0505298,0x00000000c5580000)
 Metaspace       used 6164K, capacity 7088K, committed 7296K, reserved 1056768K
  class space    used 602K, capacity 616K, committed 640K, reserved 1048576K
}

Deoptimization events (10 events):
Event: 0.657 Thread 0x0000000056ca9000 Uncommon trap: reason=null_check action=make_not_entrant pc=0x0000000002ccb060 method=com.android.dx.ssa.SsaRenamer.getLocalForNewReg(I)Lcom/android/dx/rop/code/LocalItem; @ 19
Event: 0.682 Thread 0x00000000576f0800 Uncommon trap: reason=unstable_if action=reinterpret pc=0x0000000002d06610 method=com.android.dx.rop.code.RegisterSpec.equals(ILcom/android/dx/rop/type/TypeBearer;Lcom/android/dx/rop/code/LocalItem;)Z @ 42
Event: 0.694 Thread 0x0000000056ca9000 Uncommon trap: reason=unstable_if action=reinterpret pc=0x0000000002d8089c method=com.android.dx.rop.code.RegisterSpecSet.put(Lcom/android/dx/rop/code/RegisterSpec;)V @ 77
Event: 0.830 Thread 0x00000000576f3000 Uncommon trap: reason=unstable_if action=reinterpret pc=0x0000000002dd9f44 method=com.android.dx.rop.cst.Constant.compareTo(Lcom/android/dx/rop/cst/Constant;)I @ 12
Event: 0.957 Thread 0x00000000576f0800 Uncommon trap: reason=unstable_if action=reinterpret pc=0x0000000002dec810 method=com.android.dx.rop.code.RegisterSpecSet.put(Lcom/android/dx/rop/code/RegisterSpec;)V @ 77
Event: 1.042 Thread 0x00000000576f3000 Uncommon trap: reason=bimorphic action=maybe_recompile pc=0x0000000002eded38 method=java.util.HashMap.putVal(ILjava/lang/Object;Ljava/lang/Object;ZZ)Ljava/lang/Object; @ 203
Event: 1.399 Thread 0x0000000056ca9000 Uncommon trap: reason=unstable_if action=reinterpret pc=0x0000000002f5fc64 method=com.android.dx.ssa.SCCP.simulateStmt(Lcom/android/dx/ssa/SsaInsn;)V @ 53
Event: 1.418 Thread 0x00000000576f3000 Uncommon trap: reason=unstable_if action=reinterpret pc=0x0000000002e6f5ec method=com.android.dx.util.IntList.binarysearch(I)I @ 105
Event: 1.419 Thread 0x00000000576f3000 Uncommon trap: reason=unstable_if action=reinterpret pc=0x0000000003033ad8 method=com.android.dx.ssa.SsaMethod.blockIndexToRopLabel(I)I @ 1
Event: 1.531 Thread 0x00000000576f3000 Uncommon trap: reason=uninitialized action=reinterpret pc=0x000000000301ed68 method=com.android.dx.cf.code.BytecodeArray.parseInstruction(ILcom/android/dx/cf/code/BytecodeArray$Visitor;)I @ 999

Internal exceptions (3 events):
Event: 0.076 Thread 0x000000000030f000 Exception <a 'java/lang/NoSuchMethodError': Method sun.misc.Unsafe.defineClass(Ljava/lang/String;[BII)Ljava/lang/Class; name or signature does not match> (0x00000000eab0d570) thrown at [C:\workspace\8-2-build-windows-amd64-cygwin\jdk8u65\4987\hotspot\src\sÛw>e>p³?
Event: 0.076 Thread 0x000000000030f000 Exception <a 'java/lang/NoSuchMethodError': Method sun.misc.Unsafe.prefetchRead(Ljava/lang/Object;J)V name or signature does not match> (0x00000000eab0d858) thrown at [C:\workspace\8-2-build-windows-amd64-cygwin\jdk8u65\4987\hotspot\src\share\vm\prims\jni.Åxj¨®	å?
Event: 0.657 Thread 0x0000000056ca9000 Implicit null exception at 0x0000000002cc8fa3 to 0x0000000002ccb01d

Events (10 events):
Event: 1.399 Thread 0x0000000056ca9000 DEOPT UNPACKING pc=0x0000000002a5582a sp=0x000000005838e5e8 mode 2
Event: 1.418 Thread 0x00000000576f3000 Uncommon trap: trap_request=0xffffff65 fr.pc=0x0000000002e6f5ec
Event: 1.418 Thread 0x00000000576f3000 DEOPT PACKING pc=0x0000000002e6f5ec sp=0x000000005873e4b0
Event: 1.418 Thread 0x00000000576f3000 DEOPT UNPACKING pc=0x0000000002a5582a sp=0x000000005873e428 mode 2
Event: 1.419 Thread 0x00000000576f3000 Uncommon trap: trap_request=0xffffff65 fr.pc=0x0000000003033ad8
Event: 1.419 Thread 0x00000000576f3000 DEOPT PACKING pc=0x0000000003033ad8 sp=0x000000005873e570
Event: 1.419 Thread 0x00000000576f3000 DEOPT UNPACKING pc=0x0000000002a5582a sp=0x000000005873e478 mode 2
Event: 1.530 Thread 0x00000000576f3000 Uncommon trap: trap_request=0xffffffb5 fr.pc=0x000000000301ed68
Event: 1.531 Thread 0x00000000576f3000 DEOPT PACKING pc=0x000000000301ed68 sp=0x000000005873e580
Event: 1.531 Thread 0x00000000576f3000 DEOPT UNPACKING pc=0x0000000002a5582a sp=0x000000005873e510 mode 2


Dynamic libraries:
0x000000013fd10000 - 0x000000013fd47000 	C:\Program Files\Java\jdk1.8.0_65\bin\java.exe
0x0000000077270000 - 0x000000007741a000 	C:\Windows\SYSTEM32\ntdll.dll
0x0000000077150000 - 0x000000007726f000 	C:\Windows\system32\kernel32.dll
0x000007fefd010000 - 0x000007fefd07a000 	C:\Windows\system32\KERNELBASE.dll
0x000007feff2c0000 - 0x000007feff39b000 	C:\Windows\system32\ADVAPI32.dll
0x000007fefda90000 - 0x000007fefdb2f000 	C:\Windows\system32\msvcrt.dll
0x000007fefd7f0000 - 0x000007fefd80f000 	C:\Windows\SYSTEM32\sechost.dll
0x000007fefd890000 - 0x000007fefd9bd000 	C:\Windows\system32\RPCRT4.dll
0x0000000077050000 - 0x000000007714a000 	C:\Windows\system32\USER32.dll
0x000007fefe0d0000 - 0x000007fefe137000 	C:\Windows\system32\GDI32.dll
0x000007fefd3b0000 - 0x000007fefd3be000 	C:\Windows\system32\LPK.dll
0x000007feff160000 - 0x000007feff22a000 	C:\Windows\system32\USP10.dll
0x000007fefb460000 - 0x000007fefb654000 	C:\Windows\WinSxS\amd64_microsoft.windows.common-controls_6595b64144ccf1df_6.0.7601.18837_none_fa3b1e3d17594757\COMCTL32.dll
0x000007fefd810000 - 0x000007fefd881000 	C:\Windows\system32\SHLWAPI.dll
0x000007fefda60000 - 0x000007fefda8e000 	C:\Windows\system32\IMM32.DLL
0x000007fefd6e0000 - 0x000007fefd7e9000 	C:\Windows\system32\MSCTF.dll
0x000007fefcf20000 - 0x000007fefcf60000 	C:\Windows\system32\nvinitx.dll
0x0000000064d60000 - 0x0000000064e32000 	C:\Program Files\Java\jdk1.8.0_65\jre\bin\msvcr100.dll
0x0000000064e40000 - 0x00000000656c9000 	C:\Program Files\Java\jdk1.8.0_65\jre\bin\server\jvm.dll
0x000007fef65c0000 - 0x000007fef65c9000 	C:\Windows\system32\WSOCK32.dll
0x000007fefd3c0000 - 0x000007fefd40d000 	C:\Windows\system32\WS2_32.dll
0x000007feff230000 - 0x000007feff238000 	C:\Windows\system32\NSI.dll
0x000007fef9cf0000 - 0x000007fef9d2b000 	C:\Windows\system32\WINMM.dll
0x000007fefc030000 - 0x000007fefc03c000 	C:\Windows\system32\VERSION.dll
0x0000000077430000 - 0x0000000077437000 	C:\Windows\system32\PSAPI.DLL
0x0000000073b40000 - 0x0000000073b4f000 	C:\Program Files\Java\jdk1.8.0_65\jre\bin\verify.dll
0x0000000068860000 - 0x0000000068889000 	C:\Program Files\Java\jdk1.8.0_65\jre\bin\java.dll
0x0000000072d70000 - 0x0000000072d86000 	C:\Program Files\Java\jdk1.8.0_65\jre\bin\zip.dll
0x000007fefe3d0000 - 0x000007feff15a000 	C:\Windows\system32\SHELL32.dll
0x000007fefdb90000 - 0x000007fefdd93000 	C:\Windows\system32\ole32.dll
0x000007fefcff0000 - 0x000007fefcfff000 	C:\Windows\system32\profapi.dll

VM Arguments:
jvm_args: -Djava.awt.headless=true -Xmx1024M -Dfile.encoding=windows-1252 -Duser.country=US -Duser.language=en -Duser.variant 
java_command: com.android.dx.command.Main --dex --force-jumbo --num-threads=4 --multi-dex --output E:\Ohjelmat\Projects\Testi\app\build\intermediates\transforms\dex\debug\folders\1000\10\com.android.support-appcompat-v7-23.4.0_8f19d604c68f1ec1a6c15344b3c0b8740a416e08 E:\Ohjelmat\Projects\Testi\app\build\intermediates\exploded-aar\com.android.support\appcompat-v7\23.4.0\jars\classes.jar
java_class_path (initial): E:\Ohjelmat\AndroidSDK2\build-tools\23.0.3\lib\dx.jar
Launcher Type: SUN_STANDARD

Environment Variables:
PATH=C:\ProgramData\Oracle\Java\javapath;C:\Program Files\Common Files\Microsoft Shared\Windows Live;C:\Program Files (x86)\Common Files\Microsoft Shared\Windows Live;C:\Program Files (x86)\NVIDIA Corporation\PhysX\Common;C:\Windows\system32;C:\Windows;C:\Windows\System32\Wbem;C:\Windows\System32\WindowsPowerShell\v1.0\;C:\Program Files (x86)\Windows Live\Shared;E:\Ohjelmat\Matlab\runtime\win64;E:\Ohjelmat\Matlab\bin;E:\Ohjelmat\Matlab\polyspace\bin;E:\Ohjelmat\MCR\v717\runtime\win64;E:\Ohjelmat\Singular\Surfer\bin;C:\Program Files\Java\jre1.8.0_73\bin;
USERNAME=Harkonen
OS=Windows_NT
PROCESSOR_IDENTIFIER=Intel64 Family 6 Model 58 Stepping 9, GenuineIntel



---------------  S Y S T E M  ---------------

OS: Windows 7 , 64 bit Build 7601 (6.1.7601.23418)

CPU:total 4 (4 cores per cpu, 1 threads per core) family 6 model 58 stepping 9, cmov, cx8, fxsr, mmx, sse, sse2, sse3, ssse3, sse4.1, sse4.2, popcnt, avx, aes, clmul, erms, tsc, tscinvbit, tscinv

Memory: 4k page, physical 8281492k(525260k free), swap 8803920k(6048k free)

vm_info: Java HotSpot(TM) 64-Bit Server VM (25.65-b01) for windows-amd64 JRE (1.8.0_65-b17), built on Oct  6 2015 16:39:20 by "java_re" with MS VC++ 10.0 (VS2010)

time: Sun Jun 05 12:57:10 2016
elapsed time: 1 seconds (0d 0h 0m 1s)

