#
# There is insufficient memory for the Java Runtime Environment to continue.
# Native memory allocation (malloc) failed to allocate 32744 bytes for ChunkPool::allocate
# Possible reasons:
#   The system is out of physical RAM or swap space
#   In 32 bit mode, the process size limit was hit
# Possible solutions:
#   Reduce memory load on the system
#   Increase physical memory or swap space
#   Check if swap backing store is full
#   Use 64 bit Java on a 64 bit OS
#   Decrease Java heap size (-Xmx/-Xms)
#   Decrease number of Java threads
#   Decrease Java thread stack sizes (-Xss)
#   Set larger code cache with -XX:ReservedCodeCacheSize=
# This output file may be truncated or incomplete.
#
#  Out of Memory Error (allocation.cpp:273), pid=5956, tid=5128
#
# JRE version: Java(TM) SE Runtime Environment (8.0_65-b17) (build 1.8.0_65-b17)
# Java VM: Java HotSpot(TM) 64-Bit Server VM (25.65-b01 mixed mode windows-amd64 compressed oops)
# Failed to write core dump. Minidumps are not enabled by default on client versions of Windows
#

---------------  T H R E A D  ---------------

Current thread (0x000000001c512800):  JavaThread "C2 CompilerThread1" daemon [_thread_in_native, id=5128, stack(0x000000001d1e0000,0x000000001d2e0000)]

Stack: [0x000000001d1e0000,0x000000001d2e0000]
[error occurred during error reporting (printing stack bounds), id 0xc0000005]

Native frames: (J=compiled Java code, j=interpreted, Vv=VM code, C=native code)


Current CompileTask:
C2:   2015 1246       4       com.android.dx.ssa.SCCP::simulateStmt (481 bytes)


---------------  P R O C E S S  ---------------

Java Threads: ( => current thread )
  0x000000001e0ee000 JavaThread "pool-2-thread-4" [_thread_blocked, id=5064, stack(0x000000001e820000,0x000000001e920000)]
  0x000000001e128000 JavaThread "pool-2-thread-3" [_thread_blocked, id=5988, stack(0x000000001e980000,0x000000001ea80000)]
  0x000000001e127800 JavaThread "pool-2-thread-2" [_thread_blocked, id=5948, stack(0x000000001e570000,0x000000001e670000)]
  0x000000001e0f8000 JavaThread "pool-3-thread-1" [_thread_blocked, id=1528, stack(0x000000001e700000,0x000000001e800000)]
  0x000000001e0fe000 JavaThread "pool-2-thread-1" [_thread_blocked, id=6252, stack(0x000000001e460000,0x000000001e560000)]
  0x000000001c517000 JavaThread "Service Thread" daemon [_thread_blocked, id=5844, stack(0x000000001e280000,0x000000001e380000)]
  0x000000001c513800 JavaThread "C1 CompilerThread2" daemon [_thread_in_native, id=4488, stack(0x000000001dd70000,0x000000001de70000)]
=>0x000000001c512800 JavaThread "C2 CompilerThread1" daemon [_thread_in_native, id=5128, stack(0x000000001d1e0000,0x000000001d2e0000)]
  0x000000001c50e800 JavaThread "C2 CompilerThread0" daemon [_thread_in_native, id=5452, stack(0x000000001dbb0000,0x000000001dcb0000)]
  0x000000001c51d000 JavaThread "Attach Listener" daemon [_thread_blocked, id=6744, stack(0x000000001da40000,0x000000001db40000)]
  0x000000001c51b800 JavaThread "Signal Dispatcher" daemon [_thread_blocked, id=5776, stack(0x000000001d8b0000,0x000000001d9b0000)]
  0x000000001c4b1000 JavaThread "Finalizer" daemon [_thread_blocked, id=4652, stack(0x000000001d6c0000,0x000000001d7c0000)]
  0x000000001c4b0000 JavaThread "Reference Handler" daemon [_thread_blocked, id=7120, stack(0x000000001d5b0000,0x000000001d6b0000)]
  0x00000000024ff000 JavaThread "main" [_thread_blocked, id=4940, stack(0x0000000002520000,0x0000000002620000)]

Other Threads:
  0x000000001c4aa800 VMThread [stack: 0x000000001d300000,0x000000001d400000] [id=6248]
  0x000000001dee2800 WatcherThread [stack: 0x000000001d470000,0x000000001d570000] [id=4560]

VM state:not at safepoint (normal execution)

VM Mutex/Monitor currently owned by a thread: None

Heap:
 PSYoungGen      total 38400K, used 6311K [0x000000076ab00000, 0x000000076f600000, 0x00000007c0000000)
  eden space 33280K, 3% used [0x000000076ab00000,0x000000076ac31ed8,0x000000076cb80000)
  from space 5120K, 99% used [0x000000076cb80000,0x000000076d078050,0x000000076d080000)
  to   space 5120K, 0% used [0x000000076f100000,0x000000076f100000,0x000000076f600000)
 ParOldGen       total 87552K, used 729K [0x00000006c0000000, 0x00000006c5580000, 0x000000076ab00000)
  object space 87552K, 0% used [0x00000006c0000000,0x00000006c00b67e8,0x00000006c5580000)
 Metaspace       used 5947K, capacity 6896K, committed 7040K, reserved 1056768K
  class space    used 594K, capacity 616K, committed 640K, reserved 1048576K

Card table byte_map: [0x0000000011d60000,0x0000000012570000] byte_map_base: 0x000000000e760000

Marking Bits: (ParMarkBitMap*) 0x000000005c3aa5b0
 Begin Bits: [0x0000000013320000, 0x0000000017320000)
 End Bits:   [0x0000000017320000, 0x000000001b320000)

Polling page: 0x0000000000140000

CodeCache: size=245760Kb used=4934Kb max_used=4944Kb free=240825Kb
 bounds [0x00000000029a0000, 0x0000000002e80000, 0x00000000119a0000]
 total_blobs=1522 nmethods=1253 adapters=182
 compilation: enabled

Compilation events (10 events):
Event: 2.002 Thread 0x000000001c513800 1250       3       com.android.dx.ssa.ConstCollector::updateConstUses (248 bytes)
Event: 2.004 Thread 0x000000001c513800 nmethod 1250 0x0000000002e73790 code [0x0000000002e73b00, 0x0000000002e75c18]
Event: 2.004 Thread 0x000000001c513800 1249       1       java.lang.Integer::intValue (5 bytes)
Event: 2.004 Thread 0x000000001c513800 nmethod 1249 0x0000000002e634d0 code [0x0000000002e63620, 0x0000000002e63730]
Event: 2.006 Thread 0x000000001c512800 nmethod 1245 0x0000000002e78e90 code [0x0000000002e79020, 0x0000000002e797e8]
Event: 2.006 Thread 0x000000001c512800 1251       4       com.android.dx.ssa.SsaBasicBlock::getCountPhiInsns (45 bytes)
Event: 2.008 Thread 0x000000001c512800 nmethod 1251 0x0000000002e68390 code [0x0000000002e684e0, 0x0000000002e68718]
Event: 2.008 Thread 0x000000001c512800 1253       4       com.android.dx.rop.code.LocalItem::compareTo (32 bytes)
Event: 2.009 Thread 0x000000001c512800 nmethod 1253 0x0000000002e668d0 code [0x0000000002e66a20, 0x0000000002e66d18]
Event: 2.009 Thread 0x000000001c512800 1246       4       com.android.dx.ssa.SCCP::simulateStmt (481 bytes)

GC Heap History (2 events):
Event: 1.932 GC heap before
{Heap before GC invocations=1 (full 0):
 PSYoungGen      total 38400K, used 33280K [0x000000076ab00000, 0x000000076d580000, 0x00000007c0000000)
  eden space 33280K, 100% used [0x000000076ab00000,0x000000076cb80000,0x000000076cb80000)
  from space 5120K, 0% used [0x000000076d080000,0x000000076d080000,0x000000076d580000)
  to   space 5120K, 0% used [0x000000076cb80000,0x000000076cb80000,0x000000076d080000)
 ParOldGen       total 87552K, used 0K [0x00000006c0000000, 0x00000006c5580000, 0x000000076ab00000)
  object space 87552K, 0% used [0x00000006c0000000,0x00000006c0000000,0x00000006c5580000)
 Metaspace       used 5938K, capacity 6896K, committed 7040K, reserved 1056768K
  class space    used 594K, capacity 616K, committed 640K, reserved 1048576K
Event: 1.998 GC heap after
Heap after GC invocations=1 (full 0):
 PSYoungGen      total 38400K, used 5088K [0x000000076ab00000, 0x000000076f600000, 0x00000007c0000000)
  eden space 33280K, 0% used [0x000000076ab00000,0x000000076ab00000,0x000000076cb80000)
  from space 5120K, 99% used [0x000000076cb80000,0x000000076d078050,0x000000076d080000)
  to   space 5120K, 0% used [0x000000076f100000,0x000000076f100000,0x000000076f600000)
 ParOldGen       total 87552K, used 729K [0x00000006c0000000, 0x00000006c5580000, 0x000000076ab00000)
  object space 87552K, 0% used [0x00000006c0000000,0x00000006c00b67e8,0x00000006c5580000)
 Metaspace       used 5938K, capacity 6896K, committed 7040K, reserved 1056768K
  class space    used 594K, capacity 616K, committed 640K, reserved 1048576K
}

Deoptimization events (10 events):
Event: 1.044 Thread 0x00000000024ff000 Uncommon trap: reason=unstable_if action=reinterpret pc=0x0000000002bc9938 method=java.util.BitSet.ensureCapacity(I)V @ 6
Event: 1.044 Thread 0x00000000024ff000 Uncommon trap: reason=unstable_if action=reinterpret pc=0x0000000002bb6574 method=java.util.BitSet.nextSetBit(I)I @ 87
Event: 1.046 Thread 0x00000000024ff000 Uncommon trap: reason=unstable_if action=reinterpret pc=0x0000000002bac710 method=java.util.HashMap.getNode(ILjava/lang/Object;)Ljava/util/HashMap$Node; @ 129
Event: 1.049 Thread 0x00000000024ff000 Uncommon trap: reason=class_check action=maybe_recompile pc=0x0000000002bcb270 method=com.android.dx.ssa.NormalSsaInsn.accept(Lcom/android/dx/ssa/SsaInsn$Visitor;)V @ 9
Event: 1.056 Thread 0x00000000024ff000 Uncommon trap: reason=class_check action=maybe_recompile pc=0x0000000002bcb270 method=com.android.dx.ssa.NormalSsaInsn.accept(Lcom/android/dx/ssa/SsaInsn$Visitor;)V @ 9
Event: 1.625 Thread 0x000000001e0fe000 Uncommon trap: reason=class_check action=maybe_recompile pc=0x0000000002bc60e0 method=com.android.dx.rop.type.Type.equals(Ljava/lang/Object;)Z @ 8
Event: 1.625 Thread 0x000000001e0fe000 Uncommon trap: reason=class_check action=maybe_recompile pc=0x0000000002bc60e0 method=com.android.dx.rop.type.Type.equals(Ljava/lang/Object;)Z @ 8
Event: 1.625 Thread 0x000000001e0fe000 Uncommon trap: reason=class_check action=maybe_recompile pc=0x0000000002bc60e0 method=com.android.dx.rop.type.Type.equals(Ljava/lang/Object;)Z @ 8
Event: 1.625 Thread 0x000000001e0fe000 Uncommon trap: reason=class_check action=maybe_recompile pc=0x0000000002bc60e0 method=com.android.dx.rop.type.Type.equals(Ljava/lang/Object;)Z @ 8
Event: 1.705 Thread 0x000000001e127800 Uncommon trap: reason=unstable_if action=reinterpret pc=0x0000000002d87584 method=com.android.dx.rop.code.LocalItem.hashCode()I @ 25

Internal exceptions (2 events):
Event: 0.323 Thread 0x00000000024ff000 Exception <a 'java/lang/NoSuchMethodError': Method sun.misc.Unsafe.defineClass(Ljava/lang/String;[BII)Ljava/lang/Class; name or signature does not match> (0x000000076ab0d560) thrown at [C:\workspace\8-2-build-windows-amd64-cygwin\jdk8u65\4987\hotspot\src\s”}€À—≤‘?
Event: 0.323 Thread 0x00000000024ff000 Exception <a 'java/lang/NoSuchMethodError': Method sun.misc.Unsafe.prefetchRead(Ljava/lang/Object;J)V name or signature does not match> (0x000000076ab0d848) thrown at [C:\workspace\8-2-build-windows-amd64-cygwin\jdk8u65\4987\hotspot\src\share\vm\prims\jni.

Events (10 events):
Event: 1.705 Thread 0x000000001e127800 DEOPT PACKING pc=0x0000000002d87584 sp=0x000000001e66e800
Event: 1.705 Thread 0x000000001e127800 DEOPT UNPACKING pc=0x00000000029e582a sp=0x000000001e66e668 mode 2
Event: 1.711 loading class java/util/TreeMap$EntrySet
Event: 1.711 loading class java/util/TreeMap$EntrySet done
Event: 1.711 loading class java/util/TreeMap$EntryIterator
Event: 1.711 loading class java/util/TreeMap$EntryIterator done
Event: 1.711 Executing VM operation: Deoptimize
Event: 1.711 Executing VM operation: Deoptimize done
Event: 1.932 Executing VM operation: ParallelGCFailedAllocation
Event: 1.998 Executing VM operation: ParallelGCFailedAllocation done


Dynamic libraries:
0x000000013fe80000 - 0x000000013feb7000 	C:\Program Files\Java\jdk1.8.0_65\bin\java.exe
0x0000000076f00000 - 0x00000000770aa000 	C:\Windows\SYSTEM32\ntdll.dll
0x0000000076ce0000 - 0x0000000076dff000 	C:\Windows\system32\kernel32.dll
0x000007fefcfc0000 - 0x000007fefd02a000 	C:\Windows\system32\KERNELBASE.dll
0x000007fefe9f0000 - 0x000007fefeacb000 	C:\Windows\system32\ADVAPI32.dll
0x000007fefd430000 - 0x000007fefd4cf000 	C:\Windows\system32\msvcrt.dll
0x000007fefe7c0000 - 0x000007fefe7df000 	C:\Windows\SYSTEM32\sechost.dll
0x000007fefe320000 - 0x000007fefe44d000 	C:\Windows\system32\RPCRT4.dll
0x0000000076e00000 - 0x0000000076efa000 	C:\Windows\system32\USER32.dll
0x000007fefd520000 - 0x000007fefd587000 	C:\Windows\system32\GDI32.dll
0x000007fefd150000 - 0x000007fefd15e000 	C:\Windows\system32\LPK.dll
0x000007fefebb0000 - 0x000007fefec7a000 	C:\Windows\system32\USP10.dll
0x000007fefb0f0000 - 0x000007fefb2e4000 	C:\Windows\WinSxS\amd64_microsoft.windows.common-controls_6595b64144ccf1df_6.0.7601.18837_none_fa3b1e3d17594757\COMCTL32.dll
0x000007feff020000 - 0x000007feff091000 	C:\Windows\system32\SHLWAPI.dll
0x000007feff1e0000 - 0x000007feff20e000 	C:\Windows\system32\IMM32.DLL
0x000007fefd040000 - 0x000007fefd149000 	C:\Windows\system32\MSCTF.dll
0x000007fefcbb0000 - 0x000007fefcbf0000 	C:\Windows\system32\nvinitx.dll
0x000000006b8f0000 - 0x000000006b9c2000 	C:\Program Files\Java\jdk1.8.0_65\jre\bin\msvcr100.dll
0x000000005bba0000 - 0x000000005c429000 	C:\Program Files\Java\jdk1.8.0_65\jre\bin\server\jvm.dll
0x000007fef5b30000 - 0x000007fef5b39000 	C:\Windows\system32\WSOCK32.dll
0x000007fefd4d0000 - 0x000007fefd51d000 	C:\Windows\system32\WS2_32.dll
0x000007fefef70000 - 0x000007fefef78000 	C:\Windows\system32\NSI.dll
0x000007fef98e0000 - 0x000007fef991b000 	C:\Windows\system32\WINMM.dll
0x000007fefbcc0000 - 0x000007fefbccc000 	C:\Windows\system32\VERSION.dll
0x00000000770c0000 - 0x00000000770c7000 	C:\Windows\system32\PSAPI.DLL
0x0000000073bc0000 - 0x0000000073bcf000 	C:\Program Files\Java\jdk1.8.0_65\jre\bin\verify.dll
0x00000000739e0000 - 0x0000000073a09000 	C:\Program Files\Java\jdk1.8.0_65\jre\bin\java.dll
0x00000000737c0000 - 0x00000000737d6000 	C:\Program Files\Java\jdk1.8.0_65\jre\bin\zip.dll
0x000007fefd590000 - 0x000007fefe31a000 	C:\Windows\system32\SHELL32.dll
0x000007fefe7e0000 - 0x000007fefe9e3000 	C:\Windows\system32\ole32.dll
0x000007fefcc80000 - 0x000007fefcc8f000 	C:\Windows\system32\profapi.dll

VM Arguments:
jvm_args: -Djava.awt.headless=true -Xmx4g -Dfile.encoding=UTF-8 -Duser.country=US -Duser.language=en -Duser.variant 
java_command: com.android.dx.command.Main --dex --force-jumbo --num-threads=4 --multi-dex --output E:\Ohjelmat\Projects\Testi\app\build\intermediates\transforms\dex\debug\folders\1000\10\internal_impl-23.4.0_7c0b853170d9c38cd6e3f06f66cb894e0bd8fe98 E:\Ohjelmat\Projects\Testi\app\build\intermediates\exploded-aar\com.android.support\support-v4\23.4.0\jars\libs\internal_impl-23.4.0.jar
java_class_path (initial): E:\Ohjelmat\AndroidSDK2\build-tools\23.0.3\lib\dx.jar
Launcher Type: SUN_STANDARD

Environment Variables:



---------------  S Y S T E M  ---------------

OS: Windows 7 , 64 bit Build 7601 (6.1.7601.23418)

CPU:total 4 (4 cores per cpu, 1 threads per core) family 6 model 58 stepping 9, cmov, cx8, fxsr, mmx, sse, sse2, sse3, ssse3, sse4.1, sse4.2, popcnt, avx, aes, clmul, erms, tsc, tscinvbit, tscinv

Memory: 4k page, physical 8281492k(925976k free), swap 8803920k(5096k free)

vm_info: Java HotSpot(TM) 64-Bit Server VM (25.65-b01) for windows-amd64 JRE (1.8.0_65-b17), built on Oct  6 2015 16:39:20 by "java_re" with MS VC++ 10.0 (VS2010)

time: Fri Jun 10 23:49:47 2016
elapsed time: 2 seconds (0d 0h 0m 2s)

