#
# There is insufficient memory for the Java Runtime Environment to continue.
# Native memory allocation (malloc) failed to allocate 903536 bytes for Chunk::new
# Possible reasons:
#   The system is out of physical RAM or swap space
#   In 32 bit mode, the process size limit was hit
# Possible solutions:
#   Reduce memory load on the system
#   Increase physical memory or swap space
#   Check if swap backing store is full
#   Use 64 bit Java on a 64 bit OS
#   Decrease Java heap size (-Xmx/-Xms)
#   Decrease number of Java threads
#   Decrease Java thread stack sizes (-Xss)
#   Set larger code cache with -XX:ReservedCodeCacheSize=
# This output file may be truncated or incomplete.
#
#  Out of Memory Error (allocation.cpp:390), pid=4572, tid=6560
#
# JRE version: Java(TM) SE Runtime Environment (8.0_65-b17) (build 1.8.0_65-b17)
# Java VM: Java HotSpot(TM) 64-Bit Server VM (25.65-b01 mixed mode windows-amd64 compressed oops)
# Failed to write core dump. Minidumps are not enabled by default on client versions of Windows
#

---------------  T H R E A D  ---------------

Current thread (0x000000001c472000):  JavaThread "C2 CompilerThread0" daemon [_thread_in_native, id=6560, stack(0x000000001dc10000,0x000000001dd10000)]

Stack: [0x000000001dc10000,0x000000001dd10000]
[error occurred during error reporting (printing stack bounds), id 0xc0000005]

Native frames: (J=compiled Java code, j=interpreted, Vv=VM code, C=native code)


Current CompileTask:
C2:  14022 2322       4       com.android.dx.ssa.SsaConverter::placePhiFunctions (394 bytes)


---------------  P R O C E S S  ---------------

Java Threads: ( => current thread )
  0x000000001e1d4000 JavaThread "pool-2-thread-4" [_thread_blocked, id=6620, stack(0x000000001f570000,0x000000001f670000)]
  0x000000001e1d1000 JavaThread "pool-2-thread-3" [_thread_blocked, id=4628, stack(0x000000001f370000,0x000000001f470000)]
  0x000000001e201800 JavaThread "pool-2-thread-2" [_thread_blocked, id=3468, stack(0x000000001f180000,0x000000001f280000)]
  0x000000001e1ff000 JavaThread "pool-3-thread-1" [_thread_blocked, id=3588, stack(0x000000001f050000,0x000000001f150000)]
  0x000000001e1f6000 JavaThread "pool-2-thread-1" [_thread_blocked, id=6572, stack(0x000000001ee50000,0x000000001ef50000)]
  0x000000001df02800 JavaThread "Service Thread" daemon [_thread_blocked, id=5052, stack(0x000000001e350000,0x000000001e450000)]
  0x000000001c477000 JavaThread "C1 CompilerThread2" daemon [_thread_blocked, id=7008, stack(0x000000001de00000,0x000000001df00000)]
  0x000000001c476000 JavaThread "C2 CompilerThread1" daemon [_thread_blocked, id=6140, stack(0x000000001d930000,0x000000001da30000)]
=>0x000000001c472000 JavaThread "C2 CompilerThread0" daemon [_thread_in_native, id=6560, stack(0x000000001dc10000,0x000000001dd10000)]
  0x000000001c46e800 JavaThread "Attach Listener" daemon [_thread_blocked, id=6496, stack(0x000000001daa0000,0x000000001dba0000)]
  0x000000001c46d000 JavaThread "Signal Dispatcher" daemon [_thread_blocked, id=6244, stack(0x000000001d810000,0x000000001d910000)]
  0x000000001c411000 JavaThread "Finalizer" daemon [_thread_blocked, id=4768, stack(0x000000001d700000,0x000000001d800000)]
  0x000000001c410000 JavaThread "Reference Handler" daemon [_thread_blocked, id=5532, stack(0x000000001d4d0000,0x000000001d5d0000)]
  0x000000000257f000 JavaThread "main" [_thread_blocked, id=1432, stack(0x00000000025a0000,0x00000000026a0000)]

Other Threads:
  0x000000001c40a800 VMThread [stack: 0x000000001d3b0000,0x000000001d4b0000] [id=900]
  0x000000001df6e000 WatcherThread [stack: 0x000000001e520000,0x000000001e620000] [id=2824]

VM state:not at safepoint (normal execution)

VM Mutex/Monitor currently owned by a thread: None

Heap:
 PSYoungGen      total 138240K, used 35581K [0x000000076ab00000, 0x000000077e300000, 0x00000007c0000000)
  eden space 133120K, 22% used [0x000000076ab00000,0x000000076c8c1b48,0x0000000772d00000)
  from space 5120K, 99% used [0x0000000772d00000,0x00000007731fdb18,0x0000000773200000)
  to   space 26624K, 0% used [0x000000077c900000,0x000000077c900000,0x000000077e300000)
 ParOldGen       total 87552K, used 37694K [0x00000006c0000000, 0x00000006c5580000, 0x000000076ab00000)
  object space 87552K, 43% used [0x00000006c0000000,0x00000006c24cfa80,0x00000006c5580000)
 Metaspace       used 6315K, capacity 7152K, committed 7296K, reserved 1056768K
  class space    used 598K, capacity 616K, committed 640K, reserved 1048576K

Card table byte_map: [0x0000000011e10000,0x0000000012620000] byte_map_base: 0x000000000e810000

Marking Bits: (ParMarkBitMap*) 0x000000005c3aa5b0
 Begin Bits: [0x0000000013280000, 0x0000000017280000)
 End Bits:   [0x0000000017280000, 0x000000001b280000)

Polling page: 0x0000000000130000

CodeCache: size=245760Kb used=11391Kb max_used=11391Kb free=234368Kb
 bounds [0x0000000002a50000, 0x0000000003590000, 0x0000000011a50000]
 total_blobs=2571 nmethods=2301 adapters=182
 compilation: enabled

Compilation events (10 events):
Event: 13.974 Thread 0x000000001c476000 nmethod 2321% 0x0000000003569e90 code [0x000000000356a1c0, 0x000000000356d7e8]
Event: 13.975 Thread 0x000000001c472000 2322       4       com.android.dx.ssa.SsaConverter::placePhiFunctions (394 bytes)
Event: 13.979 Thread 0x000000001c476000 2323       4       com.android.dx.rop.type.StdTypeList::getType (6 bytes)
Event: 13.979 Thread 0x000000001c476000 nmethod 2323 0x0000000003559210 code [0x0000000003559360, 0x0000000003559438]
Event: 13.997 Thread 0x000000001c477000 2324       3       com.android.dx.dex.file.CodeItem::<init> (81 bytes)
Event: 13.997 Thread 0x000000001c477000 nmethod 2324 0x000000000355bed0 code [0x000000000355c080, 0x000000000355c598]
Event: 14.012 Thread 0x000000001c476000 2326       4       java.util.ArrayList::indexOf (67 bytes)
Event: 14.012 Thread 0x000000001c477000 2325       3       com.android.dx.cf.code.Ropper::addSetupBlocks (535 bytes)
Event: 14.013 Thread 0x000000001c476000 nmethod 2326 0x0000000003558e50 code [0x0000000003558fa0, 0x0000000003559118]
Event: 14.017 Thread 0x000000001c477000 nmethod 2325 0x0000000003570f50 code [0x0000000003571a00, 0x0000000003579f28]

GC Heap History (10 events):
Event: 1.650 GC heap before
{Heap before GC invocations=1 (full 0):
 PSYoungGen      total 38400K, used 33280K [0x000000076ab00000, 0x000000076d580000, 0x00000007c0000000)
  eden space 33280K, 100% used [0x000000076ab00000,0x000000076cb80000,0x000000076cb80000)
  from space 5120K, 0% used [0x000000076d080000,0x000000076d080000,0x000000076d580000)
  to   space 5120K, 0% used [0x000000076cb80000,0x000000076cb80000,0x000000076d080000)
 ParOldGen       total 87552K, used 0K [0x00000006c0000000, 0x00000006c5580000, 0x000000076ab00000)
  object space 87552K, 0% used [0x00000006c0000000,0x00000006c0000000,0x00000006c5580000)
 Metaspace       used 5708K, capacity 6704K, committed 6784K, reserved 1056768K
  class space    used 592K, capacity 616K, committed 640K, reserved 1048576K
Event: 1.679 GC heap after
Heap after GC invocations=1 (full 0):
 PSYoungGen      total 38400K, used 4186K [0x000000076ab00000, 0x000000076f600000, 0x00000007c0000000)
  eden space 33280K, 0% used [0x000000076ab00000,0x000000076ab00000,0x000000076cb80000)
  from space 5120K, 81% used [0x000000076cb80000,0x000000076cf96bc8,0x000000076d080000)
  to   space 5120K, 0% used [0x000000076f100000,0x000000076f100000,0x000000076f600000)
 ParOldGen       total 87552K, used 8K [0x00000006c0000000, 0x00000006c5580000, 0x000000076ab00000)
  object space 87552K, 0% used [0x00000006c0000000,0x00000006c0002000,0x00000006c5580000)
 Metaspace       used 5708K, capacity 6704K, committed 6784K, reserved 1056768K
  class space    used 592K, capacity 616K, committed 640K, reserved 1048576K
}
Event: 2.263 GC heap before
{Heap before GC invocations=2 (full 0):
 PSYoungGen      total 38400K, used 37466K [0x000000076ab00000, 0x000000076f600000, 0x00000007c0000000)
  eden space 33280K, 100% used [0x000000076ab00000,0x000000076cb80000,0x000000076cb80000)
  from space 5120K, 81% used [0x000000076cb80000,0x000000076cf96bc8,0x000000076d080000)
  to   space 5120K, 0% used [0x000000076f100000,0x000000076f100000,0x000000076f600000)
 ParOldGen       total 87552K, used 8K [0x00000006c0000000, 0x00000006c5580000, 0x000000076ab00000)
  object space 87552K, 0% used [0x00000006c0000000,0x00000006c0002000,0x00000006c5580000)
 Metaspace       used 6011K, capacity 6960K, committed 7040K, reserved 1056768K
  class space    used 594K, capacity 616K, committed 640K, reserved 1048576K
Event: 2.313 GC heap after
Heap after GC invocations=2 (full 0):
 PSYoungGen      total 71680K, used 5101K [0x000000076ab00000, 0x000000076f600000, 0x00000007c0000000)
  eden space 66560K, 0% used [0x000000076ab00000,0x000000076ab00000,0x000000076ec00000)
  from space 5120K, 99% used [0x000000076f100000,0x000000076f5fb4b0,0x000000076f600000)
  to   space 5120K, 0% used [0x000000076ec00000,0x000000076ec00000,0x000000076f100000)
 ParOldGen       total 87552K, used 1014K [0x00000006c0000000, 0x00000006c5580000, 0x000000076ab00000)
  object space 87552K, 1% used [0x00000006c0000000,0x00000006c00fda38,0x00000006c5580000)
 Metaspace       used 6011K, capacity 6960K, committed 7040K, reserved 1056768K
  class space    used 594K, capacity 616K, committed 640K, reserved 1048576K
}
Event: 6.829 GC heap before
{Heap before GC invocations=3 (full 0):
 PSYoungGen      total 71680K, used 71661K [0x000000076ab00000, 0x000000076f600000, 0x00000007c0000000)
  eden space 66560K, 100% used [0x000000076ab00000,0x000000076ec00000,0x000000076ec00000)
  from space 5120K, 99% used [0x000000076f100000,0x000000076f5fb4b0,0x000000076f600000)
  to   space 5120K, 0% used [0x000000076ec00000,0x000000076ec00000,0x000000076f100000)
 ParOldGen       total 87552K, used 1014K [0x00000006c0000000, 0x00000006c5580000, 0x000000076ab00000)
  object space 87552K, 1% used [0x00000006c0000000,0x00000006c00fda38,0x00000006c5580000)
 Metaspace       used 6229K, capacity 7088K, committed 7296K, reserved 1056768K
  class space    used 597K, capacity 616K, committed 640K, reserved 1048576K
Event: 6.884 GC heap after
Heap after GC invocations=3 (full 0):
 PSYoungGen      total 71680K, used 5101K [0x000000076ab00000, 0x0000000773700000, 0x00000007c0000000)
  eden space 66560K, 0% used [0x000000076ab00000,0x000000076ab00000,0x000000076ec00000)
  from space 5120K, 99% used [0x000000076ec00000,0x000000076f0fb4d0,0x000000076f100000)
  to   space 5120K, 0% used [0x0000000773200000,0x0000000773200000,0x0000000773700000)
 ParOldGen       total 87552K, used 9184K [0x00000006c0000000, 0x00000006c5580000, 0x000000076ab00000)
  object space 87552K, 10% used [0x00000006c0000000,0x00000006c08f80e0,0x00000006c5580000)
 Metaspace       used 6229K, capacity 7088K, committed 7296K, reserved 1056768K
  class space    used 597K, capacity 616K, committed 640K, reserved 1048576K
}
Event: 10.484 GC heap before
{Heap before GC invocations=4 (full 0):
 PSYoungGen      total 71680K, used 71661K [0x000000076ab00000, 0x0000000773700000, 0x00000007c0000000)
  eden space 66560K, 100% used [0x000000076ab00000,0x000000076ec00000,0x000000076ec00000)
  from space 5120K, 99% used [0x000000076ec00000,0x000000076f0fb4d0,0x000000076f100000)
  to   space 5120K, 0% used [0x0000000773200000,0x0000000773200000,0x0000000773700000)
 ParOldGen       total 87552K, used 9184K [0x00000006c0000000, 0x00000006c5580000, 0x000000076ab00000)
  object space 87552K, 10% used [0x00000006c0000000,0x00000006c08f80e0,0x00000006c5580000)
 Metaspace       used 6258K, capacity 7088K, committed 7296K, reserved 1056768K
  class space    used 597K, capacity 616K, committed 640K, reserved 1048576K
Event: 10.690 GC heap after
Heap after GC invocations=4 (full 0):
 PSYoungGen      total 138240K, used 5115K [0x000000076ab00000, 0x0000000773700000, 0x00000007c0000000)
  eden space 133120K, 0% used [0x000000076ab00000,0x000000076ab00000,0x0000000772d00000)
  from space 5120K, 99% used [0x0000000773200000,0x00000007736fed60,0x0000000773700000)
  to   space 5120K, 0% used [0x0000000772d00000,0x0000000772d00000,0x0000000773200000)
 ParOldGen       total 87552K, used 17913K [0x00000006c0000000, 0x00000006c5580000, 0x000000076ab00000)
  object space 87552K, 20% used [0x00000006c0000000,0x00000006c117e798,0x00000006c5580000)
 Metaspace       used 6258K, capacity 7088K, committed 7296K, reserved 1056768K
  class space    used 597K, capacity 616K, committed 640K, reserved 1048576K
}
Event: 13.599 GC heap before
{Heap before GC invocations=5 (full 0):
 PSYoungGen      total 138240K, used 138235K [0x000000076ab00000, 0x0000000773700000, 0x00000007c0000000)
  eden space 133120K, 100% used [0x000000076ab00000,0x0000000772d00000,0x0000000772d00000)
  from space 5120K, 99% used [0x0000000773200000,0x00000007736fed60,0x0000000773700000)
  to   space 5120K, 0% used [0x0000000772d00000,0x0000000772d00000,0x0000000773200000)
 ParOldGen       total 87552K, used 17913K [0x00000006c0000000, 0x00000006c5580000, 0x000000076ab00000)
  object space 87552K, 20% used [0x00000006c0000000,0x00000006c117e798,0x00000006c5580000)
 Metaspace       used 6305K, capacity 7152K, committed 7296K, reserved 1056768K
  class space    used 597K, capacity 616K, committed 640K, reserved 1048576K
Event: 13.633 GC heap after
Heap after GC invocations=5 (full 0):
 PSYoungGen      total 138240K, used 5110K [0x000000076ab00000, 0x000000077e300000, 0x00000007c0000000)
  eden space 133120K, 0% used [0x000000076ab00000,0x000000076ab00000,0x0000000772d00000)
  from space 5120K, 99% used [0x0000000772d00000,0x00000007731fdb18,0x0000000773200000)
  to   space 26624K, 0% used [0x000000077c900000,0x000000077c900000,0x000000077e300000)
 ParOldGen       total 87552K, used 37694K [0x00000006c0000000, 0x00000006c5580000, 0x000000076ab00000)
  object space 87552K, 43% used [0x00000006c0000000,0x00000006c24cfa80,0x00000006c5580000)
 Metaspace       used 6305K, capacity 7152K, committed 7296K, reserved 1056768K
  class space    used 597K, capacity 616K, committed 640K, reserved 1048576K
}

Deoptimization events (10 events):
Event: 11.341 Thread 0x000000001e201800 Uncommon trap: reason=unstable_if action=reinterpret pc=0x000000000332b864 method=com.android.dx.cf.code.BasicBlocker.visitNoArgs(IIILcom/android/dx/rop/type/Type;)V @ 277
Event: 11.419 Thread 0x000000001e201800 Uncommon trap: reason=class_check action=maybe_recompile pc=0x00000000031fdee0 method=com.android.dx.ssa.SCCP.replaceConstants()V @ 127
Event: 12.094 Thread 0x000000001e1d1000 Uncommon trap: reason=unstable_if action=reinterpret pc=0x00000000034a2660 method=com.android.dx.cf.code.ExecutionStack.<init>(I)V @ 2
Event: 12.094 Thread 0x000000001e1f6000 Uncommon trap: reason=bimorphic action=maybe_recompile pc=0x00000000032e85ec method=com.android.dx.cf.code.BytecodeArray.parseInstruction(ILcom/android/dx/cf/code/BytecodeArray$Visitor;)I @ 2554
Event: 12.095 Thread 0x000000001e1f6000 Uncommon trap: reason=bimorphic action=maybe_recompile pc=0x00000000032e85ec method=com.android.dx.cf.code.BytecodeArray.parseInstruction(ILcom/android/dx/cf/code/BytecodeArray$Visitor;)I @ 2554
Event: 13.686 Thread 0x000000001e201800 Uncommon trap: reason=predicate action=maybe_recompile pc=0x000000000329af0c method=com.android.dx.ssa.DomFront.run()[Lcom/android/dx/ssa/DomFront$DomInfo; @ 175
Event: 13.691 Thread 0x000000001e201800 Uncommon trap: reason=class_check action=maybe_recompile pc=0x0000000003270988 method=com.android.dx.ssa.SsaConverter.placePhiFunctions(Lcom/android/dx/ssa/SsaMethod;Lcom/android/dx/ssa/LocalVariableInfo;I)V @ 257
Event: 13.692 Thread 0x000000001e201800 Uncommon trap: reason=class_check action=maybe_recompile pc=0x00000000031d7f7c method=com.android.dx.ssa.SsaConverter.placePhiFunctions(Lcom/android/dx/ssa/SsaMethod;Lcom/android/dx/ssa/LocalVariableInfo;I)V @ 257
Event: 13.692 Thread 0x000000001e201800 Uncommon trap: reason=class_check action=maybe_recompile pc=0x00000000031d7f7c method=com.android.dx.ssa.SsaConverter.placePhiFunctions(Lcom/android/dx/ssa/SsaMethod;Lcom/android/dx/ssa/LocalVariableInfo;I)V @ 257
Event: 13.692 Thread 0x000000001e201800 Uncommon trap: reason=class_check action=maybe_recompile pc=0x00000000031d7f7c method=com.android.dx.ssa.SsaConverter.placePhiFunctions(Lcom/android/dx/ssa/SsaMethod;Lcom/android/dx/ssa/LocalVariableInfo;I)V @ 257

Internal exceptions (5 events):
Event: 0.308 Thread 0x000000000257f000 Exception <a 'java/lang/NoSuchMethodError': Method sun.misc.Unsafe.defineClass(Ljava/lang/String;[BII)Ljava/lang/Class; name or signature does not match> (0x000000076ab0d638) thrown at [C:\workspace\8-2-build-windows-amd64-cygwin\jdk8u65\4987\hotspot\src\syx±ð®²Ó?
Event: 0.308 Thread 0x000000000257f000 Exception <a 'java/lang/NoSuchMethodError': Method sun.misc.Unsafe.prefetchRead(Ljava/lang/Object;J)V name or signature does not match> (0x000000076ab0d920) thrown at [C:\workspace\8-2-build-windows-amd64-cygwin\jdk8u65\4987\hotspot\src\share\vm\prims\jni.ñÄãlb@
Event: 6.596 Thread 0x000000001e1f6000 Implicit null exception at 0x0000000002d27158 to 0x0000000002d287e1
Event: 10.704 Thread 0x000000001e201800 Implicit null exception at 0x0000000002e3f9dc to 0x0000000002e3fcf4
Event: 10.704 Thread 0x000000001e201800 Implicit null exception at 0x0000000002e3e549 to 0x0000000002e3e742

Events (10 events):
Event: 13.691 loading class com/android/dx/util/ListIntSet$1 done
Event: 13.692 Thread 0x000000001e201800 Uncommon trap: trap_request=0xffffffde fr.pc=0x00000000031d7f7c
Event: 13.692 Thread 0x000000001e201800 DEOPT PACKING pc=0x00000000031d7f7c sp=0x000000001f27e630
Event: 13.692 Thread 0x000000001e201800 DEOPT UNPACKING pc=0x0000000002a9582a sp=0x000000001f27e618 mode 2
Event: 13.692 Thread 0x000000001e201800 Uncommon trap: trap_request=0xffffffde fr.pc=0x00000000031d7f7c
Event: 13.692 Thread 0x000000001e201800 DEOPT PACKING pc=0x00000000031d7f7c sp=0x000000001f27e630
Event: 13.692 Thread 0x000000001e201800 DEOPT UNPACKING pc=0x0000000002a9582a sp=0x000000001f27e618 mode 2
Event: 13.692 Thread 0x000000001e201800 Uncommon trap: trap_request=0xffffffde fr.pc=0x00000000031d7f7c
Event: 13.692 Thread 0x000000001e201800 DEOPT PACKING pc=0x00000000031d7f7c sp=0x000000001f27e630
Event: 13.692 Thread 0x000000001e201800 DEOPT UNPACKING pc=0x0000000002a9582a sp=0x000000001f27e618 mode 2


Dynamic libraries:
0x000000013fe80000 - 0x000000013feb7000 	C:\Program Files\Java\jdk1.8.0_65\bin\java.exe
0x0000000076f00000 - 0x00000000770aa000 	C:\Windows\SYSTEM32\ntdll.dll
0x0000000076ce0000 - 0x0000000076dff000 	C:\Windows\system32\kernel32.dll
0x000007fefcfc0000 - 0x000007fefd02a000 	C:\Windows\system32\KERNELBASE.dll
0x000007fefe9f0000 - 0x000007fefeacb000 	C:\Windows\system32\ADVAPI32.dll
0x000007fefd430000 - 0x000007fefd4cf000 	C:\Windows\system32\msvcrt.dll
0x000007fefe7c0000 - 0x000007fefe7df000 	C:\Windows\SYSTEM32\sechost.dll
0x000007fefe320000 - 0x000007fefe44d000 	C:\Windows\system32\RPCRT4.dll
0x0000000076e00000 - 0x0000000076efa000 	C:\Windows\system32\USER32.dll
0x000007fefd520000 - 0x000007fefd587000 	C:\Windows\system32\GDI32.dll
0x000007fefd150000 - 0x000007fefd15e000 	C:\Windows\system32\LPK.dll
0x000007fefebb0000 - 0x000007fefec7a000 	C:\Windows\system32\USP10.dll
0x000007fefb0f0000 - 0x000007fefb2e4000 	C:\Windows\WinSxS\amd64_microsoft.windows.common-controls_6595b64144ccf1df_6.0.7601.18837_none_fa3b1e3d17594757\COMCTL32.dll
0x000007feff020000 - 0x000007feff091000 	C:\Windows\system32\SHLWAPI.dll
0x000007feff1e0000 - 0x000007feff20e000 	C:\Windows\system32\IMM32.DLL
0x000007fefd040000 - 0x000007fefd149000 	C:\Windows\system32\MSCTF.dll
0x000007fefcbb0000 - 0x000007fefcbf0000 	C:\Windows\system32\nvinitx.dll
0x000000006b8f0000 - 0x000000006b9c2000 	C:\Program Files\Java\jdk1.8.0_65\jre\bin\msvcr100.dll
0x000000005bba0000 - 0x000000005c429000 	C:\Program Files\Java\jdk1.8.0_65\jre\bin\server\jvm.dll
0x000007fef5b30000 - 0x000007fef5b39000 	C:\Windows\system32\WSOCK32.dll
0x000007fefd4d0000 - 0x000007fefd51d000 	C:\Windows\system32\WS2_32.dll
0x000007fefef70000 - 0x000007fefef78000 	C:\Windows\system32\NSI.dll
0x000007fef98e0000 - 0x000007fef991b000 	C:\Windows\system32\WINMM.dll
0x000007fefbcc0000 - 0x000007fefbccc000 	C:\Windows\system32\VERSION.dll
0x00000000770c0000 - 0x00000000770c7000 	C:\Windows\system32\PSAPI.DLL
0x0000000073bc0000 - 0x0000000073bcf000 	C:\Program Files\Java\jdk1.8.0_65\jre\bin\verify.dll
0x00000000739e0000 - 0x0000000073a09000 	C:\Program Files\Java\jdk1.8.0_65\jre\bin\java.dll
0x00000000737c0000 - 0x00000000737d6000 	C:\Program Files\Java\jdk1.8.0_65\jre\bin\zip.dll
0x000007fefd590000 - 0x000007fefe31a000 	C:\Windows\system32\SHELL32.dll
0x000007fefe7e0000 - 0x000007fefe9e3000 	C:\Windows\system32\ole32.dll
0x000007fefcc80000 - 0x000007fefcc8f000 	C:\Windows\system32\profapi.dll

VM Arguments:
jvm_args: -Djava.awt.headless=true -Xmx4g -Dfile.encoding=UTF-8 -Duser.country=US -Duser.language=en -Duser.variant 
java_command: com.android.dx.command.Main --dex --force-jumbo --num-threads=4 --multi-dex --output E:\Ohjelmat\Projects\Testi\app\build\intermediates\transforms\dex\debug\folders\1000\2\commons-math3-3.5_21acd3f4f5a788a82c0f5d7438a34eee0fe064a5 E:\Ohjelmat\Projects\Testi\app\libs\commons-math3-3.5.jar
java_class_path (initial): E:\Ohjelmat\AndroidSDK2\build-tools\23.0.3\lib\dx.jar
Launcher Type: SUN_STANDARD

Environment Variables:
PATH=C:\ProgramData\Oracle\Java\javapath;C:\Program Files\Common Files\Microsoft Shared\Windows Live;C:\Program Files (x86)\Common Files\Microsoft Shared\Windows Live;C:\Program Files (x86)\NVIDIA Corporation\PhysX\Common;C:\Windows\system32;C:\Windows;C:\Windows\System32\Wbem;C:\Windows\System32\WindowsPowerShell\v1.0\;C:\Program Files (x86)\Windows Live\Shared;E:\Ohjelmat\Matlab\runtime\win64;E:\Ohjelmat\Matlab\bin;E:\Ohjelmat\Matlab\polyspace\bin;E:\Ohjelmat\MCR\v717\runtime\win64;E:\Ohjelmat\Singular\Surfer\bin;C:\Program Files\Java\jre1.8.0_73\bin;
USERNAME=Harkonen
OS=Windows_NT
PROCESSOR_IDENTIFIER=Intel64 Family 6 Model 58 Stepping 9, GenuineIntel



---------------  S Y S T E M  ---------------

OS: Windows 7 , 64 bit Build 7601 (6.1.7601.23418)

CPU:total 4 (4 cores per cpu, 1 threads per core) family 6 model 58 stepping 9, cmov, cx8, fxsr, mmx, sse, sse2, sse3, ssse3, sse4.1, sse4.2, popcnt, avx, aes, clmul, erms, tsc, tscinvbit, tscinv

Memory: 4k page, physical 8281492k(1078992k free), swap 8803920k(5124k free)

vm_info: Java HotSpot(TM) 64-Bit Server VM (25.65-b01) for windows-amd64 JRE (1.8.0_65-b17), built on Oct  6 2015 16:39:20 by "java_re" with MS VC++ 10.0 (VS2010)

time: Fri Jun 10 23:49:48 2016
elapsed time: 14 seconds (0d 0h 0m 14s)

