#
# There is insufficient memory for the Java Runtime Environment to continue.
# Native memory allocation (malloc) failed to allocate 131088 bytes for Chunk::new
# Possible reasons:
#   The system is out of physical RAM or swap space
#   In 32 bit mode, the process size limit was hit
# Possible solutions:
#   Reduce memory load on the system
#   Increase physical memory or swap space
#   Check if swap backing store is full
#   Use 64 bit Java on a 64 bit OS
#   Decrease Java heap size (-Xmx/-Xms)
#   Decrease number of Java threads
#   Decrease Java thread stack sizes (-Xss)
#   Set larger code cache with -XX:ReservedCodeCacheSize=
# This output file may be truncated or incomplete.
#
#  Out of Memory Error (allocation.cpp:390), pid=4636, tid=7868
#
# JRE version: Java(TM) SE Runtime Environment (8.0_65-b17) (build 1.8.0_65-b17)
# Java VM: Java HotSpot(TM) 64-Bit Server VM (25.65-b01 mixed mode windows-amd64 compressed oops)
# Failed to write core dump. Minidumps are not enabled by default on client versions of Windows
#

---------------  T H R E A D  ---------------

Current thread (0x0000000054a6e800):  JavaThread "C2 CompilerThread0" daemon [_thread_in_native, id=7868, stack(0x0000000057580000,0x0000000057680000)]

Stack: [0x0000000057580000,0x0000000057680000]
[error occurred during error reporting (printing stack bounds), id 0xc0000005]

Native frames: (J=compiled Java code, j=interpreted, Vv=VM code, C=native code)


Current CompileTask:
C2:   7036 1977   !   4       com.android.dx.cf.code.BytecodeArray::parseInstruction (2764 bytes)


---------------  P R O C E S S  ---------------

Java Threads: ( => current thread )
  0x000000005794c000 JavaThread "pool-2-thread-4" [_thread_blocked, id=4232, stack(0x0000000058610000,0x0000000058710000)]
  0x0000000057949800 JavaThread "pool-2-thread-3" [_thread_blocked, id=7460, stack(0x0000000058a70000,0x0000000058b70000)]
  0x0000000057948800 JavaThread "pool-2-thread-2" [_thread_blocked, id=7704, stack(0x0000000058890000,0x0000000058990000)]
  0x0000000057905000 JavaThread "pool-3-thread-1" [_thread_blocked, id=6788, stack(0x0000000058750000,0x0000000058850000)]
  0x0000000057900000 JavaThread "pool-2-thread-1" [_thread_blocked, id=7696, stack(0x0000000057470000,0x0000000057570000)]
  0x00000000576d8800 JavaThread "Service Thread" daemon [_thread_blocked, id=2512, stack(0x0000000057cf0000,0x0000000057df0000)]
  0x00000000576d5800 JavaThread "C1 CompilerThread2" daemon [_thread_blocked, id=3764, stack(0x0000000056b00000,0x0000000056c00000)]
  0x00000000576d4000 JavaThread "C2 CompilerThread1" daemon [_thread_in_native, id=4448, stack(0x0000000057b20000,0x0000000057c20000)]
=>0x0000000054a6e800 JavaThread "C2 CompilerThread0" daemon [_thread_in_native, id=7868, stack(0x0000000057580000,0x0000000057680000)]
  0x0000000054a7c800 JavaThread "Attach Listener" daemon [_thread_blocked, id=2008, stack(0x0000000057330000,0x0000000057430000)]
  0x0000000054a7b000 JavaThread "Signal Dispatcher" daemon [_thread_blocked, id=7684, stack(0x00000000571d0000,0x00000000572d0000)]
  0x0000000054a11000 JavaThread "Finalizer" daemon [_thread_blocked, id=7040, stack(0x0000000057050000,0x0000000057150000)]
  0x0000000054a10000 JavaThread "Reference Handler" daemon [_thread_blocked, id=5132, stack(0x0000000056e10000,0x0000000056f10000)]
  0x00000000000ff000 JavaThread "main" [_thread_blocked, id=6948, stack(0x00000000024f0000,0x00000000025f0000)]

Other Threads:
  0x0000000054a0a800 VMThread [stack: 0x0000000056c00000,0x0000000056d00000] [id=7520]
  0x00000000576dd000 WatcherThread [stack: 0x0000000011ff0000,0x00000000120f0000] [id=4788]

VM state:not at safepoint (normal execution)

VM Mutex/Monitor currently owned by a thread: None

Heap:
 PSYoungGen      total 71680K, used 55345K [0x00000000eab00000, 0x00000000ef600000, 0x0000000100000000)
  eden space 66560K, 75% used [0x00000000eab00000,0x00000000edc14560,0x00000000eec00000)
  from space 5120K, 99% used [0x00000000ef100000,0x00000000ef5f8048,0x00000000ef600000)
  to   space 5120K, 0% used [0x00000000eec00000,0x00000000eec00000,0x00000000ef100000)
 ParOldGen       total 87552K, used 4342K [0x00000000c0000000, 0x00000000c5580000, 0x00000000eab00000)
  object space 87552K, 4% used [0x00000000c0000000,0x00000000c043dbf0,0x00000000c5580000)
 Metaspace       used 6294K, capacity 7152K, committed 7296K, reserved 1056768K
  class space    used 602K, capacity 616K, committed 640K, reserved 1048576K

Card table byte_map: [0x0000000011c80000,0x0000000011e90000] byte_map_base: 0x0000000011680000

Marking Bits: (ParMarkBitMap*) 0x00000000557da5b0
 Begin Bits: [0x0000000012680000, 0x0000000013680000)
 End Bits:   [0x0000000013680000, 0x0000000014680000)

Polling page: 0x0000000000350000

CodeCache: size=245760Kb used=8437Kb max_used=8437Kb free=237323Kb
 bounds [0x00000000028c0000, 0x0000000003110000, 0x00000000118c0000]
 total_blobs=2245 nmethods=1973 adapters=182
 compilation: enabled

Compilation events (10 events):
Event: 7.030 Thread 0x00000000576d5800 1985       3       java.lang.Character::forDigit (42 bytes)
Event: 7.030 Thread 0x00000000576d5800 nmethod 1985 0x00000000030d2ed0 code [0x00000000030d3040, 0x00000000030d32d0]
Event: 7.032 Thread 0x00000000576d5800 1986       3       sun.util.calendar.CalendarDate::setMinutes (20 bytes)
Event: 7.032 Thread 0x00000000576d5800 nmethod 1986 0x00000000030fbc50 code [0x00000000030fbda0, 0x00000000030fbf30]
Event: 7.032 Thread 0x00000000576d5800 1987       3       sun.util.calendar.CalendarDate::setSeconds (20 bytes)
Event: 7.032 Thread 0x00000000576d5800 nmethod 1987 0x00000000030fb910 code [0x00000000030fba60, 0x00000000030fbbf0]
Event: 7.032 Thread 0x00000000576d5800 1988       3       sun.util.calendar.CalendarDate::setMillis (20 bytes)
Event: 7.032 Thread 0x00000000576d5800 nmethod 1988 0x00000000030fb5d0 code [0x00000000030fb720, 0x00000000030fb8b0]
Event: 7.032 Thread 0x00000000576d5800 1989       3       java.util.TimeZone::getDefaultRef (32 bytes)
Event: 7.032 Thread 0x00000000576d5800 nmethod 1989 0x00000000030fb210 code [0x00000000030fb380, 0x00000000030fb548]

GC Heap History (4 events):
Event: 1.432 GC heap before
{Heap before GC invocations=1 (full 0):
 PSYoungGen      total 38400K, used 33280K [0x00000000eab00000, 0x00000000ed580000, 0x0000000100000000)
  eden space 33280K, 100% used [0x00000000eab00000,0x00000000ecb80000,0x00000000ecb80000)
  from space 5120K, 0% used [0x00000000ed080000,0x00000000ed080000,0x00000000ed580000)
  to   space 5120K, 0% used [0x00000000ecb80000,0x00000000ecb80000,0x00000000ed080000)
 ParOldGen       total 87552K, used 0K [0x00000000c0000000, 0x00000000c5580000, 0x00000000eab00000)
  object space 87552K, 0% used [0x00000000c0000000,0x00000000c0000000,0x00000000c5580000)
 Metaspace       used 5758K, capacity 6704K, committed 6784K, reserved 1056768K
  class space    used 595K, capacity 616K, committed 640K, reserved 1048576K
Event: 1.693 GC heap after
Heap after GC invocations=1 (full 0):
 PSYoungGen      total 38400K, used 5105K [0x00000000eab00000, 0x00000000ef600000, 0x0000000100000000)
  eden space 33280K, 0% used [0x00000000eab00000,0x00000000eab00000,0x00000000ecb80000)
  from space 5120K, 99% used [0x00000000ecb80000,0x00000000ed07c478,0x00000000ed080000)
  to   space 5120K, 0% used [0x00000000ef100000,0x00000000ef100000,0x00000000ef600000)
 ParOldGen       total 87552K, used 773K [0x00000000c0000000, 0x00000000c5580000, 0x00000000eab00000)
  object space 87552K, 0% used [0x00000000c0000000,0x00000000c00c1728,0x00000000c5580000)
 Metaspace       used 5758K, capacity 6704K, committed 6784K, reserved 1056768K
  class space    used 595K, capacity 616K, committed 640K, reserved 1048576K
}
Event: 3.996 GC heap before
{Heap before GC invocations=2 (full 0):
 PSYoungGen      total 38400K, used 38385K [0x00000000eab00000, 0x00000000ef600000, 0x0000000100000000)
  eden space 33280K, 100% used [0x00000000eab00000,0x00000000ecb80000,0x00000000ecb80000)
  from space 5120K, 99% used [0x00000000ecb80000,0x00000000ed07c478,0x00000000ed080000)
  to   space 5120K, 0% used [0x00000000ef100000,0x00000000ef100000,0x00000000ef600000)
 ParOldGen       total 87552K, used 773K [0x00000000c0000000, 0x00000000c5580000, 0x00000000eab00000)
  object space 87552K, 0% used [0x00000000c0000000,0x00000000c00c1728,0x00000000c5580000)
 Metaspace       used 6176K, capacity 7088K, committed 7296K, reserved 1056768K
  class space    used 601K, capacity 616K, committed 640K, reserved 1048576K
Event: 4.054 GC heap after
Heap after GC invocations=2 (full 0):
 PSYoungGen      total 71680K, used 5088K [0x00000000eab00000, 0x00000000ef600000, 0x0000000100000000)
  eden space 66560K, 0% used [0x00000000eab00000,0x00000000eab00000,0x00000000eec00000)
  from space 5120K, 99% used [0x00000000ef100000,0x00000000ef5f8048,0x00000000ef600000)
  to   space 5120K, 0% used [0x00000000eec00000,0x00000000eec00000,0x00000000ef100000)
 ParOldGen       total 87552K, used 4342K [0x00000000c0000000, 0x00000000c5580000, 0x00000000eab00000)
  object space 87552K, 4% used [0x00000000c0000000,0x00000000c043dbf0,0x00000000c5580000)
 Metaspace       used 6176K, capacity 7088K, committed 7296K, reserved 1056768K
  class space    used 601K, capacity 616K, committed 640K, reserved 1048576K
}

Deoptimization events (10 events):
Event: 5.639 Thread 0x000000005794c000 Uncommon trap: reason=bimorphic action=maybe_recompile pc=0x0000000002ec12f0 method=com.android.dx.ssa.SCCP.setLatticeValueTo(IILcom/android/dx/rop/cst/Constant;)Z @ 43
Event: 5.639 Thread 0x000000005794c000 Uncommon trap: reason=bimorphic action=maybe_recompile pc=0x0000000002ec12f0 method=com.android.dx.ssa.SCCP.setLatticeValueTo(IILcom/android/dx/rop/cst/Constant;)Z @ 43
Event: 5.639 Thread 0x000000005794c000 Uncommon trap: reason=bimorphic action=maybe_recompile pc=0x0000000002ec12f0 method=com.android.dx.ssa.SCCP.setLatticeValueTo(IILcom/android/dx/rop/cst/Constant;)Z @ 43
Event: 5.639 Thread 0x000000005794c000 Uncommon trap: reason=bimorphic action=maybe_recompile pc=0x0000000002ec12f0 method=com.android.dx.ssa.SCCP.setLatticeValueTo(IILcom/android/dx/rop/cst/Constant;)Z @ 43
Event: 7.010 Thread 0x000000005794c000 Uncommon trap: reason=bimorphic action=maybe_recompile pc=0x0000000002e30798 method=com.android.dx.cf.code.BytecodeArray.parseInstruction(ILcom/android/dx/cf/code/BytecodeArray$Visitor;)I @ 1357
Event: 7.010 Thread 0x000000005794c000 Uncommon trap: reason=bimorphic action=maybe_recompile pc=0x0000000002e30798 method=com.android.dx.cf.code.BytecodeArray.parseInstruction(ILcom/android/dx/cf/code/BytecodeArray$Visitor;)I @ 1357
Event: 7.011 Thread 0x000000005794c000 Uncommon trap: reason=bimorphic action=maybe_recompile pc=0x0000000002e30798 method=com.android.dx.cf.code.BytecodeArray.parseInstruction(ILcom/android/dx/cf/code/BytecodeArray$Visitor;)I @ 1357
Event: 7.011 Thread 0x000000005794c000 Uncommon trap: reason=bimorphic action=maybe_recompile pc=0x0000000002e30798 method=com.android.dx.cf.code.BytecodeArray.parseInstruction(ILcom/android/dx/cf/code/BytecodeArray$Visitor;)I @ 1357
Event: 7.013 Thread 0x000000005794c000 Uncommon trap: reason=bimorphic action=maybe_recompile pc=0x0000000002e9c2ac method=com.android.dx.ssa.SCCP.simulatePhi(Lcom/android/dx/ssa/PhiInsn;)V @ 124
Event: 7.032 Thread 0x000000005794c000 Uncommon trap: reason=unstable_if action=reinterpret pc=0x0000000002f8c0e0 method=com.android.dx.dex.code.OutputFinisher.hasLocalInfo(Lcom/android/dx/dex/code/DalvInsn;)Z @ 24

Internal exceptions (3 events):
Event: 0.155 Thread 0x00000000000ff000 Exception <a 'java/lang/NoSuchMethodError': Method sun.misc.Unsafe.defineClass(Ljava/lang/String;[BII)Ljava/lang/Class; name or signature does not match> (0x00000000eab0d568) thrown at [C:\workspace\8-2-build-windows-amd64-cygwin\jdk8u65\4987\hotspot\src\sJv··ìÀ√?
Event: 0.155 Thread 0x00000000000ff000 Exception <a 'java/lang/NoSuchMethodError': Method sun.misc.Unsafe.prefetchRead(Ljava/lang/Object;J)V name or signature does not match> (0x00000000eab0d850) thrown at [C:\workspace\8-2-build-windows-amd64-cygwin\jdk8u65\4987\hotspot\src\share\vm\prims\jni.J^pã@
Event: 5.636 Thread 0x000000005794c000 Implicit null exception at 0x0000000002d91ef0 to 0x0000000002d94f91

Events (10 events):
Event: 7.011 Thread 0x000000005794c000 DEOPT UNPACKING pc=0x000000000290582a sp=0x000000005870e670 mode 2
Event: 7.011 Thread 0x000000005794c000 Uncommon trap: trap_request=0xffffffc6 fr.pc=0x0000000002e30798
Event: 7.011 Thread 0x000000005794c000 DEOPT PACKING pc=0x0000000002e30798 sp=0x000000005870e6f0
Event: 7.011 Thread 0x000000005794c000 DEOPT UNPACKING pc=0x000000000290582a sp=0x000000005870e670 mode 2
Event: 7.013 Thread 0x000000005794c000 Uncommon trap: trap_request=0xffffffc6 fr.pc=0x0000000002e9c2ac
Event: 7.013 Thread 0x000000005794c000 DEOPT PACKING pc=0x0000000002e9c2ac sp=0x000000005870ea70
Event: 7.013 Thread 0x000000005794c000 DEOPT UNPACKING pc=0x000000000290582a sp=0x000000005870ea08 mode 2
Event: 7.032 Thread 0x000000005794c000 Uncommon trap: trap_request=0xffffff65 fr.pc=0x0000000002f8c0e0
Event: 7.032 Thread 0x000000005794c000 DEOPT PACKING pc=0x0000000002f8c0e0 sp=0x000000005870ebf0
Event: 7.032 Thread 0x000000005794c000 DEOPT UNPACKING pc=0x000000000290582a sp=0x000000005870ea28 mode 2


Dynamic libraries:
0x000000013f720000 - 0x000000013f757000 	C:\Program Files\Java\jdk1.8.0_65\bin\java.exe
0x0000000077270000 - 0x000000007741a000 	C:\Windows\SYSTEM32\ntdll.dll
0x0000000077150000 - 0x000000007726f000 	C:\Windows\system32\kernel32.dll
0x000007fefd010000 - 0x000007fefd07a000 	C:\Windows\system32\KERNELBASE.dll
0x000007feff2c0000 - 0x000007feff39b000 	C:\Windows\system32\ADVAPI32.dll
0x000007fefda90000 - 0x000007fefdb2f000 	C:\Windows\system32\msvcrt.dll
0x000007fefd7f0000 - 0x000007fefd80f000 	C:\Windows\SYSTEM32\sechost.dll
0x000007fefd890000 - 0x000007fefd9bd000 	C:\Windows\system32\RPCRT4.dll
0x0000000077050000 - 0x000000007714a000 	C:\Windows\system32\USER32.dll
0x000007fefe0d0000 - 0x000007fefe137000 	C:\Windows\system32\GDI32.dll
0x000007fefd3b0000 - 0x000007fefd3be000 	C:\Windows\system32\LPK.dll
0x000007feff160000 - 0x000007feff22a000 	C:\Windows\system32\USP10.dll
0x000007fefb460000 - 0x000007fefb654000 	C:\Windows\WinSxS\amd64_microsoft.windows.common-controls_6595b64144ccf1df_6.0.7601.18837_none_fa3b1e3d17594757\COMCTL32.dll
0x000007fefd810000 - 0x000007fefd881000 	C:\Windows\system32\SHLWAPI.dll
0x000007fefda60000 - 0x000007fefda8e000 	C:\Windows\system32\IMM32.DLL
0x000007fefd6e0000 - 0x000007fefd7e9000 	C:\Windows\system32\MSCTF.dll
0x000007fefcf20000 - 0x000007fefcf60000 	C:\Windows\system32\nvinitx.dll
0x00000000659f0000 - 0x0000000065ac2000 	C:\Program Files\Java\jdk1.8.0_65\jre\bin\msvcr100.dll
0x0000000054fd0000 - 0x0000000055859000 	C:\Program Files\Java\jdk1.8.0_65\jre\bin\server\jvm.dll
0x000007fef65c0000 - 0x000007fef65c9000 	C:\Windows\system32\WSOCK32.dll
0x000007fefd3c0000 - 0x000007fefd40d000 	C:\Windows\system32\WS2_32.dll
0x000007feff230000 - 0x000007feff238000 	C:\Windows\system32\NSI.dll
0x000007fef9cf0000 - 0x000007fef9d2b000 	C:\Windows\system32\WINMM.dll
0x000007fefc030000 - 0x000007fefc03c000 	C:\Windows\system32\VERSION.dll
0x0000000077430000 - 0x0000000077437000 	C:\Windows\system32\PSAPI.DLL
0x0000000073a80000 - 0x0000000073a8f000 	C:\Program Files\Java\jdk1.8.0_65\jre\bin\verify.dll
0x00000000709d0000 - 0x00000000709f9000 	C:\Program Files\Java\jdk1.8.0_65\jre\bin\java.dll
0x000000006ff50000 - 0x000000006ff66000 	C:\Program Files\Java\jdk1.8.0_65\jre\bin\zip.dll
0x000007fefe3d0000 - 0x000007feff15a000 	C:\Windows\system32\SHELL32.dll
0x000007fefdb90000 - 0x000007fefdd93000 	C:\Windows\system32\ole32.dll
0x000007fefcff0000 - 0x000007fefcfff000 	C:\Windows\system32\profapi.dll

VM Arguments:
jvm_args: -Djava.awt.headless=true -Xmx1024M -Dfile.encoding=windows-1252 -Duser.country=US -Duser.language=en -Duser.variant 
java_command: com.android.dx.command.Main --dex --force-jumbo --num-threads=4 --multi-dex --output E:\Ohjelmat\Projects\Testi\app\build\intermediates\transforms\dex\debug\folders\1000\10\internal_impl-23.4.0_7c0b853170d9c38cd6e3f06f66cb894e0bd8fe98 E:\Ohjelmat\Projects\Testi\app\build\intermediates\exploded-aar\com.android.support\support-v4\23.4.0\jars\libs\internal_impl-23.4.0.jar
java_class_path (initial): E:\Ohjelmat\AndroidSDK2\build-tools\23.0.3\lib\dx.jar
Launcher Type: SUN_STANDARD

Environment Variables:



---------------  S Y S T E M  ---------------

OS: Windows 7 , 64 bit Build 7601 (6.1.7601.23418)

CPU:total 4 (4 cores per cpu, 1 threads per core) family 6 model 58 stepping 9, cmov, cx8, fxsr, mmx, sse, sse2, sse3, ssse3, sse4.1, sse4.2, popcnt, avx, aes, clmul, erms, tsc, tscinvbit, tscinv

Memory: 4k page, physical 8281492k(1028708k free), swap 8803920k(5120k free)

vm_info: Java HotSpot(TM) 64-Bit Server VM (25.65-b01) for windows-amd64 JRE (1.8.0_65-b17), built on Oct  6 2015 16:39:20 by "java_re" with MS VC++ 10.0 (VS2010)

time: Sun Jun 05 15:31:08 2016
elapsed time: 7 seconds (0d 0h 0m 7s)

