#
# There is insufficient memory for the Java Runtime Environment to continue.
# Native memory allocation (malloc) failed to allocate 32744 bytes for ChunkPool::allocate
# Possible reasons:
#   The system is out of physical RAM or swap space
#   In 32 bit mode, the process size limit was hit
# Possible solutions:
#   Reduce memory load on the system
#   Increase physical memory or swap space
#   Check if swap backing store is full
#   Use 64 bit Java on a 64 bit OS
#   Decrease Java heap size (-Xmx/-Xms)
#   Decrease number of Java threads
#   Decrease Java thread stack sizes (-Xss)
#   Set larger code cache with -XX:ReservedCodeCacheSize=
# This output file may be truncated or incomplete.
#
#  Out of Memory Error (allocation.cpp:273), pid=4272, tid=7352
#
# JRE version: Java(TM) SE Runtime Environment (8.0_65-b17) (build 1.8.0_65-b17)
# Java VM: Java HotSpot(TM) 64-Bit Server VM (25.65-b01 mixed mode windows-amd64 compressed oops)
# Failed to write core dump. Minidumps are not enabled by default on client versions of Windows
#

---------------  T H R E A D  ---------------

Current thread (0x0000000055202800):  JavaThread "C2 CompilerThread1" daemon [_thread_in_native, id=7352, stack(0x0000000056be0000,0x0000000056ce0000)]

Stack: [0x0000000056be0000,0x0000000056ce0000]
[error occurred during error reporting (printing stack bounds), id 0xc0000005]

Native frames: (J=compiled Java code, j=interpreted, Vv=VM code, C=native code)


Current CompileTask:
C2:   3010 1404       4       com.android.dx.ssa.SsaConverter::placePhiFunctions (394 bytes)


---------------  P R O C E S S  ---------------

Java Threads: ( => current thread )
  0x00000000570fc800 JavaThread "pool-2-thread-4" [_thread_blocked, id=4700, stack(0x0000000058330000,0x0000000058430000)]
  0x0000000057117800 JavaThread "pool-2-thread-3" [_thread_blocked, id=7088, stack(0x0000000057ee0000,0x0000000057fe0000)]
  0x0000000057116800 JavaThread "pool-2-thread-2" [_thread_blocked, id=3768, stack(0x0000000058150000,0x0000000058250000)]
  0x00000000575a0800 JavaThread "pool-3-thread-1" [_thread_blocked, id=7104, stack(0x0000000058050000,0x0000000058150000)]
  0x00000000570df800 JavaThread "pool-2-thread-1" [_thread_blocked, id=5208, stack(0x0000000057dc0000,0x0000000057ec0000)]
  0x0000000055209000 JavaThread "Service Thread" daemon [_thread_blocked, id=6000, stack(0x00000000572a0000,0x00000000573a0000)]
  0x0000000055203800 JavaThread "C1 CompilerThread2" daemon [_thread_in_native, id=7812, stack(0x0000000056d40000,0x0000000056e40000)]
=>0x0000000055202800 JavaThread "C2 CompilerThread1" daemon [_thread_in_native, id=7352, stack(0x0000000056be0000,0x0000000056ce0000)]
  0x00000000551ff000 JavaThread "C2 CompilerThread0" daemon [_thread_in_native, id=5956, stack(0x0000000056ae0000,0x0000000056be0000)]
  0x000000005520c800 JavaThread "Attach Listener" daemon [_thread_blocked, id=5080, stack(0x0000000056930000,0x0000000056a30000)]
  0x000000005520b000 JavaThread "Signal Dispatcher" daemon [_thread_blocked, id=3376, stack(0x0000000056710000,0x0000000056810000)]
  0x00000000551a1000 JavaThread "Finalizer" daemon [_thread_blocked, id=7092, stack(0x0000000056450000,0x0000000056550000)]
  0x00000000551a0000 JavaThread "Reference Handler" daemon [_thread_blocked, id=4544, stack(0x00000000565b0000,0x00000000566b0000)]
  0x000000000251f000 JavaThread "main" [_thread_blocked, id=6992, stack(0x0000000002660000,0x0000000002760000)]

Other Threads:
  0x000000005519a800 VMThread [stack: 0x00000000562f0000,0x00000000563f0000] [id=3240]
  0x0000000056ed7800 WatcherThread [stack: 0x0000000057490000,0x0000000057590000] [id=1744]

VM state:not at safepoint (normal execution)

VM Mutex/Monitor currently owned by a thread: None

Heap:
 PSYoungGen      total 138240K, used 11609K [0x00000000eab00000, 0x00000000f3700000, 0x0000000100000000)
  eden space 133120K, 4% used [0x00000000eab00000,0x00000000eb15d3c8,0x00000000f2d00000)
  from space 5120K, 99% used [0x00000000f3200000,0x00000000f36f9070,0x00000000f3700000)
  to   space 5120K, 0% used [0x00000000f2d00000,0x00000000f2d00000,0x00000000f3200000)
 ParOldGen       total 87552K, used 23003K [0x00000000c0000000, 0x00000000c5580000, 0x00000000eab00000)
  object space 87552K, 26% used [0x00000000c0000000,0x00000000c1676f70,0x00000000c5580000)
 Metaspace       used 6123K, capacity 7024K, committed 7296K, reserved 1056768K
  class space    used 602K, capacity 616K, committed 640K, reserved 1048576K

Card table byte_map: [0x0000000011df0000,0x0000000012000000] byte_map_base: 0x00000000117f0000

Marking Bits: (ParMarkBitMap*) 0x000000006564a5b0
 Begin Bits: [0x0000000012610000, 0x0000000013610000)
 End Bits:   [0x0000000013610000, 0x0000000014610000)

Polling page: 0x0000000000130000

CodeCache: size=245760Kb used=5329Kb max_used=5329Kb free=240430Kb
 bounds [0x0000000002a30000, 0x0000000002f70000, 0x0000000011a30000]
 total_blobs=1700 nmethods=1431 adapters=182
 compilation: enabled

Compilation events (10 events):
Event: 2.839 Thread 0x0000000055203800 1454       2       com.android.dx.rop.annotation.Annotations::size (8 bytes)
Event: 2.839 Thread 0x0000000055203800 nmethod 1454 0x0000000002f4ff10 code [0x0000000002f50060, 0x0000000002f501b0]
Event: 2.840 Thread 0x0000000055203800 1455       2       com.android.dx.cf.code.Simulator$SimVisitor::visitBranch (341 bytes)
Event: 2.840 Thread 0x0000000055203800 nmethod 1455 0x0000000002f668d0 code [0x0000000002f66b00, 0x0000000002f672a8]
Event: 2.840 Thread 0x0000000055203800 1458       2       com.android.dx.ssa.SsaConverter::edgeSplitPredecessors (44 bytes)
Event: 2.841 Thread 0x0000000055203800 nmethod 1458 0x0000000002f67950 code [0x0000000002f67b00, 0x0000000002f67ea8]
Event: 2.841 Thread 0x0000000055203800 1457       2       com.android.dx.rop.cst.TypedConstant::getFrameType (2 bytes)
Event: 2.841 Thread 0x0000000055203800 nmethod 1457 0x0000000002f68350 code [0x0000000002f684a0, 0x0000000002f685f0]
Event: 2.841 Thread 0x0000000055203800 1456       2       com.android.dx.cf.code.BaseMachine::auxTargetArg (6 bytes)
Event: 2.841 Thread 0x0000000055203800 nmethod 1456 0x0000000002f68690 code [0x0000000002f687e0, 0x0000000002f68930]

GC Heap History (8 events):
Event: 0.681 GC heap before
{Heap before GC invocations=1 (full 0):
 PSYoungGen      total 38400K, used 33280K [0x00000000eab00000, 0x00000000ed580000, 0x0000000100000000)
  eden space 33280K, 100% used [0x00000000eab00000,0x00000000ecb80000,0x00000000ecb80000)
  from space 5120K, 0% used [0x00000000ed080000,0x00000000ed080000,0x00000000ed580000)
  to   space 5120K, 0% used [0x00000000ecb80000,0x00000000ecb80000,0x00000000ed080000)
 ParOldGen       total 87552K, used 0K [0x00000000c0000000, 0x00000000c5580000, 0x00000000eab00000)
  object space 87552K, 0% used [0x00000000c0000000,0x00000000c0000000,0x00000000c5580000)
 Metaspace       used 5782K, capacity 6768K, committed 7040K, reserved 1056768K
  class space    used 600K, capacity 616K, committed 640K, reserved 1048576K
Event: 0.757 GC heap after
Heap after GC invocations=1 (full 0):
 PSYoungGen      total 38400K, used 5106K [0x00000000eab00000, 0x00000000ef600000, 0x0000000100000000)
  eden space 33280K, 0% used [0x00000000eab00000,0x00000000eab00000,0x00000000ecb80000)
  from space 5120K, 99% used [0x00000000ecb80000,0x00000000ed07c930,0x00000000ed080000)
  to   space 5120K, 0% used [0x00000000ef100000,0x00000000ef100000,0x00000000ef600000)
 ParOldGen       total 87552K, used 111K [0x00000000c0000000, 0x00000000c5580000, 0x00000000eab00000)
  object space 87552K, 0% used [0x00000000c0000000,0x00000000c001be08,0x00000000c5580000)
 Metaspace       used 5782K, capacity 6768K, committed 7040K, reserved 1056768K
  class space    used 600K, capacity 616K, committed 640K, reserved 1048576K
}
Event: 1.292 GC heap before
{Heap before GC invocations=2 (full 0):
 PSYoungGen      total 38400K, used 38386K [0x00000000eab00000, 0x00000000ef600000, 0x0000000100000000)
  eden space 33280K, 100% used [0x00000000eab00000,0x00000000ecb80000,0x00000000ecb80000)
  from space 5120K, 99% used [0x00000000ecb80000,0x00000000ed07c930,0x00000000ed080000)
  to   space 5120K, 0% used [0x00000000ef100000,0x00000000ef100000,0x00000000ef600000)
 ParOldGen       total 87552K, used 111K [0x00000000c0000000, 0x00000000c5580000, 0x00000000eab00000)
  object space 87552K, 0% used [0x00000000c0000000,0x00000000c001be08,0x00000000c5580000)
 Metaspace       used 5981K, capacity 6896K, committed 7040K, reserved 1056768K
  class space    used 601K, capacity 616K, committed 640K, reserved 1048576K
Event: 1.388 GC heap after
Heap after GC invocations=2 (full 0):
 PSYoungGen      total 71680K, used 5105K [0x00000000eab00000, 0x00000000ef600000, 0x0000000100000000)
  eden space 66560K, 0% used [0x00000000eab00000,0x00000000eab00000,0x00000000eec00000)
  from space 5120K, 99% used [0x00000000ef100000,0x00000000ef5fc5c0,0x00000000ef600000)
  to   space 5120K, 0% used [0x00000000eec00000,0x00000000eec00000,0x00000000ef100000)
 ParOldGen       total 87552K, used 3550K [0x00000000c0000000, 0x00000000c5580000, 0x00000000eab00000)
  object space 87552K, 4% used [0x00000000c0000000,0x00000000c0377a90,0x00000000c5580000)
 Metaspace       used 5981K, capacity 6896K, committed 7040K, reserved 1056768K
  class space    used 601K, capacity 616K, committed 640K, reserved 1048576K
}
Event: 1.868 GC heap before
{Heap before GC invocations=3 (full 0):
 PSYoungGen      total 71680K, used 71665K [0x00000000eab00000, 0x00000000ef600000, 0x0000000100000000)
  eden space 66560K, 100% used [0x00000000eab00000,0x00000000eec00000,0x00000000eec00000)
  from space 5120K, 99% used [0x00000000ef100000,0x00000000ef5fc5c0,0x00000000ef600000)
  to   space 5120K, 0% used [0x00000000eec00000,0x00000000eec00000,0x00000000ef100000)
 ParOldGen       total 87552K, used 3550K [0x00000000c0000000, 0x00000000c5580000, 0x00000000eab00000)
  object space 87552K, 4% used [0x00000000c0000000,0x00000000c0377a90,0x00000000c5580000)
 Metaspace       used 6016K, capacity 6960K, committed 7040K, reserved 1056768K
  class space    used 602K, capacity 616K, committed 640K, reserved 1048576K
Event: 2.025 GC heap after
Heap after GC invocations=3 (full 0):
 PSYoungGen      total 71680K, used 5092K [0x00000000eab00000, 0x00000000f3700000, 0x0000000100000000)
  eden space 66560K, 0% used [0x00000000eab00000,0x00000000eab00000,0x00000000eec00000)
  from space 5120K, 99% used [0x00000000eec00000,0x00000000ef0f9070,0x00000000ef100000)
  to   space 5120K, 0% used [0x00000000f3200000,0x00000000f3200000,0x00000000f3700000)
 ParOldGen       total 87552K, used 12794K [0x00000000c0000000, 0x00000000c5580000, 0x00000000eab00000)
  object space 87552K, 14% used [0x00000000c0000000,0x00000000c0c7e9c0,0x00000000c5580000)
 Metaspace       used 6016K, capacity 6960K, committed 7040K, reserved 1056768K
  class space    used 602K, capacity 616K, committed 640K, reserved 1048576K
}
Event: 2.277 GC heap before
{Heap before GC invocations=4 (full 0):
 PSYoungGen      total 71680K, used 71652K [0x00000000eab00000, 0x00000000f3700000, 0x0000000100000000)
  eden space 66560K, 100% used [0x00000000eab00000,0x00000000eec00000,0x00000000eec00000)
  from space 5120K, 99% used [0x00000000eec00000,0x00000000ef0f9070,0x00000000ef100000)
  to   space 5120K, 0% used [0x00000000f3200000,0x00000000f3200000,0x00000000f3700000)
 ParOldGen       total 87552K, used 12794K [0x00000000c0000000, 0x00000000c5580000, 0x00000000eab00000)
  object space 87552K, 14% used [0x00000000c0000000,0x00000000c0c7e9c0,0x00000000c5580000)
 Metaspace       used 6017K, capacity 6960K, committed 7040K, reserved 1056768K
  class space    used 602K, capacity 616K, committed 640K, reserved 1048576K
Event: 2.514 GC heap after
Heap after GC invocations=4 (full 0):
 PSYoungGen      total 138240K, used 5092K [0x00000000eab00000, 0x00000000f3700000, 0x0000000100000000)
  eden space 133120K, 0% used [0x00000000eab00000,0x00000000eab00000,0x00000000f2d00000)
  from space 5120K, 99% used [0x00000000f3200000,0x00000000f36f9070,0x00000000f3700000)
  to   space 5120K, 0% used [0x00000000f2d00000,0x00000000f2d00000,0x00000000f3200000)
 ParOldGen       total 87552K, used 23003K [0x00000000c0000000, 0x00000000c5580000, 0x00000000eab00000)
  object space 87552K, 26% used [0x00000000c0000000,0x00000000c1676f70,0x00000000c5580000)
 Metaspace       used 6017K, capacity 6960K, committed 7040K, reserved 1056768K
  class space    used 602K, capacity 616K, committed 640K, reserved 1048576K
}

Deoptimization events (10 events):
Event: 1.213 Thread 0x000000000251f000 Uncommon trap: reason=bimorphic action=maybe_recompile pc=0x0000000002d3c0d0 method=java.util.HashMap.getNode(ILjava/lang/Object;)Ljava/util/HashMap$Node; @ 126
Event: 1.825 Thread 0x00000000570fc800 Uncommon trap: reason=bimorphic action=maybe_recompile pc=0x0000000002e826a0 method=com.android.dx.cf.code.BytecodeArray.parseInstruction(ILcom/android/dx/cf/code/BytecodeArray$Visitor;)I @ 1501
Event: 1.826 Thread 0x00000000570fc800 Uncommon trap: reason=bimorphic action=maybe_recompile pc=0x0000000002e826a0 method=com.android.dx.cf.code.BytecodeArray.parseInstruction(ILcom/android/dx/cf/code/BytecodeArray$Visitor;)I @ 1501
Event: 2.077 Thread 0x000000000251f000 Uncommon trap: reason=bimorphic action=maybe_recompile pc=0x0000000002e83570 method=com.android.dx.cf.code.BytecodeArray.parseInstruction(ILcom/android/dx/cf/code/BytecodeArray$Visitor;)I @ 1130
Event: 2.077 Thread 0x000000000251f000 Uncommon trap: reason=bimorphic action=maybe_recompile pc=0x0000000002e83570 method=com.android.dx.cf.code.BytecodeArray.parseInstruction(ILcom/android/dx/cf/code/BytecodeArray$Visitor;)I @ 1130
Event: 2.201 Thread 0x0000000057117800 Uncommon trap: reason=unstable_if action=reinterpret pc=0x0000000002e34458 method=com.android.dx.ssa.SCCP.simulateStmt(Lcom/android/dx/ssa/SsaInsn;)V @ 53
Event: 2.205 Thread 0x0000000057117800 Uncommon trap: reason=unstable_if action=reinterpret pc=0x0000000002ea0d8c method=com.android.dx.ssa.SCCP.simulateBranch(Lcom/android/dx/ssa/SsaInsn;)V @ 64
Event: 2.207 Thread 0x0000000057117800 Uncommon trap: reason=class_check action=maybe_recompile pc=0x0000000002e1a6a4 method=java.util.HashMap.putVal(ILjava/lang/Object;Ljava/lang/Object;ZZ)Ljava/lang/Object; @ 203
Event: 2.542 Thread 0x00000000570df800 Uncommon trap: reason=unstable_if action=reinterpret pc=0x0000000002e20010 method=com.android.dx.ssa.LiteralOpUpgrader$1.visitNonMoveInsn(Lcom/android/dx/ssa/NormalSsaInsn;)V @ 55
Event: 2.543 Thread 0x00000000570df800 Uncommon trap: reason=unstable_if action=reinterpret pc=0x0000000002d8b6cc method=com.android.dx.ssa.SsaMethod.updateOneDefinition(Lcom/android/dx/ssa/SsaInsn;Lcom/android/dx/rop/code/RegisterSpec;)V @ 4

Internal exceptions (3 events):
Event: 0.036 Thread 0x000000000251f000 Exception <a 'java/lang/NoSuchMethodError': Method sun.misc.Unsafe.defineClass(Ljava/lang/String;[BII)Ljava/lang/Class; name or signature does not match> (0x00000000eab0d568) thrown at [C:\workspace\8-2-build-windows-amd64-cygwin\jdk8u65\4987\hotspot\src\sQÐË…;v¢?
Event: 0.036 Thread 0x000000000251f000 Exception <a 'java/lang/NoSuchMethodError': Method sun.misc.Unsafe.prefetchRead(Ljava/lang/Object;J)V name or signature does not match> (0x00000000eab0d850) thrown at [C:\workspace\8-2-build-windows-amd64-cygwin\jdk8u65\4987\hotspot\src\share\vm\prims\jni.–±ª¦iqñ?
Event: 1.090 Thread 0x000000000251f000 Implicit null exception at 0x0000000002c8a9fe to 0x0000000002c8c165

Events (10 events):
Event: 2.272 Executing VM operation: ParallelGCFailedAllocation
Event: 2.514 Executing VM operation: ParallelGCFailedAllocation done
Event: 2.542 Thread 0x00000000570df800 Uncommon trap: trap_request=0xffffff65 fr.pc=0x0000000002e20010
Event: 2.542 Thread 0x00000000570df800 DEOPT PACKING pc=0x0000000002e20010 sp=0x0000000057ebea90
Event: 2.542 Thread 0x00000000570df800 DEOPT UNPACKING pc=0x0000000002a7582a sp=0x0000000057ebea80 mode 2
Event: 2.543 loading class com/android/dx/rop/code/RegOps
Event: 2.543 loading class com/android/dx/rop/code/RegOps done
Event: 2.543 Thread 0x00000000570df800 Uncommon trap: trap_request=0xffffff65 fr.pc=0x0000000002d8b6cc
Event: 2.543 Thread 0x00000000570df800 DEOPT PACKING pc=0x0000000002d8b6cc sp=0x0000000057ebe8e0
Event: 2.543 Thread 0x00000000570df800 DEOPT UNPACKING pc=0x0000000002a7582a sp=0x0000000057ebe888 mode 2


Dynamic libraries:
0x000000013fd10000 - 0x000000013fd47000 	C:\Program Files\Java\jdk1.8.0_65\bin\java.exe
0x0000000077270000 - 0x000000007741a000 	C:\Windows\SYSTEM32\ntdll.dll
0x0000000077150000 - 0x000000007726f000 	C:\Windows\system32\kernel32.dll
0x000007fefd010000 - 0x000007fefd07a000 	C:\Windows\system32\KERNELBASE.dll
0x000007feff2c0000 - 0x000007feff39b000 	C:\Windows\system32\ADVAPI32.dll
0x000007fefda90000 - 0x000007fefdb2f000 	C:\Windows\system32\msvcrt.dll
0x000007fefd7f0000 - 0x000007fefd80f000 	C:\Windows\SYSTEM32\sechost.dll
0x000007fefd890000 - 0x000007fefd9bd000 	C:\Windows\system32\RPCRT4.dll
0x0000000077050000 - 0x000000007714a000 	C:\Windows\system32\USER32.dll
0x000007fefe0d0000 - 0x000007fefe137000 	C:\Windows\system32\GDI32.dll
0x000007fefd3b0000 - 0x000007fefd3be000 	C:\Windows\system32\LPK.dll
0x000007feff160000 - 0x000007feff22a000 	C:\Windows\system32\USP10.dll
0x000007fefb460000 - 0x000007fefb654000 	C:\Windows\WinSxS\amd64_microsoft.windows.common-controls_6595b64144ccf1df_6.0.7601.18837_none_fa3b1e3d17594757\COMCTL32.dll
0x000007fefd810000 - 0x000007fefd881000 	C:\Windows\system32\SHLWAPI.dll
0x000007fefda60000 - 0x000007fefda8e000 	C:\Windows\system32\IMM32.DLL
0x000007fefd6e0000 - 0x000007fefd7e9000 	C:\Windows\system32\MSCTF.dll
0x000007fefcf20000 - 0x000007fefcf60000 	C:\Windows\system32\nvinitx.dll
0x0000000064d60000 - 0x0000000064e32000 	C:\Program Files\Java\jdk1.8.0_65\jre\bin\msvcr100.dll
0x0000000064e40000 - 0x00000000656c9000 	C:\Program Files\Java\jdk1.8.0_65\jre\bin\server\jvm.dll
0x000007fef65c0000 - 0x000007fef65c9000 	C:\Windows\system32\WSOCK32.dll
0x000007fefd3c0000 - 0x000007fefd40d000 	C:\Windows\system32\WS2_32.dll
0x000007feff230000 - 0x000007feff238000 	C:\Windows\system32\NSI.dll
0x000007fef9cf0000 - 0x000007fef9d2b000 	C:\Windows\system32\WINMM.dll
0x000007fefc030000 - 0x000007fefc03c000 	C:\Windows\system32\VERSION.dll
0x0000000077430000 - 0x0000000077437000 	C:\Windows\system32\PSAPI.DLL
0x0000000073b40000 - 0x0000000073b4f000 	C:\Program Files\Java\jdk1.8.0_65\jre\bin\verify.dll
0x0000000068860000 - 0x0000000068889000 	C:\Program Files\Java\jdk1.8.0_65\jre\bin\java.dll
0x0000000072d70000 - 0x0000000072d86000 	C:\Program Files\Java\jdk1.8.0_65\jre\bin\zip.dll
0x000007fefe3d0000 - 0x000007feff15a000 	C:\Windows\system32\SHELL32.dll
0x000007fefdb90000 - 0x000007fefdd93000 	C:\Windows\system32\ole32.dll
0x000007fefcff0000 - 0x000007fefcfff000 	C:\Windows\system32\profapi.dll

VM Arguments:
jvm_args: -Djava.awt.headless=true -Xmx1024M -Dfile.encoding=windows-1252 -Duser.country=US -Duser.language=en -Duser.variant 
java_command: com.android.dx.command.Main --dex --force-jumbo --num-threads=4 --multi-dex --output E:\Ohjelmat\Projects\Testi\app\build\intermediates\transforms\dex\debug\folders\1000\10\com.android.support-support-v4-23.4.0_51961ff19a69f6fc402880939aa8426114ae60db E:\Ohjelmat\Projects\Testi\app\build\intermediates\exploded-aar\com.android.support\support-v4\23.4.0\jars\classes.jar
java_class_path (initial): E:\Ohjelmat\AndroidSDK2\build-tools\23.0.3\lib\dx.jar
Launcher Type: SUN_STANDARD

Environment Variables:
PATH=C:\ProgramData\Oracle\Java\javapath;C:\Program Files\Common Files\Microsoft Shared\Windows Live;C:\Program Files (x86)\Common Files\Microsoft Shared\Windows Live;C:\Program Files (x86)\NVIDIA Corporation\PhysX\Common;C:\Windows\system32;C:\Windows;C:\Windows\System32\Wbem;C:\Windows\System32\WindowsPowerShell\v1.0\;C:\Program Files (x86)\Windows Live\Shared;E:\Ohjelmat\Matlab\runtime\win64;E:\Ohjelmat\Matlab\bin;E:\Ohjelmat\Matlab\polyspace\bin;E:\Ohjelmat\MCR\v717\runtime\win64;E:\Ohjelmat\Singular\Surfer\bin;C:\Program Files\Java\jre1.8.0_73\bin;
USERNAME=Harkonen
OS=Windows_NT
PROCESSOR_IDENTIFIER=Intel64 Family 6 Model 58 Stepping 9, GenuineIntel



---------------  S Y S T E M  ---------------

OS: Windows 7 , 64 bit Build 7601 (6.1.7601.23418)

CPU:total 4 (4 cores per cpu, 1 threads per core) family 6 model 58 stepping 9, cmov, cx8, fxsr, mmx, sse, sse2, sse3, ssse3, sse4.1, sse4.2, popcnt, avx, aes, clmul, erms, tsc, tscinvbit, tscinv

Memory: 4k page, physical 8281492k(1035704k free), swap 8803920k(4192k free)

vm_info: Java HotSpot(TM) 64-Bit Server VM (25.65-b01) for windows-amd64 JRE (1.8.0_65-b17), built on Oct  6 2015 16:39:20 by "java_re" with MS VC++ 10.0 (VS2010)

time: Sun Jun 05 14:54:35 2016
elapsed time: 3 seconds (0d 0h 0m 3s)

