#
# There is insufficient memory for the Java Runtime Environment to continue.
# Native memory allocation (malloc) failed to allocate 970576 bytes for Chunk::new
# Possible reasons:
#   The system is out of physical RAM or swap space
#   In 32 bit mode, the process size limit was hit
# Possible solutions:
#   Reduce memory load on the system
#   Increase physical memory or swap space
#   Check if swap backing store is full
#   Use 64 bit Java on a 64 bit OS
#   Decrease Java heap size (-Xmx/-Xms)
#   Decrease number of Java threads
#   Decrease Java thread stack sizes (-Xss)
#   Set larger code cache with -XX:ReservedCodeCacheSize=
# This output file may be truncated or incomplete.
#
#  Out of Memory Error (allocation.cpp:390), pid=1312, tid=5332
#
# JRE version: Java(TM) SE Runtime Environment (8.0_65-b17) (build 1.8.0_65-b17)
# Java VM: Java HotSpot(TM) 64-Bit Server VM (25.65-b01 mixed mode windows-amd64 compressed oops)
# Failed to write core dump. Minidumps are not enabled by default on client versions of Windows
#

---------------  T H R E A D  ---------------

Current thread (0x0000000055a57000):  JavaThread "C2 CompilerThread1" daemon [_thread_in_native, id=5332, stack(0x0000000057420000,0x0000000057520000)]

Stack: [0x0000000057420000,0x0000000057520000]
[error occurred during error reporting (printing stack bounds), id 0xc0000005]

Native frames: (J=compiled Java code, j=interpreted, Vv=VM code, C=native code)


Current CompileTask:
C2:   6655 2032   !   4       com.android.dx.cf.code.RopperMachine::run (1550 bytes)


---------------  P R O C E S S  ---------------

Java Threads: ( => current thread )
  0x000000005793e000 JavaThread "pool-2-thread-4" [_thread_blocked, id=3276, stack(0x0000000058bd0000,0x0000000058cd0000)]
  0x0000000057940800 JavaThread "pool-2-thread-3" [_thread_blocked, id=5740, stack(0x0000000058a20000,0x0000000058b20000)]
  0x0000000057921000 JavaThread "pool-2-thread-2" [_thread_blocked, id=3688, stack(0x0000000058770000,0x0000000058870000)]
  0x000000005798f000 JavaThread "pool-3-thread-1" [_thread_blocked, id=4588, stack(0x00000000584c0000,0x00000000585c0000)]
  0x0000000057994800 JavaThread "pool-2-thread-1" [_thread_blocked, id=7664, stack(0x00000000585f0000,0x00000000586f0000)]
  0x0000000057683800 JavaThread "Service Thread" daemon [_thread_blocked, id=5952, stack(0x0000000057300000,0x0000000057400000)]
  0x0000000055a58800 JavaThread "C1 CompilerThread2" daemon [_thread_blocked, id=4740, stack(0x0000000057580000,0x0000000057680000)]
=>0x0000000055a57000 JavaThread "C2 CompilerThread1" daemon [_thread_in_native, id=5332, stack(0x0000000057420000,0x0000000057520000)]
  0x0000000055a4f800 JavaThread "C2 CompilerThread0" daemon [_thread_in_native, id=5516, stack(0x00000000571e0000,0x00000000572e0000)]
  0x0000000055a5d000 JavaThread "Attach Listener" daemon [_thread_blocked, id=5796, stack(0x0000000056fe0000,0x00000000570e0000)]
  0x0000000055a5b800 JavaThread "Signal Dispatcher" daemon [_thread_blocked, id=1888, stack(0x0000000056ba0000,0x0000000056ca0000)]
  0x00000000559f7000 JavaThread "Finalizer" daemon [_thread_blocked, id=5532, stack(0x0000000056ea0000,0x0000000056fa0000)]
  0x00000000559f0000 JavaThread "Reference Handler" daemon [_thread_blocked, id=5900, stack(0x0000000056cd0000,0x0000000056dd0000)]
  0x000000000220f000 JavaThread "main" [_thread_blocked, id=2440, stack(0x0000000002510000,0x0000000002610000)]

Other Threads:
  0x00000000559ea800 VMThread [stack: 0x0000000056a30000,0x0000000056b30000] [id=1856]
  0x00000000576f2000 WatcherThread [stack: 0x0000000057b10000,0x0000000057c10000] [id=7464]

VM state:not at safepoint (normal execution)

VM Mutex/Monitor currently owned by a thread: None

Heap:
 PSYoungGen      total 71680K, used 34949K [0x00000000eab00000, 0x00000000f3700000, 0x0000000100000000)
  eden space 66560K, 44% used [0x00000000eab00000,0x00000000ec825100,0x00000000eec00000)
  from space 5120K, 99% used [0x00000000eec00000,0x00000000ef0fc5c0,0x00000000ef100000)
  to   space 5120K, 0% used [0x00000000f3200000,0x00000000f3200000,0x00000000f3700000)
 ParOldGen       total 87552K, used 12407K [0x00000000c0000000, 0x00000000c5580000, 0x00000000eab00000)
  object space 87552K, 14% used [0x00000000c0000000,0x00000000c0c1df28,0x00000000c5580000)
 Metaspace       used 6289K, capacity 7152K, committed 7296K, reserved 1056768K
  class space    used 602K, capacity 616K, committed 640K, reserved 1048576K

Card table byte_map: [0x0000000011ca0000,0x0000000011eb0000] byte_map_base: 0x00000000116a0000

Marking Bits: (ParMarkBitMap*) 0x00000000557da5b0
 Begin Bits: [0x0000000012560000, 0x0000000013560000)
 End Bits:   [0x0000000013560000, 0x0000000014560000)

Polling page: 0x0000000001c70000

CodeCache: size=245760Kb used=8690Kb max_used=8690Kb free=237069Kb
 bounds [0x00000000028e0000, 0x0000000003170000, 0x00000000118e0000]
 total_blobs=2277 nmethods=2008 adapters=182
 compilation: enabled

Compilation events (10 events):
Event: 6.644 Thread 0x0000000055a58800 nmethod 2036 0x00000000031245d0 code [0x0000000003124720, 0x0000000003124870]
Event: 6.644 Thread 0x0000000055a58800 2037       3       com.android.dx.dex.code.RopTranslator$LocalVariableAwareTranslationVisitor::visitThrowingInsn (11 bytes)
Event: 6.645 Thread 0x0000000055a58800 nmethod 2037 0x000000000312f4d0 code [0x000000000312f6e0, 0x0000000003130218]
Event: 6.645 Thread 0x0000000055a58800 2038       3       com.android.dx.dex.code.RopTranslator$TranslationVisitor::visitThrowingInsn (118 bytes)
Event: 6.645 Thread 0x0000000055a4f800 2040       4       com.android.dx.ssa.DomFront::calcDomFronts (154 bytes)
Event: 6.645 Thread 0x0000000055a58800 nmethod 2038 0x0000000003159750 code [0x0000000003159a60, 0x000000000315b328]
Event: 6.645 Thread 0x0000000055a58800 2039       3       java.util.Vector::<init> (49 bytes)
Event: 6.646 Thread 0x0000000055a58800 nmethod 2039 0x0000000003164590 code [0x0000000003164780, 0x0000000003165158]
Event: 6.649 Thread 0x0000000055a58800 2041       3       com.android.dx.rop.cst.CstString::equals (24 bytes)
Event: 6.649 Thread 0x0000000055a58800 nmethod 2041 0x0000000003134310 code [0x0000000003134480, 0x00000000031348a8]

GC Heap History (6 events):
Event: 0.505 GC heap before
{Heap before GC invocations=1 (full 0):
 PSYoungGen      total 38400K, used 33280K [0x00000000eab00000, 0x00000000ed580000, 0x0000000100000000)
  eden space 33280K, 100% used [0x00000000eab00000,0x00000000ecb80000,0x00000000ecb80000)
  from space 5120K, 0% used [0x00000000ed080000,0x00000000ed080000,0x00000000ed580000)
  to   space 5120K, 0% used [0x00000000ecb80000,0x00000000ecb80000,0x00000000ed080000)
 ParOldGen       total 87552K, used 0K [0x00000000c0000000, 0x00000000c5580000, 0x00000000eab00000)
  object space 87552K, 0% used [0x00000000c0000000,0x00000000c0000000,0x00000000c5580000)
 Metaspace       used 5813K, capacity 6768K, committed 7040K, reserved 1056768K
  class space    used 599K, capacity 616K, committed 640K, reserved 1048576K
Event: 0.618 GC heap after
Heap after GC invocations=1 (full 0):
 PSYoungGen      total 38400K, used 5095K [0x00000000eab00000, 0x00000000ef600000, 0x0000000100000000)
  eden space 33280K, 0% used [0x00000000eab00000,0x00000000eab00000,0x00000000ecb80000)
  from space 5120K, 99% used [0x00000000ecb80000,0x00000000ed079d78,0x00000000ed080000)
  to   space 5120K, 0% used [0x00000000ef100000,0x00000000ef100000,0x00000000ef600000)
 ParOldGen       total 87552K, used 8K [0x00000000c0000000, 0x00000000c5580000, 0x00000000eab00000)
  object space 87552K, 0% used [0x00000000c0000000,0x00000000c0002000,0x00000000c5580000)
 Metaspace       used 5813K, capacity 6768K, committed 7040K, reserved 1056768K
  class space    used 599K, capacity 616K, committed 640K, reserved 1048576K
}
Event: 1.449 GC heap before
{Heap before GC invocations=2 (full 0):
 PSYoungGen      total 38400K, used 38375K [0x00000000eab00000, 0x00000000ef600000, 0x0000000100000000)
  eden space 33280K, 100% used [0x00000000eab00000,0x00000000ecb80000,0x00000000ecb80000)
  from space 5120K, 99% used [0x00000000ecb80000,0x00000000ed079d78,0x00000000ed080000)
  to   space 5120K, 0% used [0x00000000ef100000,0x00000000ef100000,0x00000000ef600000)
 ParOldGen       total 87552K, used 8K [0x00000000c0000000, 0x00000000c5580000, 0x00000000eab00000)
  object space 87552K, 0% used [0x00000000c0000000,0x00000000c0002000,0x00000000c5580000)
 Metaspace       used 6007K, capacity 6960K, committed 7040K, reserved 1056768K
  class space    used 601K, capacity 616K, committed 640K, reserved 1048576K
Event: 1.865 GC heap after
Heap after GC invocations=2 (full 0):
 PSYoungGen      total 71680K, used 5119K [0x00000000eab00000, 0x00000000ef600000, 0x0000000100000000)
  eden space 66560K, 0% used [0x00000000eab00000,0x00000000eab00000,0x00000000eec00000)
  from space 5120K, 99% used [0x00000000ef100000,0x00000000ef5ffe50,0x00000000ef600000)
  to   space 5120K, 0% used [0x00000000eec00000,0x00000000eec00000,0x00000000ef100000)
 ParOldGen       total 87552K, used 3092K [0x00000000c0000000, 0x00000000c5580000, 0x00000000eab00000)
  object space 87552K, 3% used [0x00000000c0000000,0x00000000c0305288,0x00000000c5580000)
 Metaspace       used 6007K, capacity 6960K, committed 7040K, reserved 1056768K
  class space    used 601K, capacity 616K, committed 640K, reserved 1048576K
}
Event: 5.394 GC heap before
{Heap before GC invocations=3 (full 0):
 PSYoungGen      total 71680K, used 71679K [0x00000000eab00000, 0x00000000ef600000, 0x0000000100000000)
  eden space 66560K, 100% used [0x00000000eab00000,0x00000000eec00000,0x00000000eec00000)
  from space 5120K, 99% used [0x00000000ef100000,0x00000000ef5ffe50,0x00000000ef600000)
  to   space 5120K, 0% used [0x00000000eec00000,0x00000000eec00000,0x00000000ef100000)
 ParOldGen       total 87552K, used 3092K [0x00000000c0000000, 0x00000000c5580000, 0x00000000eab00000)
  object space 87552K, 3% used [0x00000000c0000000,0x00000000c0305288,0x00000000c5580000)
 Metaspace       used 6240K, capacity 7152K, committed 7296K, reserved 1056768K
  class space    used 602K, capacity 616K, committed 640K, reserved 1048576K
Event: 5.668 GC heap after
Heap after GC invocations=3 (full 0):
 PSYoungGen      total 71680K, used 5105K [0x00000000eab00000, 0x00000000f3700000, 0x0000000100000000)
  eden space 66560K, 0% used [0x00000000eab00000,0x00000000eab00000,0x00000000eec00000)
  from space 5120K, 99% used [0x00000000eec00000,0x00000000ef0fc5c0,0x00000000ef100000)
  to   space 5120K, 0% used [0x00000000f3200000,0x00000000f3200000,0x00000000f3700000)
 ParOldGen       total 87552K, used 12407K [0x00000000c0000000, 0x00000000c5580000, 0x00000000eab00000)
  object space 87552K, 14% used [0x00000000c0000000,0x00000000c0c1df28,0x00000000c5580000)
 Metaspace       used 6240K, capacity 7152K, committed 7296K, reserved 1056768K
  class space    used 602K, capacity 616K, committed 640K, reserved 1048576K
}

Deoptimization events (10 events):
Event: 3.872 Thread 0x0000000057994800 Uncommon trap: reason=bimorphic action=maybe_recompile pc=0x0000000002cb5f10 method=java.util.HashMap.getNode(ILjava/lang/Object;)Ljava/util/HashMap$Node; @ 126
Event: 3.872 Thread 0x0000000057994800 Uncommon trap: reason=class_check action=maybe_recompile pc=0x0000000002c423f8 method=java.util.HashMap.putVal(ILjava/lang/Object;Ljava/lang/Object;ZZ)Ljava/lang/Object; @ 203
Event: 4.218 Thread 0x0000000057921000 Uncommon trap: reason=class_check action=maybe_recompile pc=0x0000000002f029dc method=com.android.dx.cf.code.RopperMachine.run(Lcom/android/dx/cf/code/Frame;II)V @ 988
Event: 4.218 Thread 0x0000000057921000 Uncommon trap: reason=unstable_if action=reinterpret pc=0x0000000002d713ec method=com.android.dx.ssa.SCCP.simulateBranch(Lcom/android/dx/ssa/SsaInsn;)V @ 64
Event: 4.219 Thread 0x0000000057921000 Uncommon trap: reason=unstable_if action=reinterpret pc=0x0000000002d7bc24 method=com.android.dx.ssa.LiteralOpUpgrader$1.visitNonMoveInsn(Lcom/android/dx/ssa/NormalSsaInsn;)V @ 55
Event: 4.219 Thread 0x0000000057921000 Uncommon trap: reason=unstable_if action=reinterpret pc=0x0000000002c65c8c method=com.android.dx.ssa.SsaMethod.updateOneDefinition(Lcom/android/dx/ssa/SsaInsn;Lcom/android/dx/rop/code/RegisterSpec;)V @ 4
Event: 4.689 Thread 0x0000000057994800 Uncommon trap: reason=unstable_if action=reinterpret pc=0x0000000002f028ec method=com.android.dx.cf.code.RopperMachine.run(Lcom/android/dx/cf/code/Frame;II)V @ 1250
Event: 6.313 Thread 0x0000000057940800 Uncommon trap: reason=bimorphic action=maybe_recompile pc=0x0000000002ec1250 method=com.android.dx.cf.code.BytecodeArray.parseInstruction(ILcom/android/dx/cf/code/BytecodeArray$Visitor;)I @ 1130
Event: 6.313 Thread 0x0000000057940800 Uncommon trap: reason=bimorphic action=maybe_recompile pc=0x0000000002ec1250 method=com.android.dx.cf.code.BytecodeArray.parseInstruction(ILcom/android/dx/cf/code/BytecodeArray$Visitor;)I @ 1130
Event: 6.649 Thread 0x0000000057994800 Uncommon trap: reason=unstable_if action=reinterpret pc=0x00000000030311ac method=com.android.dx.cf.code.Ropper.isSynchronized()Z @ 12

Internal exceptions (2 events):
Event: 0.040 Thread 0x000000000220f000 Exception <a 'java/lang/NoSuchMethodError': Method sun.misc.Unsafe.defineClass(Ljava/lang/String;[BII)Ljava/lang/Class; name or signature does not match> (0x00000000eab0d568) thrown at [C:\workspace\8-2-build-windows-amd64-cygwin\jdk8u65\4987\hotspot\src\s²'ÓA°F¤?
Event: 0.040 Thread 0x000000000220f000 Exception <a 'java/lang/NoSuchMethodError': Method sun.misc.Unsafe.prefetchRead(Ljava/lang/Object;J)V name or signature does not match> (0x00000000eab0d850) thrown at [C:\workspace\8-2-build-windows-amd64-cygwin\jdk8u65\4987\hotspot\src\share\vm\prims\jni.

Events (10 events):
Event: 6.313 Thread 0x0000000057940800 Uncommon trap: trap_request=0xffffffc6 fr.pc=0x0000000002ec1250
Event: 6.313 Thread 0x0000000057940800 DEOPT PACKING pc=0x0000000002ec1250 sp=0x0000000058b1e650
Event: 6.313 Thread 0x0000000057940800 DEOPT UNPACKING pc=0x000000000292582a sp=0x0000000058b1e5d8 mode 2
Event: 6.322 Thread 0x0000000057940800 DEOPT PACKING pc=0x0000000002df31ac sp=0x0000000058b1e7d0
Event: 6.322 Thread 0x0000000057940800 DEOPT UNPACKING pc=0x000000000292787f sp=0x0000000058b1e560 mode 0
Event: 6.484 Thread 0x0000000057921000 DEOPT PACKING pc=0x0000000002dd02d9 sp=0x000000005886e870
Event: 6.484 Thread 0x0000000057921000 DEOPT UNPACKING pc=0x000000000292787f sp=0x000000005886e650 mode 0
Event: 6.649 Thread 0x0000000057994800 Uncommon trap: trap_request=0xffffff65 fr.pc=0x00000000030311ac
Event: 6.649 Thread 0x0000000057994800 DEOPT PACKING pc=0x00000000030311ac sp=0x00000000586eeb80
Event: 6.649 Thread 0x0000000057994800 DEOPT UNPACKING pc=0x000000000292582a sp=0x00000000586eeaf8 mode 2


Dynamic libraries:
0x000000013f720000 - 0x000000013f757000 	C:\Program Files\Java\jdk1.8.0_65\bin\java.exe
0x0000000077270000 - 0x000000007741a000 	C:\Windows\SYSTEM32\ntdll.dll
0x0000000077150000 - 0x000000007726f000 	C:\Windows\system32\kernel32.dll
0x000007fefd010000 - 0x000007fefd07a000 	C:\Windows\system32\KERNELBASE.dll
0x000007feff2c0000 - 0x000007feff39b000 	C:\Windows\system32\ADVAPI32.dll
0x000007fefda90000 - 0x000007fefdb2f000 	C:\Windows\system32\msvcrt.dll
0x000007fefd7f0000 - 0x000007fefd80f000 	C:\Windows\SYSTEM32\sechost.dll
0x000007fefd890000 - 0x000007fefd9bd000 	C:\Windows\system32\RPCRT4.dll
0x0000000077050000 - 0x000000007714a000 	C:\Windows\system32\USER32.dll
0x000007fefe0d0000 - 0x000007fefe137000 	C:\Windows\system32\GDI32.dll
0x000007fefd3b0000 - 0x000007fefd3be000 	C:\Windows\system32\LPK.dll
0x000007feff160000 - 0x000007feff22a000 	C:\Windows\system32\USP10.dll
0x000007fefb460000 - 0x000007fefb654000 	C:\Windows\WinSxS\amd64_microsoft.windows.common-controls_6595b64144ccf1df_6.0.7601.18837_none_fa3b1e3d17594757\COMCTL32.dll
0x000007fefd810000 - 0x000007fefd881000 	C:\Windows\system32\SHLWAPI.dll
0x000007fefda60000 - 0x000007fefda8e000 	C:\Windows\system32\IMM32.DLL
0x000007fefd6e0000 - 0x000007fefd7e9000 	C:\Windows\system32\MSCTF.dll
0x000007fefcf20000 - 0x000007fefcf60000 	C:\Windows\system32\nvinitx.dll
0x00000000659f0000 - 0x0000000065ac2000 	C:\Program Files\Java\jdk1.8.0_65\jre\bin\msvcr100.dll
0x0000000054fd0000 - 0x0000000055859000 	C:\Program Files\Java\jdk1.8.0_65\jre\bin\server\jvm.dll
0x000007fef65c0000 - 0x000007fef65c9000 	C:\Windows\system32\WSOCK32.dll
0x000007fefd3c0000 - 0x000007fefd40d000 	C:\Windows\system32\WS2_32.dll
0x000007feff230000 - 0x000007feff238000 	C:\Windows\system32\NSI.dll
0x000007fef9cf0000 - 0x000007fef9d2b000 	C:\Windows\system32\WINMM.dll
0x000007fefc030000 - 0x000007fefc03c000 	C:\Windows\system32\VERSION.dll
0x0000000077430000 - 0x0000000077437000 	C:\Windows\system32\PSAPI.DLL
0x0000000073a80000 - 0x0000000073a8f000 	C:\Program Files\Java\jdk1.8.0_65\jre\bin\verify.dll
0x00000000709d0000 - 0x00000000709f9000 	C:\Program Files\Java\jdk1.8.0_65\jre\bin\java.dll
0x000000006ff50000 - 0x000000006ff66000 	C:\Program Files\Java\jdk1.8.0_65\jre\bin\zip.dll
0x000007fefe3d0000 - 0x000007feff15a000 	C:\Windows\system32\SHELL32.dll
0x000007fefdb90000 - 0x000007fefdd93000 	C:\Windows\system32\ole32.dll
0x000007fefcff0000 - 0x000007fefcfff000 	C:\Windows\system32\profapi.dll

VM Arguments:
jvm_args: -Djava.awt.headless=true -Xmx1024M -Dfile.encoding=windows-1252 -Duser.country=US -Duser.language=en -Duser.variant 
java_command: com.android.dx.command.Main --dex --force-jumbo --num-threads=4 --multi-dex --output E:\Ohjelmat\Projects\Testi\app\build\intermediates\transforms\dex\debug\folders\1000\10\com.android.support-support-v4-23.4.0_51961ff19a69f6fc402880939aa8426114ae60db E:\Ohjelmat\Projects\Testi\app\build\intermediates\exploded-aar\com.android.support\support-v4\23.4.0\jars\classes.jar
java_class_path (initial): E:\Ohjelmat\AndroidSDK2\build-tools\23.0.3\lib\dx.jar
Launcher Type: SUN_STANDARD

Environment Variables:
PATH=C:\ProgramData\Oracle\Java\javapath;C:\Program Files\Common Files\Microsoft Shared\Windows Live;C:\Program Files (x86)\Common Files\Microsoft Shared\Windows Live;C:\Program Files (x86)\NVIDIA Corporation\PhysX\Common;C:\Windows\system32;C:\Windows;C:\Windows\System32\Wbem;C:\Windows\System32\WindowsPowerShell\v1.0\;C:\Program Files (x86)\Windows Live\Shared;E:\Ohjelmat\Matlab\runtime\win64;E:\Ohjelmat\Matlab\bin;E:\Ohjelmat\Matlab\polyspace\bin;E:\Ohjelmat\MCR\v717\runtime\win64;E:\Ohjelmat\Singular\Surfer\bin;C:\Program Files\Java\jre1.8.0_73\bin;
USERNAME=Harkonen
OS=Windows_NT
PROCESSOR_IDENTIFIER=Intel64 Family 6 Model 58 Stepping 9, GenuineIntel



---------------  S Y S T E M  ---------------

OS: Windows 7 , 64 bit Build 7601 (6.1.7601.23418)

CPU:total 4 (4 cores per cpu, 1 threads per core) family 6 model 58 stepping 9, cmov, cx8, fxsr, mmx, sse, sse2, sse3, ssse3, sse4.1, sse4.2, popcnt, avx, aes, clmul, erms, tsc, tscinvbit, tscinv

Memory: 4k page, physical 8281492k(1036568k free), swap 8803920k(5388k free)

vm_info: Java HotSpot(TM) 64-Bit Server VM (25.65-b01) for windows-amd64 JRE (1.8.0_65-b17), built on Oct  6 2015 16:39:20 by "java_re" with MS VC++ 10.0 (VS2010)

time: Sun Jun 05 15:31:08 2016
elapsed time: 6 seconds (0d 0h 0m 6s)

