#
# There is insufficient memory for the Java Runtime Environment to continue.
# Native memory allocation (malloc) failed to allocate 814096 bytes for Chunk::new
# Possible reasons:
#   The system is out of physical RAM or swap space
#   In 32 bit mode, the process size limit was hit
# Possible solutions:
#   Reduce memory load on the system
#   Increase physical memory or swap space
#   Check if swap backing store is full
#   Use 64 bit Java on a 64 bit OS
#   Decrease Java heap size (-Xmx/-Xms)
#   Decrease number of Java threads
#   Decrease Java thread stack sizes (-Xss)
#   Set larger code cache with -XX:ReservedCodeCacheSize=
# This output file may be truncated or incomplete.
#
#  Out of Memory Error (allocation.cpp:390), pid=4144, tid=5332
#
# JRE version: Java(TM) SE Runtime Environment (8.0_65-b17) (build 1.8.0_65-b17)
# Java VM: Java HotSpot(TM) 64-Bit Server VM (25.65-b01 mixed mode windows-amd64 compressed oops)
# Failed to write core dump. Minidumps are not enabled by default on client versions of Windows
#

---------------  T H R E A D  ---------------

Current thread (0x000000001c291800):  JavaThread "C2 CompilerThread1" daemon [_thread_in_native, id=5332, stack(0x000000001dd80000,0x000000001de80000)]

Stack: [0x000000001dd80000,0x000000001de80000]
[error occurred during error reporting (printing stack bounds), id 0xc0000005]

Native frames: (J=compiled Java code, j=interpreted, Vv=VM code, C=native code)


Current CompileTask:
C2:   2398 1549 %     4       com.android.dx.ssa.SCCP::run @ 133 (298 bytes)


---------------  P R O C E S S  ---------------

Java Threads: ( => current thread )
  0x000000001e311000 JavaThread "pool-2-thread-4" [_thread_blocked, id=6656, stack(0x000000001ec70000,0x000000001ed70000)]
  0x000000001e208000 JavaThread "pool-2-thread-3" [_thread_blocked, id=4508, stack(0x000000001eae0000,0x000000001ebe0000)]
  0x000000001e205800 JavaThread "pool-2-thread-2" [_thread_blocked, id=4384, stack(0x000000001e980000,0x000000001ea80000)]
  0x000000001e209800 JavaThread "pool-3-thread-1" [_thread_blocked, id=7184, stack(0x000000001e680000,0x000000001e780000)]
  0x000000001e205000 JavaThread "pool-2-thread-1" [_thread_blocked, id=4692, stack(0x000000001e790000,0x000000001e890000)]
  0x000000001e030800 JavaThread "Service Thread" daemon [_thread_blocked, id=7948, stack(0x000000001e4b0000,0x000000001e5b0000)]
  0x000000001c292800 JavaThread "C1 CompilerThread2" daemon [_thread_blocked, id=1384, stack(0x000000001df30000,0x000000001e030000)]
=>0x000000001c291800 JavaThread "C2 CompilerThread1" daemon [_thread_in_native, id=5332, stack(0x000000001dd80000,0x000000001de80000)]
  0x000000001c28d000 JavaThread "C2 CompilerThread0" daemon [_thread_in_native, id=6604, stack(0x000000001dac0000,0x000000001dbc0000)]
  0x000000001c29f000 JavaThread "Attach Listener" daemon [_thread_blocked, id=4744, stack(0x000000001d8d0000,0x000000001d9d0000)]
  0x000000001c29b800 JavaThread "Signal Dispatcher" daemon [_thread_blocked, id=8172, stack(0x000000001d7d0000,0x000000001d8d0000)]
  0x000000001c231000 JavaThread "Finalizer" daemon [_thread_blocked, id=4156, stack(0x000000001d690000,0x000000001d790000)]
  0x000000001c22f800 JavaThread "Reference Handler" daemon [_thread_blocked, id=7544, stack(0x000000001d4c0000,0x000000001d5c0000)]
  0x0000000001e5f000 JavaThread "main" [_thread_blocked, id=4200, stack(0x0000000002680000,0x0000000002780000)]

Other Threads:
  0x000000001c22a000 VMThread [stack: 0x000000001d3c0000,0x000000001d4c0000] [id=5996]
  0x000000001e0c5000 WatcherThread [stack: 0x000000001dc50000,0x000000001dd50000] [id=5704]

VM state:not at safepoint (normal execution)

VM Mutex/Monitor currently owned by a thread: None

Heap:
 PSYoungGen      total 71680K, used 40551K [0x000000076ab00000, 0x000000076f600000, 0x00000007c0000000)
  eden space 66560K, 53% used [0x000000076ab00000,0x000000076cda1050,0x000000076ec00000)
  from space 5120K, 99% used [0x000000076f100000,0x000000076f5f8e38,0x000000076f600000)
  to   space 5120K, 0% used [0x000000076ec00000,0x000000076ec00000,0x000000076f100000)
 ParOldGen       total 87552K, used 4735K [0x00000006c0000000, 0x00000006c5580000, 0x000000076ab00000)
  object space 87552K, 5% used [0x00000006c0000000,0x00000006c049fff0,0x00000006c5580000)
 Metaspace       used 6207K, capacity 7064K, committed 7424K, reserved 1056768K
  class space    used 616K, capacity 656K, committed 768K, reserved 1048576K

Card table byte_map: [0x0000000011e10000,0x0000000012620000] byte_map_base: 0x000000000e810000

Marking Bits: (ParMarkBitMap*) 0x0000000063d1a5b0
 Begin Bits: [0x00000000130a0000, 0x00000000170a0000)
 End Bits:   [0x00000000170a0000, 0x000000001b0a0000)

Polling page: 0x0000000000130000

CodeCache: size=245760Kb used=6547Kb max_used=6553Kb free=239212Kb
 bounds [0x0000000002a50000, 0x00000000030c0000, 0x0000000011a50000]
 total_blobs=1840 nmethods=1571 adapters=182
 compilation: enabled

Compilation events (10 events):
Event: 2.337 Thread 0x000000001c291800 nmethod 1601 0x0000000003093d90 code [0x0000000003093ee0, 0x0000000003094298]
Event: 2.337 Thread 0x000000001c291800 1549 %     4       com.android.dx.ssa.SCCP::run @ 133 (298 bytes)
Event: 2.352 Thread 0x000000001c292800 1608       2       java.util.concurrent.ThreadPoolExecutor::workerCountOf (5 bytes)
Event: 2.352 Thread 0x000000001c292800 nmethod 1608 0x00000000030b6b50 code [0x00000000030b6ca0, 0x00000000030b6dd0]
Event: 2.357 Thread 0x000000001c292800 1609       2       com.android.dx.rop.cst.CstType::hashCode (8 bytes)
Event: 2.358 Thread 0x000000001c292800 nmethod 1609 0x0000000003093990 code [0x0000000003093b00, 0x0000000003093c88]
Event: 2.395 Thread 0x000000001c292800 1611       2       com.android.dx.cf.direct.FieldListParser::set (30 bytes)
Event: 2.396 Thread 0x000000001c292800 nmethod 1611 0x00000000030b80d0 code [0x00000000030b8280, 0x00000000030b87b8]
Event: 2.396 Thread 0x000000001c292800 1612       2       com.android.dx.cf.iface.StdField::<init> (10 bytes)
Event: 2.396 Thread 0x000000001c292800 nmethod 1612 0x00000000030b7d50 code [0x00000000030b7ec0, 0x00000000030b8028]

GC Heap History (4 events):
Event: 1.223 GC heap before
{Heap before GC invocations=1 (full 0):
 PSYoungGen      total 38400K, used 33280K [0x000000076ab00000, 0x000000076d580000, 0x00000007c0000000)
  eden space 33280K, 100% used [0x000000076ab00000,0x000000076cb80000,0x000000076cb80000)
  from space 5120K, 0% used [0x000000076d080000,0x000000076d080000,0x000000076d580000)
  to   space 5120K, 0% used [0x000000076cb80000,0x000000076cb80000,0x000000076d080000)
 ParOldGen       total 87552K, used 0K [0x00000006c0000000, 0x00000006c5580000, 0x000000076ab00000)
  object space 87552K, 0% used [0x00000006c0000000,0x00000006c0000000,0x00000006c5580000)
 Metaspace       used 5948K, capacity 6896K, committed 7040K, reserved 1056768K
  class space    used 595K, capacity 616K, committed 640K, reserved 1048576K
Event: 1.268 GC heap after
Heap after GC invocations=1 (full 0):
 PSYoungGen      total 38400K, used 5113K [0x000000076ab00000, 0x000000076f600000, 0x00000007c0000000)
  eden space 33280K, 0% used [0x000000076ab00000,0x000000076ab00000,0x000000076cb80000)
  from space 5120K, 99% used [0x000000076cb80000,0x000000076d07e420,0x000000076d080000)
  to   space 5120K, 0% used [0x000000076f100000,0x000000076f100000,0x000000076f600000)
 ParOldGen       total 87552K, used 923K [0x00000006c0000000, 0x00000006c5580000, 0x000000076ab00000)
  object space 87552K, 1% used [0x00000006c0000000,0x00000006c00e6d00,0x00000006c5580000)
 Metaspace       used 5948K, capacity 6896K, committed 7040K, reserved 1056768K
  class space    used 595K, capacity 616K, committed 640K, reserved 1048576K
}
Event: 1.579 GC heap before
{Heap before GC invocations=2 (full 0):
 PSYoungGen      total 38400K, used 38393K [0x000000076ab00000, 0x000000076f600000, 0x00000007c0000000)
  eden space 33280K, 100% used [0x000000076ab00000,0x000000076cb80000,0x000000076cb80000)
  from space 5120K, 99% used [0x000000076cb80000,0x000000076d07e420,0x000000076d080000)
  to   space 5120K, 0% used [0x000000076f100000,0x000000076f100000,0x000000076f600000)
 ParOldGen       total 87552K, used 923K [0x00000006c0000000, 0x00000006c5580000, 0x000000076ab00000)
  object space 87552K, 1% used [0x00000006c0000000,0x00000006c00e6d00,0x00000006c5580000)
 Metaspace       used 6156K, capacity 7000K, committed 7168K, reserved 1056768K
  class space    used 616K, capacity 656K, committed 768K, reserved 1048576K
Event: 1.659 GC heap after
Heap after GC invocations=2 (full 0):
 PSYoungGen      total 71680K, used 5091K [0x000000076ab00000, 0x000000076f600000, 0x00000007c0000000)
  eden space 66560K, 0% used [0x000000076ab00000,0x000000076ab00000,0x000000076ec00000)
  from space 5120K, 99% used [0x000000076f100000,0x000000076f5f8e38,0x000000076f600000)
  to   space 5120K, 0% used [0x000000076ec00000,0x000000076ec00000,0x000000076f100000)
 ParOldGen       total 87552K, used 4735K [0x00000006c0000000, 0x00000006c5580000, 0x000000076ab00000)
  object space 87552K, 5% used [0x00000006c0000000,0x00000006c049fff0,0x00000006c5580000)
 Metaspace       used 6156K, capacity 7000K, committed 7168K, reserved 1056768K
  class space    used 616K, capacity 656K, committed 768K, reserved 1048576K
}

Deoptimization events (10 events):
Event: 1.371 Thread 0x000000001e205000 Uncommon trap: reason=unstable_if action=reinterpret pc=0x0000000002d21c5c method=java.util.HashMap.getNode(ILjava/lang/Object;)Ljava/util/HashMap$Node; @ 84
Event: 1.395 Thread 0x000000001e205000 Uncommon trap: reason=unstable_if action=reinterpret pc=0x0000000002ed2dac method=java.util.HashMap.putVal(ILjava/lang/Object;Ljava/lang/Object;ZZ)Ljava/lang/Object; @ 109
Event: 1.402 Thread 0x000000001e205000 Uncommon trap: reason=null_check action=make_not_entrant pc=0x0000000002d5b8cc method=com.android.dx.ssa.SsaRenamer.getLocalForNewReg(I)Lcom/android/dx/rop/code/LocalItem; @ 19
Event: 1.420 Thread 0x000000001e205000 Uncommon trap: reason=bimorphic action=maybe_recompile pc=0x0000000002fa1838 method=com.android.dx.cf.code.BytecodeArray.parseInstruction(ILcom/android/dx/cf/code/BytecodeArray$Visitor;)I @ 1130
Event: 1.420 Thread 0x000000001e205000 Uncommon trap: reason=bimorphic action=maybe_recompile pc=0x0000000002fa1838 method=com.android.dx.cf.code.BytecodeArray.parseInstruction(ILcom/android/dx/cf/code/BytecodeArray$Visitor;)I @ 1130
Event: 1.421 Thread 0x000000001e205000 Uncommon trap: reason=bimorphic action=maybe_recompile pc=0x0000000002fa1838 method=com.android.dx.cf.code.BytecodeArray.parseInstruction(ILcom/android/dx/cf/code/BytecodeArray$Visitor;)I @ 1130
Event: 1.421 Thread 0x000000001e205000 Uncommon trap: reason=bimorphic action=maybe_recompile pc=0x0000000002fa1838 method=com.android.dx.cf.code.BytecodeArray.parseInstruction(ILcom/android/dx/cf/code/BytecodeArray$Visitor;)I @ 1130
Event: 2.102 Thread 0x000000001e311000 Uncommon trap: reason=unstable_if action=reinterpret pc=0x0000000002ff0898 method=java.util.HashMap.resize()[Ljava/util/HashMap$Node; @ 206
Event: 2.254 Thread 0x000000001e205800 Uncommon trap: reason=bimorphic action=maybe_recompile pc=0x000000000304de90 method=com.android.dx.cf.code.BytecodeArray.parseInstruction(ILcom/android/dx/cf/code/BytecodeArray$Visitor;)I @ 1224
Event: 2.254 Thread 0x000000001e205800 Uncommon trap: reason=bimorphic action=maybe_recompile pc=0x000000000304de90 method=com.android.dx.cf.code.BytecodeArray.parseInstruction(ILcom/android/dx/cf/code/BytecodeArray$Visitor;)I @ 1224

Internal exceptions (6 events):
Event: 0.039 Thread 0x0000000001e5f000 Exception <a 'java/lang/NoSuchMethodError': Method sun.misc.Unsafe.defineClass(Ljava/lang/String;[BII)Ljava/lang/Class; name or signature does not match> (0x000000076ab0d700) thrown at [C:\workspace\8-2-build-windows-amd64-cygwin\jdk8u65\4987\hotspot\src\sòÊ&=Ì£?
Event: 0.039 Thread 0x0000000001e5f000 Exception <a 'java/lang/NoSuchMethodError': Method sun.misc.Unsafe.prefetchRead(Ljava/lang/Object;J)V name or signature does not match> (0x000000076ab0d9e8) thrown at [C:\workspace\8-2-build-windows-amd64-cygwin\jdk8u65\4987\hotspot\src\share\vm\prims\jni.•œ‘‡+×õ?
Event: 1.365 Thread 0x000000001e205000 Exception <a 'java/lang/ArrayIndexOutOfBoundsException': 18> (0x000000076b5058f8) thrown at [C:\workspace\8-2-build-windows-amd64-cygwin\jdk8u65\4987\hotspot\src\share\vm\interpreter\interpreterRuntime.cpp, line 366]
Event: 1.365 Thread 0x000000001e205000 Exception <a 'java/lang/ArrayIndexOutOfBoundsException': 145> (0x000000076b507478) thrown at [C:\workspace\8-2-build-windows-amd64-cygwin\jdk8u65\4987\hotspot\src\share\vm\interpreter\interpreterRuntime.cpp, line 366]
Event: 1.370 Thread 0x000000001e205000 Exception <a 'java/lang/ArrayIndexOutOfBoundsException'> (0x000000076b508760) thrown at [C:\workspace\8-2-build-windows-amd64-cygwin\jdk8u65\4987\hotspot\src\share\vm\runtime\sharedRuntime.cpp, line 605]
Event: 1.402 Thread 0x000000001e205000 Implicit null exception at 0x0000000002d5aa2d to 0x0000000002d5b899

Events (10 events):
Event: 2.116 Thread 0x000000001e311000 DEOPT PACKING pc=0x0000000002dd5d09 sp=0x000000001ed6e680
Event: 2.116 Thread 0x000000001e311000 DEOPT UNPACKING pc=0x0000000002a9787f sp=0x000000001ed6e448 mode 0
Event: 2.254 Thread 0x000000001e205800 Uncommon trap: trap_request=0xffffffc6 fr.pc=0x000000000304de90
Event: 2.254 Thread 0x000000001e205800 DEOPT PACKING pc=0x000000000304de90 sp=0x000000001ea7e390
Event: 2.254 Thread 0x000000001e205800 DEOPT UNPACKING pc=0x0000000002a9582a sp=0x000000001ea7e338 mode 2
Event: 2.254 Thread 0x000000001e205800 Uncommon trap: trap_request=0xffffffc6 fr.pc=0x000000000304de90
Event: 2.254 Thread 0x000000001e205800 DEOPT PACKING pc=0x000000000304de90 sp=0x000000001ea7e390
Event: 2.254 Thread 0x000000001e205800 DEOPT UNPACKING pc=0x0000000002a9582a sp=0x000000001ea7e338 mode 2
Event: 2.395 loading class com/android/dx/cf/attrib/AttDeprecated
Event: 2.395 loading class com/android/dx/cf/attrib/AttDeprecated done


Dynamic libraries:
0x000000013f250000 - 0x000000013f287000 	C:\Program Files\Java\jdk1.8.0_65\bin\java.exe
0x0000000077220000 - 0x00000000773ca000 	C:\Windows\SYSTEM32\ntdll.dll
0x0000000077100000 - 0x000000007721f000 	C:\Windows\system32\kernel32.dll
0x000007fefd270000 - 0x000007fefd2da000 	C:\Windows\system32\KERNELBASE.dll
0x000007fefd360000 - 0x000007fefd43b000 	C:\Windows\system32\ADVAPI32.dll
0x000007fefd770000 - 0x000007fefd80f000 	C:\Windows\system32\msvcrt.dll
0x000007fefeb70000 - 0x000007fefeb8f000 	C:\Windows\SYSTEM32\sechost.dll
0x000007fefd640000 - 0x000007fefd76d000 	C:\Windows\system32\RPCRT4.dll
0x0000000077000000 - 0x00000000770fa000 	C:\Windows\system32\USER32.dll
0x000007fefd5d0000 - 0x000007fefd637000 	C:\Windows\system32\GDI32.dll
0x000007fefd810000 - 0x000007fefd81e000 	C:\Windows\system32\LPK.dll
0x000007fefd4e0000 - 0x000007fefd5aa000 	C:\Windows\system32\USP10.dll
0x000007fefb550000 - 0x000007fefb744000 	C:\Windows\WinSxS\amd64_microsoft.windows.common-controls_6595b64144ccf1df_6.0.7601.18837_none_fa3b1e3d17594757\COMCTL32.dll
0x000007feff2d0000 - 0x000007feff341000 	C:\Windows\system32\SHLWAPI.dll
0x000007feff240000 - 0x000007feff26e000 	C:\Windows\system32\IMM32.DLL
0x000007fefeb90000 - 0x000007fefec99000 	C:\Windows\system32\MSCTF.dll
0x000007fefced0000 - 0x000007fefcf10000 	C:\Windows\system32\nvinitx.dll
0x0000000069430000 - 0x0000000069502000 	C:\Program Files\Java\jdk1.8.0_65\jre\bin\msvcr100.dll
0x0000000063510000 - 0x0000000063d99000 	C:\Program Files\Java\jdk1.8.0_65\jre\bin\server\jvm.dll
0x000007fef4710000 - 0x000007fef4719000 	C:\Windows\system32\WSOCK32.dll
0x000007fefef60000 - 0x000007fefefad000 	C:\Windows\system32\WS2_32.dll
0x000007fefef50000 - 0x000007fefef58000 	C:\Windows\system32\NSI.dll
0x000007fef9dd0000 - 0x000007fef9e0b000 	C:\Windows\system32\WINMM.dll
0x000007fefbfe0000 - 0x000007fefbfec000 	C:\Windows\system32\VERSION.dll
0x00000000773f0000 - 0x00000000773f7000 	C:\Windows\system32\PSAPI.DLL
0x0000000073c60000 - 0x0000000073c6f000 	C:\Program Files\Java\jdk1.8.0_65\jre\bin\verify.dll
0x0000000072da0000 - 0x0000000072dc9000 	C:\Program Files\Java\jdk1.8.0_65\jre\bin\java.dll
0x0000000072d80000 - 0x0000000072d96000 	C:\Program Files\Java\jdk1.8.0_65\jre\bin\zip.dll
0x000007fefdde0000 - 0x000007fefeb6a000 	C:\Windows\system32\SHELL32.dll
0x000007fefeca0000 - 0x000007fefeea3000 	C:\Windows\system32\ole32.dll
0x000007fefcfa0000 - 0x000007fefcfaf000 	C:\Windows\system32\profapi.dll

VM Arguments:
jvm_args: -Djava.awt.headless=true -Xmx4g -Dfile.encoding=UTF-8 -Duser.country=US -Duser.language=en -Duser.variant 
java_command: com.android.dx.command.Main --dex --force-jumbo --num-threads=4 --multi-dex --output E:\Ohjelmat\Projects\Testi\app\build\intermediates\transforms\dex\debug\folders\1000\10\achartengine-1.2.0_a1939b71ea214a7b909177aaef1f2b1c79f4eb9d C:\Users\Harkonen\.gradle\caches\modules-2\files-2.1\org.achartengine\achartengine\1.2.0\34e6ba7b25027a435fbef019cfd435c32c3517e8\achartengine-1.2.0.jar
java_class_path (initial): E:\Ohjelmat\AndroidSDK2\build-tools\23.0.3\lib\dx.jar
Launcher Type: SUN_STANDARD

Environment Variables:
PATH=C:\ProgramData\Oracle\Java\javapath;C:\Program Files\Common Files\Microsoft Shared\Windows Live;C:\Program Files (x86)\Common Files\Microsoft Shared\Windows Live;C:\Program Files (x86)\NVIDIA Corporation\PhysX\Common;C:\Windows\system32;C:\Windows;C:\Windows\System32\Wbem;C:\Windows\System32\WindowsPowerShell\v1.0\;C:\Program Files (x86)\Windows Live\Shared;E:\Ohjelmat\Matlab\runtime\win64;E:\Ohjelmat\Matlab\bin;E:\Ohjelmat\Matlab\polyspace\bin;E:\Ohjelmat\MCR\v717\runtime\win64;E:\Ohjelmat\Singular\Surfer\bin;C:\Program Files\Java\jre1.8.0_73\bin;
USERNAME=Harkonen
OS=Windows_NT
PROCESSOR_IDENTIFIER=Intel64 Family 6 Model 58 Stepping 9, GenuineIntel



---------------  S Y S T E M  ---------------

OS: Windows 7 , 64 bit Build 7601 (6.1.7601.23418)

CPU:total 4 (4 cores per cpu, 1 threads per core) family 6 model 58 stepping 9, cmov, cx8, fxsr, mmx, sse, sse2, sse3, ssse3, sse4.1, sse4.2, popcnt, avx, aes, clmul, erms, tsc, tscinvbit, tscinv

Memory: 4k page, physical 8281492k(499200k free), swap 8803920k(5812k free)

vm_info: Java HotSpot(TM) 64-Bit Server VM (25.65-b01) for windows-amd64 JRE (1.8.0_65-b17), built on Oct  6 2015 16:39:20 by "java_re" with MS VC++ 10.0 (VS2010)

time: Tue Jun 07 20:36:42 2016
elapsed time: 2 seconds (0d 0h 0m 2s)

