#
# There is insufficient memory for the Java Runtime Environment to continue.
# Native memory allocation (malloc) failed to allocate 273984 bytes for Chunk::new
# Possible reasons:
#   The system is out of physical RAM or swap space
#   In 32 bit mode, the process size limit was hit
# Possible solutions:
#   Reduce memory load on the system
#   Increase physical memory or swap space
#   Check if swap backing store is full
#   Use 64 bit Java on a 64 bit OS
#   Decrease Java heap size (-Xmx/-Xms)
#   Decrease number of Java threads
#   Decrease Java thread stack sizes (-Xss)
#   Set larger code cache with -XX:ReservedCodeCacheSize=
# This output file may be truncated or incomplete.
#
#  Out of Memory Error (allocation.cpp:390), pid=368, tid=2060
#
# JRE version: Java(TM) SE Runtime Environment (8.0_65-b17) (build 1.8.0_65-b17)
# Java VM: Java HotSpot(TM) 64-Bit Server VM (25.65-b01 mixed mode windows-amd64 compressed oops)
# Failed to write core dump. Minidumps are not enabled by default on client versions of Windows
#

---------------  T H R E A D  ---------------

Current thread (0x000000001c30d800):  JavaThread "C2 CompilerThread0" daemon [_thread_in_native, id=2060, stack(0x000000001d810000,0x000000001d910000)]

Stack: [0x000000001d810000,0x000000001d910000]
[error occurred during error reporting (printing stack bounds), id 0xc0000005]

Native frames: (J=compiled Java code, j=interpreted, Vv=VM code, C=native code)


Current CompileTask:
C2:   9179 2113   !   4       com.android.dx.cf.code.BytecodeArray::parseInstruction (2764 bytes)


---------------  P R O C E S S  ---------------

Java Threads: ( => current thread )
  0x000000001e264800 JavaThread "pool-2-thread-4" [_thread_blocked, id=3708, stack(0x000000001f3d0000,0x000000001f4d0000)]
  0x000000001e262000 JavaThread "pool-2-thread-3" [_thread_blocked, id=4196, stack(0x000000001f220000,0x000000001f320000)]
  0x000000001e27e000 JavaThread "pool-2-thread-2" [_thread_blocked, id=3520, stack(0x000000001f080000,0x000000001f180000)]
  0x000000001e27a800 JavaThread "pool-3-thread-1" [_thread_blocked, id=6480, stack(0x000000001ef40000,0x000000001f040000)]
  0x000000001e279800 JavaThread "pool-2-thread-1" [_thread_blocked, id=2176, stack(0x000000001ddb0000,0x000000001deb0000)]
  0x000000001c316000 JavaThread "Service Thread" daemon [_thread_blocked, id=5448, stack(0x000000001e4e0000,0x000000001e5e0000)]
  0x000000001c312800 JavaThread "C1 CompilerThread2" daemon [_thread_blocked, id=6176, stack(0x000000001dec0000,0x000000001dfc0000)]
  0x000000001c311800 JavaThread "C2 CompilerThread1" daemon [_thread_in_native, id=1144, stack(0x000000001dca0000,0x000000001dda0000)]
=>0x000000001c30d800 JavaThread "C2 CompilerThread0" daemon [_thread_in_native, id=2060, stack(0x000000001d810000,0x000000001d910000)]
  0x000000001c31d000 JavaThread "Attach Listener" daemon [_thread_blocked, id=2156, stack(0x000000001da70000,0x000000001db70000)]
  0x000000001c31b800 JavaThread "Signal Dispatcher" daemon [_thread_blocked, id=7148, stack(0x000000001d940000,0x000000001da40000)]
  0x000000001c2b1000 JavaThread "Finalizer" daemon [_thread_blocked, id=6300, stack(0x000000001d6e0000,0x000000001d7e0000)]
  0x000000001c2b0000 JavaThread "Reference Handler" daemon [_thread_blocked, id=7016, stack(0x000000001d550000,0x000000001d650000)]
  0x0000000001ebf000 JavaThread "main" [_thread_blocked, id=5776, stack(0x0000000002720000,0x0000000002820000)]

Other Threads:
  0x000000001c2aa800 VMThread [stack: 0x000000001d400000,0x000000001d500000] [id=5264]
  0x000000001e03c800 WatcherThread [stack: 0x000000001db80000,0x000000001dc80000] [id=5624]

VM state:not at safepoint (normal execution)

VM Mutex/Monitor currently owned by a thread: None

Heap:
 PSYoungGen      total 71680K, used 52711K [0x000000076ab00000, 0x0000000773700000, 0x00000007c0000000)
  eden space 66560K, 71% used [0x000000076ab00000,0x000000076d97d750,0x000000076ec00000)
  from space 5120K, 99% used [0x000000076ec00000,0x000000076f0fc5e8,0x000000076f100000)
  to   space 5120K, 0% used [0x0000000773200000,0x0000000773200000,0x0000000773700000)
 ParOldGen       total 87552K, used 12515K [0x00000006c0000000, 0x00000006c5580000, 0x000000076ab00000)
  object space 87552K, 14% used [0x00000006c0000000,0x00000006c0c38f90,0x00000006c5580000)
 Metaspace       used 6323K, capacity 7152K, committed 7296K, reserved 1056768K
  class space    used 603K, capacity 616K, committed 640K, reserved 1048576K

Card table byte_map: [0x0000000011eb0000,0x00000000126c0000] byte_map_base: 0x000000000e8b0000

Marking Bits: (ParMarkBitMap*) 0x00000000736ea5b0
 Begin Bits: [0x0000000013120000, 0x0000000017120000)
 End Bits:   [0x0000000017120000, 0x000000001b120000)

Polling page: 0x0000000000130000

CodeCache: size=245760Kb used=10484Kb max_used=10484Kb free=235275Kb
 bounds [0x0000000002af0000, 0x0000000003540000, 0x0000000011af0000]
 total_blobs=2388 nmethods=2118 adapters=182
 compilation: enabled

Compilation events (10 events):
Event: 9.155 Thread 0x000000001c311800 2114       4       com.android.dx.ssa.SCCP::addUsersToWorklist (103 bytes)
Event: 9.156 Thread 0x000000001c312800 nmethod 2115 0x000000000352b250 code [0x000000000352b700, 0x000000000352f318]
Event: 9.156 Thread 0x000000001c312800 2117       2       java.util.HashMap::putVal (300 bytes)
Event: 9.156 Thread 0x000000001c312800 nmethod 2117 0x0000000003528e90 code [0x00000000035290a0, 0x00000000035297d8]
Event: 9.156 Thread 0x000000001c312800 2118       3       com.android.dx.ssa.SCCP::run (298 bytes)
Event: 9.157 Thread 0x000000001c312800 nmethod 2118 0x0000000003531010 code [0x00000000035313e0, 0x00000000035333a8]
Event: 9.158 Thread 0x000000001c312800 2120       3       com.android.dx.dex.code.RopTranslator$LocalVariableAwareTranslationVisitor::visitThrowingInsn (11 bytes)
Event: 9.158 Thread 0x000000001c312800 nmethod 2120 0x0000000003527a50 code [0x0000000003527c60, 0x00000000035287d8]
Event: 9.158 Thread 0x000000001c312800 2121       3       com.android.dx.dex.code.RopTranslator$TranslationVisitor::visitThrowingInsn (118 bytes)
Event: 9.159 Thread 0x000000001c312800 nmethod 2121 0x0000000003534090 code [0x00000000035343a0, 0x0000000003535ce8]

GC Heap History (6 events):
Event: 0.949 GC heap before
{Heap before GC invocations=1 (full 0):
 PSYoungGen      total 38400K, used 33280K [0x000000076ab00000, 0x000000076d580000, 0x00000007c0000000)
  eden space 33280K, 100% used [0x000000076ab00000,0x000000076cb80000,0x000000076cb80000)
  from space 5120K, 0% used [0x000000076d080000,0x000000076d080000,0x000000076d580000)
  to   space 5120K, 0% used [0x000000076cb80000,0x000000076cb80000,0x000000076d080000)
 ParOldGen       total 87552K, used 0K [0x00000006c0000000, 0x00000006c5580000, 0x000000076ab00000)
  object space 87552K, 0% used [0x00000006c0000000,0x00000006c0000000,0x00000006c5580000)
 Metaspace       used 5918K, capacity 6832K, committed 7040K, reserved 1056768K
  class space    used 599K, capacity 616K, committed 640K, reserved 1048576K
Event: 1.012 GC heap after
Heap after GC invocations=1 (full 0):
 PSYoungGen      total 38400K, used 4915K [0x000000076ab00000, 0x000000076f600000, 0x00000007c0000000)
  eden space 33280K, 0% used [0x000000076ab00000,0x000000076ab00000,0x000000076cb80000)
  from space 5120K, 95% used [0x000000076cb80000,0x000000076d04ccb8,0x000000076d080000)
  to   space 5120K, 0% used [0x000000076f100000,0x000000076f100000,0x000000076f600000)
 ParOldGen       total 87552K, used 0K [0x00000006c0000000, 0x00000006c5580000, 0x000000076ab00000)
  object space 87552K, 0% used [0x00000006c0000000,0x00000006c0000000,0x00000006c5580000)
 Metaspace       used 5918K, capacity 6832K, committed 7040K, reserved 1056768K
  class space    used 599K, capacity 616K, committed 640K, reserved 1048576K
}
Event: 2.151 GC heap before
{Heap before GC invocations=2 (full 0):
 PSYoungGen      total 38400K, used 38195K [0x000000076ab00000, 0x000000076f600000, 0x00000007c0000000)
  eden space 33280K, 100% used [0x000000076ab00000,0x000000076cb80000,0x000000076cb80000)
  from space 5120K, 95% used [0x000000076cb80000,0x000000076d04ccb8,0x000000076d080000)
  to   space 5120K, 0% used [0x000000076f100000,0x000000076f100000,0x000000076f600000)
 ParOldGen       total 87552K, used 0K [0x00000006c0000000, 0x00000006c5580000, 0x000000076ab00000)
  object space 87552K, 0% used [0x00000006c0000000,0x00000006c0000000,0x00000006c5580000)
 Metaspace       used 6144K, capacity 7024K, committed 7296K, reserved 1056768K
  class space    used 601K, capacity 616K, committed 640K, reserved 1048576K
Event: 2.236 GC heap after
Heap after GC invocations=2 (full 0):
 PSYoungGen      total 71680K, used 5114K [0x000000076ab00000, 0x000000076f600000, 0x00000007c0000000)
  eden space 66560K, 0% used [0x000000076ab00000,0x000000076ab00000,0x000000076ec00000)
  from space 5120K, 99% used [0x000000076f100000,0x000000076f5feb20,0x000000076f600000)
  to   space 5120K, 0% used [0x000000076ec00000,0x000000076ec00000,0x000000076f100000)
 ParOldGen       total 87552K, used 2814K [0x00000006c0000000, 0x00000006c5580000, 0x000000076ab00000)
  object space 87552K, 3% used [0x00000006c0000000,0x00000006c02bfb70,0x00000006c5580000)
 Metaspace       used 6144K, capacity 7024K, committed 7296K, reserved 1056768K
  class space    used 601K, capacity 616K, committed 640K, reserved 1048576K
}
Event: 6.769 GC heap before
{Heap before GC invocations=3 (full 0):
 PSYoungGen      total 71680K, used 71674K [0x000000076ab00000, 0x000000076f600000, 0x00000007c0000000)
  eden space 66560K, 100% used [0x000000076ab00000,0x000000076ec00000,0x000000076ec00000)
  from space 5120K, 99% used [0x000000076f100000,0x000000076f5feb20,0x000000076f600000)
  to   space 5120K, 0% used [0x000000076ec00000,0x000000076ec00000,0x000000076f100000)
 ParOldGen       total 87552K, used 2814K [0x00000006c0000000, 0x00000006c5580000, 0x000000076ab00000)
  object space 87552K, 3% used [0x00000006c0000000,0x00000006c02bfb70,0x00000006c5580000)
 Metaspace       used 6262K, capacity 7152K, committed 7296K, reserved 1056768K
  class space    used 602K, capacity 616K, committed 640K, reserved 1048576K
Event: 6.840 GC heap after
Heap after GC invocations=3 (full 0):
 PSYoungGen      total 71680K, used 5105K [0x000000076ab00000, 0x0000000773700000, 0x00000007c0000000)
  eden space 66560K, 0% used [0x000000076ab00000,0x000000076ab00000,0x000000076ec00000)
  from space 5120K, 99% used [0x000000076ec00000,0x000000076f0fc5e8,0x000000076f100000)
  to   space 5120K, 0% used [0x0000000773200000,0x0000000773200000,0x0000000773700000)
 ParOldGen       total 87552K, used 12515K [0x00000006c0000000, 0x00000006c5580000, 0x000000076ab00000)
  object space 87552K, 14% used [0x00000006c0000000,0x00000006c0c38f90,0x00000006c5580000)
 Metaspace       used 6262K, capacity 7152K, committed 7296K, reserved 1056768K
  class space    used 602K, capacity 616K, committed 640K, reserved 1048576K
}

Deoptimization events (10 events):
Event: 9.140 Thread 0x0000000001ebf000 Uncommon trap: reason=unloaded action=reinterpret pc=0x0000000003367d40 method=com.android.dx.cf.cst.ConstantPoolParser.parse0(ILjava/util/BitSet;)Lcom/android/dx/rop/cst/Constant; @ 220
Event: 9.145 Thread 0x000000001e264800 Uncommon trap: reason=unstable_if action=reinterpret pc=0x000000000326b180 method=com.android.dx.ssa.SCCP.simulateStmt(Lcom/android/dx/ssa/SsaInsn;)V @ 53
Event: 9.147 Thread 0x000000001e264800 Uncommon trap: reason=unstable_if action=reinterpret pc=0x0000000003383c88 method=com.android.dx.ssa.SCCP.simulateBranch(Lcom/android/dx/ssa/SsaInsn;)V @ 548
Event: 9.152 Thread 0x000000001e264800 Uncommon trap: reason=unstable_if action=reinterpret pc=0x000000000343abb0 method=com.android.dx.ssa.SCCP.replaceBranches()V @ 14
Event: 9.153 Thread 0x000000001e264800 Uncommon trap: reason=class_check action=maybe_recompile pc=0x0000000003474254 method=com.android.dx.cf.code.BytecodeArray.parseInstruction(ILcom/android/dx/cf/code/BytecodeArray$Visitor;)I @ 1807
Event: 9.153 Thread 0x000000001e264800 Uncommon trap: reason=class_check action=maybe_recompile pc=0x0000000003474254 method=com.android.dx.cf.code.BytecodeArray.parseInstruction(ILcom/android/dx/cf/code/BytecodeArray$Visitor;)I @ 1807
Event: 9.153 Thread 0x000000001e264800 Uncommon trap: reason=class_check action=maybe_recompile pc=0x0000000003474254 method=com.android.dx.cf.code.BytecodeArray.parseInstruction(ILcom/android/dx/cf/code/BytecodeArray$Visitor;)I @ 1807
Event: 9.153 Thread 0x000000001e264800 Uncommon trap: reason=class_check action=maybe_recompile pc=0x0000000003473ba4 method=com.android.dx.cf.code.BytecodeArray.parseInstruction(ILcom/android/dx/cf/code/BytecodeArray$Visitor;)I @ 1417
Event: 9.153 Thread 0x000000001e264800 Uncommon trap: reason=class_check action=maybe_recompile pc=0x0000000003473ba4 method=com.android.dx.cf.code.BytecodeArray.parseInstruction(ILcom/android/dx/cf/code/BytecodeArray$Visitor;)I @ 1417
Event: 9.154 Thread 0x000000001e264800 Uncommon trap: reason=class_check action=maybe_recompile pc=0x0000000002fb259c method=java.util.HashMap.putVal(ILjava/lang/Object;Ljava/lang/Object;ZZ)Ljava/lang/Object; @ 203

Internal exceptions (4 events):
Event: 0.049 Thread 0x0000000001ebf000 Exception <a 'java/lang/NoSuchMethodError': Method sun.misc.Unsafe.defineClass(Ljava/lang/String;[BII)Ljava/lang/Class; name or signature does not match> (0x000000076ab0d6e0) thrown at [C:\workspace\8-2-build-windows-amd64-cygwin\jdk8u65\4987\hotspot\src\sr@¡©?
Event: 0.049 Thread 0x0000000001ebf000 Exception <a 'java/lang/NoSuchMethodError': Method sun.misc.Unsafe.prefetchRead(Ljava/lang/Object;J)V name or signature does not match> (0x000000076ab0d9c8) thrown at [C:\workspace\8-2-build-windows-amd64-cygwin\jdk8u65\4987\hotspot\src\share\vm\prims\jni.·“}×rã?
Event: 0.597 Thread 0x000000001e262000 Implicit null exception at 0x0000000002dcfa18 to 0x0000000002dd104d
Event: 1.702 Thread 0x000000001e264800 Implicit null exception at 0x0000000002ef3462 to 0x0000000002ef3569

Events (10 events):
Event: 9.153 Thread 0x000000001e264800 DEOPT PACKING pc=0x0000000003473ba4 sp=0x000000001f4cec80
Event: 9.153 Thread 0x000000001e264800 DEOPT UNPACKING pc=0x0000000002b3582a sp=0x000000001f4cebe8 mode 2
Event: 9.153 Thread 0x000000001e264800 Uncommon trap: trap_request=0xffffffde fr.pc=0x0000000003473ba4
Event: 9.153 Thread 0x000000001e264800 DEOPT PACKING pc=0x0000000003473ba4 sp=0x000000001f4cec80
Event: 9.153 Thread 0x000000001e264800 DEOPT UNPACKING pc=0x0000000002b3582a sp=0x000000001f4cebe8 mode 2
Event: 9.154 Thread 0x000000001e264800 Uncommon trap: trap_request=0xffffffde fr.pc=0x0000000002fb259c
Event: 9.154 Thread 0x000000001e264800 DEOPT PACKING pc=0x0000000002fb259c sp=0x000000001f4cea40
Event: 9.154 Thread 0x000000001e264800 DEOPT UNPACKING pc=0x0000000002b3582a sp=0x000000001f4ce9c8 mode 2
Event: 9.175 Thread 0x000000001e264800 DEOPT PACKING pc=0x0000000003533059 sp=0x000000001f4cecd0
Event: 9.175 Thread 0x000000001e264800 DEOPT UNPACKING pc=0x0000000002b3787f sp=0x000000001f4cea60 mode 0


Dynamic libraries:
0x000000013fad0000 - 0x000000013fb07000 	C:\Program Files\Java\jdk1.8.0_65\bin\java.exe
0x0000000076f00000 - 0x00000000770aa000 	C:\Windows\SYSTEM32\ntdll.dll
0x0000000076ce0000 - 0x0000000076dff000 	C:\Windows\system32\kernel32.dll
0x000007fefcfc0000 - 0x000007fefd02a000 	C:\Windows\system32\KERNELBASE.dll
0x000007fefe9f0000 - 0x000007fefeacb000 	C:\Windows\system32\ADVAPI32.dll
0x000007fefd430000 - 0x000007fefd4cf000 	C:\Windows\system32\msvcrt.dll
0x000007fefe7c0000 - 0x000007fefe7df000 	C:\Windows\SYSTEM32\sechost.dll
0x000007fefe320000 - 0x000007fefe44d000 	C:\Windows\system32\RPCRT4.dll
0x0000000076e00000 - 0x0000000076efa000 	C:\Windows\system32\USER32.dll
0x000007fefd520000 - 0x000007fefd587000 	C:\Windows\system32\GDI32.dll
0x000007fefd150000 - 0x000007fefd15e000 	C:\Windows\system32\LPK.dll
0x000007fefebb0000 - 0x000007fefec7a000 	C:\Windows\system32\USP10.dll
0x000007fefb0f0000 - 0x000007fefb2e4000 	C:\Windows\WinSxS\amd64_microsoft.windows.common-controls_6595b64144ccf1df_6.0.7601.18837_none_fa3b1e3d17594757\COMCTL32.dll
0x000007feff020000 - 0x000007feff091000 	C:\Windows\system32\SHLWAPI.dll
0x000007feff1e0000 - 0x000007feff20e000 	C:\Windows\system32\IMM32.DLL
0x000007fefd040000 - 0x000007fefd149000 	C:\Windows\system32\MSCTF.dll
0x000007fefcbb0000 - 0x000007fefcbf0000 	C:\Windows\system32\nvinitx.dll
0x0000000072ab0000 - 0x0000000072b82000 	C:\Program Files\Java\jdk1.8.0_65\jre\bin\msvcr100.dll
0x0000000072ee0000 - 0x0000000073769000 	C:\Program Files\Java\jdk1.8.0_65\jre\bin\server\jvm.dll
0x000007fef5b30000 - 0x000007fef5b39000 	C:\Windows\system32\WSOCK32.dll
0x000007fefd4d0000 - 0x000007fefd51d000 	C:\Windows\system32\WS2_32.dll
0x000007fefef70000 - 0x000007fefef78000 	C:\Windows\system32\NSI.dll
0x000007fef98e0000 - 0x000007fef991b000 	C:\Windows\system32\WINMM.dll
0x000007fefbcc0000 - 0x000007fefbccc000 	C:\Windows\system32\VERSION.dll
0x00000000770c0000 - 0x00000000770c7000 	C:\Windows\system32\PSAPI.DLL
0x0000000073c50000 - 0x0000000073c5f000 	C:\Program Files\Java\jdk1.8.0_65\jre\bin\verify.dll
0x0000000073c20000 - 0x0000000073c49000 	C:\Program Files\Java\jdk1.8.0_65\jre\bin\java.dll
0x0000000073ab0000 - 0x0000000073ac6000 	C:\Program Files\Java\jdk1.8.0_65\jre\bin\zip.dll
0x000007fefd590000 - 0x000007fefe31a000 	C:\Windows\system32\SHELL32.dll
0x000007fefe7e0000 - 0x000007fefe9e3000 	C:\Windows\system32\ole32.dll
0x000007fefcc80000 - 0x000007fefcc8f000 	C:\Windows\system32\profapi.dll

VM Arguments:
jvm_args: -Djava.awt.headless=true -Xmx4g -Dfile.encoding=UTF-8 -Duser.country=US -Duser.language=en -Duser.variant 
java_command: com.android.dx.command.Main --dex --force-jumbo --num-threads=4 --multi-dex --output E:\Ohjelmat\Projects\Testi\app\build\intermediates\transforms\dex\debug\folders\1000\10\com.android.support-support-v4-23.4.0_51961ff19a69f6fc402880939aa8426114ae60db E:\Ohjelmat\Projects\Testi\app\build\intermediates\exploded-aar\com.android.support\support-v4\23.4.0\jars\classes.jar
java_class_path (initial): E:\Ohjelmat\AndroidSDK2\build-tools\23.0.3\lib\dx.jar
Launcher Type: SUN_STANDARD

Environment Variables:



---------------  S Y S T E M  ---------------

OS: Windows 7 , 64 bit Build 7601 (6.1.7601.23418)

CPU:total 4 (4 cores per cpu, 1 threads per core) family 6 model 58 stepping 9, cmov, cx8, fxsr, mmx, sse, sse2, sse3, ssse3, sse4.1, sse4.2, popcnt, avx, aes, clmul, erms, tsc, tscinvbit, tscinv

Memory: 4k page, physical 8281492k(765048k free), swap 8803920k(5072k free)

vm_info: Java HotSpot(TM) 64-Bit Server VM (25.65-b01) for windows-amd64 JRE (1.8.0_65-b17), built on Oct  6 2015 16:39:20 by "java_re" with MS VC++ 10.0 (VS2010)

time: Thu Jun 09 21:03:59 2016
elapsed time: 9 seconds (0d 0h 0m 9s)

