#
# There is insufficient memory for the Java Runtime Environment to continue.
# Native memory allocation (malloc) failed to allocate 445584 bytes for Chunk::new
# Possible reasons:
#   The system is out of physical RAM or swap space
#   In 32 bit mode, the process size limit was hit
# Possible solutions:
#   Reduce memory load on the system
#   Increase physical memory or swap space
#   Check if swap backing store is full
#   Use 64 bit Java on a 64 bit OS
#   Decrease Java heap size (-Xmx/-Xms)
#   Decrease number of Java threads
#   Decrease Java thread stack sizes (-Xss)
#   Set larger code cache with -XX:ReservedCodeCacheSize=
# This output file may be truncated or incomplete.
#
#  Out of Memory Error (allocation.cpp:390), pid=5884, tid=2748
#
# JRE version: Java(TM) SE Runtime Environment (8.0_65-b17) (build 1.8.0_65-b17)
# Java VM: Java HotSpot(TM) 64-Bit Server VM (25.65-b01 mixed mode windows-amd64 compressed oops)
# Failed to write core dump. Minidumps are not enabled by default on client versions of Windows
#

---------------  T H R E A D  ---------------

Current thread (0x000000001c4f2000):  JavaThread "C2 CompilerThread0" daemon [_thread_in_native, id=2748, stack(0x000000001d920000,0x000000001da20000)]

Stack: [0x000000001d920000,0x000000001da20000]
[error occurred during error reporting (printing stack bounds), id 0xc0000005]

Native frames: (J=compiled Java code, j=interpreted, Vv=VM code, C=native code)


Current CompileTask:
C2:    993 1310       4       com.android.dx.ssa.back.LivenessAnalyzer::run (231 bytes)


---------------  P R O C E S S  ---------------

Java Threads: ( => current thread )
  0x000000001e0ec000 JavaThread "pool-2-thread-4" [_thread_blocked, id=7264, stack(0x000000001f450000,0x000000001f550000)]
  0x000000001e585800 JavaThread "pool-2-thread-3" [_thread_blocked, id=5332, stack(0x000000001f220000,0x000000001f320000)]
  0x000000001e57c800 JavaThread "pool-2-thread-2" [_thread_blocked, id=5052, stack(0x000000001f000000,0x000000001f100000)]
  0x000000001e0ab000 JavaThread "pool-3-thread-1" [_thread_blocked, id=7600, stack(0x000000001f100000,0x000000001f200000)]
  0x000000001e0ad800 JavaThread "pool-2-thread-1" [_thread_blocked, id=4488, stack(0x000000001ee50000,0x000000001ef50000)]
  0x000000001deac000 JavaThread "Service Thread" daemon [_thread_blocked, id=4216, stack(0x000000001e240000,0x000000001e340000)]
  0x000000001c4fe000 JavaThread "C1 CompilerThread2" daemon [_thread_blocked, id=3224, stack(0x000000001dd40000,0x000000001de40000)]
  0x000000001c4fd000 JavaThread "C2 CompilerThread1" daemon [_thread_in_native, id=7184, stack(0x000000001dc30000,0x000000001dd30000)]
=>0x000000001c4f2000 JavaThread "C2 CompilerThread0" daemon [_thread_in_native, id=2748, stack(0x000000001d920000,0x000000001da20000)]
  0x000000001c4ee800 JavaThread "Attach Listener" daemon [_thread_blocked, id=6216, stack(0x000000001da60000,0x000000001db60000)]
  0x000000001c4ed800 JavaThread "Signal Dispatcher" daemon [_thread_blocked, id=7608, stack(0x000000001d7f0000,0x000000001d8f0000)]
  0x000000001c491000 JavaThread "Finalizer" daemon [_thread_blocked, id=1284, stack(0x000000001d650000,0x000000001d750000)]
  0x000000001c490000 JavaThread "Reference Handler" daemon [_thread_blocked, id=5548, stack(0x000000001d470000,0x000000001d570000)]
  0x000000000249f000 JavaThread "main" [_thread_blocked, id=3292, stack(0x00000000026c0000,0x00000000027c0000)]

Other Threads:
  0x000000001c48a800 VMThread [stack: 0x000000001d310000,0x000000001d410000] [id=6148]
  0x000000001deb2800 WatcherThread [stack: 0x000000001e470000,0x000000001e570000] [id=5796]

VM state:not at safepoint (normal execution)

VM Mutex/Monitor currently owned by a thread: None

Heap:
 PSYoungGen      total 38400K, used 19289K [0x000000076ab00000, 0x000000076f600000, 0x00000007c0000000)
  eden space 33280K, 42% used [0x000000076ab00000,0x000000076b8e0930,0x000000076cb80000)
  from space 5120K, 99% used [0x000000076cb80000,0x000000076d075af8,0x000000076d080000)
  to   space 5120K, 0% used [0x000000076f100000,0x000000076f100000,0x000000076f600000)
 ParOldGen       total 87552K, used 8K [0x00000006c0000000, 0x00000006c5580000, 0x000000076ab00000)
  object space 87552K, 0% used [0x00000006c0000000,0x00000006c0002000,0x00000006c5580000)
 Metaspace       used 6066K, capacity 6960K, committed 7040K, reserved 1056768K
  class space    used 600K, capacity 616K, committed 640K, reserved 1048576K

Card table byte_map: [0x0000000011e50000,0x0000000012660000] byte_map_base: 0x000000000e850000

Marking Bits: (ParMarkBitMap*) 0x00000000557da5b0
 Begin Bits: [0x0000000013300000, 0x0000000017300000)
 End Bits:   [0x0000000017300000, 0x000000001b300000)

Polling page: 0x0000000000240000

CodeCache: size=245760Kb used=5294Kb max_used=5294Kb free=240465Kb
 bounds [0x0000000002a90000, 0x0000000002fc0000, 0x0000000011a90000]
 total_blobs=1583 nmethods=1314 adapters=182
 compilation: enabled

Compilation events (10 events):
Event: 0.932 Thread 0x000000001c4f2000 nmethod 1303 0x0000000002fb6650 code [0x0000000002fb67a0, 0x0000000002fb6a38]
Event: 0.932 Thread 0x000000001c4f2000 1310       4       com.android.dx.ssa.back.LivenessAnalyzer::run (231 bytes)
Event: 0.933 Thread 0x000000001c4fe000 1313       3       com.android.dx.rop.cst.CstArray$List::set (7 bytes)
Event: 0.933 Thread 0x000000001c4fe000 nmethod 1313 0x0000000002f9e550 code [0x0000000002f9e720, 0x0000000002f9ef28]
Event: 0.934 Thread 0x000000001c4fe000 1314       3       com.android.dx.cf.code.LocalVariableList::<init> (6 bytes)
Event: 0.934 Thread 0x000000001c4fe000 nmethod 1314 0x0000000002fb6210 code [0x0000000002fb6380, 0x0000000002fb6508]
Event: 0.935 Thread 0x000000001c4fe000 1317       3       java.util.TreeMap::rotateRight (96 bytes)
Event: 0.935 Thread 0x000000001c4fe000 nmethod 1317 0x0000000002fb7b90 code [0x0000000002fb7d00, 0x0000000002fb8090]
Event: 0.935 Thread 0x000000001c4fe000 1318       3       com.android.dx.rop.cst.CstString::<init> (42 bytes)
Event: 0.936 Thread 0x000000001c4fe000 nmethod 1318 0x0000000002fb7150 code [0x0000000002fb7320, 0x0000000002fb78d8]

GC Heap History (2 events):
Event: 0.762 GC heap before
{Heap before GC invocations=1 (full 0):
 PSYoungGen      total 38400K, used 33280K [0x000000076ab00000, 0x000000076d580000, 0x00000007c0000000)
  eden space 33280K, 100% used [0x000000076ab00000,0x000000076cb80000,0x000000076cb80000)
  from space 5120K, 0% used [0x000000076d080000,0x000000076d080000,0x000000076d580000)
  to   space 5120K, 0% used [0x000000076cb80000,0x000000076cb80000,0x000000076d080000)
 ParOldGen       total 87552K, used 0K [0x00000006c0000000, 0x00000006c5580000, 0x000000076ab00000)
  object space 87552K, 0% used [0x00000006c0000000,0x00000006c0000000,0x00000006c5580000)
 Metaspace       used 5942K, capacity 6832K, committed 7040K, reserved 1056768K
  class space    used 600K, capacity 616K, committed 640K, reserved 1048576K
Event: 0.785 GC heap after
Heap after GC invocations=1 (full 0):
 PSYoungGen      total 38400K, used 5078K [0x000000076ab00000, 0x000000076f600000, 0x00000007c0000000)
  eden space 33280K, 0% used [0x000000076ab00000,0x000000076ab00000,0x000000076cb80000)
  from space 5120K, 99% used [0x000000076cb80000,0x000000076d075af8,0x000000076d080000)
  to   space 5120K, 0% used [0x000000076f100000,0x000000076f100000,0x000000076f600000)
 ParOldGen       total 87552K, used 8K [0x00000006c0000000, 0x00000006c5580000, 0x000000076ab00000)
  object space 87552K, 0% used [0x00000006c0000000,0x00000006c0002000,0x00000006c5580000)
 Metaspace       used 5942K, capacity 6832K, committed 7040K, reserved 1056768K
  class space    used 600K, capacity 616K, committed 640K, reserved 1048576K
}

Deoptimization events (5 events):
Event: 0.231 Thread 0x000000000249f000 Uncommon trap: reason=unstable_if action=reinterpret pc=0x0000000002be9828 method=java.lang.String.compareTo(Ljava/lang/String;)I @ 38
Event: 0.478 Thread 0x000000001e0ad800 Uncommon trap: reason=unstable_if action=reinterpret pc=0x0000000002cb55e0 method=java.util.HashMap.getNode(ILjava/lang/Object;)Ljava/util/HashMap$Node; @ 62
Event: 0.596 Thread 0x000000001e0ad800 Uncommon trap: reason=unstable_if action=reinterpret pc=0x0000000002ce3f18 method=java.util.HashMap.getNode(ILjava/lang/Object;)Ljava/util/HashMap$Node; @ 62
Event: 0.727 Thread 0x000000001e0ad800 Uncommon trap: reason=unstable_if action=reinterpret pc=0x0000000002cb3834 method=java.util.BitSet.nextSetBit(I)I @ 87
Event: 0.877 Thread 0x000000001e0ad800 Uncommon trap: reason=unstable_if action=reinterpret pc=0x0000000002e276dc method=com.android.dx.rop.cst.Constant.compareTo(Lcom/android/dx/rop/cst/Constant;)I @ 12

Internal exceptions (2 events):
Event: 0.055 Thread 0x000000000249f000 Exception <a 'java/lang/NoSuchMethodError': Method sun.misc.Unsafe.defineClass(Ljava/lang/String;[BII)Ljava/lang/Class; name or signature does not match> (0x000000076ab0d6e8) thrown at [C:\workspace\8-2-build-windows-amd64-cygwin\jdk8u65\4987\hotspot\src\s÷òëX˜N¬?
Event: 0.055 Thread 0x000000000249f000 Exception <a 'java/lang/NoSuchMethodError': Method sun.misc.Unsafe.prefetchRead(Ljava/lang/Object;J)V name or signature does not match> (0x000000076ab0d9d0) thrown at [C:\workspace\8-2-build-windows-amd64-cygwin\jdk8u65\4987\hotspot\src\share\vm\prims\jni.

Events (10 events):
Event: 0.718 loading class com/android/dx/dex/file/FieldAnnotationStruct
Event: 0.718 loading class com/android/dx/dex/file/FieldAnnotationStruct done
Event: 0.727 Thread 0x000000001e0ad800 Uncommon trap: trap_request=0xffffff65 fr.pc=0x0000000002cb3834
Event: 0.727 Thread 0x000000001e0ad800 DEOPT PACKING pc=0x0000000002cb3834 sp=0x000000001ef4eaf0
Event: 0.727 Thread 0x000000001e0ad800 DEOPT UNPACKING pc=0x0000000002ad582a sp=0x000000001ef4ea88 mode 2
Event: 0.762 Executing VM operation: ParallelGCFailedAllocation
Event: 0.785 Executing VM operation: ParallelGCFailedAllocation done
Event: 0.877 Thread 0x000000001e0ad800 Uncommon trap: trap_request=0xffffff65 fr.pc=0x0000000002e276dc
Event: 0.877 Thread 0x000000001e0ad800 DEOPT PACKING pc=0x0000000002e276dc sp=0x000000001ef4e710
Event: 0.877 Thread 0x000000001e0ad800 DEOPT UNPACKING pc=0x0000000002ad582a sp=0x000000001ef4e6b0 mode 2


Dynamic libraries:
0x000000013f720000 - 0x000000013f757000 	C:\Program Files\Java\jdk1.8.0_65\bin\java.exe
0x0000000077270000 - 0x000000007741a000 	C:\Windows\SYSTEM32\ntdll.dll
0x0000000077150000 - 0x000000007726f000 	C:\Windows\system32\kernel32.dll
0x000007fefd010000 - 0x000007fefd07a000 	C:\Windows\system32\KERNELBASE.dll
0x000007feff2c0000 - 0x000007feff39b000 	C:\Windows\system32\ADVAPI32.dll
0x000007fefda90000 - 0x000007fefdb2f000 	C:\Windows\system32\msvcrt.dll
0x000007fefd7f0000 - 0x000007fefd80f000 	C:\Windows\SYSTEM32\sechost.dll
0x000007fefd890000 - 0x000007fefd9bd000 	C:\Windows\system32\RPCRT4.dll
0x0000000077050000 - 0x000000007714a000 	C:\Windows\system32\USER32.dll
0x000007fefe0d0000 - 0x000007fefe137000 	C:\Windows\system32\GDI32.dll
0x000007fefd3b0000 - 0x000007fefd3be000 	C:\Windows\system32\LPK.dll
0x000007feff160000 - 0x000007feff22a000 	C:\Windows\system32\USP10.dll
0x000007fefb460000 - 0x000007fefb654000 	C:\Windows\WinSxS\amd64_microsoft.windows.common-controls_6595b64144ccf1df_6.0.7601.18837_none_fa3b1e3d17594757\COMCTL32.dll
0x000007fefd810000 - 0x000007fefd881000 	C:\Windows\system32\SHLWAPI.dll
0x000007fefda60000 - 0x000007fefda8e000 	C:\Windows\system32\IMM32.DLL
0x000007fefd6e0000 - 0x000007fefd7e9000 	C:\Windows\system32\MSCTF.dll
0x000007fefcf20000 - 0x000007fefcf60000 	C:\Windows\system32\nvinitx.dll
0x00000000659f0000 - 0x0000000065ac2000 	C:\Program Files\Java\jdk1.8.0_65\jre\bin\msvcr100.dll
0x0000000054fd0000 - 0x0000000055859000 	C:\Program Files\Java\jdk1.8.0_65\jre\bin\server\jvm.dll
0x000007fef65c0000 - 0x000007fef65c9000 	C:\Windows\system32\WSOCK32.dll
0x000007fefd3c0000 - 0x000007fefd40d000 	C:\Windows\system32\WS2_32.dll
0x000007feff230000 - 0x000007feff238000 	C:\Windows\system32\NSI.dll
0x000007fef9cf0000 - 0x000007fef9d2b000 	C:\Windows\system32\WINMM.dll
0x000007fefc030000 - 0x000007fefc03c000 	C:\Windows\system32\VERSION.dll
0x0000000077430000 - 0x0000000077437000 	C:\Windows\system32\PSAPI.DLL
0x0000000073a80000 - 0x0000000073a8f000 	C:\Program Files\Java\jdk1.8.0_65\jre\bin\verify.dll
0x00000000709d0000 - 0x00000000709f9000 	C:\Program Files\Java\jdk1.8.0_65\jre\bin\java.dll
0x000000006ff50000 - 0x000000006ff66000 	C:\Program Files\Java\jdk1.8.0_65\jre\bin\zip.dll
0x000007fefe3d0000 - 0x000007feff15a000 	C:\Windows\system32\SHELL32.dll
0x000007fefdb90000 - 0x000007fefdd93000 	C:\Windows\system32\ole32.dll
0x000007fefcff0000 - 0x000007fefcfff000 	C:\Windows\system32\profapi.dll

VM Arguments:
jvm_args: -Djava.awt.headless=true -Xmx4g -Dfile.encoding=windows-1252 -Duser.country=US -Duser.language=en -Duser.variant 
java_command: com.android.dx.command.Main --dex --force-jumbo --num-threads=4 --multi-dex --output E:\Ohjelmat\Projects\Testi\app\build\intermediates\transforms\dex\debug\folders\1000\10\com.android.support-support-v4-23.4.0_51961ff19a69f6fc402880939aa8426114ae60db E:\Ohjelmat\Projects\Testi\app\build\intermediates\exploded-aar\com.android.support\support-v4\23.4.0\jars\classes.jar
java_class_path (initial): E:\Ohjelmat\AndroidSDK2\build-tools\23.0.3\lib\dx.jar
Launcher Type: SUN_STANDARD

Environment Variables:
PATH=C:\ProgramData\Oracle\Java\javapath;C:\Program Files\Common Files\Microsoft Shared\Windows Live;C:\Program Files (x86)\Common Files\Microsoft Shared\Windows Live;C:\Program Files (x86)\NVIDIA Corporation\PhysX\Common;C:\Windows\system32;C:\Windows;C:\Windows\System32\Wbem;C:\Windows\System32\WindowsPowerShell\v1.0\;C:\Program Files (x86)\Windows Live\Shared;E:\Ohjelmat\Matlab\runtime\win64;E:\Ohjelmat\Matlab\bin;E:\Ohjelmat\Matlab\polyspace\bin;E:\Ohjelmat\MCR\v717\runtime\win64;E:\Ohjelmat\Singular\Surfer\bin;C:\Program Files\Java\jre1.8.0_73\bin;
USERNAME=Harkonen
OS=Windows_NT
PROCESSOR_IDENTIFIER=Intel64 Family 6 Model 58 Stepping 9, GenuineIntel



---------------  S Y S T E M  ---------------

OS: Windows 7 , 64 bit Build 7601 (6.1.7601.23418)

CPU:total 4 (4 cores per cpu, 1 threads per core) family 6 model 58 stepping 9, cmov, cx8, fxsr, mmx, sse, sse2, sse3, ssse3, sse4.1, sse4.2, popcnt, avx, aes, clmul, erms, tsc, tscinvbit, tscinv

Memory: 4k page, physical 8281492k(1181784k free), swap 8803920k(6328k free)

vm_info: Java HotSpot(TM) 64-Bit Server VM (25.65-b01) for windows-amd64 JRE (1.8.0_65-b17), built on Oct  6 2015 16:39:20 by "java_re" with MS VC++ 10.0 (VS2010)

time: Sun Jun 05 23:08:51 2016
elapsed time: 0 seconds (0d 0h 0m 0s)

