#
# There is insufficient memory for the Java Runtime Environment to continue.
# Native memory allocation (malloc) failed to allocate 457760 bytes for Chunk::new
# Possible reasons:
#   The system is out of physical RAM or swap space
#   In 32 bit mode, the process size limit was hit
# Possible solutions:
#   Reduce memory load on the system
#   Increase physical memory or swap space
#   Check if swap backing store is full
#   Use 64 bit Java on a 64 bit OS
#   Decrease Java heap size (-Xmx/-Xms)
#   Decrease number of Java threads
#   Decrease Java thread stack sizes (-Xss)
#   Set larger code cache with -XX:ReservedCodeCacheSize=
# This output file may be truncated or incomplete.
#
#  Out of Memory Error (allocation.cpp:390), pid=3676, tid=5972
#
# JRE version: Java(TM) SE Runtime Environment (8.0_65-b17) (build 1.8.0_65-b17)
# Java VM: Java HotSpot(TM) 64-Bit Server VM (25.65-b01 mixed mode windows-amd64 compressed oops)
# Failed to write core dump. Minidumps are not enabled by default on client versions of Windows
#

---------------  T H R E A D  ---------------

Current thread (0x000000001c2c2800):  JavaThread "C2 CompilerThread1" daemon [_thread_in_native, id=5972, stack(0x000000001db80000,0x000000001dc80000)]

Stack: [0x000000001db80000,0x000000001dc80000]
[error occurred during error reporting (printing stack bounds), id 0xc0000005]

Native frames: (J=compiled Java code, j=interpreted, Vv=VM code, C=native code)


Current CompileTask:
C2:   2971 1897       4       com.android.dx.cf.code.Simulator$SimVisitor::visitConstant (332 bytes)


---------------  P R O C E S S  ---------------

Java Threads: ( => current thread )
  0x000000001e8d0000 JavaThread "pool-2-thread-4" [_thread_blocked, id=5228, stack(0x0000000020050000,0x0000000020150000)]
  0x000000001e8cf000 JavaThread "pool-2-thread-3" [_thread_blocked, id=5128, stack(0x000000001fcc0000,0x000000001fdc0000)]
  0x000000001e914800 JavaThread "pool-2-thread-2" [_thread_blocked, id=4196, stack(0x000000001d7a0000,0x000000001d8a0000)]
  0x000000001e09b000 JavaThread "pool-3-thread-1" [_thread_blocked, id=6744, stack(0x000000001d550000,0x000000001d650000)]
  0x000000001eb77000 JavaThread "pool-2-thread-1" [_thread_blocked, id=6180, stack(0x000000001fdf0000,0x000000001fef0000)]
  0x000000001de5b800 JavaThread "Service Thread" daemon [_thread_blocked, id=6924, stack(0x000000001e240000,0x000000001e340000)]
  0x000000001c2c3800 JavaThread "C1 CompilerThread2" daemon [_thread_blocked, id=3796, stack(0x000000001dcf0000,0x000000001ddf0000)]
=>0x000000001c2c2800 JavaThread "C2 CompilerThread1" daemon [_thread_in_native, id=5972, stack(0x000000001db80000,0x000000001dc80000)]
  0x000000001c2be800 JavaThread "C2 CompilerThread0" daemon [_thread_in_native, id=4744, stack(0x000000001da00000,0x000000001db00000)]
  0x000000001c2cd000 JavaThread "Attach Listener" daemon [_thread_blocked, id=1152, stack(0x000000001d1d0000,0x000000001d2d0000)]
  0x000000001c2cb800 JavaThread "Signal Dispatcher" daemon [_thread_blocked, id=4804, stack(0x000000001d8a0000,0x000000001d9a0000)]
  0x000000001c261000 JavaThread "Finalizer" daemon [_thread_blocked, id=4940, stack(0x000000001d670000,0x000000001d770000)]
  0x000000001c260000 JavaThread "Reference Handler" daemon [_thread_blocked, id=4516, stack(0x000000001d450000,0x000000001d550000)]
  0x00000000024ef000 JavaThread "main" [_thread_blocked, id=4048, stack(0x0000000002650000,0x0000000002750000)]

Other Threads:
  0x000000001c25a800 VMThread [stack: 0x000000001d310000,0x000000001d410000] [id=4772]
  0x000000001de65800 WatcherThread [stack: 0x000000001e3e0000,0x000000001e4e0000] [id=5452]

VM state:not at safepoint (normal execution)

VM Mutex/Monitor currently owned by a thread: None

Heap:
 PSYoungGen      total 138240K, used 120252K [0x000000076ab00000, 0x0000000773700000, 0x00000007c0000000)
  eden space 133120K, 86% used [0x000000076ab00000,0x0000000771b701e8,0x0000000772d00000)
  from space 5120K, 99% used [0x0000000773200000,0x00000007736fee88,0x0000000773700000)
  to   space 5120K, 0% used [0x0000000772d00000,0x0000000772d00000,0x0000000773200000)
 ParOldGen       total 87552K, used 18456K [0x00000006c0000000, 0x00000006c5580000, 0x000000076ab00000)
  object space 87552K, 21% used [0x00000006c0000000,0x00000006c1206288,0x00000006c5580000)
 Metaspace       used 6280K, capacity 7128K, committed 7424K, reserved 1056768K
  class space    used 618K, capacity 656K, committed 768K, reserved 1048576K

Card table byte_map: [0x0000000011de0000,0x00000000125f0000] byte_map_base: 0x000000000e7e0000

Marking Bits: (ParMarkBitMap*) 0x000000005c3aa5b0
 Begin Bits: [0x00000000130d0000, 0x00000000170d0000)
 End Bits:   [0x00000000170d0000, 0x000000001b0d0000)

Polling page: 0x0000000000140000

CodeCache: size=245760Kb used=7927Kb max_used=7931Kb free=237832Kb
 bounds [0x0000000002a20000, 0x00000000031f0000, 0x0000000011a20000]
 total_blobs=2149 nmethods=1880 adapters=182
 compilation: enabled

Compilation events (10 events):
Event: 2.831 Thread 0x000000001c2c3800 1907       2       java.util.Arrays::copyOf (19 bytes)
Event: 2.831 Thread 0x000000001c2c3800 nmethod 1907 0x00000000031d33d0 code [0x00000000031d3540, 0x00000000031d37a8]
Event: 2.892 Thread 0x000000001c2c3800 1912       2       java.lang.Class::getGenericInfo (52 bytes)
Event: 2.893 Thread 0x000000001c2c3800 nmethod 1912 0x00000000031d7690 code [0x00000000031d7820, 0x00000000031d7c88]
Event: 2.939 Thread 0x000000001c2c3800 1914       2       com.android.dx.ssa.SsaMethod$1::visitMoveInsn (17 bytes)
Event: 2.939 Thread 0x000000001c2c3800 nmethod 1914 0x00000000031d7150 code [0x00000000031d72c0, 0x00000000031d74d0]
Event: 2.963 Thread 0x000000001c2c3800 1915       2       java.util.concurrent.locks.AbstractQueuedSynchronizer$Node::predecessor (19 bytes)
Event: 2.964 Thread 0x000000001c2c3800 nmethod 1915 0x00000000031d2ed0 code [0x00000000031d3040, 0x00000000031d3248]
Event: 2.964 Thread 0x000000001c2c3800 1916       2       java.util.concurrent.locks.ReentrantLock::unlock (10 bytes)
Event: 2.964 Thread 0x000000001c2c3800 nmethod 1916 0x00000000031d6cd0 code [0x00000000031d6e40, 0x00000000031d7038]

GC Heap History (8 events):
Event: 0.471 GC heap before
{Heap before GC invocations=1 (full 0):
 PSYoungGen      total 38400K, used 33280K [0x000000076ab00000, 0x000000076d580000, 0x00000007c0000000)
  eden space 33280K, 100% used [0x000000076ab00000,0x000000076cb80000,0x000000076cb80000)
  from space 5120K, 0% used [0x000000076d080000,0x000000076d080000,0x000000076d580000)
  to   space 5120K, 0% used [0x000000076cb80000,0x000000076cb80000,0x000000076d080000)
 ParOldGen       total 87552K, used 0K [0x00000006c0000000, 0x00000006c5580000, 0x000000076ab00000)
  object space 87552K, 0% used [0x00000006c0000000,0x00000006c0000000,0x00000006c5580000)
 Metaspace       used 4157K, capacity 5296K, committed 5376K, reserved 1056768K
  class space    used 461K, capacity 488K, committed 512K, reserved 1048576K
Event: 0.545 GC heap after
Heap after GC invocations=1 (full 0):
 PSYoungGen      total 38400K, used 2072K [0x000000076ab00000, 0x000000076f600000, 0x00000007c0000000)
  eden space 33280K, 0% used [0x000000076ab00000,0x000000076ab00000,0x000000076cb80000)
  from space 5120K, 40% used [0x000000076cb80000,0x000000076cd863b0,0x000000076d080000)
  to   space 5120K, 0% used [0x000000076f100000,0x000000076f100000,0x000000076f600000)
 ParOldGen       total 87552K, used 0K [0x00000006c0000000, 0x00000006c5580000, 0x000000076ab00000)
  object space 87552K, 0% used [0x00000006c0000000,0x00000006c0000000,0x00000006c5580000)
 Metaspace       used 4157K, capacity 5296K, committed 5376K, reserved 1056768K
  class space    used 461K, capacity 488K, committed 512K, reserved 1048576K
}
Event: 1.010 GC heap before
{Heap before GC invocations=2 (full 0):
 PSYoungGen      total 38400K, used 35352K [0x000000076ab00000, 0x000000076f600000, 0x00000007c0000000)
  eden space 33280K, 100% used [0x000000076ab00000,0x000000076cb80000,0x000000076cb80000)
  from space 5120K, 40% used [0x000000076cb80000,0x000000076cd863b0,0x000000076d080000)
  to   space 5120K, 0% used [0x000000076f100000,0x000000076f100000,0x000000076f600000)
 ParOldGen       total 87552K, used 0K [0x00000006c0000000, 0x00000006c5580000, 0x000000076ab00000)
  object space 87552K, 0% used [0x00000006c0000000,0x00000006c0000000,0x00000006c5580000)
 Metaspace       used 5875K, capacity 6832K, committed 7040K, reserved 1056768K
  class space    used 595K, capacity 616K, committed 640K, reserved 1048576K
Event: 1.053 GC heap after
Heap after GC invocations=2 (full 0):
 PSYoungGen      total 71680K, used 5101K [0x000000076ab00000, 0x000000076f600000, 0x00000007c0000000)
  eden space 66560K, 0% used [0x000000076ab00000,0x000000076ab00000,0x000000076ec00000)
  from space 5120K, 99% used [0x000000076f100000,0x000000076f5fb560,0x000000076f600000)
  to   space 5120K, 0% used [0x000000076ec00000,0x000000076ec00000,0x000000076f100000)
 ParOldGen       total 87552K, used 2057K [0x00000006c0000000, 0x00000006c5580000, 0x000000076ab00000)
  object space 87552K, 2% used [0x00000006c0000000,0x00000006c0202760,0x00000006c5580000)
 Metaspace       used 5875K, capacity 6832K, committed 7040K, reserved 1056768K
  class space    used 595K, capacity 616K, committed 640K, reserved 1048576K
}
Event: 1.474 GC heap before
{Heap before GC invocations=3 (full 0):
 PSYoungGen      total 71680K, used 71661K [0x000000076ab00000, 0x000000076f600000, 0x00000007c0000000)
  eden space 66560K, 100% used [0x000000076ab00000,0x000000076ec00000,0x000000076ec00000)
  from space 5120K, 99% used [0x000000076f100000,0x000000076f5fb560,0x000000076f600000)
  to   space 5120K, 0% used [0x000000076ec00000,0x000000076ec00000,0x000000076f100000)
 ParOldGen       total 87552K, used 2057K [0x00000006c0000000, 0x00000006c5580000, 0x000000076ab00000)
  object space 87552K, 2% used [0x00000006c0000000,0x00000006c0202760,0x00000006c5580000)
 Metaspace       used 6056K, capacity 6936K, committed 7168K, reserved 1056768K
  class space    used 616K, capacity 656K, committed 768K, reserved 1048576K
Event: 1.502 GC heap after
Heap after GC invocations=3 (full 0):
 PSYoungGen      total 71680K, used 5098K [0x000000076ab00000, 0x0000000773700000, 0x00000007c0000000)
  eden space 66560K, 0% used [0x000000076ab00000,0x000000076ab00000,0x000000076ec00000)
  from space 5120K, 99% used [0x000000076ec00000,0x000000076f0fa8a0,0x000000076f100000)
  to   space 5120K, 0% used [0x0000000773200000,0x0000000773200000,0x0000000773700000)
 ParOldGen       total 87552K, used 10413K [0x00000006c0000000, 0x00000006c5580000, 0x000000076ab00000)
  object space 87552K, 11% used [0x00000006c0000000,0x00000006c0a2b608,0x00000006c5580000)
 Metaspace       used 6056K, capacity 6936K, committed 7168K, reserved 1056768K
  class space    used 616K, capacity 656K, committed 768K, reserved 1048576K
}
Event: 1.826 GC heap before
{Heap before GC invocations=4 (full 0):
 PSYoungGen      total 71680K, used 71658K [0x000000076ab00000, 0x0000000773700000, 0x00000007c0000000)
  eden space 66560K, 100% used [0x000000076ab00000,0x000000076ec00000,0x000000076ec00000)
  from space 5120K, 99% used [0x000000076ec00000,0x000000076f0fa8a0,0x000000076f100000)
  to   space 5120K, 0% used [0x0000000773200000,0x0000000773200000,0x0000000773700000)
 ParOldGen       total 87552K, used 10413K [0x00000006c0000000, 0x00000006c5580000, 0x000000076ab00000)
  object space 87552K, 11% used [0x00000006c0000000,0x00000006c0a2b608,0x00000006c5580000)
 Metaspace       used 6161K, capacity 7064K, committed 7424K, reserved 1056768K
  class space    used 616K, capacity 656K, committed 768K, reserved 1048576K
Event: 1.897 GC heap after
Heap after GC invocations=4 (full 0):
 PSYoungGen      total 138240K, used 5115K [0x000000076ab00000, 0x0000000773700000, 0x00000007c0000000)
  eden space 133120K, 0% used [0x000000076ab00000,0x000000076ab00000,0x0000000772d00000)
  from space 5120K, 99% used [0x0000000773200000,0x00000007736fee88,0x0000000773700000)
  to   space 5120K, 0% used [0x0000000772d00000,0x0000000772d00000,0x0000000773200000)
 ParOldGen       total 87552K, used 18456K [0x00000006c0000000, 0x00000006c5580000, 0x000000076ab00000)
  object space 87552K, 21% used [0x00000006c0000000,0x00000006c1206288,0x00000006c5580000)
 Metaspace       used 6161K, capacity 7064K, committed 7424K, reserved 1056768K
  class space    used 616K, capacity 656K, committed 768K, reserved 1048576K
}

Deoptimization events (10 events):
Event: 1.076 Thread 0x000000001e8cf000 Uncommon trap: reason=unstable_if action=reinterpret pc=0x0000000002cbf8fc method=com.android.dx.rop.code.RegisterSpec.equals(ILcom/android/dx/rop/type/TypeBearer;Lcom/android/dx/rop/code/LocalItem;)Z @ 42
Event: 1.144 Thread 0x000000001e8d0000 Uncommon trap: reason=unstable_if action=reinterpret pc=0x0000000002cc865c method=java.util.HashMap.putVal(ILjava/lang/Object;Ljava/lang/Object;ZZ)Ljava/lang/Object; @ 162
Event: 1.146 Thread 0x000000001e8d0000 Uncommon trap: reason=unstable_if action=reinterpret pc=0x0000000002cc30b4 method=java.util.HashMap.getNode(ILjava/lang/Object;)Ljava/util/HashMap$Node; @ 84
Event: 1.146 Thread 0x000000001e8d0000 Uncommon trap: reason=unstable_if action=reinterpret pc=0x0000000002cb8fe4 method=java.util.HashMap.getNode(ILjava/lang/Object;)Ljava/util/HashMap$Node; @ 84
Event: 1.179 Thread 0x000000001e914800 Uncommon trap: reason=unstable_if action=reinterpret pc=0x0000000002e4b30c method=java.util.HashMap.putVal(ILjava/lang/Object;Ljava/lang/Object;ZZ)Ljava/lang/Object; @ 109
Event: 1.200 Thread 0x000000001e8cf000 Uncommon trap: reason=unstable_if action=reinterpret pc=0x0000000002da0fdc method=com.android.dx.ssa.SsaMethod.updateOneDefinition(Lcom/android/dx/ssa/SsaInsn;Lcom/android/dx/rop/code/RegisterSpec;)V @ 4
Event: 1.241 Thread 0x00000000024ef000 Uncommon trap: reason=unstable_if action=reinterpret pc=0x0000000002bf5a04 method=java.lang.String.<init>([CII)V @ 18
Event: 1.602 Thread 0x000000001e8d0000 Uncommon trap: reason=unstable_if action=reinterpret pc=0x0000000002f531f4 method=com.android.dx.ssa.LocalVariableExtractor.processBlock(I)V @ 251
Event: 2.045 Thread 0x000000001eb77000 Uncommon trap: reason=unstable_if action=reinterpret pc=0x000000000301a958 method=com.android.dx.ssa.MoveParamCombiner$1.visitNonMoveInsn(Lcom/android/dx/ssa/NormalSsaInsn;)V @ 27
Event: 2.454 Thread 0x000000001e8cf000 Uncommon trap: reason=unstable_if action=reinterpret pc=0x00000000030ee578 method=com.android.dx.cf.code.Ropper.isSynchronized()Z @ 12

Internal exceptions (8 events):
Event: 0.100 Thread 0x00000000024ef000 Exception <a 'java/lang/NoSuchMethodError': Method sun.misc.Unsafe.defineClass(Ljava/lang/String;[BII)Ljava/lang/Class; name or signature does not match> (0x000000076ab0d4a8) thrown at [C:\workspace\8-2-build-windows-amd64-cygwin\jdk8u65\4987\hotspot\src\s·aþZª‹¹?
Event: 0.100 Thread 0x00000000024ef000 Exception <a 'java/lang/NoSuchMethodError': Method sun.misc.Unsafe.prefetchRead(Ljava/lang/Object;J)V name or signature does not match> (0x000000076ab0d790) thrown at [C:\workspace\8-2-build-windows-amd64-cygwin\jdk8u65\4987\hotspot\src\share\vm\prims\jni.^¸è?
Event: 0.773 Thread 0x000000001eb77000 Implicit null exception at 0x0000000002cbe5e2 to 0x0000000002cbe6e9
Event: 0.982 Thread 0x00000000024ef000 Implicit null exception at 0x0000000002cd82be to 0x0000000002cd9295
Event: 0.982 Thread 0x00000000024ef000 Implicit null exception at 0x0000000002ccfd3c to 0x0000000002cd18f5
Event: 1.145 Thread 0x000000001e8d0000 Exception <a 'java/lang/ArrayIndexOutOfBoundsException': 18> (0x000000076be02388) thrown at [C:\workspace\8-2-build-windows-amd64-cygwin\jdk8u65\4987\hotspot\src\share\vm\interpreter\interpreterRuntime.cpp, line 366]
Event: 1.145 Thread 0x000000001e8d0000 Exception <a 'java/lang/ArrayIndexOutOfBoundsException': 145> (0x000000076be03f08) thrown at [C:\workspace\8-2-build-windows-amd64-cygwin\jdk8u65\4987\hotspot\src\share\vm\interpreter\interpreterRuntime.cpp, line 366]
Event: 1.146 Thread 0x000000001e8d0000 Exception <a 'java/lang/ArrayIndexOutOfBoundsException': 40> (0x000000076be051f0) thrown at [C:\workspace\8-2-build-windows-amd64-cygwin\jdk8u65\4987\hotspot\src\share\vm\interpreter\interpreterRuntime.cpp, line 366]

Events (10 events):
Event: 2.643 loading class com/android/dx/cf/attrib/AttRuntimeVisibleAnnotations
Event: 2.643 loading class com/android/dx/cf/attrib/AttRuntimeVisibleAnnotations done
Event: 2.643 loading class com/android/dx/cf/attrib/BaseAnnotations
Event: 2.643 loading class com/android/dx/cf/attrib/BaseAnnotations done
Event: 2.650 Thread 0x000000001e8cf000 DEOPT PACKING pc=0x0000000002e2aedc sp=0x000000001fdbebd0
Event: 2.650 Thread 0x000000001e8cf000 DEOPT UNPACKING pc=0x0000000002a6787f sp=0x000000001fdbe950 mode 0
Event: 2.663 Thread 0x000000001eb77000 DEOPT PACKING pc=0x0000000002de2573 sp=0x000000001feee570
Event: 2.663 Thread 0x000000001eb77000 DEOPT UNPACKING pc=0x0000000002a6787f sp=0x000000001feee380 mode 0
Event: 2.688 Thread 0x000000001e914800 DEOPT PACKING pc=0x0000000002f9bdcb sp=0x000000001d89e920
Event: 2.688 Thread 0x000000001e914800 DEOPT UNPACKING pc=0x0000000002a6787f sp=0x000000001d89e668 mode 0


Dynamic libraries:
0x000000013fe80000 - 0x000000013feb7000 	C:\Program Files\Java\jdk1.8.0_65\bin\java.exe
0x0000000076f00000 - 0x00000000770aa000 	C:\Windows\SYSTEM32\ntdll.dll
0x0000000076ce0000 - 0x0000000076dff000 	C:\Windows\system32\kernel32.dll
0x000007fefcfc0000 - 0x000007fefd02a000 	C:\Windows\system32\KERNELBASE.dll
0x000007fefe9f0000 - 0x000007fefeacb000 	C:\Windows\system32\ADVAPI32.dll
0x000007fefd430000 - 0x000007fefd4cf000 	C:\Windows\system32\msvcrt.dll
0x000007fefe7c0000 - 0x000007fefe7df000 	C:\Windows\SYSTEM32\sechost.dll
0x000007fefe320000 - 0x000007fefe44d000 	C:\Windows\system32\RPCRT4.dll
0x0000000076e00000 - 0x0000000076efa000 	C:\Windows\system32\USER32.dll
0x000007fefd520000 - 0x000007fefd587000 	C:\Windows\system32\GDI32.dll
0x000007fefd150000 - 0x000007fefd15e000 	C:\Windows\system32\LPK.dll
0x000007fefebb0000 - 0x000007fefec7a000 	C:\Windows\system32\USP10.dll
0x000007fefb0f0000 - 0x000007fefb2e4000 	C:\Windows\WinSxS\amd64_microsoft.windows.common-controls_6595b64144ccf1df_6.0.7601.18837_none_fa3b1e3d17594757\COMCTL32.dll
0x000007feff020000 - 0x000007feff091000 	C:\Windows\system32\SHLWAPI.dll
0x000007feff1e0000 - 0x000007feff20e000 	C:\Windows\system32\IMM32.DLL
0x000007fefd040000 - 0x000007fefd149000 	C:\Windows\system32\MSCTF.dll
0x000007fefcbb0000 - 0x000007fefcbf0000 	C:\Windows\system32\nvinitx.dll
0x000000006b8f0000 - 0x000000006b9c2000 	C:\Program Files\Java\jdk1.8.0_65\jre\bin\msvcr100.dll
0x000000005bba0000 - 0x000000005c429000 	C:\Program Files\Java\jdk1.8.0_65\jre\bin\server\jvm.dll
0x000007fef5b30000 - 0x000007fef5b39000 	C:\Windows\system32\WSOCK32.dll
0x000007fefd4d0000 - 0x000007fefd51d000 	C:\Windows\system32\WS2_32.dll
0x000007fefef70000 - 0x000007fefef78000 	C:\Windows\system32\NSI.dll
0x000007fef98e0000 - 0x000007fef991b000 	C:\Windows\system32\WINMM.dll
0x000007fefbcc0000 - 0x000007fefbccc000 	C:\Windows\system32\VERSION.dll
0x00000000770c0000 - 0x00000000770c7000 	C:\Windows\system32\PSAPI.DLL
0x0000000073bc0000 - 0x0000000073bcf000 	C:\Program Files\Java\jdk1.8.0_65\jre\bin\verify.dll
0x00000000739e0000 - 0x0000000073a09000 	C:\Program Files\Java\jdk1.8.0_65\jre\bin\java.dll
0x00000000737c0000 - 0x00000000737d6000 	C:\Program Files\Java\jdk1.8.0_65\jre\bin\zip.dll
0x000007fefd590000 - 0x000007fefe31a000 	C:\Windows\system32\SHELL32.dll
0x000007fefe7e0000 - 0x000007fefe9e3000 	C:\Windows\system32\ole32.dll
0x000007fefcc80000 - 0x000007fefcc8f000 	C:\Windows\system32\profapi.dll

VM Arguments:
jvm_args: -Djava.awt.headless=true -Xmx4g -Dfile.encoding=UTF-8 -Duser.country=US -Duser.language=en -Duser.variant 
java_command: com.android.dx.command.Main --dex --force-jumbo --num-threads=4 --multi-dex --output E:\Ohjelmat\Projects\Testi\app\build\intermediates\transforms\dex\debug\folders\1000\2\meconsole010_0d132ad16fe5638aead843cb3c7f48fe2cc45054 E:\Ohjelmat\Projects\Testi\app\libs\meconsole010.jar
java_class_path (initial): E:\Ohjelmat\AndroidSDK2\build-tools\23.0.3\lib\dx.jar
Launcher Type: SUN_STANDARD

Environment Variables:
PATH=C:\ProgramData\Oracle\Java\javapath;C:\Program Files\Common Files\Microsoft Shared\Windows Live;C:\Program Files (x86)\Common Files\Microsoft Shared\Windows Live;C:\Program Files (x86)\NVIDIA Corporation\PhysX\Common;C:\Windows\system32;C:\Windows;C:\Windows\System32\Wbem;C:\Windows\System32\WindowsPowerShell\v1.0\;C:\Program Files (x86)\Windows Live\Shared;E:\Ohjelmat\Matlab\runtime\win64;E:\Ohjelmat\Matlab\bin;E:\Ohjelmat\Matlab\polyspace\bin;E:\Ohjelmat\MCR\v717\runtime\win64;E:\Ohjelmat\Singular\Surfer\bin;C:\Program Files\Java\jre1.8.0_73\bin;
USERNAME=Harkonen
OS=Windows_NT
PROCESSOR_IDENTIFIER=Intel64 Family 6 Model 58 Stepping 9, GenuineIntel



---------------  S Y S T E M  ---------------

OS: Windows 7 , 64 bit Build 7601 (6.1.7601.23418)

CPU:total 4 (4 cores per cpu, 1 threads per core) family 6 model 58 stepping 9, cmov, cx8, fxsr, mmx, sse, sse2, sse3, ssse3, sse4.1, sse4.2, popcnt, avx, aes, clmul, erms, tsc, tscinvbit, tscinv

Memory: 4k page, physical 8281492k(1077148k free), swap 8803920k(5196k free)

vm_info: Java HotSpot(TM) 64-Bit Server VM (25.65-b01) for windows-amd64 JRE (1.8.0_65-b17), built on Oct  6 2015 16:39:20 by "java_re" with MS VC++ 10.0 (VS2010)

time: Fri Jun 10 23:48:58 2016
elapsed time: 2 seconds (0d 0h 0m 2s)

