#
# There is insufficient memory for the Java Runtime Environment to continue.
# Native memory allocation (malloc) failed to allocate 265536 bytes for Chunk::new
# Possible reasons:
#   The system is out of physical RAM or swap space
#   In 32 bit mode, the process size limit was hit
# Possible solutions:
#   Reduce memory load on the system
#   Increase physical memory or swap space
#   Check if swap backing store is full
#   Use 64 bit Java on a 64 bit OS
#   Decrease Java heap size (-Xmx/-Xms)
#   Decrease number of Java threads
#   Decrease Java thread stack sizes (-Xss)
#   Set larger code cache with -XX:ReservedCodeCacheSize=
# This output file may be truncated or incomplete.
#
#  Out of Memory Error (allocation.cpp:390), pid=7684, tid=6020
#
# JRE version: Java(TM) SE Runtime Environment (8.0_65-b17) (build 1.8.0_65-b17)
# Java VM: Java HotSpot(TM) 64-Bit Server VM (25.65-b01 mixed mode windows-amd64 compressed oops)
# Failed to write core dump. Minidumps are not enabled by default on client versions of Windows
#

---------------  T H R E A D  ---------------

Current thread (0x000000001c5b0800):  JavaThread "C2 CompilerThread0" daemon [_thread_in_native, id=6020, stack(0x000000001dc40000,0x000000001dd40000)]

Stack: [0x000000001dc40000,0x000000001dd40000]
[error occurred during error reporting (printing stack bounds), id 0xc0000005]

Native frames: (J=compiled Java code, j=interpreted, Vv=VM code, C=native code)


Current CompileTask:
C2:   1419  419       4       java.util.TreeMap::put (247 bytes)


---------------  P R O C E S S  ---------------

Java Threads: ( => current thread )
  0x000000001de63000 JavaThread "pool-1-thread-4" [_thread_blocked, id=5736, stack(0x000000001ec00000,0x000000001ed00000)]
  0x000000001de62000 JavaThread "pool-1-thread-3" [_thread_blocked, id=4508, stack(0x000000001ea80000,0x000000001eb80000)]
  0x000000001deb2000 JavaThread "pool-1-thread-2" [_thread_blocked, id=3520, stack(0x000000001e930000,0x000000001ea30000)]
  0x000000001de9f000 JavaThread "pool-2-thread-1" [_thread_blocked, id=1160, stack(0x000000001e7d0000,0x000000001e8d0000)]
  0x000000001dea4800 JavaThread "pool-1-thread-1" [_thread_blocked, id=3764, stack(0x000000001e6b0000,0x000000001e7b0000)]
  0x000000001ddc4000 JavaThread "Service Thread" daemon [_thread_blocked, id=6116, stack(0x000000001d540000,0x000000001d640000)]
  0x000000001c5b6800 JavaThread "C1 CompilerThread2" daemon [_thread_in_native, id=6360, stack(0x000000001e3b0000,0x000000001e4b0000)]
  0x000000001c5b5800 JavaThread "C2 CompilerThread1" daemon [_thread_blocked, id=4196, stack(0x000000001e180000,0x000000001e280000)]
=>0x000000001c5b0800 JavaThread "C2 CompilerThread0" daemon [_thread_in_native, id=6020, stack(0x000000001dc40000,0x000000001dd40000)]
  0x000000001c5bd000 JavaThread "Attach Listener" daemon [_thread_blocked, id=7588, stack(0x000000001db00000,0x000000001dc00000)]
  0x000000001c5bb800 JavaThread "Signal Dispatcher" daemon [_thread_blocked, id=7332, stack(0x000000001d9a0000,0x000000001daa0000)]
  0x000000001c551000 JavaThread "Finalizer" daemon [_thread_blocked, id=4008, stack(0x000000001d760000,0x000000001d860000)]
  0x000000001c550000 JavaThread "Reference Handler" daemon [_thread_blocked, id=6584, stack(0x000000001d650000,0x000000001d750000)]
  0x00000000001bf000 JavaThread "main" [_thread_in_Java, id=6016, stack(0x00000000027d0000,0x00000000028d0000)]

Other Threads:
  0x000000001c54a800 VMThread [stack: 0x000000001d440000,0x000000001d540000] [id=3632]
  0x000000001dd7a800 WatcherThread [stack: 0x000000001e580000,0x000000001e680000] [id=5308]

VM state:not at safepoint (normal execution)

VM Mutex/Monitor currently owned by a thread: None

Heap:
 PSYoungGen      total 38400K, used 12032K [0x000000076ab00000, 0x000000076d580000, 0x00000007c0000000)
  eden space 33280K, 36% used [0x000000076ab00000,0x000000076b6c0168,0x000000076cb80000)
  from space 5120K, 0% used [0x000000076d080000,0x000000076d080000,0x000000076d580000)
  to   space 5120K, 0% used [0x000000076cb80000,0x000000076cb80000,0x000000076d080000)
 ParOldGen       total 87552K, used 0K [0x00000006c0000000, 0x00000006c5580000, 0x000000076ab00000)
  object space 87552K, 0% used [0x00000006c0000000,0x00000006c0000000,0x00000006c5580000)
 Metaspace       used 5234K, capacity 6448K, committed 6528K, reserved 1056768K
  class space    used 571K, capacity 616K, committed 640K, reserved 1048576K

Card table byte_map: [0x0000000011f60000,0x0000000012770000] byte_map_base: 0x000000000e960000

Marking Bits: (ParMarkBitMap*) 0x00000000557da5b0
 Begin Bits: [0x00000000133c0000, 0x00000000173c0000)
 End Bits:   [0x00000000173c0000, 0x000000001b3c0000)

Polling page: 0x0000000000140000

CodeCache: size=245760Kb used=2002Kb max_used=2013Kb free=243757Kb
 bounds [0x0000000002ba0000, 0x0000000002e10000, 0x0000000011ba0000]
 total_blobs=681 nmethods=420 adapters=174
 compilation: enabled

Compilation events (10 events):
Event: 1.416 Thread 0x000000001c5b6800  415       1       com.android.dx.cf.attrib.AttCode::getCatches (5 bytes)
Event: 1.416 Thread 0x000000001c5b6800 nmethod 415 0x0000000002d94850 code [0x0000000002d949a0, 0x0000000002d94ab0]
Event: 1.416 Thread 0x000000001c5b6800  404       1       com.android.dx.ssa.SsaBasicBlock::getParent (5 bytes)
Event: 1.416 Thread 0x000000001c5b6800 nmethod 404 0x0000000002d94590 code [0x0000000002d946e0, 0x0000000002d947f0]
Event: 1.416 Thread 0x000000001c5b6800  431       3       com.android.dx.cf.code.LineNumberList::get (9 bytes)
Event: 1.416 Thread 0x000000001c5b6800 nmethod 431 0x0000000002d94090 code [0x0000000002d94200, 0x0000000002d944e8]
Event: 1.416 Thread 0x000000001c5b6800  429   !   3       com.android.dx.cf.code.BytecodeArray::parseInstruction (2764 bytes)
Event: 1.417 Thread 0x000000001c5b5800  434       4       java.util.ArrayList$Itr::hasNext (20 bytes)
Event: 1.418 Thread 0x000000001c5b5800 nmethod 434 0x0000000002d8da50 code [0x0000000002d8db80, 0x0000000002d8dc18]
Event: 1.418 Thread 0x000000001c5b5800  440       4       java.util.ArrayList$Itr::next (66 bytes)

GC Heap History (0 events):
No events

Deoptimization events (4 events):
Event: 1.410 Thread 0x000000001de63000 Uncommon trap: reason=class_check action=maybe_recompile pc=0x0000000002d43868 method=com.android.dx.rop.cst.CstMemberRef.compareTo0(Lcom/android/dx/rop/cst/Constant;)I @ 1
Event: 1.410 Thread 0x000000001de63000 Uncommon trap: reason=class_check action=maybe_recompile pc=0x0000000002d43868 method=com.android.dx.rop.cst.CstMemberRef.compareTo0(Lcom/android/dx/rop/cst/Constant;)I @ 1
Event: 1.410 Thread 0x000000001de63000 Uncommon trap: reason=class_check action=maybe_recompile pc=0x0000000002d43868 method=com.android.dx.rop.cst.CstMemberRef.compareTo0(Lcom/android/dx/rop/cst/Constant;)I @ 1
Event: 1.410 Thread 0x000000001dea4800 Uncommon trap: reason=class_check action=maybe_recompile pc=0x0000000002d43868 method=com.android.dx.rop.cst.CstMemberRef.compareTo0(Lcom/android/dx/rop/cst/Constant;)I @ 1

Internal exceptions (2 events):
Event: 0.029 Thread 0x00000000001bf000 Exception <a 'java/lang/NoSuchMethodError': Method sun.misc.Unsafe.defineClass(Ljava/lang/String;[BII)Ljava/lang/Class; name or signature does not match> (0x000000076ab0d468) thrown at [C:\workspace\8-2-build-windows-amd64-cygwin\jdk8u65\4987\hotspot\src\s”2hS»ù?
Event: 0.029 Thread 0x00000000001bf000 Exception <a 'java/lang/NoSuchMethodError': Method sun.misc.Unsafe.prefetchRead(Ljava/lang/Object;J)V name or signature does not match> (0x000000076ab0d750) thrown at [C:\workspace\8-2-build-windows-amd64-cygwin\jdk8u65\4987\hotspot\src\share\vm\prims\jni.

Events (10 events):
Event: 1.410 Thread 0x000000001de63000 DEOPT PACKING pc=0x0000000002d43868 sp=0x000000001ecfee30
Event: 1.410 Thread 0x000000001de63000 DEOPT UNPACKING pc=0x0000000002be582a sp=0x000000001ecfedb8 mode 2
Event: 1.410 Thread 0x000000001de63000 Uncommon trap: trap_request=0xffffffde fr.pc=0x0000000002d43868
Event: 1.410 Thread 0x000000001de63000 DEOPT PACKING pc=0x0000000002d43868 sp=0x000000001ecfee10
Event: 1.410 Thread 0x000000001de63000 DEOPT UNPACKING pc=0x0000000002be582a sp=0x000000001ecfed98 mode 2
Event: 1.410 Thread 0x000000001dea4800 Uncommon trap: trap_request=0xffffffde fr.pc=0x0000000002d43868
Event: 1.410 Thread 0x000000001dea4800 DEOPT PACKING pc=0x0000000002d43868 sp=0x000000001e7aef30
Event: 1.410 Thread 0x000000001dea4800 DEOPT UNPACKING pc=0x0000000002be582a sp=0x000000001e7aeeb8 mode 2
Event: 1.410 loading class com/android/dx/cf/code/BytecodeArray$ConstantParserVisitor
Event: 1.410 loading class com/android/dx/cf/code/BytecodeArray$ConstantParserVisitor done


Dynamic libraries:
0x000000013f720000 - 0x000000013f757000 	C:\Program Files\Java\jdk1.8.0_65\bin\java.exe
0x0000000077270000 - 0x000000007741a000 	C:\Windows\SYSTEM32\ntdll.dll
0x0000000077150000 - 0x000000007726f000 	C:\Windows\system32\kernel32.dll
0x000007fefd010000 - 0x000007fefd07a000 	C:\Windows\system32\KERNELBASE.dll
0x000007feff2c0000 - 0x000007feff39b000 	C:\Windows\system32\ADVAPI32.dll
0x000007fefda90000 - 0x000007fefdb2f000 	C:\Windows\system32\msvcrt.dll
0x000007fefd7f0000 - 0x000007fefd80f000 	C:\Windows\SYSTEM32\sechost.dll
0x000007fefd890000 - 0x000007fefd9bd000 	C:\Windows\system32\RPCRT4.dll
0x0000000077050000 - 0x000000007714a000 	C:\Windows\system32\USER32.dll
0x000007fefe0d0000 - 0x000007fefe137000 	C:\Windows\system32\GDI32.dll
0x000007fefd3b0000 - 0x000007fefd3be000 	C:\Windows\system32\LPK.dll
0x000007feff160000 - 0x000007feff22a000 	C:\Windows\system32\USP10.dll
0x000007fefb460000 - 0x000007fefb654000 	C:\Windows\WinSxS\amd64_microsoft.windows.common-controls_6595b64144ccf1df_6.0.7601.18837_none_fa3b1e3d17594757\COMCTL32.dll
0x000007fefd810000 - 0x000007fefd881000 	C:\Windows\system32\SHLWAPI.dll
0x000007fefda60000 - 0x000007fefda8e000 	C:\Windows\system32\IMM32.DLL
0x000007fefd6e0000 - 0x000007fefd7e9000 	C:\Windows\system32\MSCTF.dll
0x000007fefcf20000 - 0x000007fefcf60000 	C:\Windows\system32\nvinitx.dll
0x00000000659f0000 - 0x0000000065ac2000 	C:\Program Files\Java\jdk1.8.0_65\jre\bin\msvcr100.dll
0x0000000054fd0000 - 0x0000000055859000 	C:\Program Files\Java\jdk1.8.0_65\jre\bin\server\jvm.dll
0x000007fef65c0000 - 0x000007fef65c9000 	C:\Windows\system32\WSOCK32.dll
0x000007fefd3c0000 - 0x000007fefd40d000 	C:\Windows\system32\WS2_32.dll
0x000007feff230000 - 0x000007feff238000 	C:\Windows\system32\NSI.dll
0x000007fef9cf0000 - 0x000007fef9d2b000 	C:\Windows\system32\WINMM.dll
0x000007fefc030000 - 0x000007fefc03c000 	C:\Windows\system32\VERSION.dll
0x0000000077430000 - 0x0000000077437000 	C:\Windows\system32\PSAPI.DLL
0x0000000073a80000 - 0x0000000073a8f000 	C:\Program Files\Java\jdk1.8.0_65\jre\bin\verify.dll
0x00000000709d0000 - 0x00000000709f9000 	C:\Program Files\Java\jdk1.8.0_65\jre\bin\java.dll
0x000000006ff50000 - 0x000000006ff66000 	C:\Program Files\Java\jdk1.8.0_65\jre\bin\zip.dll
0x000007fefe3d0000 - 0x000007feff15a000 	C:\Windows\system32\SHELL32.dll
0x000007fefdb90000 - 0x000007fefdd93000 	C:\Windows\system32\ole32.dll
0x000007fefcff0000 - 0x000007fefcfff000 	C:\Windows\system32\profapi.dll

VM Arguments:
jvm_args: -Djava.awt.headless=true -Xmx4g -Dfile.encoding=windows-1252 -Duser.country=US -Duser.language=en -Duser.variant 
java_command: com.android.dx.command.Main --dex --num-threads=4 --output E:\Ohjelmat\Projects\Testi\app\build\intermediates\pre-dexed\debug\debug_a55e8c9cb23ff96adac72055a2bb2f21f58e9cee.jar E:\Ohjelmat\Projects\Testi\app\build\intermediates\classes\debug
java_class_path (initial): E:\Ohjelmat\AndroidSDK2\build-tools\23.0.3\lib\dx.jar
Launcher Type: SUN_STANDARD

Environment Variables:
PATH=C:\ProgramData\Oracle\Java\javapath;C:\Program Files\Common Files\Microsoft Shared\Windows Live;C:\Program Files (x86)\Common Files\Microsoft Shared\Windows Live;C:\Program Files (x86)\NVIDIA Corporation\PhysX\Common;C:\Windows\system32;C:\Windows;C:\Windows\System32\Wbem;C:\Windows\System32\WindowsPowerShell\v1.0\;C:\Program Files (x86)\Windows Live\Shared;E:\Ohjelmat\Matlab\runtime\win64;E:\Ohjelmat\Matlab\bin;E:\Ohjelmat\Matlab\polyspace\bin;E:\Ohjelmat\MCR\v717\runtime\win64;E:\Ohjelmat\Singular\Surfer\bin;C:\Program Files\Java\jre1.8.0_73\bin;
USERNAME=Harkonen
OS=Windows_NT
PROCESSOR_IDENTIFIER=Intel64 Family 6 Model 58 Stepping 9, GenuineIntel



---------------  S Y S T E M  ---------------

OS: Windows 7 , 64 bit Build 7601 (6.1.7601.23418)

CPU:total 4 (4 cores per cpu, 1 threads per core) family 6 model 58 stepping 9, cmov, cx8, fxsr, mmx, sse, sse2, sse3, ssse3, sse4.1, sse4.2, popcnt, avx, aes, clmul, erms, tsc, tscinvbit, tscinv

Memory: 4k page, physical 8281492k(982260k free), swap 8803920k(5132k free)

vm_info: Java HotSpot(TM) 64-Bit Server VM (25.65-b01) for windows-amd64 JRE (1.8.0_65-b17), built on Oct  6 2015 16:39:20 by "java_re" with MS VC++ 10.0 (VS2010)

time: Sun Jun 05 23:12:39 2016
elapsed time: 1 seconds (0d 0h 0m 1s)

