#
# There is insufficient memory for the Java Runtime Environment to continue.
# Native memory allocation (malloc) failed to allocate 1701776 bytes for Chunk::new
# Possible reasons:
#   The system is out of physical RAM or swap space
#   In 32 bit mode, the process size limit was hit
# Possible solutions:
#   Reduce memory load on the system
#   Increase physical memory or swap space
#   Check if swap backing store is full
#   Use 64 bit Java on a 64 bit OS
#   Decrease Java heap size (-Xmx/-Xms)
#   Decrease number of Java threads
#   Decrease Java thread stack sizes (-Xss)
#   Set larger code cache with -XX:ReservedCodeCacheSize=
# This output file may be truncated or incomplete.
#
#  Out of Memory Error (allocation.cpp:390), pid=7760, tid=8096
#
# JRE version: Java(TM) SE Runtime Environment (8.0_65-b17) (build 1.8.0_65-b17)
# Java VM: Java HotSpot(TM) 64-Bit Server VM (25.65-b01 mixed mode windows-amd64 compressed oops)
# Failed to write core dump. Minidumps are not enabled by default on client versions of Windows
#

---------------  T H R E A D  ---------------

Current thread (0x000000001c24e000):  JavaThread "C2 CompilerThread0" daemon [_thread_in_native, id=8096, stack(0x000000001dc70000,0x000000001dd70000)]

Stack: [0x000000001dc70000,0x000000001dd70000]
[error occurred during error reporting (printing stack bounds), id 0xc0000005]

Native frames: (J=compiled Java code, j=interpreted, Vv=VM code, C=native code)


Current CompileTask:
C2:   3339 1682       4       com.android.dx.dex.code.OutputFinisher::addConstants (93 bytes)


---------------  P R O C E S S  ---------------

Java Threads: ( => current thread )
  0x000000001df6b800 JavaThread "pool-1-thread-1" [_thread_in_Java, id=2324, stack(0x000000001e7d0000,0x000000001e8d0000)]
  0x000000001ddd4000 JavaThread "Service Thread" daemon [_thread_blocked, id=6648, stack(0x000000001e400000,0x000000001e500000)]
  0x000000001dd88800 JavaThread "C1 CompilerThread2" daemon [_thread_blocked, id=496, stack(0x000000001e290000,0x000000001e390000)]
  0x000000001c255800 JavaThread "C2 CompilerThread1" daemon [_thread_in_native, id=6204, stack(0x000000001d5f0000,0x000000001d6f0000)]
=>0x000000001c24e000 JavaThread "C2 CompilerThread0" daemon [_thread_in_native, id=8096, stack(0x000000001dc70000,0x000000001dd70000)]
  0x000000001c25f000 JavaThread "Attach Listener" daemon [_thread_blocked, id=6336, stack(0x000000001da40000,0x000000001db40000)]
  0x000000001c25b800 JavaThread "Signal Dispatcher" daemon [_thread_blocked, id=2516, stack(0x000000001d900000,0x000000001da00000)]
  0x000000001c1f1000 JavaThread "Finalizer" daemon [_thread_blocked, id=7124, stack(0x000000001d700000,0x000000001d800000)]
  0x000000001c1ef800 JavaThread "Reference Handler" daemon [_thread_blocked, id=6868, stack(0x000000001d4a0000,0x000000001d5a0000)]
  0x000000000247f000 JavaThread "main" [_thread_blocked, id=5860, stack(0x0000000002720000,0x0000000002820000)]

Other Threads:
  0x000000001c1ea000 VMThread [stack: 0x000000001d310000,0x000000001d410000] [id=8164]
  0x000000001dddb000 WatcherThread [stack: 0x000000001e620000,0x000000001e720000] [id=5276]

VM state:not at safepoint (normal execution)

VM Mutex/Monitor currently owned by a thread: None

Heap:
 PSYoungGen      total 71680K, used 64501K [0x000000076ab00000, 0x000000076f600000, 0x00000007c0000000)
  eden space 66560K, 89% used [0x000000076ab00000,0x000000076e4ff7e0,0x000000076ec00000)
  from space 5120K, 99% used [0x000000076f100000,0x000000076f5fdc68,0x000000076f600000)
  to   space 5120K, 0% used [0x000000076ec00000,0x000000076ec00000,0x000000076f100000)
 ParOldGen       total 87552K, used 5526K [0x00000006c0000000, 0x00000006c5580000, 0x000000076ab00000)
  object space 87552K, 6% used [0x00000006c0000000,0x00000006c0565ad8,0x00000006c5580000)
 Metaspace       used 6470K, capacity 7256K, committed 7424K, reserved 1056768K
  class space    used 638K, capacity 656K, committed 768K, reserved 1048576K

Card table byte_map: [0x0000000011eb0000,0x00000000126c0000] byte_map_base: 0x000000000e8b0000

Marking Bits: (ParMarkBitMap*) 0x00000000557da5b0
 Begin Bits: [0x0000000013060000, 0x0000000017060000)
 End Bits:   [0x0000000017060000, 0x000000001b060000)

Polling page: 0x0000000000240000

CodeCache: size=245760Kb used=7875Kb max_used=7886Kb free=237884Kb
 bounds [0x0000000002af0000, 0x00000000032b0000, 0x0000000011af0000]
 total_blobs=2141 nmethods=1872 adapters=182
 compilation: enabled

Compilation events (10 events):
Event: 3.331 Thread 0x000000001dd88800 1901       3       com.android.dx.dex.file.OffsettedItem::place (78 bytes)
Event: 3.331 Thread 0x000000001c255800 nmethod 1694 0x000000000318c310 code [0x000000000318c440, 0x000000000318c4b8]
Event: 3.331 Thread 0x000000001dd88800 nmethod 1901 0x000000000329ca10 code [0x000000000329cbc0, 0x000000000329d0f8]
Event: 3.331 Thread 0x000000001dd88800 1902       3       com.android.dx.dex.file.OffsettedItem::writeSize (22 bytes)
Event: 3.331 Thread 0x000000001dd88800 nmethod 1902 0x000000000329c4d0 code [0x000000000329c640, 0x000000000329c8a8]
Event: 3.332 Thread 0x000000001c255800 1903       4       com.android.dx.rop.code.RegisterSpecSet::findMatchingLocal (49 bytes)
Event: 3.332 Thread 0x000000001dd88800 1905       3       com.android.dx.dex.code.form.Form21s::isCompatible (89 bytes)
Event: 3.333 Thread 0x000000001dd88800 nmethod 1905 0x00000000032a5d50 code [0x00000000032a5f60, 0x00000000032a6e48]
Event: 3.336 Thread 0x000000001c255800 nmethod 1903 0x00000000032a8ed0 code [0x00000000032a9040, 0x00000000032a9618]
Event: 3.336 Thread 0x000000001c255800 1904       4       com.android.dx.rop.code.RegisterSpecList::withOffset (76 bytes)

GC Heap History (4 events):
Event: 0.840 GC heap before
{Heap before GC invocations=1 (full 0):
 PSYoungGen      total 38400K, used 33280K [0x000000076ab00000, 0x000000076d580000, 0x00000007c0000000)
  eden space 33280K, 100% used [0x000000076ab00000,0x000000076cb80000,0x000000076cb80000)
  from space 5120K, 0% used [0x000000076d080000,0x000000076d080000,0x000000076d580000)
  to   space 5120K, 0% used [0x000000076cb80000,0x000000076cb80000,0x000000076d080000)
 ParOldGen       total 87552K, used 0K [0x00000006c0000000, 0x00000006c5580000, 0x000000076ab00000)
  object space 87552K, 0% used [0x00000006c0000000,0x00000006c0000000,0x00000006c5580000)
 Metaspace       used 5948K, capacity 6872K, committed 7168K, reserved 1056768K
  class space    used 616K, capacity 656K, committed 768K, reserved 1048576K
Event: 0.890 GC heap after
Heap after GC invocations=1 (full 0):
 PSYoungGen      total 38400K, used 5111K [0x000000076ab00000, 0x000000076f600000, 0x00000007c0000000)
  eden space 33280K, 0% used [0x000000076ab00000,0x000000076ab00000,0x000000076cb80000)
  from space 5120K, 99% used [0x000000076cb80000,0x000000076d07dca8,0x000000076d080000)
  to   space 5120K, 0% used [0x000000076f100000,0x000000076f100000,0x000000076f600000)
 ParOldGen       total 87552K, used 1446K [0x00000006c0000000, 0x00000006c5580000, 0x000000076ab00000)
  object space 87552K, 1% used [0x00000006c0000000,0x00000006c0169a90,0x00000006c5580000)
 Metaspace       used 5948K, capacity 6872K, committed 7168K, reserved 1056768K
  class space    used 616K, capacity 656K, committed 768K, reserved 1048576K
}
Event: 2.360 GC heap before
{Heap before GC invocations=2 (full 0):
 PSYoungGen      total 38400K, used 38391K [0x000000076ab00000, 0x000000076f600000, 0x00000007c0000000)
  eden space 33280K, 100% used [0x000000076ab00000,0x000000076cb80000,0x000000076cb80000)
  from space 5120K, 99% used [0x000000076cb80000,0x000000076d07dca8,0x000000076d080000)
  to   space 5120K, 0% used [0x000000076f100000,0x000000076f100000,0x000000076f600000)
 ParOldGen       total 87552K, used 1446K [0x00000006c0000000, 0x00000006c5580000, 0x000000076ab00000)
  object space 87552K, 1% used [0x00000006c0000000,0x00000006c0169a90,0x00000006c5580000)
 Metaspace       used 6131K, capacity 7000K, committed 7168K, reserved 1056768K
  class space    used 617K, capacity 656K, committed 768K, reserved 1048576K
Event: 2.384 GC heap after
Heap after GC invocations=2 (full 0):
 PSYoungGen      total 71680K, used 5111K [0x000000076ab00000, 0x000000076f600000, 0x00000007c0000000)
  eden space 66560K, 0% used [0x000000076ab00000,0x000000076ab00000,0x000000076ec00000)
  from space 5120K, 99% used [0x000000076f100000,0x000000076f5fdc68,0x000000076f600000)
  to   space 5120K, 0% used [0x000000076ec00000,0x000000076ec00000,0x000000076f100000)
 ParOldGen       total 87552K, used 5526K [0x00000006c0000000, 0x00000006c5580000, 0x000000076ab00000)
  object space 87552K, 6% used [0x00000006c0000000,0x00000006c0565ad8,0x00000006c5580000)
 Metaspace       used 6131K, capacity 7000K, committed 7168K, reserved 1056768K
  class space    used 617K, capacity 656K, committed 768K, reserved 1048576K
}

Deoptimization events (10 events):
Event: 3.107 Thread 0x000000001df6b800 Uncommon trap: reason=class_check action=maybe_recompile pc=0x0000000003065240 method=java.util.Arrays.hashCode([Ljava/lang/Object;)I @ 43
Event: 3.107 Thread 0x000000001df6b800 Uncommon trap: reason=class_check action=maybe_recompile pc=0x0000000003065240 method=java.util.Arrays.hashCode([Ljava/lang/Object;)I @ 43
Event: 3.107 Thread 0x000000001df6b800 Uncommon trap: reason=class_check action=maybe_recompile pc=0x0000000003065240 method=java.util.Arrays.hashCode([Ljava/lang/Object;)I @ 43
Event: 3.107 Thread 0x000000001df6b800 Uncommon trap: reason=class_check action=maybe_recompile pc=0x0000000003045734 method=java.util.Arrays.hashCode([Ljava/lang/Object;)I @ 43
Event: 3.188 Thread 0x000000001df6b800 Uncommon trap: reason=speculate_class_check action=maybe_recompile pc=0x0000000002e7859c method=com.android.dx.util.FixedSizeList.equals(Ljava/lang/Object;)Z @ 25
Event: 3.188 Thread 0x000000001df6b800 Uncommon trap: reason=speculate_class_check action=maybe_recompile pc=0x0000000002e7859c method=com.android.dx.util.FixedSizeList.equals(Ljava/lang/Object;)Z @ 25
Event: 3.188 Thread 0x000000001df6b800 Uncommon trap: reason=speculate_class_check action=maybe_recompile pc=0x0000000002e7859c method=com.android.dx.util.FixedSizeList.equals(Ljava/lang/Object;)Z @ 25
Event: 3.192 Thread 0x000000001df6b800 Uncommon trap: reason=speculate_class_check action=maybe_recompile pc=0x0000000002e7859c method=com.android.dx.util.FixedSizeList.equals(Ljava/lang/Object;)Z @ 25
Event: 3.266 Thread 0x000000001df6b800 Uncommon trap: reason=unstable_if action=reinterpret pc=0x00000000030f203c method=com.android.dx.rop.code.RegisterSpecSet.equals(Ljava/lang/Object;)Z @ 30
Event: 3.293 Thread 0x000000001df6b800 Uncommon trap: reason=unstable_if action=reinterpret pc=0x000000000324ed4c method=com.android.dx.rop.code.RegisterSpec.matchesVariable(Lcom/android/dx/rop/code/RegisterSpec;)Z @ 59

Internal exceptions (7 events):
Event: 0.039 Thread 0x000000000247f000 Exception <a 'java/lang/NoSuchMethodError': Method sun.misc.Unsafe.defineClass(Ljava/lang/String;[BII)Ljava/lang/Class; name or signature does not match> (0x000000076ab0d588) thrown at [C:\workspace\8-2-build-windows-amd64-cygwin\jdk8u65\4987\hotspot\src\s^úiÝ£?
Event: 0.039 Thread 0x000000000247f000 Exception <a 'java/lang/NoSuchMethodError': Method sun.misc.Unsafe.prefetchRead(Ljava/lang/Object;J)V name or signature does not match> (0x000000076ab0d870) thrown at [C:\workspace\8-2-build-windows-amd64-cygwin\jdk8u65\4987\hotspot\src\share\vm\prims\jni.êì)ß7è?
Event: 0.757 Thread 0x000000001e0a2000 Exception <a 'java/lang/ArrayIndexOutOfBoundsException': 18> (0x000000076c62d560) thrown at [C:\workspace\8-2-build-windows-amd64-cygwin\jdk8u65\4987\hotspot\src\share\vm\interpreter\interpreterRuntime.cpp, line 366]
Event: 0.758 Thread 0x000000001e0a2000 Exception <a 'java/lang/ArrayIndexOutOfBoundsException': 145> (0x000000076c62f0e0) thrown at [C:\workspace\8-2-build-windows-amd64-cygwin\jdk8u65\4987\hotspot\src\share\vm\interpreter\interpreterRuntime.cpp, line 366]
Event: 0.759 Thread 0x000000001e0a2000 Exception <a 'java/lang/ArrayIndexOutOfBoundsException': 40> (0x000000076c6303c8) thrown at [C:\workspace\8-2-build-windows-amd64-cygwin\jdk8u65\4987\hotspot\src\share\vm\interpreter\interpreterRuntime.cpp, line 366]
Event: 1.875 Thread 0x000000001e083000 Implicit null exception at 0x0000000002da75cf to 0x0000000002da9709
Event: 1.875 Thread 0x000000001e083000 Implicit null exception at 0x0000000002dd54b8 to 0x0000000002dd727d

Events (10 events):
Event: 3.242 loading class com/android/dx/rop/code/RegisterSpecList$Expander
Event: 3.242 loading class com/android/dx/rop/code/RegisterSpecList$Expander done
Event: 3.266 Thread 0x000000001df6b800 Uncommon trap: trap_request=0xffffff65 fr.pc=0x00000000030f203c
Event: 3.266 Thread 0x000000001df6b800 DEOPT PACKING pc=0x00000000030f203c sp=0x000000001e8ce7a0
Event: 3.266 Thread 0x000000001df6b800 DEOPT UNPACKING pc=0x0000000002b3582a sp=0x000000001e8ce720 mode 2
Event: 3.293 Thread 0x000000001df6b800 Uncommon trap: trap_request=0xffffff65 fr.pc=0x000000000324ed4c
Event: 3.293 Thread 0x000000001df6b800 DEOPT PACKING pc=0x000000000324ed4c sp=0x000000001e8ce780
Event: 3.293 Thread 0x000000001df6b800 DEOPT UNPACKING pc=0x0000000002b3582a sp=0x000000001e8ce728 mode 2
Event: 3.321 loading class com/android/dx/rop/code/RegisterSpec$1
Event: 3.321 loading class com/android/dx/rop/code/RegisterSpec$1 done


Dynamic libraries:
0x000000013f720000 - 0x000000013f757000 	C:\Program Files\Java\jdk1.8.0_65\bin\java.exe
0x0000000077270000 - 0x000000007741a000 	C:\Windows\SYSTEM32\ntdll.dll
0x0000000077150000 - 0x000000007726f000 	C:\Windows\system32\kernel32.dll
0x000007fefd010000 - 0x000007fefd07a000 	C:\Windows\system32\KERNELBASE.dll
0x000007feff2c0000 - 0x000007feff39b000 	C:\Windows\system32\ADVAPI32.dll
0x000007fefda90000 - 0x000007fefdb2f000 	C:\Windows\system32\msvcrt.dll
0x000007fefd7f0000 - 0x000007fefd80f000 	C:\Windows\SYSTEM32\sechost.dll
0x000007fefd890000 - 0x000007fefd9bd000 	C:\Windows\system32\RPCRT4.dll
0x0000000077050000 - 0x000000007714a000 	C:\Windows\system32\USER32.dll
0x000007fefe0d0000 - 0x000007fefe137000 	C:\Windows\system32\GDI32.dll
0x000007fefd3b0000 - 0x000007fefd3be000 	C:\Windows\system32\LPK.dll
0x000007feff160000 - 0x000007feff22a000 	C:\Windows\system32\USP10.dll
0x000007fefb460000 - 0x000007fefb654000 	C:\Windows\WinSxS\amd64_microsoft.windows.common-controls_6595b64144ccf1df_6.0.7601.18837_none_fa3b1e3d17594757\COMCTL32.dll
0x000007fefd810000 - 0x000007fefd881000 	C:\Windows\system32\SHLWAPI.dll
0x000007fefda60000 - 0x000007fefda8e000 	C:\Windows\system32\IMM32.DLL
0x000007fefd6e0000 - 0x000007fefd7e9000 	C:\Windows\system32\MSCTF.dll
0x000007fefcf20000 - 0x000007fefcf60000 	C:\Windows\system32\nvinitx.dll
0x00000000659f0000 - 0x0000000065ac2000 	C:\Program Files\Java\jdk1.8.0_65\jre\bin\msvcr100.dll
0x0000000054fd0000 - 0x0000000055859000 	C:\Program Files\Java\jdk1.8.0_65\jre\bin\server\jvm.dll
0x000007fef65c0000 - 0x000007fef65c9000 	C:\Windows\system32\WSOCK32.dll
0x000007fefd3c0000 - 0x000007fefd40d000 	C:\Windows\system32\WS2_32.dll
0x000007feff230000 - 0x000007feff238000 	C:\Windows\system32\NSI.dll
0x000007fef9cf0000 - 0x000007fef9d2b000 	C:\Windows\system32\WINMM.dll
0x000007fefc030000 - 0x000007fefc03c000 	C:\Windows\system32\VERSION.dll
0x0000000077430000 - 0x0000000077437000 	C:\Windows\system32\PSAPI.DLL
0x0000000073a80000 - 0x0000000073a8f000 	C:\Program Files\Java\jdk1.8.0_65\jre\bin\verify.dll
0x00000000709d0000 - 0x00000000709f9000 	C:\Program Files\Java\jdk1.8.0_65\jre\bin\java.dll
0x000000006ff50000 - 0x000000006ff66000 	C:\Program Files\Java\jdk1.8.0_65\jre\bin\zip.dll
0x000007fefe3d0000 - 0x000007feff15a000 	C:\Windows\system32\SHELL32.dll
0x000007fefdb90000 - 0x000007fefdd93000 	C:\Windows\system32\ole32.dll
0x000007fefcff0000 - 0x000007fefcfff000 	C:\Windows\system32\profapi.dll

VM Arguments:
jvm_args: -Djava.awt.headless=true -Xmx4g -Dfile.encoding=windows-1252 -Duser.country=US -Duser.language=en -Duser.variant 
java_command: com.android.dx.command.Main --dex --force-jumbo --num-threads=4 --multi-dex --output E:\Ohjelmat\Projects\Testi\app\build\intermediates\transforms\dex\debug\folders\1000\10\achartengine-1.2.0_a1939b71ea214a7b909177aaef1f2b1c79f4eb9d C:\Users\Harkonen\.gradle\caches\modules-2\files-2.1\org.achartengine\achartengine\1.2.0\34e6ba7b25027a435fbef019cfd435c32c3517e8\achartengine-1.2.0.jar
java_class_path (initial): E:\Ohjelmat\AndroidSDK2\build-tools\23.0.3\lib\dx.jar
Launcher Type: SUN_STANDARD

Environment Variables:
PATH=C:\ProgramData\Oracle\Java\javapath;C:\Program Files\Common Files\Microsoft Shared\Windows Live;C:\Program Files (x86)\Common Files\Microsoft Shared\Windows Live;C:\Program Files (x86)\NVIDIA Corporation\PhysX\Common;C:\Windows\system32;C:\Windows;C:\Windows\System32\Wbem;C:\Windows\System32\WindowsPowerShell\v1.0\;C:\Program Files (x86)\Windows Live\Shared;E:\Ohjelmat\Matlab\runtime\win64;E:\Ohjelmat\Matlab\bin;E:\Ohjelmat\Matlab\polyspace\bin;E:\Ohjelmat\MCR\v717\runtime\win64;E:\Ohjelmat\Singular\Surfer\bin;C:\Program Files\Java\jre1.8.0_73\bin;
USERNAME=Harkonen
OS=Windows_NT
PROCESSOR_IDENTIFIER=Intel64 Family 6 Model 58 Stepping 9, GenuineIntel



---------------  S Y S T E M  ---------------

OS: Windows 7 , 64 bit Build 7601 (6.1.7601.23418)

CPU:total 4 (4 cores per cpu, 1 threads per core) family 6 model 58 stepping 9, cmov, cx8, fxsr, mmx, sse, sse2, sse3, ssse3, sse4.1, sse4.2, popcnt, avx, aes, clmul, erms, tsc, tscinvbit, tscinv

Memory: 4k page, physical 8281492k(1142936k free), swap 8803920k(5996k free)

vm_info: Java HotSpot(TM) 64-Bit Server VM (25.65-b01) for windows-amd64 JRE (1.8.0_65-b17), built on Oct  6 2015 16:39:20 by "java_re" with MS VC++ 10.0 (VS2010)

time: Sun Jun 05 23:08:50 2016
elapsed time: 3 seconds (0d 0h 0m 3s)

