#
# There is insufficient memory for the Java Runtime Environment to continue.
# Native memory allocation (malloc) failed to allocate 856336 bytes for Chunk::new
# Possible reasons:
#   The system is out of physical RAM or swap space
#   In 32 bit mode, the process size limit was hit
# Possible solutions:
#   Reduce memory load on the system
#   Increase physical memory or swap space
#   Check if swap backing store is full
#   Use 64 bit Java on a 64 bit OS
#   Decrease Java heap size (-Xmx/-Xms)
#   Decrease number of Java threads
#   Decrease Java thread stack sizes (-Xss)
#   Set larger code cache with -XX:ReservedCodeCacheSize=
# This output file may be truncated or incomplete.
#
#  Out of Memory Error (allocation.cpp:390), pid=6496, tid=7180
#
# JRE version: Java(TM) SE Runtime Environment (8.0_65-b17) (build 1.8.0_65-b17)
# Java VM: Java HotSpot(TM) 64-Bit Server VM (25.65-b01 mixed mode windows-amd64 compressed oops)
# Failed to write core dump. Minidumps are not enabled by default on client versions of Windows
#

---------------  T H R E A D  ---------------

Current thread (0x000000001c231800):  JavaThread "C2 CompilerThread1" daemon [_thread_in_native, id=7180, stack(0x000000001de30000,0x000000001df30000)]

Stack: [0x000000001de30000,0x000000001df30000]
[error occurred during error reporting (printing stack bounds), id 0xc0000005]

Native frames: (J=compiled Java code, j=interpreted, Vv=VM code, C=native code)


Current CompileTask:
C2:  10355 1949       4       com.android.dx.ssa.LocalVariableExtractor::processBlock (383 bytes)


---------------  P R O C E S S  ---------------

Java Threads: ( => current thread )
  0x000000001e6a4000 JavaThread "pool-1-thread-4" [_thread_blocked, id=5888, stack(0x000000001f4e0000,0x000000001f5e0000)]
  0x000000001e6a1800 JavaThread "pool-1-thread-3" [_thread_blocked, id=4204, stack(0x000000001f310000,0x000000001f410000)]
  0x000000001e2f8000 JavaThread "pool-1-thread-2" [_thread_blocked, id=2212, stack(0x000000001ee90000,0x000000001ef90000)]
  0x000000001e2f7000 JavaThread "pool-2-thread-1" [_thread_blocked, id=1060, stack(0x000000001f140000,0x000000001f240000)]
  0x000000001e2f6800 JavaThread "pool-1-thread-1" [_thread_blocked, id=2188, stack(0x000000001efc0000,0x000000001f0c0000)]
  0x000000001e10b800 JavaThread "Service Thread" daemon [_thread_blocked, id=6648, stack(0x000000001daf0000,0x000000001dbf0000)]
  0x000000001c232800 JavaThread "C1 CompilerThread2" daemon [_thread_blocked, id=4024, stack(0x000000001df90000,0x000000001e090000)]
=>0x000000001c231800 JavaThread "C2 CompilerThread1" daemon [_thread_in_native, id=7180, stack(0x000000001de30000,0x000000001df30000)]
  0x000000001c22d800 JavaThread "C2 CompilerThread0" daemon [_thread_blocked, id=5076, stack(0x000000001dc90000,0x000000001dd90000)]
  0x000000001c23d000 JavaThread "Attach Listener" daemon [_thread_blocked, id=1796, stack(0x000000001d9f0000,0x000000001daf0000)]
  0x000000001c23c000 JavaThread "Signal Dispatcher" daemon [_thread_blocked, id=2444, stack(0x000000001d880000,0x000000001d980000)]
  0x000000001c1d1000 JavaThread "Finalizer" daemon [_thread_blocked, id=7524, stack(0x000000001d660000,0x000000001d760000)]
  0x000000001c1d0000 JavaThread "Reference Handler" daemon [_thread_blocked, id=7312, stack(0x000000001d3a0000,0x000000001d4a0000)]
  0x000000000231f000 JavaThread "main" [_thread_blocked, id=4400, stack(0x00000000026f0000,0x00000000027f0000)]

Other Threads:
  0x000000001c1ca800 VMThread [stack: 0x000000001d280000,0x000000001d380000] [id=5460]
  0x000000001e11f800 WatcherThread [stack: 0x000000001e590000,0x000000001e690000] [id=3700]

VM state:not at safepoint (normal execution)

VM Mutex/Monitor currently owned by a thread: None

Heap:
 PSYoungGen      total 71680K, used 42076K [0x000000076ab00000, 0x0000000773700000, 0x00000007c0000000)
  eden space 66560K, 55% used [0x000000076ab00000,0x000000076cf1e660,0x000000076ec00000)
  from space 5120K, 99% used [0x000000076ec00000,0x000000076f0f8bd8,0x000000076f100000)
  to   space 5120K, 0% used [0x0000000773200000,0x0000000773200000,0x0000000773700000)
 ParOldGen       total 87552K, used 15399K [0x00000006c0000000, 0x00000006c5580000, 0x000000076ab00000)
  object space 87552K, 17% used [0x00000006c0000000,0x00000006c0f09de8,0x00000006c5580000)
 Metaspace       used 6376K, capacity 7192K, committed 7424K, reserved 1056768K
  class space    used 624K, capacity 656K, committed 768K, reserved 1048576K

Card table byte_map: [0x0000000011e80000,0x0000000012690000] byte_map_base: 0x000000000e880000

Marking Bits: (ParMarkBitMap*) 0x0000000063d1a5b0
 Begin Bits: [0x0000000013040000, 0x0000000017040000)
 End Bits:   [0x0000000017040000, 0x000000001b040000)

Polling page: 0x0000000000230000

CodeCache: size=245760Kb used=9775Kb max_used=9787Kb free=235984Kb
 bounds [0x0000000002ac0000, 0x0000000003460000, 0x0000000011ac0000]
 total_blobs=2233 nmethods=1964 adapters=182
 compilation: enabled

Compilation events (10 events):
Event: 10.336 Thread 0x000000001c22d800 1950   !   4       com.android.dx.rop.code.RegisterSpecSet::get (18 bytes)
Event: 10.337 Thread 0x000000001c22d800 nmethod 1950 0x0000000003427150 code [0x0000000003427280, 0x0000000003427318]
Event: 10.337 Thread 0x000000001c22d800 1956       4       com.android.dx.ssa.LocalVariableInfo::mutableCopyOfStarts (29 bytes)
Event: 10.343 Thread 0x000000001c22d800 nmethod 1956 0x0000000003451c10 code [0x0000000003451da0, 0x00000000034524b8]
Event: 10.343 Thread 0x000000001c22d800 1952       4       com.android.dx.ssa.back.FirstFitLocalCombiningAllocator::spansParamRange (24 bytes)
Event: 10.343 Thread 0x000000001c22d800 nmethod 1952 0x0000000003217b90 code [0x0000000003217cc0, 0x0000000003217d38]
Event: 10.343 Thread 0x000000001c22d800 1962       4       java.util.HashMap::hash (20 bytes)
Event: 10.343 Thread 0x000000001c22d800 nmethod 1962 0x000000000341c9d0 code [0x000000000341cb20, 0x000000000341cbd8]
Event: 10.344 Thread 0x000000001c22d800 1965       4       com.android.dx.ssa.back.FirstFitLocalCombiningAllocator::findNextUnreservedRopReg (12 bytes)
Event: 10.347 Thread 0x000000001c22d800 nmethod 1965 0x00000000034575d0 code [0x0000000003457740, 0x0000000003457b78]

GC Heap History (6 events):
Event: 3.028 GC heap before
{Heap before GC invocations=1 (full 0):
 PSYoungGen      total 38400K, used 33280K [0x000000076ab00000, 0x000000076d580000, 0x00000007c0000000)
  eden space 33280K, 100% used [0x000000076ab00000,0x000000076cb80000,0x000000076cb80000)
  from space 5120K, 0% used [0x000000076d080000,0x000000076d080000,0x000000076d580000)
  to   space 5120K, 0% used [0x000000076cb80000,0x000000076cb80000,0x000000076d080000)
 ParOldGen       total 87552K, used 0K [0x00000006c0000000, 0x00000006c5580000, 0x000000076ab00000)
  object space 87552K, 0% used [0x00000006c0000000,0x00000006c0000000,0x00000006c5580000)
 Metaspace       used 6007K, capacity 6896K, committed 7040K, reserved 1056768K
  class space    used 602K, capacity 616K, committed 640K, reserved 1048576K
Event: 3.340 GC heap after
Heap after GC invocations=1 (full 0):
 PSYoungGen      total 38400K, used 5096K [0x000000076ab00000, 0x000000076f600000, 0x00000007c0000000)
  eden space 33280K, 0% used [0x000000076ab00000,0x000000076ab00000,0x000000076cb80000)
  from space 5120K, 99% used [0x000000076cb80000,0x000000076d07a340,0x000000076d080000)
  to   space 5120K, 0% used [0x000000076f100000,0x000000076f100000,0x000000076f600000)
 ParOldGen       total 87552K, used 840K [0x00000006c0000000, 0x00000006c5580000, 0x000000076ab00000)
  object space 87552K, 0% used [0x00000006c0000000,0x00000006c00d22e8,0x00000006c5580000)
 Metaspace       used 6007K, capacity 6896K, committed 7040K, reserved 1056768K
  class space    used 602K, capacity 616K, committed 640K, reserved 1048576K
}
Event: 6.074 GC heap before
{Heap before GC invocations=2 (full 0):
 PSYoungGen      total 38400K, used 38376K [0x000000076ab00000, 0x000000076f600000, 0x00000007c0000000)
  eden space 33280K, 100% used [0x000000076ab00000,0x000000076cb80000,0x000000076cb80000)
  from space 5120K, 99% used [0x000000076cb80000,0x000000076d07a340,0x000000076d080000)
  to   space 5120K, 0% used [0x000000076f100000,0x000000076f100000,0x000000076f600000)
 ParOldGen       total 87552K, used 840K [0x00000006c0000000, 0x00000006c5580000, 0x000000076ab00000)
  object space 87552K, 0% used [0x00000006c0000000,0x00000006c00d22e8,0x00000006c5580000)
 Metaspace       used 6207K, capacity 7088K, committed 7296K, reserved 1056768K
  class space    used 603K, capacity 616K, committed 640K, reserved 1048576K
Event: 6.177 GC heap after
Heap after GC invocations=2 (full 0):
 PSYoungGen      total 71680K, used 5112K [0x000000076ab00000, 0x000000076f600000, 0x00000007c0000000)
  eden space 66560K, 0% used [0x000000076ab00000,0x000000076ab00000,0x000000076ec00000)
  from space 5120K, 99% used [0x000000076f100000,0x000000076f5fe1a0,0x000000076f600000)
  to   space 5120K, 0% used [0x000000076ec00000,0x000000076ec00000,0x000000076f100000)
 ParOldGen       total 87552K, used 4947K [0x00000006c0000000, 0x00000006c5580000, 0x000000076ab00000)
  object space 87552K, 5% used [0x00000006c0000000,0x00000006c04d4d50,0x00000006c5580000)
 Metaspace       used 6207K, capacity 7088K, committed 7296K, reserved 1056768K
  class space    used 603K, capacity 616K, committed 640K, reserved 1048576K
}
Event: 9.217 GC heap before
{Heap before GC invocations=3 (full 0):
 PSYoungGen      total 71680K, used 71672K [0x000000076ab00000, 0x000000076f600000, 0x00000007c0000000)
  eden space 66560K, 100% used [0x000000076ab00000,0x000000076ec00000,0x000000076ec00000)
  from space 5120K, 99% used [0x000000076f100000,0x000000076f5fe1a0,0x000000076f600000)
  to   space 5120K, 0% used [0x000000076ec00000,0x000000076ec00000,0x000000076f100000)
 ParOldGen       total 87552K, used 4947K [0x00000006c0000000, 0x00000006c5580000, 0x000000076ab00000)
  object space 87552K, 5% used [0x00000006c0000000,0x00000006c04d4d50,0x00000006c5580000)
 Metaspace       used 6271K, capacity 7152K, committed 7296K, reserved 1056768K
  class space    used 603K, capacity 616K, committed 640K, reserved 1048576K
Event: 9.262 GC heap after
Heap after GC invocations=3 (full 0):
 PSYoungGen      total 71680K, used 5090K [0x000000076ab00000, 0x0000000773700000, 0x00000007c0000000)
  eden space 66560K, 0% used [0x000000076ab00000,0x000000076ab00000,0x000000076ec00000)
  from space 5120K, 99% used [0x000000076ec00000,0x000000076f0f8bd8,0x000000076f100000)
  to   space 5120K, 0% used [0x0000000773200000,0x0000000773200000,0x0000000773700000)
 ParOldGen       total 87552K, used 15399K [0x00000006c0000000, 0x00000006c5580000, 0x000000076ab00000)
  object space 87552K, 17% used [0x00000006c0000000,0x00000006c0f09de8,0x00000006c5580000)
 Metaspace       used 6271K, capacity 7152K, committed 7296K, reserved 1056768K
  class space    used 603K, capacity 616K, committed 640K, reserved 1048576K
}

Deoptimization events (10 events):
Event: 10.301 Thread 0x000000001e6a1800 Uncommon trap: reason=class_check action=maybe_recompile pc=0x00000000030df054 method=com.android.dx.rop.code.RegisterSpec.withSimpleType()Lcom/android/dx/rop/code/RegisterSpec; @ 21
Event: 10.303 Thread 0x000000001e6a1800 Uncommon trap: reason=bimorphic action=maybe_recompile pc=0x0000000002f508e4 method=java.util.HashMap.putVal(ILjava/lang/Object;Ljava/lang/Object;ZZ)Ljava/lang/Object; @ 203
Event: 10.303 Thread 0x000000001e6a1800 Uncommon trap: reason=bimorphic action=maybe_recompile pc=0x0000000002f508e4 method=java.util.HashMap.putVal(ILjava/lang/Object;Ljava/lang/Object;ZZ)Ljava/lang/Object; @ 203
Event: 10.304 Thread 0x000000001e6a1800 Uncommon trap: reason=unstable_if action=reinterpret pc=0x0000000003414504 method=com.android.dx.ssa.InterferenceRegisterMapper.interferes(III)Z @ 69
Event: 10.304 Thread 0x000000001e6a1800 Uncommon trap: reason=unstable_if action=reinterpret pc=0x0000000003378030 method=com.android.dx.ssa.InterferenceRegisterMapper.interferes(III)Z @ 69
Event: 10.304 Thread 0x000000001e6a1800 Uncommon trap: reason=unstable_if action=reinterpret pc=0x000000000324cad8 method=com.android.dx.ssa.InterferenceRegisterMapper.interferes(III)Z @ 69
Event: 10.304 Thread 0x000000001e6a1800 Uncommon trap: reason=unstable_if action=reinterpret pc=0x0000000002e378a4 method=java.util.HashMap.putVal(ILjava/lang/Object;Ljava/lang/Object;ZZ)Ljava/lang/Object; @ 162
Event: 10.310 Thread 0x000000001e6a1800 Uncommon trap: reason=unstable_if action=reinterpret pc=0x00000000031d90b4 method=java.util.HashMap.getNode(ILjava/lang/Object;)Ljava/util/HashMap$Node; @ 84
Event: 10.310 Thread 0x000000001e6a1800 Uncommon trap: reason=unstable_if action=reinterpret pc=0x0000000002eb7328 method=java.util.HashMap.getNode(ILjava/lang/Object;)Ljava/util/HashMap$Node; @ 84
Event: 10.312 Thread 0x000000001e6a1800 Uncommon trap: reason=unstable_if action=reinterpret pc=0x0000000002f3ad9c method=java.util.HashMap.putVal(ILjava/lang/Object;Ljava/lang/Object;ZZ)Ljava/lang/Object; @ 162

Internal exceptions (5 events):
Event: 0.137 Thread 0x000000000231f000 Exception <a 'java/lang/NoSuchMethodError': Method sun.misc.Unsafe.defineClass(Ljava/lang/String;[BII)Ljava/lang/Class; name or signature does not match> (0x000000076ab0d690) thrown at [C:\workspace\8-2-build-windows-amd64-cygwin\jdk8u65\4987\hotspot\src\s'b!'f‚Á?
Event: 0.137 Thread 0x000000000231f000 Exception <a 'java/lang/NoSuchMethodError': Method sun.misc.Unsafe.prefetchRead(Ljava/lang/Object;J)V name or signature does not match> (0x000000076ab0d978) thrown at [C:\workspace\8-2-build-windows-amd64-cygwin\jdk8u65\4987\hotspot\src\share\vm\prims\jni.›®dœ$@
Event: 10.305 Thread 0x000000001e6a1800 Exception <a 'java/lang/ArrayIndexOutOfBoundsException': 18> (0x000000076c9e2340) thrown at [C:\workspace\8-2-build-windows-amd64-cygwin\jdk8u65\4987\hotspot\src\share\vm\interpreter\interpreterRuntime.cpp, line 366]
Event: 10.306 Thread 0x000000001e6a1800 Exception <a 'java/lang/ArrayIndexOutOfBoundsException': 145> (0x000000076c9e3ec0) thrown at [C:\workspace\8-2-build-windows-amd64-cygwin\jdk8u65\4987\hotspot\src\share\vm\interpreter\interpreterRuntime.cpp, line 366]
Event: 10.306 Thread 0x000000001e6a1800 Exception <a 'java/lang/ArrayIndexOutOfBoundsException': 40> (0x000000076c9e51a8) thrown at [C:\workspace\8-2-build-windows-amd64-cygwin\jdk8u65\4987\hotspot\src\share\vm\interpreter\interpreterRuntime.cpp, line 366]

Events (10 events):
Event: 10.306 loading class sun/reflect/generics/reflectiveObjects/TypeVariableImpl done
Event: 10.310 Thread 0x000000001e6a1800 Uncommon trap: trap_request=0xffffff65 fr.pc=0x00000000031d90b4
Event: 10.310 Thread 0x000000001e6a1800 DEOPT PACKING pc=0x00000000031d90b4 sp=0x000000001f40e880
Event: 10.310 Thread 0x000000001e6a1800 DEOPT UNPACKING pc=0x0000000002b0582a sp=0x000000001f40e7a0 mode 2
Event: 10.310 Thread 0x000000001e6a1800 Uncommon trap: trap_request=0xffffff65 fr.pc=0x0000000002eb7328
Event: 10.310 Thread 0x000000001e6a1800 DEOPT PACKING pc=0x0000000002eb7328 sp=0x000000001f40e720
Event: 10.310 Thread 0x000000001e6a1800 DEOPT UNPACKING pc=0x0000000002b0582a sp=0x000000001f40e6b0 mode 2
Event: 10.312 Thread 0x000000001e6a1800 Uncommon trap: trap_request=0xffffff65 fr.pc=0x0000000002f3ad9c
Event: 10.312 Thread 0x000000001e6a1800 DEOPT PACKING pc=0x0000000002f3ad9c sp=0x000000001f40e970
Event: 10.312 Thread 0x000000001e6a1800 DEOPT UNPACKING pc=0x0000000002b0582a sp=0x000000001f40e898 mode 2


Dynamic libraries:
0x000000013ffe0000 - 0x0000000140017000 	C:\Program Files\Java\jdk1.8.0_65\bin\java.exe
0x0000000077220000 - 0x00000000773ca000 	C:\Windows\SYSTEM32\ntdll.dll
0x0000000077100000 - 0x000000007721f000 	C:\Windows\system32\kernel32.dll
0x000007fefd270000 - 0x000007fefd2da000 	C:\Windows\system32\KERNELBASE.dll
0x000007fefd360000 - 0x000007fefd43b000 	C:\Windows\system32\ADVAPI32.dll
0x000007fefd770000 - 0x000007fefd80f000 	C:\Windows\system32\msvcrt.dll
0x000007fefeb70000 - 0x000007fefeb8f000 	C:\Windows\SYSTEM32\sechost.dll
0x000007fefd640000 - 0x000007fefd76d000 	C:\Windows\system32\RPCRT4.dll
0x0000000077000000 - 0x00000000770fa000 	C:\Windows\system32\USER32.dll
0x000007fefd5d0000 - 0x000007fefd637000 	C:\Windows\system32\GDI32.dll
0x000007fefd810000 - 0x000007fefd81e000 	C:\Windows\system32\LPK.dll
0x000007fefd4e0000 - 0x000007fefd5aa000 	C:\Windows\system32\USP10.dll
0x000007fefb550000 - 0x000007fefb744000 	C:\Windows\WinSxS\amd64_microsoft.windows.common-controls_6595b64144ccf1df_6.0.7601.18837_none_fa3b1e3d17594757\COMCTL32.dll
0x000007feff2d0000 - 0x000007feff341000 	C:\Windows\system32\SHLWAPI.dll
0x000007feff240000 - 0x000007feff26e000 	C:\Windows\system32\IMM32.DLL
0x000007fefeb90000 - 0x000007fefec99000 	C:\Windows\system32\MSCTF.dll
0x000007fefced0000 - 0x000007fefcf10000 	C:\Windows\system32\nvinitx.dll
0x0000000072f20000 - 0x0000000072ff2000 	C:\Program Files\Java\jdk1.8.0_65\jre\bin\msvcr100.dll
0x0000000063510000 - 0x0000000063d99000 	C:\Program Files\Java\jdk1.8.0_65\jre\bin\server\jvm.dll
0x000007fef4710000 - 0x000007fef4719000 	C:\Windows\system32\WSOCK32.dll
0x000007fefef60000 - 0x000007fefefad000 	C:\Windows\system32\WS2_32.dll
0x000007fefef50000 - 0x000007fefef58000 	C:\Windows\system32\NSI.dll
0x000007fef9dd0000 - 0x000007fef9e0b000 	C:\Windows\system32\WINMM.dll
0x000007fefbfe0000 - 0x000007fefbfec000 	C:\Windows\system32\VERSION.dll
0x00000000773f0000 - 0x00000000773f7000 	C:\Windows\system32\PSAPI.DLL
0x0000000073c60000 - 0x0000000073c6f000 	C:\Program Files\Java\jdk1.8.0_65\jre\bin\verify.dll
0x0000000072da0000 - 0x0000000072dc9000 	C:\Program Files\Java\jdk1.8.0_65\jre\bin\java.dll
0x0000000072d80000 - 0x0000000072d96000 	C:\Program Files\Java\jdk1.8.0_65\jre\bin\zip.dll
0x000007fefdde0000 - 0x000007fefeb6a000 	C:\Windows\system32\SHELL32.dll
0x000007fefeca0000 - 0x000007fefeea3000 	C:\Windows\system32\ole32.dll
0x000007fefcfa0000 - 0x000007fefcfaf000 	C:\Windows\system32\profapi.dll

VM Arguments:
jvm_args: -Djava.awt.headless=true -Xmx4g -Dfile.encoding=UTF-8 -Duser.country=US -Duser.language=en -Duser.variant 
java_command: com.android.dx.command.Main --dex --num-threads=4 --output E:\Ohjelmat\Projects\Testi\app\build\intermediates\pre-dexed\debug\com.android.support-appcompat-v7-23.4.0_8f19d604c68f1ec1a6c15344b3c0b8740a416e08.jar E:\Ohjelmat\Projects\Testi\app\build\intermediates\exploded-aar\com.android.support\appcompat-v7\23.4.0\jars\classes.jar
java_class_path (initial): E:\Ohjelmat\AndroidSDK2\build-tools\23.0.3\lib\dx.jar
Launcher Type: SUN_STANDARD

Environment Variables:
PATH=C:\ProgramData\Oracle\Java\javapath;C:\Program Files\Common Files\Microsoft Shared\Windows Live;C:\Program Files (x86)\Common Files\Microsoft Shared\Windows Live;C:\Program Files (x86)\NVIDIA Corporation\PhysX\Common;C:\Windows\system32;C:\Windows;C:\Windows\System32\Wbem;C:\Windows\System32\WindowsPowerShell\v1.0\;C:\Program Files (x86)\Windows Live\Shared;E:\Ohjelmat\Matlab\runtime\win64;E:\Ohjelmat\Matlab\bin;E:\Ohjelmat\Matlab\polyspace\bin;E:\Ohjelmat\MCR\v717\runtime\win64;E:\Ohjelmat\Singular\Surfer\bin;C:\Program Files\Java\jre1.8.0_73\bin;
USERNAME=Harkonen
OS=Windows_NT
PROCESSOR_IDENTIFIER=Intel64 Family 6 Model 58 Stepping 9, GenuineIntel



---------------  S Y S T E M  ---------------

OS: Windows 7 , 64 bit Build 7601 (6.1.7601.23418)

CPU:total 4 (4 cores per cpu, 1 threads per core) family 6 model 58 stepping 9, cmov, cx8, fxsr, mmx, sse, sse2, sse3, ssse3, sse4.1, sse4.2, popcnt, avx, aes, clmul, erms, tsc, tscinvbit, tscinv

Memory: 4k page, physical 8281492k(78328k free), swap 8803920k(5208k free)

vm_info: Java HotSpot(TM) 64-Bit Server VM (25.65-b01) for windows-amd64 JRE (1.8.0_65-b17), built on Oct  6 2015 16:39:20 by "java_re" with MS VC++ 10.0 (VS2010)

time: Tue Jun 07 19:00:15 2016
elapsed time: 10 seconds (0d 0h 0m 10s)

