#
# There is insufficient memory for the Java Runtime Environment to continue.
# Native memory allocation (malloc) failed to allocate 1118896 bytes for Chunk::new
# Possible reasons:
#   The system is out of physical RAM or swap space
#   In 32 bit mode, the process size limit was hit
# Possible solutions:
#   Reduce memory load on the system
#   Increase physical memory or swap space
#   Check if swap backing store is full
#   Use 64 bit Java on a 64 bit OS
#   Decrease Java heap size (-Xmx/-Xms)
#   Decrease number of Java threads
#   Decrease Java thread stack sizes (-Xss)
#   Set larger code cache with -XX:ReservedCodeCacheSize=
# This output file may be truncated or incomplete.
#
#  Out of Memory Error (allocation.cpp:390), pid=3132, tid=5936
#
# JRE version: Java(TM) SE Runtime Environment (8.0_65-b17) (build 1.8.0_65-b17)
# Java VM: Java HotSpot(TM) 64-Bit Server VM (25.65-b01 mixed mode windows-amd64 compressed oops)
# Failed to write core dump. Minidumps are not enabled by default on client versions of Windows
#

---------------  T H R E A D  ---------------

Current thread (0x0000000054c3e800):  JavaThread "C2 CompilerThread0" daemon [_thread_in_native, id=5936, stack(0x0000000057530000,0x0000000057630000)]

Stack: [0x0000000057530000,0x0000000057630000]
[error occurred during error reporting (printing stack bounds), id 0xc0000005]

Native frames: (J=compiled Java code, j=interpreted, Vv=VM code, C=native code)


Current CompileTask:
C2:    892 1141       4       com.android.dx.ssa.SCCP::simulateBranch (666 bytes)


---------------  P R O C E S S  ---------------

Java Threads: ( => current thread )
  0x0000000057aa6000 JavaThread "pool-2-thread-4" [_thread_blocked, id=4652, stack(0x00000000583c0000,0x00000000584c0000)]
  0x0000000057aa2000 JavaThread "pool-2-thread-3" [_thread_blocked, id=1520, stack(0x0000000057c70000,0x0000000057d70000)]
  0x0000000057a5e800 JavaThread "pool-2-thread-2" [_thread_blocked, id=6960, stack(0x0000000058220000,0x0000000058320000)]
  0x0000000057a5d800 JavaThread "pool-3-thread-1" [_thread_blocked, id=6716, stack(0x0000000057e80000,0x0000000057f80000)]
  0x0000000057a5d000 JavaThread "pool-2-thread-1" [_thread_blocked, id=4324, stack(0x00000000580b0000,0x00000000581b0000)]
  0x0000000054c48800 JavaThread "Service Thread" daemon [_thread_blocked, id=5052, stack(0x0000000057d80000,0x0000000057e80000)]
  0x0000000054c43800 JavaThread "C1 CompilerThread2" daemon [_thread_blocked, id=6072, stack(0x00000000570e0000,0x00000000571e0000)]
  0x0000000054c42800 JavaThread "C2 CompilerThread1" daemon [_thread_in_native, id=5204, stack(0x0000000057700000,0x0000000057800000)]
=>0x0000000054c3e800 JavaThread "C2 CompilerThread0" daemon [_thread_in_native, id=5936, stack(0x0000000057530000,0x0000000057630000)]
  0x0000000054c4e800 JavaThread "Attach Listener" daemon [_thread_blocked, id=4708, stack(0x0000000057340000,0x0000000057440000)]
  0x0000000054c4b000 JavaThread "Signal Dispatcher" daemon [_thread_blocked, id=1472, stack(0x0000000057230000,0x0000000057330000)]
  0x0000000054be1000 JavaThread "Finalizer" daemon [_thread_blocked, id=6500, stack(0x0000000056fc0000,0x00000000570c0000)]
  0x0000000054bdf800 JavaThread "Reference Handler" daemon [_thread_blocked, id=3676, stack(0x0000000056ea0000,0x0000000056fa0000)]
  0x00000000024cf000 JavaThread "main" [_thread_blocked, id=2068, stack(0x00000000024d0000,0x00000000025d0000)]

Other Threads:
  0x0000000054bda000 VMThread [stack: 0x0000000056d50000,0x0000000056e50000] [id=4036]
  0x00000000578a0800 WatcherThread [stack: 0x0000000057f80000,0x0000000058080000] [id=2824]

VM state:not at safepoint (normal execution)

VM Mutex/Monitor currently owned by a thread: None

Heap:
 PSYoungGen      total 38400K, used 20536K [0x00000000eab00000, 0x00000000ef600000, 0x0000000100000000)
  eden space 33280K, 46% used [0x00000000eab00000,0x00000000eba0f508,0x00000000ecb80000)
  from space 5120K, 99% used [0x00000000ecb80000,0x00000000ed07edc0,0x00000000ed080000)
  to   space 5120K, 0% used [0x00000000ef100000,0x00000000ef100000,0x00000000ef600000)
 ParOldGen       total 87552K, used 810K [0x00000000c0000000, 0x00000000c5580000, 0x00000000eab00000)
  object space 87552K, 0% used [0x00000000c0000000,0x00000000c00caae0,0x00000000c5580000)
 Metaspace       used 6064K, capacity 6936K, committed 7168K, reserved 1056768K
  class space    used 617K, capacity 656K, committed 768K, reserved 1048576K

Card table byte_map: [0x0000000011d90000,0x0000000011fa0000] byte_map_base: 0x0000000011790000

Marking Bits: (ParMarkBitMap*) 0x00000000557da5b0
 Begin Bits: [0x0000000012850000, 0x0000000013850000)
 End Bits:   [0x0000000013850000, 0x0000000014850000)

Polling page: 0x0000000000340000

CodeCache: size=245760Kb used=4926Kb max_used=4927Kb free=240833Kb
 bounds [0x00000000029d0000, 0x0000000002eb0000, 0x00000000119d0000]
 total_blobs=1534 nmethods=1265 adapters=182
 compilation: enabled

Compilation events (10 events):
Event: 0.879 Thread 0x0000000054c43800 1275       2       com.android.dx.util.LabeledList::rebuildLabelToIndex (46 bytes)
Event: 0.879 Thread 0x0000000054c43800 nmethod 1275 0x0000000002ea22d0 code [0x0000000002ea2460, 0x0000000002ea2708]
Event: 0.879 Thread 0x0000000054c43800 1272       2       com.android.dx.cf.code.Ropper::getRopMethod (64 bytes)
Event: 0.879 Thread 0x0000000054c43800 nmethod 1272 0x0000000002ea1590 code [0x0000000002ea1760, 0x0000000002ea1c98]
Event: 0.879 Thread 0x0000000054c43800 1273       2       com.android.dx.ssa.back.FirstFitLocalCombiningAllocator$Multiset::getAndRemoveHighestCount (63 bytes)
Event: 0.880 Thread 0x0000000054c43800 nmethod 1273 0x0000000002ea0f90 code [0x0000000002ea1100, 0x0000000002ea1350]
Event: 0.880 Thread 0x0000000054c43800 1276       2       com.android.dx.ssa.DeadCodeRemover::process (14 bytes)
Event: 0.880 Thread 0x0000000054c43800 nmethod 1276 0x0000000002ea0b90 code [0x0000000002ea0d00, 0x0000000002ea0eb8]
Event: 0.880 Thread 0x0000000054c43800 1277       2       com.android.dx.ssa.DeadCodeRemover::<init> (44 bytes)
Event: 0.880 Thread 0x0000000054c43800 nmethod 1277 0x0000000002ea0690 code [0x0000000002ea0800, 0x0000000002ea0a58]

GC Heap History (2 events):
Event: 0.643 GC heap before
{Heap before GC invocations=1 (full 0):
 PSYoungGen      total 38400K, used 33280K [0x00000000eab00000, 0x00000000ed580000, 0x0000000100000000)
  eden space 33280K, 100% used [0x00000000eab00000,0x00000000ecb80000,0x00000000ecb80000)
  from space 5120K, 0% used [0x00000000ed080000,0x00000000ed080000,0x00000000ed580000)
  to   space 5120K, 0% used [0x00000000ecb80000,0x00000000ecb80000,0x00000000ed080000)
 ParOldGen       total 87552K, used 0K [0x00000000c0000000, 0x00000000c5580000, 0x00000000eab00000)
  object space 87552K, 0% used [0x00000000c0000000,0x00000000c0000000,0x00000000c5580000)
 Metaspace       used 5846K, capacity 6832K, committed 7040K, reserved 1056768K
  class space    used 596K, capacity 616K, committed 640K, reserved 1048576K
Event: 0.656 GC heap after
Heap after GC invocations=1 (full 0):
 PSYoungGen      total 38400K, used 5115K [0x00000000eab00000, 0x00000000ef600000, 0x0000000100000000)
  eden space 33280K, 0% used [0x00000000eab00000,0x00000000eab00000,0x00000000ecb80000)
  from space 5120K, 99% used [0x00000000ecb80000,0x00000000ed07edc0,0x00000000ed080000)
  to   space 5120K, 0% used [0x00000000ef100000,0x00000000ef100000,0x00000000ef600000)
 ParOldGen       total 87552K, used 810K [0x00000000c0000000, 0x00000000c5580000, 0x00000000eab00000)
  object space 87552K, 0% used [0x00000000c0000000,0x00000000c00caae0,0x00000000c5580000)
 Metaspace       used 5846K, capacity 6832K, committed 7040K, reserved 1056768K
  class space    used 596K, capacity 616K, committed 640K, reserved 1048576K
}

Deoptimization events (10 events):
Event: 0.694 Thread 0x0000000057aa6000 Uncommon trap: reason=class_check action=maybe_recompile pc=0x0000000002daea00 method=java.util.HashMap.putVal(ILjava/lang/Object;Ljava/lang/Object;ZZ)Ljava/lang/Object; @ 203
Event: 0.694 Thread 0x0000000057aa6000 Uncommon trap: reason=bimorphic action=maybe_recompile pc=0x0000000002c2240c method=java.util.HashMap.getNode(ILjava/lang/Object;)Ljava/util/HashMap$Node; @ 126
Event: 0.694 Thread 0x0000000057aa6000 Uncommon trap: reason=bimorphic action=maybe_recompile pc=0x0000000002c2240c method=java.util.HashMap.getNode(ILjava/lang/Object;)Ljava/util/HashMap$Node; @ 126
Event: 0.718 Thread 0x0000000057aa6000 Uncommon trap: reason=bimorphic action=maybe_recompile pc=0x0000000002c2240c method=java.util.HashMap.getNode(ILjava/lang/Object;)Ljava/util/HashMap$Node; @ 126
Event: 0.718 Thread 0x0000000057aa6000 Uncommon trap: reason=class_check action=maybe_recompile pc=0x0000000002daea00 method=java.util.HashMap.putVal(ILjava/lang/Object;Ljava/lang/Object;ZZ)Ljava/lang/Object; @ 203
Event: 0.718 Thread 0x0000000057aa6000 Uncommon trap: reason=bimorphic action=maybe_recompile pc=0x0000000002c2240c method=java.util.HashMap.getNode(ILjava/lang/Object;)Ljava/util/HashMap$Node; @ 126
Event: 0.718 Thread 0x0000000057aa6000 Uncommon trap: reason=class_check action=maybe_recompile pc=0x0000000002daea00 method=java.util.HashMap.putVal(ILjava/lang/Object;Ljava/lang/Object;ZZ)Ljava/lang/Object; @ 203
Event: 0.815 Thread 0x0000000057a5d000 Uncommon trap: reason=unstable_if action=reinterpret pc=0x0000000002d4833c method=java.util.HashMap.putVal(ILjava/lang/Object;Ljava/lang/Object;ZZ)Ljava/lang/Object; @ 162
Event: 0.818 Thread 0x0000000057a5d000 Uncommon trap: reason=unstable_if action=reinterpret pc=0x0000000002c6e388 method=java.util.HashMap.getNode(ILjava/lang/Object;)Ljava/util/HashMap$Node; @ 84
Event: 0.865 Thread 0x0000000057aa2000 Uncommon trap: reason=unstable_if action=reinterpret pc=0x0000000002e99a70 method=com.android.dx.rop.code.RegisterSpecSet.localItemToSpec(Lcom/android/dx/rop/code/LocalItem;)Lcom/android/dx/rop/code/RegisterSpec; @ 35

Internal exceptions (5 events):
Event: 0.038 Thread 0x00000000024cf000 Exception <a 'java/lang/NoSuchMethodError': Method sun.misc.Unsafe.defineClass(Ljava/lang/String;[BII)Ljava/lang/Class; name or signature does not match> (0x00000000eab0d258) thrown at [C:\workspace\8-2-build-windows-amd64-cygwin\jdk8u65\4987\hotspot\src\sF'ûWËN£?
Event: 0.038 Thread 0x00000000024cf000 Exception <a 'java/lang/NoSuchMethodError': Method sun.misc.Unsafe.prefetchRead(Ljava/lang/Object;J)V name or signature does not match> (0x00000000eab0d540) thrown at [C:\workspace\8-2-build-windows-amd64-cygwin\jdk8u65\4987\hotspot\src\share\vm\prims\jni.c‹Ú∞!Í?
Event: 0.817 Thread 0x0000000057a5d000 Exception <a 'java/lang/ArrayIndexOutOfBoundsException': 18> (0x00000000eafc3710) thrown at [C:\workspace\8-2-build-windows-amd64-cygwin\jdk8u65\4987\hotspot\src\share\vm\interpreter\interpreterRuntime.cpp, line 366]
Event: 0.817 Thread 0x0000000057a5d000 Exception <a 'java/lang/ArrayIndexOutOfBoundsException'> (0x00000000eafc5290) thrown at [C:\workspace\8-2-build-windows-amd64-cygwin\jdk8u65\4987\hotspot\src\share\vm\runtime\sharedRuntime.cpp, line 605]
Event: 0.818 Thread 0x0000000057a5d000 Exception <a 'java/lang/ArrayIndexOutOfBoundsException'> (0x00000000eafc6578) thrown at [C:\workspace\8-2-build-windows-amd64-cygwin\jdk8u65\4987\hotspot\src\share\vm\runtime\sharedRuntime.cpp, line 605]

Events (10 events):
Event: 0.818 Thread 0x0000000057a5d000 DEOPT UNPACKING pc=0x0000000002a1582a sp=0x00000000581adac8 mode 2
Event: 0.857 loading class com/android/dx/cf/code/SwitchList
Event: 0.857 loading class com/android/dx/cf/code/SwitchList done
Event: 0.859 Thread 0x0000000057aa2000 DEOPT PACKING pc=0x0000000002c2ed2a sp=0x0000000057d6dbc0
Event: 0.859 Thread 0x0000000057aa2000 DEOPT UNPACKING pc=0x0000000002a1787f sp=0x0000000057d6d8e0 mode 0
Event: 0.860 Thread 0x0000000057aa2000 DEOPT PACKING pc=0x0000000002c2ed2a sp=0x0000000057d6dc60
Event: 0.860 Thread 0x0000000057aa2000 DEOPT UNPACKING pc=0x0000000002a1787f sp=0x0000000057d6d980 mode 0
Event: 0.865 Thread 0x0000000057aa2000 Uncommon trap: trap_request=0xffffff65 fr.pc=0x0000000002e99a70
Event: 0.865 Thread 0x0000000057aa2000 DEOPT PACKING pc=0x0000000002e99a70 sp=0x0000000057d6e610
Event: 0.865 Thread 0x0000000057aa2000 DEOPT UNPACKING pc=0x0000000002a1582a sp=0x0000000057d6e5b0 mode 2


Dynamic libraries:
0x000000013f720000 - 0x000000013f757000 	C:\Program Files\Java\jdk1.8.0_65\bin\java.exe
0x0000000077270000 - 0x000000007741a000 	C:\Windows\SYSTEM32\ntdll.dll
0x0000000077150000 - 0x000000007726f000 	C:\Windows\system32\kernel32.dll
0x000007fefd010000 - 0x000007fefd07a000 	C:\Windows\system32\KERNELBASE.dll
0x000007feff2c0000 - 0x000007feff39b000 	C:\Windows\system32\ADVAPI32.dll
0x000007fefda90000 - 0x000007fefdb2f000 	C:\Windows\system32\msvcrt.dll
0x000007fefd7f0000 - 0x000007fefd80f000 	C:\Windows\SYSTEM32\sechost.dll
0x000007fefd890000 - 0x000007fefd9bd000 	C:\Windows\system32\RPCRT4.dll
0x0000000077050000 - 0x000000007714a000 	C:\Windows\system32\USER32.dll
0x000007fefe0d0000 - 0x000007fefe137000 	C:\Windows\system32\GDI32.dll
0x000007fefd3b0000 - 0x000007fefd3be000 	C:\Windows\system32\LPK.dll
0x000007feff160000 - 0x000007feff22a000 	C:\Windows\system32\USP10.dll
0x000007fefb460000 - 0x000007fefb654000 	C:\Windows\WinSxS\amd64_microsoft.windows.common-controls_6595b64144ccf1df_6.0.7601.18837_none_fa3b1e3d17594757\COMCTL32.dll
0x000007fefd810000 - 0x000007fefd881000 	C:\Windows\system32\SHLWAPI.dll
0x000007fefda60000 - 0x000007fefda8e000 	C:\Windows\system32\IMM32.DLL
0x000007fefd6e0000 - 0x000007fefd7e9000 	C:\Windows\system32\MSCTF.dll
0x000007fefcf20000 - 0x000007fefcf60000 	C:\Windows\system32\nvinitx.dll
0x00000000659f0000 - 0x0000000065ac2000 	C:\Program Files\Java\jdk1.8.0_65\jre\bin\msvcr100.dll
0x0000000054fd0000 - 0x0000000055859000 	C:\Program Files\Java\jdk1.8.0_65\jre\bin\server\jvm.dll
0x000007fef65c0000 - 0x000007fef65c9000 	C:\Windows\system32\WSOCK32.dll
0x000007fefd3c0000 - 0x000007fefd40d000 	C:\Windows\system32\WS2_32.dll
0x000007feff230000 - 0x000007feff238000 	C:\Windows\system32\NSI.dll
0x000007fef9cf0000 - 0x000007fef9d2b000 	C:\Windows\system32\WINMM.dll
0x000007fefc030000 - 0x000007fefc03c000 	C:\Windows\system32\VERSION.dll
0x0000000077430000 - 0x0000000077437000 	C:\Windows\system32\PSAPI.DLL
0x0000000073a80000 - 0x0000000073a8f000 	C:\Program Files\Java\jdk1.8.0_65\jre\bin\verify.dll
0x00000000709d0000 - 0x00000000709f9000 	C:\Program Files\Java\jdk1.8.0_65\jre\bin\java.dll
0x000000006ff50000 - 0x000000006ff66000 	C:\Program Files\Java\jdk1.8.0_65\jre\bin\zip.dll
0x000007fefe3d0000 - 0x000007feff15a000 	C:\Windows\system32\SHELL32.dll
0x000007fefdb90000 - 0x000007fefdd93000 	C:\Windows\system32\ole32.dll
0x000007fefcff0000 - 0x000007fefcfff000 	C:\Windows\system32\profapi.dll

VM Arguments:
jvm_args: -Djava.awt.headless=true -Xmx1024M -Dfile.encoding=windows-1252 -Duser.country=US -Duser.language=en -Duser.variant 
java_command: com.android.dx.command.Main --dex --force-jumbo --num-threads=4 --multi-dex --output E:\Ohjelmat\Projects\Testi\app\build\intermediates\transforms\dex\debug\folders\1000\10\achartengine-1.2.0_a1939b71ea214a7b909177aaef1f2b1c79f4eb9d C:\Users\Harkonen\.gradle\caches\modules-2\files-2.1\org.achartengine\achartengine\1.2.0\34e6ba7b25027a435fbef019cfd435c32c3517e8\achartengine-1.2.0.jar
java_class_path (initial): E:\Ohjelmat\AndroidSDK2\build-tools\23.0.3\lib\dx.jar
Launcher Type: SUN_STANDARD

Environment Variables:
PATH=C:\ProgramData\Oracle\Java\javapath;C:\Program Files\Common Files\Microsoft Shared\Windows Live;C:\Program Files (x86)\Common Files\Microsoft Shared\Windows Live;C:\Program Files (x86)\NVIDIA Corporation\PhysX\Common;C:\Windows\system32;C:\Windows;C:\Windows\System32\Wbem;C:\Windows\System32\WindowsPowerShell\v1.0\;C:\Program Files (x86)\Windows Live\Shared;E:\Ohjelmat\Matlab\runtime\win64;E:\Ohjelmat\Matlab\bin;E:\Ohjelmat\Matlab\polyspace\bin;E:\Ohjelmat\MCR\v717\runtime\win64;E:\Ohjelmat\Singular\Surfer\bin;C:\Program Files\Java\jre1.8.0_73\bin;
USERNAME=Harkonen
OS=Windows_NT
PROCESSOR_IDENTIFIER=Intel64 Family 6 Model 58 Stepping 9, GenuineIntel



---------------  S Y S T E M  ---------------

OS: Windows 7 , 64 bit Build 7601 (6.1.7601.23418)

CPU:total 4 (4 cores per cpu, 1 threads per core) family 6 model 58 stepping 9, cmov, cx8, fxsr, mmx, sse, sse2, sse3, ssse3, sse4.1, sse4.2, popcnt, avx, aes, clmul, erms, tsc, tscinvbit, tscinv

Memory: 4k page, physical 8281492k(928864k free), swap 8803920k(5116k free)

vm_info: Java HotSpot(TM) 64-Bit Server VM (25.65-b01) for windows-amd64 JRE (1.8.0_65-b17), built on Oct  6 2015 16:39:20 by "java_re" with MS VC++ 10.0 (VS2010)

time: Sun Jun 05 22:52:28 2016
elapsed time: 0 seconds (0d 0h 0m 0s)

