#
# There is insufficient memory for the Java Runtime Environment to continue.
# Native memory allocation (malloc) failed to allocate 337296 bytes for Chunk::new
# Possible reasons:
#   The system is out of physical RAM or swap space
#   In 32 bit mode, the process size limit was hit
# Possible solutions:
#   Reduce memory load on the system
#   Increase physical memory or swap space
#   Check if swap backing store is full
#   Use 64 bit Java on a 64 bit OS
#   Decrease Java heap size (-Xmx/-Xms)
#   Decrease number of Java threads
#   Decrease Java thread stack sizes (-Xss)
#   Set larger code cache with -XX:ReservedCodeCacheSize=
# This output file may be truncated or incomplete.
#
#  Out of Memory Error (allocation.cpp:390), pid=2984, tid=4400
#
# JRE version: Java(TM) SE Runtime Environment (8.0_65-b17) (build 1.8.0_65-b17)
# Java VM: Java HotSpot(TM) 64-Bit Server VM (25.65-b01 mixed mode windows-amd64 compressed oops)
# Failed to write core dump. Minidumps are not enabled by default on client versions of Windows
#

---------------  T H R E A D  ---------------

Current thread (0x000000005538e800):  JavaThread "C2 CompilerThread0" daemon [_thread_in_native, id=4400, stack(0x0000000056290000,0x0000000056390000)]

Stack: [0x0000000056290000,0x0000000056390000]
[error occurred during error reporting (printing stack bounds), id 0xc0000005]

Native frames: (J=compiled Java code, j=interpreted, Vv=VM code, C=native code)


Current CompileTask:
C2:   6409 2217       4       com.android.dx.ssa.back.SsaToRop::removePhiFunctions (83 bytes)


---------------  P R O C E S S  ---------------

Java Threads: ( => current thread )
  0x00000000570fa000 JavaThread "pool-2-thread-4" [_thread_blocked, id=8180, stack(0x0000000057b10000,0x0000000057c10000)]
  0x00000000570f7000 JavaThread "pool-2-thread-3" [_thread_blocked, id=6660, stack(0x00000000579d0000,0x0000000057ad0000)]
  0x00000000570f5800 JavaThread "pool-2-thread-2" [_thread_blocked, id=3268, stack(0x00000000578b0000,0x00000000579b0000)]
  0x00000000570f3800 JavaThread "pool-3-thread-1" [_thread_blocked, id=4508, stack(0x0000000057610000,0x0000000057710000)]
  0x00000000570f3000 JavaThread "pool-2-thread-1" [_thread_in_Java, id=6576, stack(0x0000000056c10000,0x0000000056d10000)]
  0x0000000055399000 JavaThread "Service Thread" daemon [_thread_blocked, id=1176, stack(0x0000000057370000,0x0000000057470000)]
  0x0000000055393800 JavaThread "C1 CompilerThread2" daemon [_thread_blocked, id=3580, stack(0x0000000056d40000,0x0000000056e40000)]
  0x0000000055392800 JavaThread "C2 CompilerThread1" daemon [_thread_in_native, id=5420, stack(0x0000000056af0000,0x0000000056bf0000)]
=>0x000000005538e800 JavaThread "C2 CompilerThread0" daemon [_thread_in_native, id=4400, stack(0x0000000056290000,0x0000000056390000)]
  0x000000005539c800 JavaThread "Attach Listener" daemon [_thread_blocked, id=6220, stack(0x0000000056930000,0x0000000056a30000)]
  0x000000005539b000 JavaThread "Signal Dispatcher" daemon [_thread_blocked, id=7848, stack(0x0000000056760000,0x0000000056860000)]
  0x0000000055331000 JavaThread "Finalizer" daemon [_thread_blocked, id=5212, stack(0x00000000565b0000,0x00000000566b0000)]
  0x0000000055330000 JavaThread "Reference Handler" daemon [_thread_blocked, id=5136, stack(0x0000000056450000,0x0000000056550000)]
  0x000000000252f000 JavaThread "main" [_thread_blocked, id=5936, stack(0x0000000002710000,0x0000000002810000)]

Other Threads:
  0x000000005532a800 VMThread [stack: 0x0000000056180000,0x0000000056280000] [id=6224]
  0x0000000056eb2800 WatcherThread [stack: 0x00000000574a0000,0x00000000575a0000] [id=7032]

VM state:not at safepoint (normal execution)

VM Mutex/Monitor currently owned by a thread: None

Heap:
 PSYoungGen      total 138240K, used 132868K [0x00000000eab00000, 0x00000000f3700000, 0x0000000100000000)
  eden space 133120K, 95% used [0x00000000eab00000,0x00000000f27c1bf8,0x00000000f2d00000)
  from space 5120K, 99% used [0x00000000f3200000,0x00000000f36ff728,0x00000000f3700000)
  to   space 5120K, 0% used [0x00000000f2d00000,0x00000000f2d00000,0x00000000f3200000)
 ParOldGen       total 87552K, used 23746K [0x00000000c0000000, 0x00000000c5580000, 0x00000000eab00000)
  object space 87552K, 27% used [0x00000000c0000000,0x00000000c17308b8,0x00000000c5580000)
 Metaspace       used 6506K, capacity 7256K, committed 7424K, reserved 1056768K
  class space    used 624K, capacity 656K, committed 768K, reserved 1048576K

Card table byte_map: [0x0000000011ea0000,0x00000000120b0000] byte_map_base: 0x00000000118a0000

Marking Bits: (ParMarkBitMap*) 0x000000006564a5b0
 Begin Bits: [0x00000000127a0000, 0x00000000137a0000)
 End Bits:   [0x00000000137a0000, 0x00000000147a0000)

Polling page: 0x0000000000130000

CodeCache: size=245760Kb used=9333Kb max_used=9345Kb free=236426Kb
 bounds [0x0000000002ae0000, 0x0000000003410000, 0x0000000011ae0000]
 total_blobs=2340 nmethods=2070 adapters=182
 compilation: enabled

Compilation events (10 events):
Event: 6.374 Thread 0x000000005538e800 2215       4       com.android.dx.ssa.LocalVariableExtractor::doit (59 bytes)
Event: 6.374 Thread 0x0000000055392800 2216       4       com.android.dx.ssa.SsaMethod::forEachBlockDepthFirstDom (128 bytes)
Event: 6.379 Thread 0x000000005538e800 nmethod 2215 0x00000000033dcbd0 code [0x00000000033dcd40, 0x00000000033dd048]
Event: 6.395 Thread 0x0000000055392800 nmethod 2216 0x00000000033fd790 code [0x00000000033fd9a0, 0x00000000033fe7f8]
Event: 6.395 Thread 0x000000005538e800 2217       4       com.android.dx.ssa.back.SsaToRop::removePhiFunctions (83 bytes)
Event: 6.395 Thread 0x0000000055392800 2218 %     4       com.android.dx.ssa.SsaMethod::makeExitBlock @ 69 (134 bytes)
Event: 6.399 Thread 0x0000000055392800 nmethod 2218% 0x00000000033f2d50 code [0x00000000033f2ec0, 0x00000000033f3228]
Event: 6.399 Thread 0x0000000055392800 2219 %     4       com.android.dx.ssa.SsaMethod::getCountReachableBlocks @ 10 (44 bytes)
Event: 6.403 Thread 0x0000000055392800 nmethod 2219% 0x00000000033f2510 code [0x00000000033f2680, 0x00000000033f2ab8]
Event: 6.404 Thread 0x0000000055392800 2220 %     4       com.android.dx.ssa.back.SsaToRop::convertBasicBlocks @ 69 (151 bytes)

GC Heap History (8 events):
Event: 1.502 GC heap before
{Heap before GC invocations=1 (full 0):
 PSYoungGen      total 38400K, used 33280K [0x00000000eab00000, 0x00000000ed580000, 0x0000000100000000)
  eden space 33280K, 100% used [0x00000000eab00000,0x00000000ecb80000,0x00000000ecb80000)
  from space 5120K, 0% used [0x00000000ed080000,0x00000000ed080000,0x00000000ed580000)
  to   space 5120K, 0% used [0x00000000ecb80000,0x00000000ecb80000,0x00000000ed080000)
 ParOldGen       total 87552K, used 0K [0x00000000c0000000, 0x00000000c5580000, 0x00000000eab00000)
  object space 87552K, 0% used [0x00000000c0000000,0x00000000c0000000,0x00000000c5580000)
 Metaspace       used 6002K, capacity 6896K, committed 7040K, reserved 1056768K
  class space    used 601K, capacity 616K, committed 640K, reserved 1048576K
Event: 1.629 GC heap after
Heap after GC invocations=1 (full 0):
 PSYoungGen      total 38400K, used 5092K [0x00000000eab00000, 0x00000000ef600000, 0x0000000100000000)
  eden space 33280K, 0% used [0x00000000eab00000,0x00000000eab00000,0x00000000ecb80000)
  from space 5120K, 99% used [0x00000000ecb80000,0x00000000ed079058,0x00000000ed080000)
  to   space 5120K, 0% used [0x00000000ef100000,0x00000000ef100000,0x00000000ef600000)
 ParOldGen       total 87552K, used 825K [0x00000000c0000000, 0x00000000c5580000, 0x00000000eab00000)
  object space 87552K, 0% used [0x00000000c0000000,0x00000000c00ce498,0x00000000c5580000)
 Metaspace       used 6002K, capacity 6896K, committed 7040K, reserved 1056768K
  class space    used 601K, capacity 616K, committed 640K, reserved 1048576K
}
Event: 1.789 GC heap before
{Heap before GC invocations=2 (full 0):
 PSYoungGen      total 38400K, used 38372K [0x00000000eab00000, 0x00000000ef600000, 0x0000000100000000)
  eden space 33280K, 100% used [0x00000000eab00000,0x00000000ecb80000,0x00000000ecb80000)
  from space 5120K, 99% used [0x00000000ecb80000,0x00000000ed079058,0x00000000ed080000)
  to   space 5120K, 0% used [0x00000000ef100000,0x00000000ef100000,0x00000000ef600000)
 ParOldGen       total 87552K, used 825K [0x00000000c0000000, 0x00000000c5580000, 0x00000000eab00000)
  object space 87552K, 0% used [0x00000000c0000000,0x00000000c00ce498,0x00000000c5580000)
 Metaspace       used 6128K, capacity 7024K, committed 7296K, reserved 1056768K
  class space    used 602K, capacity 616K, committed 640K, reserved 1048576K
Event: 1.886 GC heap after
Heap after GC invocations=2 (full 0):
 PSYoungGen      total 71680K, used 5110K [0x00000000eab00000, 0x00000000ef600000, 0x0000000100000000)
  eden space 66560K, 0% used [0x00000000eab00000,0x00000000eab00000,0x00000000eec00000)
  from space 5120K, 99% used [0x00000000ef100000,0x00000000ef5fda38,0x00000000ef600000)
  to   space 5120K, 0% used [0x00000000eec00000,0x00000000eec00000,0x00000000ef100000)
 ParOldGen       total 87552K, used 5092K [0x00000000c0000000, 0x00000000c5580000, 0x00000000eab00000)
  object space 87552K, 5% used [0x00000000c0000000,0x00000000c04f93f0,0x00000000c5580000)
 Metaspace       used 6128K, capacity 7024K, committed 7296K, reserved 1056768K
  class space    used 602K, capacity 616K, committed 640K, reserved 1048576K
}
Event: 2.695 GC heap before
{Heap before GC invocations=3 (full 0):
 PSYoungGen      total 71680K, used 71670K [0x00000000eab00000, 0x00000000ef600000, 0x0000000100000000)
  eden space 66560K, 100% used [0x00000000eab00000,0x00000000eec00000,0x00000000eec00000)
  from space 5120K, 99% used [0x00000000ef100000,0x00000000ef5fda38,0x00000000ef600000)
  to   space 5120K, 0% used [0x00000000eec00000,0x00000000eec00000,0x00000000ef100000)
 ParOldGen       total 87552K, used 5092K [0x00000000c0000000, 0x00000000c5580000, 0x00000000eab00000)
  object space 87552K, 5% used [0x00000000c0000000,0x00000000c04f93f0,0x00000000c5580000)
 Metaspace       used 6269K, capacity 7152K, committed 7296K, reserved 1056768K
  class space    used 602K, capacity 616K, committed 640K, reserved 1048576K
Event: 2.715 GC heap after
Heap after GC invocations=3 (full 0):
 PSYoungGen      total 71680K, used 5093K [0x00000000eab00000, 0x00000000f3700000, 0x0000000100000000)
  eden space 66560K, 0% used [0x00000000eab00000,0x00000000eab00000,0x00000000eec00000)
  from space 5120K, 99% used [0x00000000eec00000,0x00000000ef0f9550,0x00000000ef100000)
  to   space 5120K, 0% used [0x00000000f3200000,0x00000000f3200000,0x00000000f3700000)
 ParOldGen       total 87552K, used 14638K [0x00000000c0000000, 0x00000000c5580000, 0x00000000eab00000)
  object space 87552K, 16% used [0x00000000c0000000,0x00000000c0e4ba70,0x00000000c5580000)
 Metaspace       used 6269K, capacity 7152K, committed 7296K, reserved 1056768K
  class space    used 602K, capacity 616K, committed 640K, reserved 1048576K
}
Event: 3.678 GC heap before
{Heap before GC invocations=4 (full 0):
 PSYoungGen      total 71680K, used 71653K [0x00000000eab00000, 0x00000000f3700000, 0x0000000100000000)
  eden space 66560K, 100% used [0x00000000eab00000,0x00000000eec00000,0x00000000eec00000)
  from space 5120K, 99% used [0x00000000eec00000,0x00000000ef0f9550,0x00000000ef100000)
  to   space 5120K, 0% used [0x00000000f3200000,0x00000000f3200000,0x00000000f3700000)
 ParOldGen       total 87552K, used 14638K [0x00000000c0000000, 0x00000000c5580000, 0x00000000eab00000)
  object space 87552K, 16% used [0x00000000c0000000,0x00000000c0e4ba70,0x00000000c5580000)
 Metaspace       used 6395K, capacity 7192K, committed 7424K, reserved 1056768K
  class space    used 623K, capacity 656K, committed 768K, reserved 1048576K
Event: 3.714 GC heap after
Heap after GC invocations=4 (full 0):
 PSYoungGen      total 138240K, used 5117K [0x00000000eab00000, 0x00000000f3700000, 0x0000000100000000)
  eden space 133120K, 0% used [0x00000000eab00000,0x00000000eab00000,0x00000000f2d00000)
  from space 5120K, 99% used [0x00000000f3200000,0x00000000f36ff728,0x00000000f3700000)
  to   space 5120K, 0% used [0x00000000f2d00000,0x00000000f2d00000,0x00000000f3200000)
 ParOldGen       total 87552K, used 23746K [0x00000000c0000000, 0x00000000c5580000, 0x00000000eab00000)
  object space 87552K, 27% used [0x00000000c0000000,0x00000000c17308b8,0x00000000c5580000)
 Metaspace       used 6395K, capacity 7192K, committed 7424K, reserved 1056768K
  class space    used 623K, capacity 656K, committed 768K, reserved 1048576K
}

Deoptimization events (10 events):
Event: 5.371 Thread 0x00000000570fa000 Uncommon trap: reason=unstable_if action=reinterpret pc=0x00000000031e887c method=java.util.HashMap.resize()[Ljava/util/HashMap$Node; @ 206
Event: 5.425 Thread 0x000000000252f000 Uncommon trap: reason=unstable_if action=reinterpret pc=0x00000000030abf44 method=com.android.dx.ssa.SCCP.simulateBranch(Lcom/android/dx/ssa/SsaInsn;)V @ 548
Event: 5.425 Thread 0x000000000252f000 Uncommon trap: reason=unstable_if action=reinterpret pc=0x00000000032dbf4c method=com.android.dx.ssa.SCCP.replaceBranches()V @ 14
Event: 5.446 Thread 0x00000000570f5800 Uncommon trap: reason=unstable_if action=reinterpret pc=0x00000000031a345c method=com.android.dx.rop.cst.CstNat.equals(Ljava/lang/Object;)Z @ 25
Event: 5.710 Thread 0x000000000252f000 Uncommon trap: reason=unstable_if action=reinterpret pc=0x00000000032f0370 method=com.android.dx.cf.code.ByteCatchList.listFor(I)Lcom/android/dx/cf/code/ByteCatchList; @ 47
Event: 5.734 Thread 0x00000000570fa000 Uncommon trap: reason=class_check action=maybe_recompile pc=0x0000000003213c48 method=com.android.dx.ssa.back.FirstFitLocalCombiningAllocator.findNextUnreservedRopReg(IILcom/android/dx/ssa/back/FirstFitLocalCombiningAllocator$Alignment;)I @ 60
Event: 5.734 Thread 0x00000000570fa000 Uncommon trap: reason=class_check action=maybe_recompile pc=0x0000000003213c48 method=com.android.dx.ssa.back.FirstFitLocalCombiningAllocator.findNextUnreservedRopReg(IILcom/android/dx/ssa/back/FirstFitLocalCombiningAllocator$Alignment;)I @ 60
Event: 5.734 Thread 0x00000000570fa000 Uncommon trap: reason=class_check action=maybe_recompile pc=0x000000000317f370 method=com.android.dx.cf.code.BytecodeArray.parseInstruction(ILcom/android/dx/cf/code/BytecodeArray$Visitor;)I @ 1939
Event: 5.735 Thread 0x00000000570fa000 Uncommon trap: reason=class_check action=maybe_recompile pc=0x000000000317f370 method=com.android.dx.cf.code.BytecodeArray.parseInstruction(ILcom/android/dx/cf/code/BytecodeArray$Visitor;)I @ 1939
Event: 5.735 Thread 0x00000000570fa000 Uncommon trap: reason=class_check action=maybe_recompile pc=0x000000000317f370 method=com.android.dx.cf.code.BytecodeArray.parseInstruction(ILcom/android/dx/cf/code/BytecodeArray$Visitor;)I @ 1939

Internal exceptions (5 events):
Event: 0.033 Thread 0x000000000252f000 Exception <a 'java/lang/NoSuchMethodError': Method sun.misc.Unsafe.defineClass(Ljava/lang/String;[BII)Ljava/lang/Class; name or signature does not match> (0x00000000eab0d570) thrown at [C:\workspace\8-2-build-windows-amd64-cygwin\jdk8u65\4987\hotspot\src\sË;6ƒ†?
Event: 0.033 Thread 0x000000000252f000 Exception <a 'java/lang/NoSuchMethodError': Method sun.misc.Unsafe.prefetchRead(Ljava/lang/Object;J)V name or signature does not match> (0x00000000eab0d858) thrown at [C:\workspace\8-2-build-windows-amd64-cygwin\jdk8u65\4987\hotspot\src\share\vm\prims\jni.ø>DêÖà@
Event: 3.442 Thread 0x00000000570fa000 Exception <a 'java/lang/ArrayIndexOutOfBoundsException': 18> (0x00000000ed179850) thrown at [C:\workspace\8-2-build-windows-amd64-cygwin\jdk8u65\4987\hotspot\src\share\vm\interpreter\interpreterRuntime.cpp, line 366]
Event: 3.442 Thread 0x00000000570fa000 Exception <a 'java/lang/ArrayIndexOutOfBoundsException'> (0x00000000ed17b3d0) thrown at [C:\workspace\8-2-build-windows-amd64-cygwin\jdk8u65\4987\hotspot\src\share\vm\runtime\sharedRuntime.cpp, line 605]
Event: 3.442 Thread 0x00000000570fa000 Exception <a 'java/lang/ArrayIndexOutOfBoundsException'> (0x00000000ed17c6b8) thrown at [C:\workspace\8-2-build-windows-amd64-cygwin\jdk8u65\4987\hotspot\src\share\vm\runtime\sharedRuntime.cpp, line 605]

Events (10 events):
Event: 5.942 loading class com/android/dx/rop/code/RegisterSpec$1
Event: 5.942 loading class com/android/dx/rop/code/RegisterSpec$1 done
Event: 6.003 Thread 0x00000000570fa000 DEOPT PACKING pc=0x000000000302be5b sp=0x0000000057c0eb30
Event: 6.003 Thread 0x00000000570fa000 DEOPT UNPACKING pc=0x0000000002b2787f sp=0x0000000057c0e8b0 mode 0
Event: 6.005 Thread 0x00000000570fa000 DEOPT PACKING pc=0x0000000002f299fd sp=0x0000000057c0ec60
Event: 6.005 Thread 0x00000000570fa000 DEOPT UNPACKING pc=0x0000000002b2787f sp=0x0000000057c0ea40 mode 0
Event: 6.020 Thread 0x00000000570fa000 DEOPT PACKING pc=0x0000000002f5996e sp=0x0000000057c0ece0
Event: 6.020 Thread 0x00000000570fa000 DEOPT UNPACKING pc=0x0000000002b2787f sp=0x0000000057c0ea48 mode 0
Event: 6.272 Thread 0x00000000570f3000 DEOPT PACKING pc=0x0000000003358fe1 sp=0x0000000056d0ea10
Event: 6.272 Thread 0x00000000570f3000 DEOPT UNPACKING pc=0x0000000002b2787f sp=0x0000000056d0e7a0 mode 0


Dynamic libraries:
0x000000013fd10000 - 0x000000013fd47000 	C:\Program Files\Java\jdk1.8.0_65\bin\java.exe
0x0000000077270000 - 0x000000007741a000 	C:\Windows\SYSTEM32\ntdll.dll
0x0000000077150000 - 0x000000007726f000 	C:\Windows\system32\kernel32.dll
0x000007fefd010000 - 0x000007fefd07a000 	C:\Windows\system32\KERNELBASE.dll
0x000007feff2c0000 - 0x000007feff39b000 	C:\Windows\system32\ADVAPI32.dll
0x000007fefda90000 - 0x000007fefdb2f000 	C:\Windows\system32\msvcrt.dll
0x000007fefd7f0000 - 0x000007fefd80f000 	C:\Windows\SYSTEM32\sechost.dll
0x000007fefd890000 - 0x000007fefd9bd000 	C:\Windows\system32\RPCRT4.dll
0x0000000077050000 - 0x000000007714a000 	C:\Windows\system32\USER32.dll
0x000007fefe0d0000 - 0x000007fefe137000 	C:\Windows\system32\GDI32.dll
0x000007fefd3b0000 - 0x000007fefd3be000 	C:\Windows\system32\LPK.dll
0x000007feff160000 - 0x000007feff22a000 	C:\Windows\system32\USP10.dll
0x000007fefb460000 - 0x000007fefb654000 	C:\Windows\WinSxS\amd64_microsoft.windows.common-controls_6595b64144ccf1df_6.0.7601.18837_none_fa3b1e3d17594757\COMCTL32.dll
0x000007fefd810000 - 0x000007fefd881000 	C:\Windows\system32\SHLWAPI.dll
0x000007fefda60000 - 0x000007fefda8e000 	C:\Windows\system32\IMM32.DLL
0x000007fefd6e0000 - 0x000007fefd7e9000 	C:\Windows\system32\MSCTF.dll
0x000007fefcf20000 - 0x000007fefcf60000 	C:\Windows\system32\nvinitx.dll
0x0000000064d60000 - 0x0000000064e32000 	C:\Program Files\Java\jdk1.8.0_65\jre\bin\msvcr100.dll
0x0000000064e40000 - 0x00000000656c9000 	C:\Program Files\Java\jdk1.8.0_65\jre\bin\server\jvm.dll
0x000007fef65c0000 - 0x000007fef65c9000 	C:\Windows\system32\WSOCK32.dll
0x000007fefd3c0000 - 0x000007fefd40d000 	C:\Windows\system32\WS2_32.dll
0x000007feff230000 - 0x000007feff238000 	C:\Windows\system32\NSI.dll
0x000007fef9cf0000 - 0x000007fef9d2b000 	C:\Windows\system32\WINMM.dll
0x000007fefc030000 - 0x000007fefc03c000 	C:\Windows\system32\VERSION.dll
0x0000000077430000 - 0x0000000077437000 	C:\Windows\system32\PSAPI.DLL
0x0000000073b40000 - 0x0000000073b4f000 	C:\Program Files\Java\jdk1.8.0_65\jre\bin\verify.dll
0x0000000068860000 - 0x0000000068889000 	C:\Program Files\Java\jdk1.8.0_65\jre\bin\java.dll
0x0000000072d70000 - 0x0000000072d86000 	C:\Program Files\Java\jdk1.8.0_65\jre\bin\zip.dll
0x000007fefe3d0000 - 0x000007feff15a000 	C:\Windows\system32\SHELL32.dll
0x000007fefdb90000 - 0x000007fefdd93000 	C:\Windows\system32\ole32.dll
0x000007fefcff0000 - 0x000007fefcfff000 	C:\Windows\system32\profapi.dll

VM Arguments:
jvm_args: -Djava.awt.headless=true -Xmx1024M -Dfile.encoding=windows-1252 -Duser.country=US -Duser.language=en -Duser.variant 
java_command: com.android.dx.command.Main --dex --force-jumbo --num-threads=4 --multi-dex --output E:\Ohjelmat\Projects\Testi\app\build\intermediates\transforms\dex\debug\folders\1000\10\com.android.support-appcompat-v7-23.4.0_8f19d604c68f1ec1a6c15344b3c0b8740a416e08 E:\Ohjelmat\Projects\Testi\app\build\intermediates\exploded-aar\com.android.support\appcompat-v7\23.4.0\jars\classes.jar
java_class_path (initial): E:\Ohjelmat\AndroidSDK2\build-tools\23.0.3\lib\dx.jar
Launcher Type: SUN_STANDARD

Environment Variables:
PATH=C:\ProgramData\Oracle\Java\javapath;C:\Program Files\Common Files\Microsoft Shared\Windows Live;C:\Program Files (x86)\Common Files\Microsoft Shared\Windows Live;C:\Program Files (x86)\NVIDIA Corporation\PhysX\Common;C:\Windows\system32;C:\Windows;C:\Windows\System32\Wbem;C:\Windows\System32\WindowsPowerShell\v1.0\;C:\Program Files (x86)\Windows Live\Shared;E:\Ohjelmat\Matlab\runtime\win64;E:\Ohjelmat\Matlab\bin;E:\Ohjelmat\Matlab\polyspace\bin;E:\Ohjelmat\MCR\v717\runtime\win64;E:\Ohjelmat\Singular\Surfer\bin;C:\Program Files\Java\jre1.8.0_73\bin;
USERNAME=Harkonen
OS=Windows_NT
PROCESSOR_IDENTIFIER=Intel64 Family 6 Model 58 Stepping 9, GenuineIntel



---------------  S Y S T E M  ---------------

OS: Windows 7 , 64 bit Build 7601 (6.1.7601.23418)

CPU:total 4 (4 cores per cpu, 1 threads per core) family 6 model 58 stepping 9, cmov, cx8, fxsr, mmx, sse, sse2, sse3, ssse3, sse4.1, sse4.2, popcnt, avx, aes, clmul, erms, tsc, tscinvbit, tscinv

Memory: 4k page, physical 8281492k(879236k free), swap 8803920k(5112k free)

vm_info: Java HotSpot(TM) 64-Bit Server VM (25.65-b01) for windows-amd64 JRE (1.8.0_65-b17), built on Oct  6 2015 16:39:20 by "java_re" with MS VC++ 10.0 (VS2010)

time: Sun Jun 05 14:54:35 2016
elapsed time: 6 seconds (0d 0h 0m 6s)

