ostaticfield com/android/dx/rop/code/Rops MONITOR_EXIT Lcom/android/dx/rop/code/Rop; com/android/dx/rop/code/Rop
staticfield com/android/dx/rop/code/Rops AGET_INT Lcom/android/dx/rop/code/Rop; com/android/dx/rop/code/Rop
staticfield com/android/dx/rop/code/Rops AGET_LONG Lcom/android/dx/rop/code/Rop; com/android/dx/rop/code/Rop
staticfield com/android/dx/rop/code/Rops AGET_FLOAT Lcom/android/dx/rop/code/Rop; com/android/dx/rop/code/Rop
staticfield com/android/dx/rop/code/Rops AGET_DOUBLE Lcom/android/dx/rop/code/Rop; com/android/dx/rop/code/Rop
staticfield com/android/dx/rop/code/Rops AGET_OBJECT Lcom/android/dx/rop/code/Rop; com/android/dx/rop/code/Rop
staticfield com/android/dx/rop/code/Rops AGET_BOOLEAN Lcom/android/dx/rop/code/Rop; com/android/dx/rop/code/Rop
staticfield com/android/dx/rop/code/Rops AGET_BYTE Lcom/android/dx/rop/code/Rop; com/android/dx/rop/code/Rop
staticfield com/android/dx/rop/code/Rops AGET_CHAR Lcom/android/dx/rop/code/Rop; com/android/dx/rop/code/Rop
staticfield com/android/dx/rop/code/Rops AGET_SHORT Lcom/android/dx/rop/code/Rop; com/android/dx/rop/code/Rop
staticfield com/android/dx/rop/code/Rops APUT_INT Lcom/android/dx/rop/code/Rop; com/android/dx/rop/code/Rop
staticfield com/android/dx/rop/code/Rops APUT_LONG Lcom/android/dx/rop/code/Rop; com/android/dx/rop/code/Rop
staticfield com/android/dx/rop/code/Rops APUT_FLOAT Lcom/android/dx/rop/code/Rop; com/android/dx/rop/code/Rop
staticfield com/android/dx/rop/code/Rops APUT_DOUBLE Lcom/android/dx/rop/code/Rop; com/android/dx/rop/code/Rop
staticfield com/android/dx/rop/code/Rops APUT_OBJECT Lcom/android/dx/rop/code/Rop; com/android/dx/rop/code/Rop
staticfield com/android/dx/rop/code/Rops APUT_BOOLEAN Lcom/android/dx/rop/code/Rop; com/android/dx/rop/code/Rop
staticfield com/android/dx/rop/code/Rops APUT_BYTE Lcom/android/dx/rop/code/Rop; com/android/dx/rop/code/Rop
staticfield com/android/dx/rop/code/Rops APUT_CHAR Lcom/android/dx/rop/code/Rop; com/android/dx/rop/code/Rop
staticfield com/android/dx/rop/code/Rops APUT_SHORT Lcom/android/dx/rop/code/Rop; com/android/dx/rop/code/Rop
staticfield com/android/dx/rop/code/Rops NEW_INSTANCE Lcom/android/dx/rop/code/Rop; com/android/dx/rop/code/Rop
staticfield com/android/dx/rop/code/Rops NEW_ARRAY_INT Lcom/android/dx/rop/code/Rop; com/android/dx/rop/code/Rop
staticfield com/android/dx/rop/code/Rops NEW_ARRAY_LONG Lcom/android/dx/rop/code/Rop; com/android/dx/rop/code/Rop
staticfield com/android/dx/rop/code/Rops NEW_ARRAY_FLOAT Lcom/android/dx/rop/code/Rop; com/android/dx/rop/code/Rop
staticfield com/android/dx/rop/code/Rops NEW_ARRAY_DOUBLE Lcom/android/dx/rop/code/Rop; com/android/dx/rop/code/Rop
staticfield com/android/dx/rop/code/Rops NEW_ARRAY_BOOLEAN Lcom/android/dx/rop/code/Rop; com/android/dx/rop/code/Rop
staticfield com/android/dx/rop/code/Rops NEW_ARRAY_BYTE Lcom/android/dx/rop/code/Rop; com/android/dx/rop/code/Rop
staticfield com/android/dx/rop/code/Rops NEW_ARRAY_CHAR Lcom/android/dx/rop/code/Rop; com/android/dx/rop/code/Rop
staticfield com/android/dx/rop/code/Rops NEW_ARRAY_SHORT Lcom/android/dx/rop/code/Rop; com/android/dx/rop/code/Rop
staticfield com/android/dx/rop/code/Rops CHECK_CAST Lcom/android/dx/rop/code/Rop; com/android/dx/rop/code/Rop
staticfield com/android/dx/rop/code/Rops INSTANCE_OF Lcom/android/dx/rop/code/Rop; com/android/dx/rop/code/Rop
staticfield com/android/dx/rop/code/Rops GET_FIELD_INT Lcom/android/dx/rop/code/Rop; com/android/dx/rop/code/Rop
staticfield com/android/dx/rop/code/Rops GET_FIELD_LONG Lcom/android/dx/rop/code/Rop; com/android/dx/rop/code/Rop
staticfield com/android/dx/rop/code/Rops GET_FIELD_FLOAT Lcom/android/dx/rop/code/Rop; com/android/dx/rop/code/Rop
staticfield com/android/dx/rop/code/Rops GET_FIELD_DOUBLE Lcom/android/dx/rop/code/Rop; com/android/dx/rop/code/Rop
staticfield com/android/dx/rop/code/Rops GET_FIELD_OBJECT Lcom/android/dx/rop/code/Rop; com/android/dx/rop/code/Rop
staticfield com/android/dx/rop/code/Rops GET_FIELD_BOOLEAN Lcom/android/dx/rop/code/Rop; com/android/dx/rop/code/Rop
staticfield com/android/dx/rop/code/Rops GET_FIELD_BYTE Lcom/android/dx/rop/code/Rop; com/android/dx/rop/code/Rop
staticfield com/android/dx/rop/code/Rops GET_FIELD_CHAR Lcom/android/dx/rop/code/Rop; com/android/dx/rop/code/Rop
staticfield com/android/dx/rop/code/Rops GET_FIELD_SHORT Lcom/android/dx/rop/code/Rop; com/android/dx/rop/code/Rop
staticfield com/android/dx/rop/code/Rops GET_STATIC_INT Lcom/android/dx/rop/code/Rop; com/android/dx/rop/code/Rop
staticfield com/android/dx/rop/code/Rops GET_STATIC_LONG Lcom/android/dx/rop/code/Rop; com/android/dx/rop/code/Rop
staticfield com/android/dx/rop/code/Rops GET_STATIC_FLOAT Lcom/android/dx/rop/code/Rop; com/android/dx/rop/code/Rop
staticfield com/android/dx/rop/code/Rops GET_STATIC_DOUBLE Lcom/android/dx/rop/code/Rop; com/android/dx/rop/code/Rop
staticfield com/android/dx/rop/code/Rops GET_STATIC_OBJECT Lcom/android/dx/rop/code/Rop; com/android/dx/rop/code/Rop
staticfield com/android/dx/rop/code/Rops GET_STATIC_BOOLEAN Lcom/android/dx/rop/code/Rop; com/android/dx/rop/code/Rop
staticfield com/android/dx/rop/code/Rops GET_STATIC_BYTE Lcom/android/dx/rop/code/Rop; com/android/dx/rop/code/Rop
staticfield com/android/dx/rop/code/Rops GET_STATIC_CHAR Lcom/android/dx/rop/code/Rop; com/android/dx/rop/code/Rop
staticfield com/android/dx/rop/code/Rops GET_STATIC_SHORT Lcom/android/dx/rop/code/Rop; com/android/dx/rop/code/Rop
staticfield com/android/dx/rop/code/Rops PUT_FIELD_INT Lcom/android/dx/rop/code/Rop; com/android/dx/rop/code/Rop
staticfield com/android/dx/rop/code/Rops PUT_FIELD_LONG Lcom/android/dx/rop/code/Rop; com/android/dx/rop/code/Rop
staticfield com/android/dx/rop/code/Rops PUT_FIELD_FLOAT Lcom/android/dx/rop/code/Rop; com/android/dx/rop/code/Rop
staticfield com/android/dx/rop/code/Rops PUT_FIELD_DOUBLE Lcom/android/dx/rop/code/Rop; com/android/dx/rop/code/Rop
staticfield com/android/dx/rop/code/Rops PUT_FIELD_OBJECT Lcom/android/dx/rop/code/Rop; com/android/dx/rop/code/Rop
staticfield com/android/dx/rop/code/Rops PUT_FIELD_BOOLEAN Lcom/android/dx/rop/code/Rop; com/android/dx/rop/code/Rop
staticfield com/android/dx/rop/code/Rops PUT_FIELD_BYTE Lcom/android/dx/rop/code/Rop; com/android/dx/rop/code/Rop
staticfield com/android/dx/rop/code/Rops PUT_FIELD_CHAR Lcom/android/dx/rop/code/Rop; com/android/dx/rop/code/Rop
staticfield com/android/dx/rop/code/Rops PUT_FIELD_SHORT Lcom/android/dx/rop/code/Rop; com/android/dx/rop/code/Rop
staticfield com/android/dx/rop/code/Rops PUT_STATIC_INT Lcom/android/dx/rop/code/Rop; com/android/dx/rop/code/Rop
staticfield com/android/dx/rop/code/Rops PUT_STATIC_LONG Lcom/android/dx/rop/code/Rop; com/android/dx/rop/code/Rop
staticfield com/android/dx/rop/code/Rops PUT_STATIC_FLOAT Lcom/android/dx/rop/code/Rop; com/android/dx/rop/code/Rop
staticfield com/android/dx/rop/code/Rops PUT_STATIC_DOUBLE Lcom/android/dx/rop/code/Rop; com/android/dx/rop/code/Rop
staticfield com/android/dx/rop/code/Rops PUT_STATIC_OBJECT Lcom/android/dx/rop/code/Rop; com/android/dx/rop/code/Rop
staticfield com/android/dx/rop/code/Rops PUT_STATIC_BOOLEAN Lcom/android/dx/rop/code/Rop; com/android/dx/rop/code/Rop
staticfield com/android/dx/rop/code/Rops PUT_STATIC_BYTE Lcom/android/dx/rop/code/Rop; com/android/dx/rop/code/Rop
staticfield com/android/dx/rop/code/Rops PUT_STATIC_CHAR Lcom/android/dx/rop/code/Rop; com/android/dx/rop/code/Rop
staticfield com/android/dx/rop/code/Rops PUT_STATIC_SHORT Lcom/android/dx/rop/code/Rop; com/android/dx/rop/code/Rop
staticfield com/android/dx/rop/code/Rops MARK_LOCAL_INT Lcom/android/dx/rop/code/Rop; com/android/dx/rop/code/Rop
staticfield com/android/dx/rop/code/Rops MARK_LOCAL_LONG Lcom/android/dx/rop/code/Rop; com/android/dx/rop/code/Rop
staticfield com/android/dx/rop/code/Rops MARK_LOCAL_FLOAT Lcom/android/dx/rop/code/Rop; com/android/dx/rop/code/Rop
staticfield com/android/dx/rop/code/Rops MARK_LOCAL_DOUBLE Lcom/android/dx/rop/code/Rop; com/android/dx/rop/code/Rop
staticfield com/android/dx/rop/code/Rops MARK_LOCAL_OBJECT Lcom/android/dx/rop/code/Rop; com/android/dx/rop/code/Rop
staticfield com/android/dx/rop/code/Rops FILL_ARRAY_DATA Lcom/android/dx/rop/code/Rop; com/android/dx/rop/code/Rop
ciInstanceKlass com/android/dx/rop/code/Rop 1 1 205 10 100 8 10 8 8 100 8 10 11 8 9 9 9 9 9 9 9 10 9 9 7 10 10 10 100 10 8 10 10 8 10 8 8 10 11 8 8 9 8 8 8 8 8 8 100 10 10 10 10 10 10 7 1 1 1 3 1 1 3 1 3 1 3 1 3 1 3 1 1 1 1 1 1 1 1 1 1 1 1 1 1 1 1 1 1 1 1 100 100 100 100 1 1 1 1 1 1 1 1 1 1 1 1 1 1 1 1 1 1 1 1 100 1 1 1 1 1 1 1 1 1 1 1 1 1 12 1 1 12 1 1 1 1 7 12 1 12 12 12 12 12 12 12 12 7 12 7 12 1 12 12 1 12 1 12 100 12 1 12 1 1 12 12 1 1 12 1 1 1 1 1 1 1 12 100 12 12 12 1 1 1 1 1 1 1 1 1 1 1 1 1 1 1 1 1 1 1 1 1 1 1 1 1
ciInstanceKlass com/android/dx/rop/code/RegisterSpecList 1 1 170 10 10 7 10 10 10 10 10 10 10 10 10 100 8 10 7 10 10 10 10 9 10 10 10 100 10 10 10 7 100 100 1 1 1 1 1 1 1 1 1 1 1 1 1 1 1 1 1 1 1 1 1 1 1 1 1 1 1 1 1 1 1 1 1 1 1 1 1 1 1 1 1 1 1 1 1 1 1 1 1 100 1 1 1 1 1 1 1 1 1 1 1 1 1 1 1 1 1 1 1 1 1 1 1 100 1 1 1 1 1 1 1 1 1 1 1 1 12 12 1 12 12 12 12 7 12 12 12 1 1 12 1 12 12 12 12 12 100 12 12 12 1 12 12 12 1 1 1 1 1 1 1 1 1 1 1 1 1 1 1 1 1 1 1 1 1 1 1 1
staticfield com/android/dx/rop/code/RegisterSpecList EMPTY Lcom/android/dx/rop/code/RegisterSpecList; com/android/dx/rop/code/RegisterSpecList
ciInstanceKlass com/android/dx/ssa/SsaMethod 1 1 533 9 9 7 10 10 10 9 9 9 10 10 9 10 9 9 7 10 10 10 10 10 10 7 10 10 7 10 9 10 10 10 10 7 10 10 9 9 100 8 10 10 10 10 11 11 10 10 10 10 7 7 9 9 9 10 10 10 10 10 9 10 10 10 10 10 10 10 10 10 7 10 10 8 10 7 10 10 8 7 10 7 9 10 10 10 10 10 10 10 8 10 10 10 8 10 7 10 10 10 10 11 10 10 10 10 10 10 7 10 10 10 10 10 10 11 10 11 10 10 10 10 10 7 1 1 1 1 1 1 1 1 1 1 1 1 1 1 1 1 1 1 1 1 1 1 1 1 1 1 1 1 1 1 1 1 1 1 1 1 1 1 1 1 1 1 1 1 1 1 100 1 1 1 100 1 1 1 1 1 1 1 100 1 1 1 1 1 1 100 100 1 1 1 1 1 1 1 1 1 1 1 1 1 1 1 1 1 1 1 1 1 1 1 1 1 1 1 1 1 1 100 1 1 1 1 1 1 1 1 1 1 1 1 1 1 1 1 1 1 1 1 1 100 1 1 1 1 1 100 1 1 1 1 1 1 1 1 1 1 1 1 1 1 1 1 1 100 1 1 1 1 1 100 1 1 1 1 1 100 1 1 1 1 7 1 1 1 1 1 1 1 1 1 1 1 100 1 1 1 1 1 1 1 1 1 1 1 1 1 1 100 100 100 1 1 1 1 1 1 1 1 1 12 12 1 12 12 12 12 12 12 7 12 7 12 12 12 12 12 1 12 12 12 12 12 1 12 1 12 12 12 12 12 1 12 12 12 12 1 1 12 12 12 7 12 12 12 12 12 12 1 1 7 12 7 12 7 12 12 12 12 12 12 12 100 12 12 12 12 12 12 12 12 1 12 7 12 1 1 12 12 1 1 1 12 7 12 7 12 12 12 12 12 1 12 12 12 1 12 12 12 12 12 12 7 12 7 12 12 12 1 12 12 12 12 12 7 12 12 12 12 12 12 1 1 1 1 1 1 100 1 1 1 1 1 1 1 1 1 1 1 1 1 1 1 1 1 1 1 1 1 1 1 1 1 1 1 1 1 1 1 1 1 1 1 1 1 1 1 1 1 1 1 1 1 1 1 1 1 1 1 1 1 1 1 1 1 1 1 1 1 1 1 1 1 1 1 1 1 1 1 1 1 1 1 1 1 1 1 1 1 1
instanceKlass com/android/dx/ssa/PhiInsn
instanceKlass com/android/dx/ssa/NormalSsaInsn
ciInstanceKlass com/android/dx/ssa/SsaInsn 1 1 171 10 100 8 10 9 9 7 10 10 7 100 100 8 10 8 10 10 10 10 10 10 10 10 10 10 10 10 10 7 100 100 100 1 1 1 1 1 1 1 1 1 1 1 1 1 1 100 100 100 1 1 1 1 1 1 1 1 100 1 1 1 1 1 1 1 1 1 1 1 1 1 1 1 1 1 1 1 100 1 1 1 1 1 1 1 1 1 1 1 1 1 1 1 1 1 1 1 1 1 1 1 1 1 12 1 1 12 12 12 1 12 12 1 1 1 1 12 1 7 12 12 12 100 12 12 12 7 12 7 12 7 12 12 12 100 12 12 1 1 1 1 1 1 1 1 1 1 1 1 1 1 1 1 1 1 1 1 1 1 1 1 1 1 1 1 1 1 1 1 1
ciInstanceKlass com/android/dx/ssa/NormalSsaInsn 1 1 204 10 10 9 10 10 10 10 10 10 10 10 7 10 10 10 10 10 10 100 8 10 10 7 10 10 10 10 10 10 10 10 11 11 10 10 10 10 10 7 100 1 1 1 1 1 1 1 1 1 1 1 1 1 1 1 1 1 1 1 100 1 1 1 1 1 1 1 1 1 1 100 100 1 1 1 1 1 1 1 1 1 1 1 1 1 1 1 1 1 1 100 1 1 1 1 1 1 1 7 1 1 1 1 1 1 1 1 1 1 1 100 1 1 1 100 1 1 7 12 12 12 12 7 12 12 12 7 12 7 12 12 1 12 12 12 12 7 12 12 1 1 12 12 1 12 12 12 7 12 12 12 12 12 12 12 12 7 12 12 12 1 1 1 1 1 1 1 1 1 1 1 1 1 1 1 1 1 1 1 1 1 1 1 1 1 1 1 1 1 1 1 1 1 1 1 1 1 1 1 1 1 1 1
ciInstanceKlass com/android/dx/ssa/SsaBasicBlock 1 1 539 9 10 9 9 9 9 9 9 7 10 9 7 10 10 10 9 9 7 10 9 9 10 10 7 10 10 10 10 10 7 10 10 10 10 10 10 10 10 10 10 7 10 10 10 10 10 10 10 10 100 8 10 10 7 10 10 11 10 11 10 10 10 10 10 10 10 10 10 10 100 100 10 8 10 10 8 10 10 10 10 10 10 10 10 10 10 10 10 7 10 10 9 10 10 10 11 11 10 10 10 10 10 10 10 10 11 11 10 9 10 11 9 10 10 10 10 8 10 10 8 10 8 10 7 10 9 7 1 1 100 1 1 1 1 1 1 1 1 1 1 1 1 1 1 1 1 1 1 1 1 1 1 1 1 1 1 1 1 1 1 1 1 1 1 1 1 1 1 1 1 1 1 1 1 1 1 1 1 1 100 100 100 100 100 100 1 1 1 1 1 1 1 1 1 1 1 1 1 1 1 1 1 1 1 1 1 7 1 1 1 1 1 1 1 1 1 1 1 1 1 1 1 1 1 1 1 1 1 1 1 1 1 1 1 100 1 1 1 1 1 1 1 1 1 1 1 1 1 1 1 1 1 1 1 1 1 1 1 1 1 1 100 1 1 1 1 1 1 1 1 1 1 1 1 1 1 1 1 1 1 1 1 1 1 100 100 100 1 1 1 1 1 1 1 1 1 1 1 1 1 1 1 100 1 1 1 1 1 1 1 1 1 1 1 12 12 12 12 12 12 12 12 1 12 1 7 12 12 12 12 12 1 12 12 7 12 7 12 1 7 12 12 12 7 12 1 12 12 12 12 12 12 12 12 12 1 12 12 12 12 12 12 100 12 100 12 1 1 12 12 1 12 12 12 12 7 12 100 12 12 12 12 12 12 12 12 12 1 1 1 12 12 1 12 12 12 12 12 7 12 12 12 7 12 12 1 12 7 12 7 12 12 12 12 12 12 12 100 12 12 12 12 7 12 7 12 12 12 12 12 1 12 12 1 12 1 12 1 12 1 1 1 1 1 1 1 1 1 1 1 1 1 1 1 1 1 1 1 1 1 1 1 1 1 1 1 1 1 1 1 1 1 1 1 1 1 1 1 1 1 1 1 1 1 1 1 1 1 1 1 1 1 1 1 1 1 1 1 1 1 1 1 1 1 1 1 1 1 1 1 1 1 1 1 1 1 1 1 1 1 1 1 1 1 1 1 1 1 1 1 1 1 1 1 1 1 1 1
staticfield com/android/dx/ssa/SsaBasicBlock LABEL_COMPARATOR Ljava/util/Comparator; com/android/dx/ssa/SsaBasicBlock$LabelComparator
ciInstanceKlass com/android/dx/ssa/PhiInsn$Visitor 1 0 13 100 100 1 1 1 1 100 1 1 1 1 1
ciInstanceKlass com/android/dx/ssa/PhiInsn 1 1 339 10 7 10 9 10 9 9 10 100 8 10 10 11 11 7 9 10 10 10 10 9 10 10 10 10 10 10 10 10 10 9 10 9 7 10 10 10 10 10 10 10 100 8 10 10 10 10 11 10 100 10 9 10 8 10 8 8 8 8 10 8 10 10 100 10 10 10 8 9 10 8 10 10 10 7 7 100 1 1 1 1 1 1 1 1 1 1 1 1 1 1 1 1 1 1 1 1 1 1 1 1 1 1 1 1 1 1 1 1 1 1 1 100 1 1 1 1 1 1 1 1 1 1 1 1 1 1 1 100 1 1 1 1 1 1 1 1 1 1 1 1 1 1 1 1 1 1 1 1 1 1 1 1 1 1 1 1 1 1 1 1 7 1 1 1 1 1 1 1 1 1 1 1 1 1 100 100 1 1 1 100 1 1 12 1 12 12 7 12 12 7 12 12 1 1 12 12 7 12 12 1 12 7 12 12 12 12 12 12 12 7 12 12 12 12 12 12 12 12 12 1 12 12 12 7 12 12 12 12 1 1 12 7 12 12 12 12 1 100 12 12 1 12 1 1 1 1 12 1 12 1 12 12 1 12 100 12 1 12 12 1 1 1 1 1 1 1 1 1 1 1 1 1 1 1 1 1 1 1 1 1 1 1 1 1 1 1 1 1 1 1 1 1 1 1 1 1 1 1 1 1 1 1 1 1 1 1 1 1 1 1 1 1 1 1 1 1 1 1 1 1 1 1 1 1 1 1 1 1 1 1 1 1 1 1 1 1 1
ciInstanceKlass com/android/dx/ssa/SsaRenamer$BlockRenamer$1 1 1 78 9 10 10 9 10 10 10 10 10 10 7 7 100 1 7 1 1 1 1 1 1 1 1 1 1 1 1 1 1 1 1 1 1 1 1 100 1 1 1 12 12 12 7 12 12 7 12 12 7 12 12 12 12 1 1 1 1 1 1 1 1 1 1 1 1 1 1 1 1 1 1 1 1 1 1 1 1
ciInstanceKlass com/android/dx/ssa/back/SsaToRop 1 1 385 9 7 10 10 10 9 10 9 7 10 10 10 10 10 10 10 10 7 10 10 10 10 7 10 10 10 7 10 10 10 11 11 7 7 10 10 10 10 10 7 10 10 10 10 10 10 10 7 10 10 10 10 10 100 8 10 10 7 10 10 9 8 10 10 10 10 10 100 10 8 10 10 10 9 10 10 7 10 10 7 10 10 10 10 100 10 100 10 10 10 7 1 1 1 1 1 1 3 1 1 1 1 1 1 1 1 1 1 1 1 1 1 1 1 1 1 1 1 1 1 1 1 100 100 1 1 1 1 1 1 1 1 1 1 1 100 100 1 1 1 1 1 1 100 100 1 1 1 1 1 1 1 1 100 100 1 1 1 1 1 1 1 1 100 100 1 1 1 1 1 1 1 100 1 1 1 1 1 100 1 1 1 1 1 1 1 100 100 1 1 1 1 1 12 1 12 12 12 12 7 12 12 1 12 7 12 7 12 12 12 12 12 12 1 12 12 12 12 1 12 12 12 1 12 12 7 12 7 12 12 1 1 12 12 12 12 12 1 12 12 12 12 12 12 12 1 12 12 12 12 1 1 12 12 1 12 7 12 7 12 1 12 12 12 7 12 1 1 12 100 12 12 12 12 12 1 12 12 1 12 12 1 12 1 12 100 12 12 1 1 1 1 1 1 1 1 1 1 1 1 1 1 1 1 1 1 1 1 1 1 1 1 1 1 1 1 1 1 100 1 1 1 1 1 1 1 1 1 100 1 1 1 1 1 1 1 1 1 1 1 1 1 1 1 1 1 1 1 1 1 1 1 1 1 1 1 1 1 1 1 1 1 1 1 1 1 1 1 1 1 1 1 1 1 1 1 1 1 1 1 1 100 1 1
ciInstanceKlass com/android/dx/ssa/back/SsaToRop$PhiVisitor 1 1 87 10 9 10 10 10 10 10 10 7 10 7 7 100 1 1 1 1 1 1 1 1 1 1 1 1 1 1 1 1 1 1 1 1 1 1 1 1 1 1 1 1 1 1 100 100 100 100 1 1 12 12 7 12 12 7 12 12 12 7 12 1 12 100 1 1 1 1 1 1 1 1 1 1 1 1 1 1 1 1 1 1 1 1 1 1 1
ciInstanceKlass com/android/dx/ssa/PhiInsn$Operand 1 1 32 10 9 9 9 7 7 1 1 1 1 1 1 1 1 1 1 1 1 1 1 1 1 12 12 12 12 100 1 1 1 1
ciMethod java/lang/Object <init> ()V 4097 1 1704919 0 0
ciMethod java/lang/System arraycopy (Ljava/lang/Object;ILjava/lang/Object;II)V 5121 1 640 0 -1
ciMethod java/util/List clear ()V 0 0 1 0 -1
ciMethod java/util/AbstractList <init> ()V 273 1 220753 0 48
ciMethod java/util/AbstractList clear ()V 4097 1 68619 0 0
ciMethod java/util/AbstractList removeRange (II)V 0 0 1 0 -1
ciMethod java/util/AbstractCollection <init> ()V 297 1 288691 0 0
ciMethod java/util/AbstractCollection size ()I 0 0 1 0 -1
ciMethod java/util/Iterator hasNext ()Z 0 0 1 0 -1
ciMethod java/util/Iterator next ()Ljava/lang/Object; 0 0 1 0 -1
ciMethod java/util/ArrayList size ()I 1081 1 135 0 0
ciMethod java/util/ArrayList elementData (I)Ljava/lang/Object; 1977 1 1614613 0 0
ciMethod java/util/ArrayList get (I)Ljava/lang/Object; 1977 1 1585769 0 144
ciMethod java/util/ArrayList add (ILjava/lang/Object;)V 1833 1 10503 0 -1
ciMethod java/util/ArrayList removeRange (II)V 4097 25 27187 0 336
ciMethod java/util/ArrayList rangeCheck (I)V 1977 1 1613733 0 0
ciMethod java/util/ArrayList iterator ()Ljava/util/Iterator; 4097 1 267368 0 176
ciMethod java/util/ArrayList subList (II)Ljava/util/List; 4097 1 117404 0 0
ciMethod java/util/ArrayList subListRangeCheck (III)V 4097 1 31183 0 128
ciMethod java/util/ArrayList access$100 (Ljava/util/ArrayList;)I 3961 1 495 0 0
ciMethodData java/lang/Object <init> ()V 2 1704919 orig 264 136 160 65 101 0 0 0 0 128 4 154 84 0 0 0 0 32 1 0 0 0 0 0 0 0 0 0 0 0 0 0 0 0 0 0 0 0 0 0 0 0 0 0 0 0 0 0 0 0 0 0 0 0 0 0 0 0 0 0 0 0 0 0 0 0 0 0 0 0 0 0 0 0 0 0 0 0 0 0 0 77 68 79 32 101 120 116 114 97 32 100 97 116 97 32 108 111 99 107 0 0 0 0 0 0 0 0 0 0 0 0 0 0 0 0 0 0 0 0 0 0 0 0 0 0 0 0 0 0 0 0 0 0 0 0 0 0 0 0 0 0 0 0 0 0 0 0 0 0 0 0 0 0 0 0 0 0 0 0 0 0 0 0 0 0 0 0 0 0 0 0 0 0 0 0 0 0 0 0 0 0 0 0 0 1 0 0 0 0 0 0 0 1 0 0 0 0 0 0 0 1 0 0 0 0 0 0 0 0 0 0 0 0 0 0 0 0 2 0 0 185 14 208 0 1 0 0 0 0 0 0 0 0 0 0 0 2 0 0 0 0 0 3 0 1 0 0 0 0 0 0 0 255 255 255 255 0 0 0 0 0 0 0 0 data 0 oops 0
ciMethod java/util/BitSet nextSetBit (I)I 2321 1 9232 0 -1
ciMethodData java/util/ArrayList get (I)Ljava/lang/Object; 2 1585769 orig 264 136 160 65 101 0 0 0 0 160 68 169 84 0 0 0 0 144 1 0 0 0 0 0 0 0 0 0 0 0 0 0 0 0 0 0 0 0 0 0 0 0 0 0 0 0 0 0 0 0 0 0 0 0 0 0 0 0 0 0 0 0 0 0 0 0 0 0 0 0 0 0 0 0 0 0 0 0 0 0 0 77 68 79 32 101 120 116 114 97 32 100 97 116 97 32 108 111 99 107 0 0 0 0 0 0 0 0 0 0 0 0 0 0 0 0 0 0 0 0 0 0 0 0 0 0 0 0 0 0 0 0 0 0 0 0 0 0 0 0 0 0 0 0 0 0 0 0 0 0 0 0 0 0 0 0 0 0 0 0 0 0 0 0 0 0 0 0 0 0 0 0 0 0 0 0 0 0 0 0 0 0 0 0 0 0 0 0 0 0 0 0 0 0 0 0 0 0 0 0 0 0 0 0 0 0 0 0 0 0 0 0 0 0 0 0 0 247 0 0 0 145 139 193 0 1 0 0 0 0 0 0 0 0 0 0 0 2 0 0 0 0 0 6 0 2 0 0 0 64 0 0 0 255 255 255 255 2 0 2 0 0 0 0 0 data 8 0x20002 0x18329d 0x70005 0x0 0x57ef8e30 0x1835d1 0x0 0x0 oops 1 4 java/util/ArrayList
ciMethodData java/util/ArrayList rangeCheck (I)V 2 1613733 orig 264 136 160 65 101 0 0 0 0 128 77 169 84 0 0 0 0 104 1 0 0 0 0 0 0 0 0 0 0 0 0 0 0 0 0 0 0 0 0 0 0 0 0 0 0 0 0 0 0 0 0 0 0 0 0 0 0 0 0 0 0 0 0 0 0 0 0 0 0 0 0 0 0 0 0 0 0 0 0 0 0 77 68 79 32 101 120 116 114 97 32 100 97 116 97 32 108 111 99 107 0 0 0 0 0 0 0 0 0 0 0 0 0 0 0 0 0 0 0 0 0 0 0 0 0 0 0 0 0 0 0 0 0 0 0 0 0 0 0 0 0 0 0 0 0 0 0 0 0 0 0 0 0 0 0 0 0 0 0 0 0 0 0 0 0 0 0 0 0 0 0 0 0 0 0 0 0 0 0 0 0 0 0 0 0 25 0 0 0 0 0 0 0 0 0 0 0 0 0 0 0 1 0 0 0 0 0 0 0 0 0 0 0 0 0 0 0 247 0 0 0 113 245 196 0 1 0 0 0 0 0 0 0 0 0 0 0 2 0 0 0 0 0 5 0 2 0 0 0 64 0 0 0 255 255 255 255 7 0 5 0 0 0 0 0 data 8 0x50007 0x189f0f 0x40 0x0 0xe0002 0x0 0x110002 0x0 oops 0
ciMethodData java/util/ArrayList elementData (I)Ljava/lang/Object; 2 1614613 orig 264 136 160 65 101 0 0 0 0 0 68 169 84 0 0 0 0 40 1 0 0 0 0 0 0 0 0 0 0 0 0 0 0 0 0 0 0 0 0 0 0 0 0 0 0 0 0 0 0 0 0 0 0 0 0 0 0 0 0 0 0 0 0 0 0 0 0 0 0 0 0 0 0 0 0 0 0 0 0 0 0 77 68 79 32 101 120 116 114 97 32 100 97 116 97 32 108 111 99 107 0 0 0 0 0 0 0 0 0 0 0 0 0 0 0 0 0 0 0 0 0 0 0 0 0 0 0 0 0 0 0 0 0 0 0 0 0 0 0 0 0 0 0 0 0 0 0 0 0 0 0 0 0 0 0 0 0 0 0 0 0 0 0 0 0 0 0 0 0 0 0 0 0 0 0 0 0 0 0 0 0 0 0 0 0 1 0 0 0 0 0 0 0 0 0 0 0 0 0 0 0 1 0 0 0 0 0 0 0 0 0 0 0 0 0 0 0 247 0 0 0 241 16 197 0 1 0 0 0 0 0 0 0 0 0 0 0 2 0 0 0 0 0 3 0 1 0 0 0 0 0 0 0 255 255 255 255 0 0 0 0 0 0 0 0 data 0 oops 0
ciMethodData java/util/AbstractCollection <init> ()V 2 288691 orig 264 136 160 65 101 0 0 0 0 56 86 166 84 0 0 0 0 48 1 0 0 0 0 0 0 0 0 0 0 0 0 0 0 0 0 0 0 0 0 0 0 0 0 0 0 0 0 0 0 0 0 0 0 0 0 0 0 0 0 0 0 0 0 0 0 0 0 0 0 0 0 0 0 0 0 0 0 0 0 0 0 77 68 79 32 101 120 116 114 97 32 100 97 116 97 32 108 111 99 107 0 0 0 0 0 0 0 0 0 0 0 0 0 0 0 0 0 0 0 0 0 0 0 0 0 0 0 0 0 0 0 0 0 0 0 0 0 0 0 0 0 0 0 0 0 0 0 0 0 0 0 0 0 0 0 0 0 0 0 0 0 0 0 0 0 0 0 0 0 0 0 0 0 0 0 0 0 0 0 0 0 0 0 0 0 0 0 0 0 0 0 0 0 0 0 0 0 0 0 0 0 0 0 0 0 0 0 0 0 0 0 0 0 0 0 0 0 37 0 0 0 113 60 35 0 1 0 0 0 0 0 0 0 0 0 0 0 2 0 0 0 0 0 3 0 2 0 0 0 16 0 0 0 255 255 255 255 2 0 1 0 0 0 0 0 data 2 0x10002 0x467a1 oops 0
ciMethod java/util/ArrayList$Itr <init> (Ljava/util/ArrayList;)V 4097 1 267724 0 0
ciMethod java/util/ArrayList$Itr hasNext ()Z 3329 1 904984 0 80
ciMethod java/util/ArrayList$Itr next ()Ljava/lang/Object; 2089 1 9105 0 240
ciMethod java/util/ArrayList$Itr checkForComodification ()V 2081 1 9105 0 0
ciMethod java/util/ArrayList$Itr <init> (Ljava/util/ArrayList;Ljava/util/ArrayList$1;)V 4097 1 267717 0 80
ciMethodData java/util/AbstractList <init> ()V 2 220753 orig 264 136 160 65 101 0 0 0 0 208 66 166 84 0 0 0 0 48 1 0 0 0 0 0 0 0 0 0 0 0 0 0 0 0 0 0 0 0 0 0 0 0 0 0 0 0 0 0 0 0 0 0 0 0 0 0 0 0 0 0 0 0 0 0 0 0 0 0 0 0 0 0 0 0 0 0 0 0 0 0 0 77 68 79 32 101 120 116 114 97 32 100 97 116 97 32 108 111 99 107 0 0 0 0 0 0 0 0 0 0 0 0 0 0 0 0 0 0 0 0 0 0 0 0 0 0 0 0 0 0 0 0 0 0 0 0 0 0 0 0 0 0 0 0 0 0 0 0 0 0 0 0 0 0 0 0 0 0 0 0 0 0 0 0 0 0 0 0 0 0 0 0 0 0 0 0 0 0 0 0 0 0 0 0 0 0 0 0 0 0 0 0 0 0 0 0 0 0 0 0 0 0 0 0 0 0 0 0 0 0 0 0 0 0 0 0 0 34 0 0 0 121 241 26 0 1 0 0 0 0 0 0 0 0 0 0 0 2 0 0 0 0 0 3 0 2 0 0 0 16 0 0 0 255 255 255 255 2 0 1 0 0 0 0 0 data 2 0x10002 0x35e35 oops 0
ciMethodData java/util/ArrayList$Itr next ()Ljava/lang/Object; 2 9105 orig 264 136 160 65 101 0 0 0 0 168 242 197 84 0 0 0 0 232 1 0 0 96 0 0 0 0 0 0 0 0 0 0 0 0 0 0 0 0 0 0 0 0 0 0 0 0 0 0 0 0 0 0 0 0 0 0 0 0 0 0 0 0 0 0 0 0 0 0 0 0 0 0 0 0 0 0 0 0 0 0 0 77 68 79 32 101 120 116 114 97 32 100 97 116 97 32 108 111 99 107 0 0 0 0 0 0 0 0 0 0 0 0 0 0 0 0 0 0 0 0 0 0 0 0 0 0 0 0 0 0 0 0 0 0 0 0 0 0 0 0 0 0 0 0 0 0 0 0 0 0 0 0 0 0 0 0 0 0 0 0 0 0 0 0 0 0 0 0 0 0 0 0 0 0 0 0 0 0 0 0 0 0 0 0 0 0 0 0 0 0 0 0 0 0 0 0 0 0 0 0 0 0 0 0 0 0 0 0 0 0 0 0 0 0 0 0 0 5 1 0 0 97 20 1 0 1 0 0 0 0 0 0 0 0 0 0 0 2 0 0 0 0 0 10 0 2 0 0 0 160 0 0 0 255 255 255 255 5 0 1 0 0 0 0 0 data 20 0x10005 0x33 0x57ef8ee0 0x2259 0x0 0x0 0xe0002 0x228c 0x110007 0x228c 0x30 0x0 0x180002 0x0 0x270007 0x228c 0x30 0x0 0x2e0002 0x0 oops 1 2 java/util/ArrayList$Itr
ciMethodData java/util/ArrayList$Itr checkForComodification ()V 2 9105 orig 264 136 160 65 101 0 0 0 0 56 245 197 84 0 0 0 0 80 1 0 0 0 0 0 0 0 0 0 0 0 0 0 0 0 0 0 0 0 0 0 0 0 0 0 0 0 0 0 0 0 0 0 0 0 0 0 0 0 0 0 0 0 0 0 0 0 0 0 0 0 0 0 0 0 0 0 0 0 0 0 0 77 68 79 32 101 120 116 114 97 32 100 97 116 97 32 108 111 99 107 0 0 0 0 0 0 0 0 0 0 0 0 0 0 0 0 0 0 0 0 0 0 0 0 0 0 0 0 0 0 0 0 0 0 0 0 0 0 0 0 0 0 0 0 0 0 0 0 0 0 0 0 0 0 0 0 0 0 0 0 0 0 0 0 0 0 0 0 0 0 0 0 0 0 0 0 0 0 0 0 0 0 0 0 0 0 0 0 0 0 0 0 0 0 0 0 0 0 0 0 0 0 0 0 0 0 0 0 0 0 0 0 0 0 0 0 0 4 1 0 0 105 20 1 0 1 0 0 0 0 0 0 0 0 0 0 0 2 0 0 0 0 0 5 0 2 0 0 0 48 0 0 0 255 255 255 255 7 0 11 0 0 0 0 0 data 6 0xb0007 0x228d 0x30 0x0 0x120002 0x0 oops 0
ciMethodData java/util/ArrayList$Itr hasNext ()Z 2 904984 orig 264 136 160 65 101 0 0 0 0 200 241 197 84 0 0 0 0 144 1 0 0 0 0 0 0 0 0 0 0 0 0 0 0 0 0 0 0 0 0 0 0 0 0 0 0 0 0 0 0 0 0 0 0 0 0 0 0 0 0 0 0 0 0 0 0 0 0 0 0 0 0 0 0 0 0 0 0 0 0 0 0 77 68 79 32 101 120 116 114 97 32 100 97 116 97 32 108 111 99 107 0 0 0 0 0 0 0 0 0 0 0 0 0 0 0 0 0 0 0 0 0 0 0 0 0 0 0 0 0 0 0 0 0 0 0 0 0 0 0 0 0 0 0 0 0 0 0 0 0 0 0 0 0 0 0 0 0 0 0 0 0 0 0 0 0 0 0 0 0 0 0 0 0 0 0 0 0 0 0 0 0 0 0 0 0 0 0 0 0 0 0 0 0 0 0 0 0 0 0 0 0 0 0 0 0 0 0 0 0 0 0 0 0 0 0 0 0 160 1 0 0 193 107 110 0 1 0 0 0 0 0 0 0 0 0 0 0 2 0 0 0 0 0 6 0 2 0 0 0 72 0 0 0 255 255 255 255 2 0 8 0 0 0 0 0 data 9 0x80002 0xdcdbe 0xb0007 0x17c81 0x38 0xc52ee 0xf0003 0xc5313 0x18 oops 0
ciMethod java/util/ArrayList$SubList <init> (Ljava/util/ArrayList;Ljava/util/AbstractList;III)V 4097 1 31184 0 112
ciMethod java/util/ArrayList$SubList size ()I 4097 1 117405 0 0
ciMethod java/util/ArrayList$SubList removeRange (II)V 4097 1 41139 0 560
ciMethod java/util/ArrayList$SubList checkForComodification ()V 4097 1 158864 0 0
ciMethodData java/util/ArrayList iterator ()Ljava/util/Iterator; 2 267377 orig 264 136 160 65 101 0 0 0 0 168 85 169 84 0 0 0 0 48 1 0 0 0 0 0 0 0 0 0 0 0 0 0 0 0 0 0 0 0 0 0 0 0 0 0 0 0 0 0 0 0 0 0 0 0 0 0 0 0 0 0 0 0 0 0 0 0 0 0 0 0 0 0 0 0 0 0 0 0 0 0 0 77 68 79 32 101 120 116 114 97 32 100 97 116 97 32 108 111 99 107 0 0 0 0 0 0 0 0 0 0 0 0 0 0 0 0 0 0 0 0 0 0 0 0 0 0 0 0 0 0 0 0 0 0 0 0 0 0 0 0 0 0 0 0 0 0 0 0 0 0 0 0 0 0 0 0 0 0 0 0 0 0 0 0 0 0 0 0 0 0 0 0 0 0 0 0 0 0 0 0 0 0 0 0 0 0 0 0 0 0 0 0 0 0 0 0 0 0 0 0 0 0 0 0 0 0 0 0 0 0 0 0 0 0 0 0 0 0 2 0 0 137 147 32 0 1 0 0 0 0 0 0 0 0 0 0 0 2 0 0 0 0 0 3 0 2 0 0 0 16 0 0 0 255 255 255 255 2 0 6 0 0 0 0 0 data 2 0x60002 0x41270 oops 0
ciMethodData java/util/ArrayList$Itr <init> (Ljava/util/ArrayList;Ljava/util/ArrayList$1;)V 2 267717 orig 264 136 160 65 101 0 0 0 0 208 245 197 84 0 0 0 0 64 1 0 0 0 0 0 0 0 0 0 0 0 0 0 0 0 0 0 0 0 0 0 0 0 0 0 0 0 0 0 0 0 0 0 0 0 0 0 0 0 0 0 0 0 0 0 0 0 0 0 0 0 0 0 0 0 0 0 0 0 0 0 0 77 68 79 32 101 120 116 114 97 32 100 97 116 97 32 108 111 99 107 0 0 0 0 0 0 0 0 0 0 0 0 0 0 0 0 0 0 0 0 0 0 0 0 0 0 0 0 0 0 0 0 0 0 0 0 0 0 0 0 0 0 0 0 0 0 0 0 0 0 0 0 0 0 0 0 0 0 0 0 0 0 0 0 0 0 0 0 0 0 0 0 0 0 0 0 0 0 0 0 0 0 0 0 0 1 0 0 0 0 0 0 0 4 0 0 0 0 0 0 0 5 0 0 0 0 0 0 0 0 0 0 0 0 0 0 0 0 2 0 0 41 158 32 0 1 0 0 0 0 0 0 0 0 0 0 0 2 0 0 0 0 0 3 0 2 0 0 0 16 0 0 0 255 255 255 255 2 0 2 0 0 0 0 0 data 2 0x20002 0x413c9 oops 0
ciMethodData java/util/ArrayList$Itr <init> (Ljava/util/ArrayList;)V 2 267724 orig 264 136 160 65 101 0 0 0 0 32 241 197 84 0 0 0 0 56 1 0 0 0 0 0 0 0 0 0 0 0 0 0 0 0 0 0 0 0 0 0 0 0 0 0 0 0 0 0 0 0 0 0 0 0 0 0 0 0 0 0 0 0 0 0 0 0 0 0 0 0 0 0 0 0 0 0 0 0 0 0 0 77 68 79 32 101 120 116 114 97 32 100 97 116 97 32 108 111 99 107 0 0 0 0 0 0 0 0 0 0 0 0 0 0 0 0 0 0 0 0 0 0 0 0 0 0 0 0 0 0 0 0 0 0 0 0 0 0 0 0 0 0 0 0 0 0 0 0 0 0 0 0 0 0 0 0 0 0 0 0 0 0 0 0 0 0 0 0 0 0 0 0 0 0 0 0 0 0 0 0 0 0 0 0 0 1 0 0 0 0 0 0 0 0 0 0 0 0 0 0 0 1 0 0 0 0 0 0 0 0 0 0 0 0 0 0 0 0 2 0 0 97 158 32 0 1 0 0 0 0 0 0 0 0 0 0 0 2 0 0 0 0 0 3 0 2 0 0 0 16 0 0 0 255 255 255 255 2 0 6 0 0 0 0 0 data 2 0x60002 0x413cd oops 0
ciMethodData java/util/ArrayList$SubList checkForComodification ()V 2 158864 orig 264 136 160 65 101 0 0 0 0 232 135 202 84 0 0 0 0 80 1 0 0 0 0 0 0 0 0 0 0 0 0 0 0 0 0 0 0 0 0 0 0 0 0 0 0 0 0 0 0 0 0 0 0 0 0 0 0 0 0 0 0 0 0 0 0 0 0 0 0 0 0 0 0 0 0 0 0 0 0 0 0 77 68 79 32 101 120 116 114 97 32 100 97 116 97 32 108 111 99 107 0 0 0 0 0 0 0 0 0 0 0 0 0 0 0 0 0 0 0 0 0 0 0 0 0 0 0 0 0 0 0 0 0 0 0 0 0 0 0 0 0 0 0 0 0 0 0 0 0 0 0 0 0 0 0 0 0 0 0 0 0 0 0 0 0 0 0 0 0 0 0 0 0 0 0 0 0 0 0 0 0 0 0 0 0 0 0 0 0 0 0 0 0 0 0 0 0 0 0 0 0 0 0 0 0 0 0 0 0 0 0 0 0 0 0 0 0 0 2 0 0 129 84 19 0 1 0 0 0 0 0 0 0 0 0 0 0 2 0 0 0 0 0 5 0 2 0 0 0 48 0 0 0 255 255 255 255 7 0 11 0 0 0 0 0 data 6 0xb0007 0x26a94 0x30 0x0 0x120002 0x0 oops 0
ciMethodData java/util/ArrayList subList (II)Ljava/util/List; 2 117404 orig 264 136 160 65 101 0 0 0 0 80 86 169 84 0 0 0 0 120 1 0 0 0 0 0 0 0 0 0 0 0 0 0 0 0 0 0 0 0 0 0 0 0 0 0 0 0 0 0 0 0 0 0 0 0 0 0 0 0 0 0 0 0 0 0 0 0 0 0 0 0 0 0 0 0 0 0 0 0 0 0 0 77 68 79 32 101 120 116 114 97 32 100 97 116 97 32 108 111 99 107 0 0 0 0 0 0 0 0 0 0 0 0 0 0 0 0 0 0 0 0 0 0 0 0 0 0 0 0 0 0 0 0 0 0 0 0 0 0 0 0 0 0 0 0 0 0 0 0 0 0 0 0 0 0 0 0 0 0 0 0 0 0 0 0 0 0 0 0 0 0 0 0 0 0 0 0 0 0 0 0 0 0 0 0 0 0 0 0 0 0 0 0 0 0 0 0 0 0 0 0 0 0 0 0 0 0 0 0 0 0 0 0 0 0 0 0 0 0 2 0 0 225 68 14 0 1 0 0 0 0 0 0 0 0 0 0 0 2 0 0 0 0 0 3 0 2 0 0 0 32 0 0 0 255 255 255 255 2 0 6 0 0 0 0 0 data 4 0x60002 0x1c89c 0x120002 0x1c89d oops 0
ciMethodData java/util/ArrayList subListRangeCheck (III)V 2 31183 orig 264 136 160 65 101 0 0 0 0 88 87 169 84 0 0 0 0 88 4 0 0 144 1 0 0 0 0 0 0 0 0 0 0 0 0 0 0 0 0 0 0 0 0 0 0 0 0 0 0 0 0 0 0 0 0 0 0 0 0 0 0 0 0 0 0 0 0 0 0 0 0 0 0 0 0 0 0 0 0 0 0 77 68 79 32 101 120 116 114 97 32 100 97 116 97 32 108 111 99 107 0 0 0 0 0 0 0 0 0 0 0 0 0 0 0 0 0 0 0 0 0 0 0 0 0 0 0 0 0 0 0 0 0 0 0 0 0 0 0 0 0 0 0 0 0 0 0 0 0 0 0 0 0 0 0 0 0 0 0 0 0 0 0 0 0 0 0 0 0 0 0 0 0 0 0 0 0 0 0 0 0 0 0 0 0 0 0 0 0 0 0 0 0 0 0 0 0 0 0 0 0 0 0 0 0 0 0 0 0 0 0 0 0 0 0 0 0 0 2 0 0 121 190 3 0 1 0 0 0 0 0 0 0 0 0 0 0 2 0 0 0 0 0 9 0 2 0 0 0 0 3 0 0 255 255 255 255 7 0 1 0 0 0 0 0 data 96 0x10007 0x77cf 0xd0 0x0 0xc0002 0x0 0x110005 0x0 0x0 0x0 0x0 0x0 0x150005 0x0 0x0 0x0 0x0 0x0 0x180005 0x0 0x0 0x0 0x0 0x0 0x1b0002 0x0 0x210007 0x77ce 0xd0 0x0 0x2c0002 0x0 0x310005 0x0 0x0 0x0 0x0 0x0 0x350005 0x0 0x0 0x0 0x0 0x0 0x380005 0x0 0x0 0x0 0x0 0x0 0x3b0002 0x0 0x410007 0x77ce 0x160 0x0 0x4c0002 0x0 0x510005 0x0 0x0 0x0 0x0 0x0 0x550005 0x0 0x0 0x0 0x0 0x0 0x5a0005 0x0 0x0 0x0 0x0 0x0 0x5e0005 0x0 0x0 0x0 0x0 0x0 0x630005 0x0 0x0 0x0 0x0 0x0 0x660005 0x0 0x0 0x0 0x0 0x0 0x690002 0x0 oops 0
ciMethodData java/util/ArrayList$SubList <init> (Ljava/util/ArrayList;Ljava/util/AbstractList;III)V 2 31184 orig 264 136 160 65 101 0 0 0 0 112 125 202 84 0 0 0 0 88 1 0 0 0 0 0 0 0 0 0 0 0 0 0 0 0 0 0 0 0 0 0 0 0 0 0 0 0 0 0 0 0 0 0 0 0 0 0 0 0 0 0 0 0 0 0 0 0 0 0 0 0 0 0 0 0 0 0 0 0 0 0 0 77 68 79 32 101 120 116 114 97 32 100 97 116 97 32 108 111 99 107 0 0 0 0 0 0 0 0 0 0 0 0 0 0 0 0 0 0 0 0 0 0 0 0 0 0 0 0 0 0 0 0 0 0 0 0 0 0 0 0 0 0 0 0 0 0 0 0 0 0 0 0 0 0 0 0 0 0 0 0 0 0 0 0 0 0 0 0 0 0 0 0 0 0 0 0 0 0 0 0 0 0 0 0 0 0 0 0 0 0 0 0 0 0 0 0 0 0 0 0 0 0 0 0 0 0 0 0 0 0 0 0 0 0 0 0 0 0 2 0 0 129 190 3 0 1 0 0 0 0 0 0 0 0 0 0 0 2 0 0 0 0 0 3 0 2 0 0 0 16 0 0 0 255 255 255 255 2 0 6 0 0 0 0 0 data 2 0x60002 0x77cf oops 0
ciMethodData java/util/ArrayList$SubList size ()I 2 117405 orig 264 136 160 65 101 0 0 0 0 112 127 202 84 0 0 0 0 48 1 0 0 0 0 0 0 0 0 0 0 0 0 0 0 0 0 0 0 0 0 0 0 0 0 0 0 0 0 0 0 0 0 0 0 0 0 0 0 0 0 0 0 0 0 0 0 0 0 0 0 0 0 0 0 0 0 0 0 0 0 0 0 77 68 79 32 101 120 116 114 97 32 100 97 116 97 32 108 111 99 107 0 0 0 0 0 0 0 0 0 0 0 0 0 0 0 0 0 0 0 0 0 0 0 0 0 0 0 0 0 0 0 0 0 0 0 0 0 0 0 0 0 0 0 0 0 0 0 0 0 0 0 0 0 0 0 0 0 0 0 0 0 0 0 0 0 0 0 0 0 0 0 0 0 0 0 0 0 0 0 0 0 0 0 0 0 0 0 0 0 0 0 0 0 0 0 0 0 0 0 0 0 0 0 0 0 0 0 0 0 0 0 0 0 0 0 0 0 0 2 0 0 233 68 14 0 1 0 0 0 0 0 0 0 0 0 0 0 2 0 0 0 0 0 6 0 2 0 0 0 16 0 0 0 255 255 255 255 2 0 1 0 0 0 0 0 data 2 0x10002 0x1c89d oops 0
ciMethodData java/util/AbstractList clear ()V 2 68619 orig 264 136 160 65 101 0 0 0 0 24 72 166 84 0 0 0 0 168 1 0 0 0 0 0 0 0 0 0 0 0 0 0 0 0 0 0 0 0 0 0 0 0 0 0 0 0 0 0 0 0 0 0 0 0 0 0 0 0 0 0 0 0 0 0 0 0 0 0 0 0 0 0 0 0 0 0 0 0 0 0 0 77 68 79 32 101 120 116 114 97 32 100 97 116 97 32 108 111 99 107 0 0 0 0 0 0 0 0 0 0 0 0 0 0 0 0 0 0 0 0 0 0 0 0 0 0 0 0 0 0 0 0 0 0 0 0 0 0 0 0 0 0 0 0 0 0 0 0 0 0 0 0 0 0 0 0 0 0 0 0 0 0 0 0 0 0 0 0 0 0 0 0 0 0 0 0 0 0 0 0 0 0 0 0 0 0 0 0 0 0 0 0 0 0 0 0 0 0 0 0 0 0 0 0 0 0 0 0 0 0 0 0 0 0 0 0 0 0 2 0 0 89 80 8 0 1 0 0 0 0 0 0 0 0 0 0 0 2 0 0 0 0 0 3 0 2 0 0 0 96 0 0 0 255 255 255 255 5 0 3 0 0 0 0 0 data 12 0x30005 0x0 0x57e85210 0x10a0b 0x0 0x0 0x60005 0x0 0x57e85210 0x10a0b 0x0 0x0 oops 2 2 java/util/ArrayList$SubList 8 java/util/ArrayList$SubList
ciMethodData java/util/ArrayList$SubList removeRange (II)V 2 41139 orig 264 136 160 65 101 0 0 0 0 192 129 202 84 0 0 0 0 152 1 0 0 0 0 0 0 0 0 0 0 0 0 0 0 0 0 0 0 0 0 0 0 0 0 0 0 0 0 0 0 0 0 0 0 0 0 0 0 0 0 0 0 0 0 0 0 0 0 0 0 0 0 0 0 0 0 0 0 0 0 0 0 77 68 79 32 101 120 116 114 97 32 100 97 116 97 32 108 111 99 107 0 0 0 0 0 0 0 0 0 0 0 0 0 0 0 0 0 0 0 0 0 0 0 0 0 0 0 0 0 0 0 0 0 0 0 0 0 0 0 0 0 0 0 0 0 0 0 0 0 0 0 0 0 0 0 0 0 0 0 0 0 0 0 0 0 0 0 0 0 0 0 0 0 0 0 0 0 0 0 0 0 0 0 0 0 0 0 0 0 0 0 0 0 0 0 0 0 0 0 0 0 0 0 0 0 0 0 0 0 0 0 0 0 0 0 0 0 0 2 0 0 153 245 4 0 1 0 0 0 0 0 0 0 0 0 0 0 2 0 0 0 0 0 6 0 2 0 0 0 64 0 0 0 255 255 255 255 2 0 1 0 0 0 0 0 data 8 0x10002 0x9eb3 0x140005 0x0 0x57ef8e30 0x9eb2 0x0 0x0 oops 1 4 java/util/ArrayList
ciMethodData java/util/ArrayList removeRange (II)V 2 27187 orig 264 136 160 65 101 0 0 0 0 216 76 169 84 0 0 0 0 208 1 0 0 0 0 0 0 0 0 0 0 0 0 0 0 0 0 0 0 0 0 0 0 0 0 0 0 0 0 0 0 0 0 0 0 0 0 0 0 0 0 0 0 0 0 0 0 0 0 0 0 0 0 0 0 0 0 0 0 0 0 0 0 77 68 79 32 101 120 116 114 97 32 100 97 116 97 32 108 111 99 107 0 0 0 0 0 0 0 0 0 0 0 0 0 0 0 0 0 0 0 0 0 0 0 0 0 0 0 0 0 0 0 0 0 0 0 0 0 0 0 0 0 0 0 0 0 0 0 0 0 0 0 0 0 0 0 0 0 0 0 0 0 0 0 0 0 0 0 0 0 0 0 0 0 0 0 0 0 0 0 0 0 0 0 0 0 0 0 0 0 0 0 0 0 0 0 0 0 0 0 0 0 0 0 0 0 0 0 0 0 0 0 0 0 0 0 0 0 0 2 0 0 153 65 3 0 193 16 0 0 0 0 0 0 0 0 0 0 2 0 0 0 1 0 6 0 2 0 0 0 120 0 0 0 255 255 255 255 2 0 28 0 0 0 0 0 data 15 0x1c0002 0x6833 0x330007 0x6833 0x68 0x218 0x3d0104 0x0 0x0 0x0 0x0 0x0 0x410003 0x218 0xffffffffffffffb0 oops 0
ciMethod com/android/dx/util/MutabilityControl setImmutable ()V 3385 1 306464 0 -1
ciMethod com/android/dx/util/FixedSizeList size ()I 3441 1 804341 0 0
ciMethod com/android/dx/util/FixedSizeList get0 (I)Ljava/lang/Object; 2433 1 12118 0 144
ciMethod com/android/dx/util/FixedSizeList throwIndex (I)Ljava/lang/Object; 0 0 1 0 -1
ciMethodData com/android/dx/util/FixedSizeList size ()I 2 804341 orig 264 136 160 65 101 0 0 0 0 104 38 223 84 0 0 0 0 32 1 0 0 0 0 0 0 0 0 0 0 0 0 0 0 0 0 0 0 0 0 0 0 0 0 0 0 0 0 0 0 0 0 0 0 0 0 0 0 0 0 0 0 0 0 0 0 0 0 0 0 0 0 0 0 0 0 0 0 0 0 0 0 77 68 79 32 101 120 116 114 97 32 100 97 116 97 32 108 111 99 107 0 0 0 0 0 0 0 0 0 0 0 0 0 0 0 0 0 0 0 0 0 0 0 0 0 0 0 0 0 0 0 0 0 0 0 0 0 0 0 0 0 0 0 0 0 0 0 0 0 0 0 0 0 0 0 0 0 0 0 0 0 0 0 0 0 0 0 0 0 0 0 0 0 0 0 0 0 0 0 0 0 0 0 0 0 1 0 0 0 0 0 0 0 0 0 0 0 0 0 0 0 1 0 0 0 0 0 0 0 0 0 0 0 0 0 0 0 174 1 0 0 57 34 98 0 1 0 0 0 0 0 0 0 0 0 0 0 2 0 0 0 0 0 3 0 1 0 0 0 0 0 0 0 255 255 255 255 0 0 0 0 0 0 0 0 data 0 oops 0
ciMethod com/android/dx/rop/code/PlainInsn <init> (Lcom/android/dx/rop/code/Rop;Lcom/android/dx/rop/code/SourcePosition;Lcom/android/dx/rop/code/RegisterSpec;Lcom/android/dx/rop/code/RegisterSpecList;)V 4097 1 5632 0 -1
ciMethodData com/android/dx/util/FixedSizeList get0 (I)Ljava/lang/Object; 2 12118 orig 264 136 160 65 101 0 0 0 0 0 41 223 84 0 0 0 0 48 2 0 0 192 0 0 0 0 0 0 0 0 0 0 0 0 0 0 0 0 0 0 0 0 0 0 0 0 0 0 0 0 0 0 0 0 0 0 0 0 0 0 0 0 0 0 0 0 0 0 0 0 0 0 0 0 0 0 0 0 0 0 0 77 68 79 32 101 120 116 114 97 32 100 97 116 97 32 108 111 99 107 0 0 0 0 0 0 0 0 0 0 0 0 0 0 0 0 0 0 0 0 0 0 0 0 0 0 0 0 0 0 0 0 0 0 0 0 0 0 0 0 0 0 0 0 0 0 0 0 0 0 0 0 0 0 0 0 0 0 0 0 0 0 0 0 0 0 0 0 0 0 0 0 0 0 0 0 0 0 0 0 0 0 0 0 0 25 0 0 0 0 0 0 0 0 0 0 0 0 0 0 0 1 0 0 0 0 0 0 0 0 0 0 0 0 0 0 0 48 1 0 0 49 113 1 0 1 0 0 0 0 0 0 0 0 0 0 0 2 0 0 0 0 0 9 0 2 0 0 0 224 0 0 0 255 255 255 255 7 0 8 0 0 0 0 0 data 28 0x80007 0x2e26 0xd0 0x0 0x130002 0x0 0x180005 0x0 0x0 0x0 0x0 0x0 0x1c0005 0x0 0x0 0x0 0x0 0x0 0x1f0005 0x0 0x0 0x0 0x0 0x0 0x220002 0x0 0x2b0002 0x0 oops 0
ciMethod com/android/dx/rop/code/RegisterSpec getType ()Lcom/android/dx/rop/type/Type; 4097 1 34970 0 -1
ciMethod com/android/dx/rop/code/RegisterSpec getReg ()I 4329 1 541 0 -1
ciMethod com/android/dx/rop/code/Rops opMove (Lcom/android/dx/rop/type/TypeBearer;)Lcom/android/dx/rop/code/Rop; 2425 1 18482 0 -1
ciMethod com/android/dx/rop/code/RegisterSpecList make (Lcom/android/dx/rop/code/RegisterSpec;)Lcom/android/dx/rop/code/RegisterSpecList; 905 1 4075 0 -1
ciMethod com/android/dx/rop/code/RegisterSpecList <init> (I)V 3201 1 52351 0 -1
ciMethod com/android/dx/rop/code/RegisterSpecList get (I)Lcom/android/dx/rop/code/RegisterSpec; 3321 1 132399 0 144
ciMethod com/android/dx/rop/code/RegisterSpecList set (ILcom/android/dx/rop/code/RegisterSpec;)V 3969 1 46007 0 -1
ciMethod com/android/dx/ssa/SsaMethod returnSpareRegisters ()V 4097 1 41114 0 0
ciMethod com/android/dx/ssa/SsaMethod getBlocks ()Ljava/util/ArrayList; 1161 1 145 0 0
ciMethod com/android/dx/ssa/SsaInsn getResult ()Lcom/android/dx/rop/code/RegisterSpec; 2185 1 273 0 0
ciMethod com/android/dx/ssa/SsaInsn isMoveException ()Z 0 0 1 0 -1
ciMethod com/android/dx/ssa/NormalSsaInsn <init> (Lcom/android/dx/rop/code/Insn;Lcom/android/dx/ssa/SsaBasicBlock;)V 4097 1 45161 0 -1
ciMethod com/android/dx/ssa/NormalSsaInsn getSources ()Lcom/android/dx/rop/code/RegisterSpecList; 4097 1 56660 0 -1
ciMethod com/android/dx/ssa/SsaBasicBlock forEachPhiInsn (Lcom/android/dx/ssa/PhiInsn$Visitor;)V 4097 97 20200 0 1008
ciMethod com/android/dx/ssa/SsaBasicBlock removeAllPhiInsns ()V 4097 1 68613 0 0
ciMethod com/android/dx/ssa/SsaBasicBlock getCountPhiInsns ()I 4097 1 5850 0 496
ciMethod com/android/dx/ssa/SsaBasicBlock addMoveToEnd (Lcom/android/dx/rop/code/RegisterSpec;Lcom/android/dx/rop/code/RegisterSpec;)V 49257 1 6157 0 0
ciMethod com/android/dx/ssa/SsaBasicBlock addMoveToBeginning (Lcom/android/dx/rop/code/RegisterSpec;Lcom/android/dx/rop/code/RegisterSpec;)V 0 0 1 0 -1
ciMethod com/android/dx/ssa/SsaBasicBlock scheduleUseBeforeAssigned (Ljava/util/List;)V 0 0 1 0 -1
ciMethod com/android/dx/ssa/SsaBasicBlock scheduleMovesFromPhis ()V 4097 1 41115 0 112
ciMethod com/android/dx/ssa/PhiInsn$Visitor visitPhiInsn (Lcom/android/dx/ssa/PhiInsn;)V 0 0 1 0 -1
ciMethod com/android/dx/ssa/PhiInsn predBlockIndexForSourcesIndex (I)I 4097 1 22534 0 0
ciMethod com/android/dx/ssa/PhiInsn getSources ()Lcom/android/dx/rop/code/RegisterSpecList; 4097 3105 24366 0 976
ciMethod com/android/dx/ssa/back/SsaToRop removePhiFunctions ()V 1089 33449 3208 0 -1
ciMethod com/android/dx/ssa/back/SsaToRop$PhiVisitor <init> (Ljava/util/ArrayList;)V 4097 1 68610 0 0
ciMethod com/android/dx/ssa/back/SsaToRop$PhiVisitor visitPhiInsn (Lcom/android/dx/ssa/PhiInsn;)V 16561 49257 2070 0 0
ciMethodData com/android/dx/rop/code/RegisterSpecList get (I)Lcom/android/dx/rop/code/RegisterSpec; 2 132399 orig 264 136 160 65 101 0 0 0 0 144 134 233 84 0 0 0 0 176 1 0 0 0 0 0 0 0 0 0 0 0 0 0 0 0 0 0 0 0 0 0 0 0 0 0 0 0 0 0 0 0 0 0 0 0 0 0 0 0 0 0 0 0 0 0 0 0 0 0 0 0 0 0 0 0 0 0 0 0 0 0 0 77 68 79 32 101 120 116 114 97 32 100 97 116 97 32 108 111 99 107 0 0 0 0 0 0 0 0 0 0 0 0 0 0 0 0 0 0 0 0 0 0 0 0 0 0 0 0 0 0 0 0 0 0 0 0 0 0 0 0 0 0 0 0 0 0 0 0 0 0 0 0 0 0 0 0 0 0 0 0 0 0 0 0 0 0 0 0 0 0 0 0 0 0 0 0 0 0 0 0 0 0 0 0 0 17 0 0 0 0 0 0 0 0 0 0 0 0 0 0 0 1 0 0 0 0 0 0 0 0 0 0 0 0 0 0 0 159 1 0 0 129 28 16 0 1 0 0 0 0 0 0 0 0 0 0 0 2 0 0 0 0 0 3 0 2 0 0 0 96 0 0 0 255 255 255 255 5 0 2 0 0 0 0 0 data 12 0x20005 0x7 0x590b7dc0 0x2038f 0x0 0x0 0x50004 0x0 0x590b8010 0x20395 0x0 0x0 oops 2 2 com/android/dx/rop/code/RegisterSpecList 8 com/android/dx/rop/code/RegisterSpec
ciMethodData com/android/dx/ssa/SsaBasicBlock getCountPhiInsns ()I 2 5850 orig 264 136 160 65 101 0 0 0 0 104 10 235 84 0 0 0 0 120 2 0 0 0 0 0 0 0 0 0 0 0 0 0 0 0 0 0 0 0 0 0 0 0 0 0 0 0 0 0 0 0 0 0 0 0 0 0 0 0 0 0 0 0 0 0 0 0 0 0 0 0 0 0 0 0 0 0 0 0 0 0 0 77 68 79 32 101 120 116 114 97 32 100 97 116 97 32 108 111 99 107 0 0 0 0 0 0 0 0 0 0 0 0 0 0 0 0 0 0 0 0 0 0 0 0 0 0 0 0 0 0 0 0 0 0 0 0 0 0 0 0 0 0 0 0 0 0 0 0 0 0 0 0 0 0 0 0 0 0 0 0 0 0 0 0 0 0 0 0 0 0 0 0 0 0 0 0 0 0 0 0 0 0 0 0 0 0 0 0 0 0 0 0 0 0 0 0 0 0 0 0 0 0 0 0 0 0 0 0 0 0 0 0 0 0 0 0 0 0 2 0 0 209 166 0 0 97 3 0 0 0 0 0 0 0 0 0 0 2 0 0 0 1 0 13 0 2 0 0 0 48 1 0 0 255 255 255 255 5 0 4 0 0 0 0 0 data 38 0x40005 0x0 0x57ef8e30 0x14da 0x0 0x0 0xc0007 0xef 0x100 0x1457 0x140005 0x0 0x57ef8e30 0x1457 0x0 0x0 0x170004 0x0 0x58758030 0x13eb 0x58757380 0x6c 0x1c0004 0xffffffffffffec15 0x58758030 0x2ed 0x58757380 0x6c 0x1f0007 0x6c 0x38 0x13eb 0x220003 0x13eb 0x30 0x280003 0x6c 0xffffffffffffff18 oops 6 2 java/util/ArrayList 12 java/util/ArrayList 18 com/android/dx/ssa/NormalSsaInsn 20 com/android/dx/ssa/PhiInsn 24 com/android/dx/ssa/NormalSsaInsn 26 com/android/dx/ssa/PhiInsn
ciMethodData com/android/dx/ssa/SsaBasicBlock forEachPhiInsn (Lcom/android/dx/ssa/PhiInsn$Visitor;)V 2 20200 orig 264 136 160 65 101 0 0 0 0 168 8 235 84 0 0 0 0 200 2 0 0 0 0 0 0 0 0 0 0 0 0 0 0 0 0 0 0 0 0 0 0 0 0 0 0 0 0 0 0 0 0 0 0 0 0 0 0 0 0 0 0 0 0 0 0 0 0 0 0 0 0 0 0 0 0 0 0 0 0 0 0 77 68 79 32 101 120 116 114 97 32 100 97 116 97 32 108 111 99 107 0 0 0 0 0 0 0 0 0 0 0 0 0 0 0 0 0 0 0 0 0 0 0 0 0 0 0 0 0 0 0 0 0 0 0 0 0 0 0 0 0 0 0 0 0 0 0 0 0 0 0 0 0 0 0 0 0 0 0 0 0 0 0 0 0 0 0 0 0 0 0 0 0 0 0 0 0 0 0 0 0 0 0 0 0 0 0 0 0 0 0 0 0 0 0 0 0 0 0 0 0 0 0 0 0 0 0 0 0 0 0 0 0 0 0 0 0 0 2 0 0 65 103 2 0 153 161 0 0 0 0 0 0 0 0 0 0 2 0 0 0 1 0 13 0 2 0 0 0 120 1 0 0 255 255 255 255 5 0 4 0 0 0 0 0 data 47 0x40005 0x0 0x57ef8e30 0x4ce9 0x0 0x0 0xc0007 0x1c8 0x148 0x5f50 0x140005 0x0 0x57ef8e30 0x5f50 0x0 0x0 0x170004 0x0 0x58758030 0x4b21 0x58757380 0x1433 0x1e0004 0xffffffffffffb4df 0x58758030 0x243 0x58757380 0x1433 0x210007 0x4b21 0x98 0x1433 0x270004 0x0 0x58757380 0x1433 0x0 0x0 0x2a0005 0x0 0x587580e0 0x1378 0x57efbc00 0xbb 0x320003 0x1433 0xfffffffffffffed0 oops 9 2 java/util/ArrayList 12 java/util/ArrayList 18 com/android/dx/ssa/NormalSsaInsn 20 com/android/dx/ssa/PhiInsn 24 com/android/dx/ssa/NormalSsaInsn 26 com/android/dx/ssa/PhiInsn 34 com/android/dx/ssa/PhiInsn 40 com/android/dx/ssa/SsaRenamer$BlockRenamer$1 42 com/android/dx/ssa/back/SsaToRop$PhiVisitor
ciMethodData com/android/dx/ssa/back/SsaToRop$PhiVisitor <init> (Ljava/util/ArrayList;)V 2 68616 orig 264 136 160 65 101 0 0 0 0 128 149 238 84 0 0 0 0 56 1 0 0 0 0 0 0 0 0 0 0 0 0 0 0 0 0 0 0 0 0 0 0 0 0 0 0 0 0 0 0 0 0 0 0 0 0 0 0 0 0 0 0 0 0 0 0 0 0 0 0 0 0 0 0 0 0 0 0 0 0 0 0 77 68 79 32 101 120 116 114 97 32 100 97 116 97 32 108 111 99 107 0 0 0 0 0 0 0 0 0 0 0 0 0 0 0 0 0 0 0 0 0 0 0 0 0 0 0 0 0 0 0 0 0 0 0 0 0 0 0 0 0 0 0 0 0 0 0 0 0 0 0 0 0 0 0 0 0 0 0 0 0 0 0 0 0 0 0 0 0 0 0 0 0 0 0 0 0 0 0 0 0 0 0 0 0 0 0 0 0 0 0 0 0 0 0 0 0 0 0 0 0 0 0 0 0 0 0 0 0 0 0 0 0 0 0 0 0 0 2 0 0 65 80 8 0 1 0 0 0 0 0 0 0 0 0 0 0 2 0 0 0 0 0 3 0 2 0 0 0 16 0 0 0 255 255 255 255 2 0 1 0 0 0 0 0 data 2 0x10002 0x10a08 oops 0
ciMethodData com/android/dx/ssa/SsaBasicBlock removeAllPhiInsns ()V 2 68619 orig 264 136 160 65 101 0 0 0 0 112 9 235 84 0 0 0 0 184 1 0 0 0 0 0 0 0 0 0 0 0 0 0 0 0 0 0 0 0 0 0 0 0 0 0 0 0 0 0 0 0 0 0 0 0 0 0 0 0 0 0 0 0 0 0 0 0 0 0 0 0 0 0 0 0 0 0 0 0 0 0 0 77 68 79 32 101 120 116 114 97 32 100 97 116 97 32 108 111 99 107 0 0 0 0 0 0 0 0 0 0 0 0 0 0 0 0 0 0 0 0 0 0 0 0 0 0 0 0 0 0 0 0 0 0 0 0 0 0 0 0 0 0 0 0 0 0 0 0 0 0 0 0 0 0 0 0 0 0 0 0 0 0 0 0 0 0 0 0 0 0 0 0 0 0 0 0 0 0 0 0 0 0 0 0 0 0 0 0 0 0 0 0 0 0 0 0 0 0 0 0 0 0 0 0 0 0 0 0 0 0 0 0 0 0 0 0 0 0 2 0 0 89 80 8 0 1 0 0 0 0 0 0 0 0 0 0 0 2 0 0 0 0 0 8 0 2 0 0 0 112 0 0 0 255 255 255 255 2 0 6 0 0 0 0 0 data 14 0x60002 0x10a0b 0x90005 0x0 0x57ef8e30 0x10a09 0x0 0x0 0xc0005 0x0 0x57e85210 0x10a0c 0x0 0x0 oops 2 4 java/util/ArrayList 10 java/util/ArrayList$SubList
ciMethodData com/android/dx/ssa/SsaBasicBlock scheduleMovesFromPhis ()V 2 41115 orig 264 136 160 65 101 0 0 0 0 40 42 235 84 0 0 0 0 88 3 0 0 208 1 0 0 0 0 0 0 0 0 0 0 0 0 0 0 0 0 0 0 0 0 0 0 0 0 0 0 0 0 0 0 0 0 0 0 0 0 0 0 0 0 0 0 0 0 0 0 0 0 0 0 0 0 0 0 0 0 0 0 77 68 79 32 101 120 116 114 97 32 100 97 116 97 32 108 111 99 107 0 0 0 0 0 0 0 0 0 0 0 0 0 0 0 0 0 0 0 0 0 0 0 0 0 0 0 0 0 0 0 0 0 0 0 0 0 0 0 0 0 0 0 0 0 0 0 0 0 0 0 0 0 0 0 0 0 0 0 0 0 0 0 0 0 0 0 0 0 0 0 0 0 0 0 0 0 0 0 0 0 0 0 0 0 0 0 0 0 0 0 0 0 0 0 0 0 0 0 0 0 0 0 0 0 0 0 0 0 0 0 0 0 0 0 0 0 0 2 0 0 217 244 4 0 1 0 0 0 0 0 0 0 0 0 0 0 2 0 0 0 0 0 15 0 2 0 0 0 16 2 0 0 255 255 255 255 7 0 5 0 0 0 0 0 data 66 0x50007 0x9e9b 0x120 0x0 0x110005 0x0 0x0 0x0 0x0 0x0 0x170002 0x0 0x220005 0x0 0x0 0x0 0x0 0x0 0x250004 0x0 0x0 0x0 0x0 0x0 0x2a0005 0x0 0x0 0x0 0x0 0x0 0x2d0007 0x0 0x30 0x0 0x360002 0x0 0x3f0007 0x9e9b 0xc0 0x0 0x4b0005 0x0 0x0 0x0 0x0 0x0 0x590005 0x0 0x0 0x0 0x0 0x0 0x5e0005 0x0 0x0 0x0 0x0 0x0 0x610002 0x0 0x680005 0x33f 0x57ef8d80 0x9b5b 0x0 0x0 oops 1 62 com/android/dx/ssa/SsaMethod
ciMethodData com/android/dx/ssa/SsaMethod returnSpareRegisters ()V 2 41114 orig 264 136 160 65 101 0 0 0 0 40 123 234 84 0 0 0 0 32 1 0 0 0 0 0 0 0 0 0 0 0 0 0 0 0 0 0 0 0 0 0 0 0 0 0 0 0 0 0 0 0 0 0 0 0 0 0 0 0 0 0 0 0 0 0 0 0 0 0 0 0 0 0 0 0 0 0 0 0 0 0 0 77 68 79 32 101 120 116 114 97 32 100 97 116 97 32 108 111 99 107 0 0 0 0 0 0 0 0 0 0 0 0 0 0 0 0 0 0 0 0 0 0 0 0 0 0 0 0 0 0 0 0 0 0 0 0 0 0 0 0 0 0 0 0 0 0 0 0 0 0 0 0 0 0 0 0 0 0 0 0 0 0 0 0 0 0 0 0 0 0 0 0 0 0 0 0 0 0 0 0 0 0 0 0 0 0 0 0 0 0 0 0 0 0 0 0 0 0 0 0 0 0 0 0 0 0 0 0 0 0 0 0 0 0 0 0 0 0 2 0 0 209 244 4 0 1 0 0 0 0 0 0 0 0 0 0 0 2 0 0 0 0 0 3 0 1 0 0 0 0 0 0 0 255 255 255 255 0 0 0 0 0 0 0 0 data 0 oops 0
ciMethodData com/android/dx/ssa/PhiInsn predBlockIndexForSourcesIndex (I)I 2 22534 orig 264 136 160 65 101 0 0 0 0 136 95 236 84 0 0 0 0 176 1 0 0 0 0 0 0 0 0 0 0 0 0 0 0 0 0 0 0 0 0 0 0 0 0 0 0 0 0 0 0 0 0 0 0 0 0 0 0 0 0 0 0 0 0 0 0 0 0 0 0 0 0 0 0 0 0 0 0 0 0 0 0 77 68 79 32 101 120 116 114 97 32 100 97 116 97 32 108 111 99 107 0 0 0 0 0 0 0 0 0 0 0 0 0 0 0 0 0 0 0 0 0 0 0 0 0 0 0 0 0 0 0 0 0 0 0 0 0 0 0 0 0 0 0 0 0 0 0 0 0 0 0 0 0 0 0 0 0 0 0 0 0 0 0 0 0 0 0 0 0 0 0 0 0 0 0 0 0 0 0 0 0 0 0 0 0 0 0 0 0 0 0 0 0 0 0 0 0 0 0 0 0 0 0 0 0 0 0 0 0 0 0 0 0 0 0 0 0 0 2 0 0 49 176 2 0 1 0 0 0 0 0 0 0 0 0 0 0 2 0 0 0 0 0 7 0 2 0 0 0 96 0 0 0 255 255 255 255 5 0 5 0 0 0 0 0 data 12 0x50005 0x0 0x57ef8e30 0x5606 0x0 0x0 0x80004 0x0 0x5a212710 0x5606 0x0 0x0 oops 2 2 java/util/ArrayList 8 com/android/dx/ssa/PhiInsn$Operand
ciMethodData com/android/dx/ssa/PhiInsn getSources ()Lcom/android/dx/rop/code/RegisterSpecList; 2 24366 orig 264 136 160 65 101 0 0 0 0 152 98 236 84 0 0 0 0 240 2 0 0 160 0 0 0 0 0 0 0 0 0 0 0 0 0 0 0 0 0 0 0 0 0 0 0 0 0 0 0 0 0 0 0 0 0 0 0 0 0 0 0 0 0 0 0 0 0 0 0 0 0 0 0 0 0 0 0 0 0 0 0 77 68 79 32 101 120 116 114 97 32 100 97 116 97 32 108 111 99 107 0 0 0 0 0 0 0 0 0 0 0 0 0 0 0 0 0 0 0 0 0 0 0 0 0 0 0 0 0 0 0 0 0 0 0 0 0 0 0 0 0 0 0 0 0 0 0 0 0 0 0 0 0 0 0 0 0 0 0 0 0 0 0 0 0 0 0 0 0 0 0 0 0 0 0 0 0 0 0 0 0 0 0 0 0 0 0 0 0 0 0 0 0 0 0 0 0 0 0 0 0 0 0 0 0 0 0 0 0 0 0 0 0 0 0 0 0 0 2 0 0 113 233 2 0 97 200 0 0 0 0 0 0 0 0 0 0 2 0 0 0 1 0 24 0 2 0 0 0 168 1 0 0 255 255 255 255 7 0 4 0 0 0 0 0 data 53 0x40007 0x7b7 0x20 0x5577 0x100005 0x0 0x57ef8e30 0x7b7 0x0 0x0 0x130007 0x7b7 0x20 0x0 0x1e0005 0x0 0x57ef8e30 0x7b7 0x0 0x0 0x280002 0x7b7 0x320007 0x7b7 0xc8 0x190c 0x3a0005 0x0 0x57ef8e30 0x190c 0x0 0x0 0x3d0004 0x0 0x5a212710 0x190c 0x0 0x0 0x4a0005 0x160 0x590b7dc0 0x17ac 0x0 0x0 0x500003 0x190c 0xffffffffffffff50 0x570005 0x0 0x590b7dc0 0x7b7 0x0 0x0 oops 6 6 java/util/ArrayList 16 java/util/ArrayList 28 java/util/ArrayList 34 com/android/dx/ssa/PhiInsn$Operand 40 com/android/dx/rop/code/RegisterSpecList 49 com/android/dx/rop/code/RegisterSpecList
ciMethodData com/android/dx/ssa/back/SsaToRop removePhiFunctions ()V 2 136938 orig 264 136 160 65 101 0 0 0 0 232 146 237 84 0 0 0 0 8 4 0 0 152 1 0 0 0 0 0 0 0 0 0 0 0 0 0 0 0 0 0 0 0 0 0 0 0 0 0 0 0 0 0 0 0 0 0 0 0 0 0 0 0 0 0 0 0 0 0 0 0 0 0 0 0 0 0 0 0 0 0 0 77 68 79 32 101 120 116 114 97 32 100 97 116 97 32 108 111 99 107 0 0 0 0 0 0 0 0 0 0 0 0 0 0 0 0 0 0 0 0 0 0 0 0 0 0 0 0 0 0 0 0 0 0 0 0 0 0 0 0 0 0 0 0 0 0 0 0 0 0 0 0 0 0 0 0 0 0 0 0 0 0 0 0 0 0 0 0 0 0 0 0 0 0 0 0 0 0 0 0 0 0 0 0 0 0 0 0 0 0 0 0 0 0 0 0 0 0 0 0 0 0 0 0 0 0 0 0 0 0 0 0 0 0 0 0 0 85 16 0 0 1 96 0 0 169 52 16 0 0 0 0 0 0 0 0 0 2 0 0 0 2 0 23 0 2 0 0 0 192 2 0 0 255 255 255 255 5 0 4 0 0 0 0 0 data 88 0x40005 0x0 0x57ef8d80 0xc00 0x0 0x0 0x90005 0x0 0x57ef8e30 0xc00 0x0 0x0 0xe0005 0x0 0x57ef8ee0 0x10fce 0x0 0x0 0x130007 0xc00 0x108 0x103d1 0x170005 0x0 0x57ef8ee0 0x103d1 0x0 0x0 0x1c0004 0x0 0x57ef8f90 0x103d2 0x0 0x0 0x260002 0x103d1 0x290005 0x0 0x57ef8f90 0x103d4 0x0 0x0 0x2d0005 0x0 0x57ef8f90 0x103d4 0x0 0x0 0x300003 0x103d3 0xfffffffffffffee0 0x340005 0x0 0x57ef8e30 0xc00 0x0 0x0 0x390005 0x0 0x57ef8ee0 0x10f83 0x0 0x0 0x3e0007 0xc00 0xc8 0x10388 0x420005 0x0 0x57ef8ee0 0x10388 0x0 0x0 0x470004 0x0 0x57ef8f90 0x10388 0x0 0x0 0x4c0005 0x0 0x57ef8f90 0x10388 0x0 0x0 0x4f0003 0x10389 0xffffffffffffff20 oops 12 2 com/android/dx/ssa/SsaMethod 8 java/util/ArrayList 14 java/util/ArrayList$Itr 24 java/util/ArrayList$Itr 30 com/android/dx/ssa/SsaBasicBlock 38 com/android/dx/ssa/SsaBasicBlock 44 com/android/dx/ssa/SsaBasicBlock 53 java/util/ArrayList 59 java/util/ArrayList$Itr 69 java/util/ArrayList$Itr 75 com/android/dx/ssa/SsaBasicBlock 81 com/android/dx/ssa/SsaBasicBlock
ciMethodData com/android/dx/ssa/SsaBasicBlock addMoveToEnd (Lcom/android/dx/rop/code/RegisterSpec;Lcom/android/dx/rop/code/RegisterSpec;)V 1 6157 orig 264 136 160 65 101 0 0 0 0 8 28 235 84 0 0 0 0 120 5 0 0 224 1 0 0 0 0 0 0 0 0 0 0 0 0 0 0 0 0 0 0 0 0 0 0 0 0 0 0 0 0 0 0 0 0 0 0 0 0 0 0 0 0 0 0 0 0 0 0 0 0 0 0 0 0 0 0 0 0 0 0 77 68 79 32 101 120 116 114 97 32 100 97 116 97 32 108 111 99 107 0 0 0 0 0 0 0 0 0 0 0 0 0 0 0 0 0 0 0 0 0 0 0 0 0 0 0 0 0 0 0 0 0 0 0 0 0 0 0 0 0 0 0 0 0 0 0 0 0 0 0 0 0 0 0 0 0 0 0 0 0 0 0 0 0 0 0 0 0 0 0 0 0 0 0 0 0 0 0 0 0 0 0 0 0 0 0 0 0 0 0 0 0 0 0 0 0 0 0 0 0 0 0 0 0 0 0 0 0 0 0 0 0 0 0 0 0 0 2 0 0 1 0 0 0 1 0 0 0 0 0 0 0 0 0 0 0 2 0 0 0 1 0 23 0 2 0 0 0 32 4 0 0 255 255 255 255 5 0 1 0 0 0 0 0 data 132 0x10005 0x0 0x0 0x0 0x0 0x0 0x50005 0x0 0x0 0x0 0x0 0x0 0x80007 0x0 0x20 0x0 0x140005 0x0 0x0 0x0 0x0 0x0 0x190005 0x0 0x0 0x0 0x0 0x0 0x1c0004 0x0 0x0 0x0 0x0 0x0 0x210005 0x0 0x0 0x0 0x0 0x0 0x240007 0x0 0xa0 0x0 0x280005 0x0 0x0 0x0 0x0 0x0 0x2b0005 0x0 0x0 0x0 0x0 0x0 0x2e0007 0x0 0x190 0x0 0x360005 0x0 0x0 0x0 0x0 0x0 0x3d0007 0x0 0x128 0x0 0x440005 0x0 0x0 0x0 0x0 0x0 0x490005 0x0 0x0 0x0 0x0 0x0 0x4c0004 0x0 0x0 0x0 0x0 0x0 0x550005 0x0 0x0 0x0 0x0 0x0 0x600005 0x0 0x0 0x0 0x0 0x0 0x650003 0x0 0xfffffffffffffef0 0x680003 0x0 0xe8 0x6c0002 0x0 0x7a0005 0x0 0x0 0x0 0x0 0x0 0x7d0002 0x0 0x860002 0x0 0x8a0002 0x0 0x970005 0x0 0x0 0x0 0x0 0x0 0x9e0005 0x0 0x0 0x0 0x0 0x0 oops 0
ciMethodData com/android/dx/ssa/back/SsaToRop$PhiVisitor visitPhiInsn (Lcom/android/dx/ssa/PhiInsn;)V 1 6157 orig 264 136 160 65 101 0 0 0 0 192 150 238 84 0 0 0 0 8 3 0 0 96 0 0 0 0 0 0 0 0 0 0 0 0 0 0 0 0 0 0 0 0 0 0 0 0 0 0 0 0 0 0 0 0 0 0 0 0 0 0 0 0 0 0 0 0 0 0 0 0 0 0 0 0 0 0 0 0 0 0 0 77 68 79 32 101 120 116 114 97 32 100 97 116 97 32 108 111 99 107 0 0 0 0 0 0 0 0 0 0 0 0 0 0 0 0 0 0 0 0 0 0 0 0 0 0 0 0 0 0 0 0 0 0 0 0 0 0 0 0 0 0 0 0 0 0 0 0 0 0 0 0 0 0 0 0 0 0 0 0 0 0 0 0 0 0 0 0 0 0 0 0 0 0 0 0 0 0 0 0 0 0 0 0 0 0 0 0 0 0 0 0 0 0 0 0 0 0 0 0 0 0 0 0 0 0 0 0 0 0 0 0 0 0 0 0 0 0 4 0 0 1 0 0 0 1 0 0 0 0 0 0 0 0 0 0 0 2 0 0 0 1 0 10 0 2 0 0 0 184 1 0 0 255 255 255 255 5 0 1 0 0 0 0 0 data 55 0x10005 0x0 0x0 0x0 0x0 0x0 0x60005 0x0 0x0 0x0 0x0 0x0 0xb0005 0x0 0x0 0x0 0x0 0x0 0x170007 0x0 0x128 0x0 0x1d0005 0x0 0x0 0x0 0x0 0x0 0x290005 0x0 0x0 0x0 0x0 0x0 0x2c0005 0x0 0x0 0x0 0x0 0x0 0x2f0004 0x0 0x0 0x0 0x0 0x0 0x390005 0x0 0x0 0x0 0x0 0x0 0x3f0003 0x0 0xfffffffffffffef0 oops 0
compile com/android/dx/ssa/back/SsaToRop removePhiFunctions ()V -1 4 inline 59 0 -1 com/android/dx/ssa/back/SsaToRop removePhiFunctions ()V 1 4 com/android/dx/ssa/SsaMethod getBlocks ()Ljava/util/ArrayList; 1 9 java/util/ArrayList iterator ()Ljava/util/Iterator; 2 6 java/util/ArrayList$Itr <init> (Ljava/util/ArrayList;Ljava/util/ArrayList$1;)V 3 2 java/util/ArrayList$Itr <init> (Ljava/util/ArrayList;)V 4 6 java/lang/Object <init> ()V 1 14 java/util/ArrayList$Itr hasNext ()Z 2 8 java/util/ArrayList access$100 (Ljava/util/ArrayList;)I 1 23 java/util/ArrayList$Itr next ()Ljava/lang/Object; 2 1 java/util/ArrayList$Itr checkForComodification ()V 2 14 java/util/ArrayList access$100 (Ljava/util/ArrayList;)I 1 38 com/android/dx/ssa/back/SsaToRop$PhiVisitor <init> (Ljava/util/ArrayList;)V 2 1 java/lang/Object <init> ()V 1 41 com/android/dx/ssa/SsaBasicBlock forEachPhiInsn (Lcom/android/dx/ssa/PhiInsn$Visitor;)V 2 4 java/util/ArrayList size ()I 2 20 java/util/ArrayList get (I)Ljava/lang/Object; 3 2 java/util/ArrayList rangeCheck (I)V 3 7 java/util/ArrayList elementData (I)Ljava/lang/Object; 2 42 com/android/dx/ssa/back/SsaToRop$PhiVisitor visitPhiInsn (Lcom/android/dx/ssa/PhiInsn;)V 3 6 com/android/dx/ssa/SsaInsn getResult ()Lcom/android/dx/rop/code/RegisterSpec; 3 11 com/android/dx/util/FixedSizeList size ()I 3 29 com/android/dx/rop/code/RegisterSpecList get (I)Lcom/android/dx/rop/code/RegisterSpec; 4 2 com/android/dx/util/FixedSizeList get0 (I)Ljava/lang/Object; 3 41 com/android/dx/ssa/PhiInsn predBlockIndexForSourcesIndex (I)I 4 5 java/util/ArrayList get (I)Ljava/lang/Object; 5 2 java/util/ArrayList rangeCheck (I)V 5 7 java/util/ArrayList elementData (I)Ljava/lang/Object; 3 44 java/util/ArrayList get (I)Ljava/lang/Object; 4 2 java/util/ArrayList rangeCheck (I)V 4 7 java/util/ArrayList elementData (I)Ljava/lang/Object; 1 45 com/android/dx/ssa/SsaBasicBlock removeAllPhiInsns ()V 2 6 com/android/dx/ssa/SsaBasicBlock getCountPhiInsns ()I 3 4 java/util/ArrayList size ()I 3 20 java/util/ArrayList get (I)Ljava/lang/Object; 4 2 java/util/ArrayList rangeCheck (I)V 4 7 java/util/ArrayList elementData (I)Ljava/lang/Object; 2 9 java/util/ArrayList subList (II)Ljava/util/List; 3 6 java/util/ArrayList subListRangeCheck (III)V 3 18 java/util/ArrayList$SubList <init> (Ljava/util/ArrayList;Ljava/util/AbstractList;III)V 4 6 java/util/AbstractList <init> ()V 5 1 java/util/AbstractCollection <init> ()V 6 1 java/lang/Object <init> ()V 2 12 java/util/AbstractList clear ()V 3 3 java/util/ArrayList$SubList size ()I 4 1 java/util/ArrayList$SubList checkForComodification ()V 3 6 java/util/ArrayList$SubList removeRange (II)V 4 1 java/util/ArrayList$SubList checkForComodification ()V 4 20 java/util/ArrayList removeRange (II)V 1 52 java/util/ArrayList iterator ()Ljava/util/Iterator; 2 6 java/util/ArrayList$Itr <init> (Ljava/util/ArrayList;Ljava/util/ArrayList$1;)V 3 2 java/util/ArrayList$Itr <init> (Ljava/util/ArrayList;)V 4 6 java/lang/Object <init> ()V 1 57 java/util/ArrayList$Itr hasNext ()Z 2 8 java/util/ArrayList access$100 (Ljava/util/ArrayList;)I 1 66 java/util/ArrayList$Itr next ()Ljava/lang/Object; 2 1 java/util/ArrayList$Itr checkForComodification ()V 2 14 java/util/ArrayList access$100 (Ljava/util/ArrayList;)I 1 76 com/android/dx/ssa/SsaBasicBlock scheduleMovesFromPhis ()V 2 104 com/android/dx/ssa/SsaMethod returnSpareRegisters ()V
